#
# There is insufficient memory for the Java Runtime Environment to continue.
# Native memory allocation (malloc) failed to allocate 558336 bytes for Chunk::new
# Possible reasons:
#   The system is out of physical RAM or swap space
#   In 32 bit mode, the process size limit was hit
# Possible solutions:
#   Reduce memory load on the system
#   Increase physical memory or swap space
#   Check if swap backing store is full
#   Use 64 bit Java on a 64 bit OS
#   Decrease Java heap size (-Xmx/-Xms)
#   Decrease number of Java threads
#   Decrease Java thread stack sizes (-Xss)
#   Set larger code cache with -XX:ReservedCodeCacheSize=
# This output file may be truncated or incomplete.
#
#  Out of Memory Error (allocation.cpp:390), pid=16616, tid=0x0000000000001818
#
# JRE version: OpenJDK Runtime Environment (8.0_152-b02) (build 1.8.0_152-release-1024-b02)
# Java VM: OpenJDK 64-Bit Server VM (25.152-b02 mixed mode windows-amd64 compressed oops)
# Failed to write core dump. Minidumps are not enabled by default on client versions of Windows
#

---------------  T H R E A D  ---------------

Current thread (0x000000001522f800):  JavaThread "C2 CompilerThread1" daemon [_thread_in_native, id=6168, stack(0x0000000016970000,0x0000000016a70000)]

Stack: [0x0000000016970000,0x0000000016a70000]
[error occurred during error reporting (printing stack bounds), id 0xc0000005]

Native frames: (J=compiled Java code, j=interpreted, Vv=VM code, C=native code)


Current CompileTask:
C2:   6571 2372       4       groovy.lang.MetaClassImpl$1MOPIter::methodNameAction (479 bytes)


---------------  P R O C E S S  ---------------

Java Threads: ( => current thread )
  0x000000001775c000 JavaThread "Cache worker for Artifact transforms cache (C:\Users\yashn\.gradle\caches\transforms-1)" [_thread_blocked, id=12496, stack(0x000000001bf70000,0x000000001c070000)]
  0x00000000184c9000 JavaThread "File lock request listener" [_thread_in_native, id=2204, stack(0x0000000019ad0000,0x0000000019bd0000)]
  0x00000000184c8000 JavaThread "Cache worker for file hash cache (C:\Users\yashn\.gradle\caches\3.5\fileHashes)" [_thread_blocked, id=6600, stack(0x00000000199d0000,0x0000000019ad0000)]
  0x0000000017eb4800 JavaThread "Stdin handler" [_thread_blocked, id=6532, stack(0x00000000198d0000,0x00000000199d0000)]
  0x0000000017ea7000 JavaThread "Asynchronous log dispatcher for DefaultDaemonConnection: socket connection from /127.0.0.1:55495 to /127.0.0.1:55498" [_thread_blocked, id=7400, stack(0x00000000197d0000,0x00000000198d0000)]
  0x0000000018461000 JavaThread "Daemon worker" [_thread_in_vm, id=7348, stack(0x00000000196d0000,0x00000000197d0000)]
  0x000000001845e800 JavaThread "Cancel handler" [_thread_blocked, id=5396, stack(0x00000000195d0000,0x00000000196d0000)]
  0x0000000018442000 JavaThread "Handler for socket connection from /127.0.0.1:55495 to /127.0.0.1:55498" [_thread_in_native, id=1116, stack(0x00000000192d0000,0x00000000193d0000)]
  0x0000000018441800 JavaThread "Daemon" [_thread_blocked, id=13352, stack(0x00000000191d0000,0x00000000192d0000)]
  0x0000000017de2000 JavaThread "Daemon periodic checks" [_thread_blocked, id=9536, stack(0x00000000190d0000,0x00000000191d0000)]
  0x0000000017dfd000 JavaThread "Incoming local TCP Connector on port 55495" [_thread_in_native, id=4772, stack(0x0000000018940000,0x0000000018a40000)]
  0x0000000016ba0800 JavaThread "Service Thread" daemon [_thread_blocked, id=16004, stack(0x0000000016f70000,0x0000000017070000)]
  0x000000001523a000 JavaThread "C1 CompilerThread2" daemon [_thread_blocked, id=8424, stack(0x0000000016a70000,0x0000000016b70000)]
=>0x000000001522f800 JavaThread "C2 CompilerThread1" daemon [_thread_in_native, id=6168, stack(0x0000000016970000,0x0000000016a70000)]
  0x000000001522b000 JavaThread "C2 CompilerThread0" daemon [_thread_in_native, id=3860, stack(0x0000000016870000,0x0000000016970000)]
  0x0000000015229800 JavaThread "Attach Listener" daemon [_thread_blocked, id=10636, stack(0x0000000016770000,0x0000000016870000)]
  0x0000000015238000 JavaThread "Signal Dispatcher" daemon [_thread_blocked, id=8232, stack(0x0000000016670000,0x0000000016770000)]
  0x0000000015218800 JavaThread "Finalizer" daemon [_thread_blocked, id=17252, stack(0x0000000016480000,0x0000000016580000)]
  0x0000000002b32800 JavaThread "Reference Handler" daemon [_thread_blocked, id=2492, stack(0x0000000016380000,0x0000000016480000)]
  0x0000000002a42800 JavaThread "main" [_thread_blocked, id=15272, stack(0x0000000002930000,0x0000000002a30000)]

Other Threads:
  0x00000000151f5800 VMThread [stack: 0x0000000016280000,0x0000000016380000] [id=16896]
  0x000000001528e000 WatcherThread [stack: 0x0000000017070000,0x0000000017170000] [id=14356]

VM state:not at safepoint (normal execution)

VM Mutex/Monitor currently owned by a thread: None

Heap:
 PSYoungGen      total 60928K, used 14195K [0x00000000eab00000, 0x00000000f0f80000, 0x0000000100000000)
  eden space 50176K, 9% used [0x00000000eab00000,0x00000000eaf7e870,0x00000000edc00000)
  from space 10752K, 89% used [0x00000000edc00000,0x00000000ee55e5e8,0x00000000ee680000)
  to   space 12288K, 0% used [0x00000000f0380000,0x00000000f0380000,0x00000000f0f80000)
 ParOldGen       total 62976K, used 9793K [0x00000000c0000000, 0x00000000c3d80000, 0x00000000eab00000)
  object space 62976K, 15% used [0x00000000c0000000,0x00000000c0990670,0x00000000c3d80000)
 Metaspace       used 31317K, capacity 32012K, committed 32256K, reserved 1077248K
  class space    used 4269K, capacity 4495K, committed 4608K, reserved 1048576K

Card table byte_map: [0x0000000011f20000,0x0000000012130000] byte_map_base: 0x0000000011920000

Marking Bits: (ParMarkBitMap*) 0x00000000651e4970
 Begin Bits: [0x0000000012690000, 0x0000000013690000)
 End Bits:   [0x0000000013690000, 0x0000000014690000)

Polling page: 0x0000000000c20000

CodeCache: size=245760Kb used=9407Kb max_used=9445Kb free=236352Kb
 bounds [0x0000000002b60000, 0x00000000034a0000, 0x0000000011b60000]
 total_blobs=3067 nmethods=2405 adapters=575
 compilation: enabled

Compilation events (10 events):
Event: 6.536 Thread 0x000000001522b000 nmethod 2441 0x0000000002c6ef50 code [0x0000000002c6f0c0, 0x0000000002c6f698]
Event: 6.536 Thread 0x000000001522b000 2442   !   4       java.lang.ref.Finalizer::remove (94 bytes)
Event: 6.538 Thread 0x000000001522b000 nmethod 2442 0x0000000002c6cdd0 code [0x0000000002c6cf20, 0x0000000002c6d218]
Event: 6.565 Thread 0x000000001522b000 2444       4       java.io.WinNTFileSystem::normalize (143 bytes)
Event: 6.567 Thread 0x000000001523a000 2445       3       java.security.Provider$ServiceKey::hashCode (16 bytes)
Event: 6.567 Thread 0x000000001523a000 nmethod 2445 0x0000000002c74b50 code [0x0000000002c74cc0, 0x0000000002c74f98]
Event: 6.567 Thread 0x000000001523a000 2446       3       java.util.LinkedHashMap$LinkedEntryIterator::next (5 bytes)
Event: 6.568 Thread 0x000000001523a000 nmethod 2446 0x0000000002c6ea50 code [0x0000000002c6ebc0, 0x0000000002c6eea8]
Event: 6.568 Thread 0x000000001523a000 2447       3       java.util.LinkedHashMap$LinkedEntryIterator::next (5 bytes)
Event: 6.568 Thread 0x000000001523a000 nmethod 2447 0x0000000002c6e5d0 code [0x0000000002c6e740, 0x0000000002c6e948]

GC Heap History (10 events):
Event: 4.336 GC heap before
{Heap before GC invocations=4 (full 0):
 PSYoungGen      total 37888K, used 34750K [0x00000000eab00000, 0x00000000ed500000, 0x0000000100000000)
  eden space 32768K, 90% used [0x00000000eab00000,0x00000000ec7f2338,0x00000000ecb00000)
  from space 5120K, 99% used [0x00000000ecb00000,0x00000000ecffd508,0x00000000ed000000)
  to   space 5120K, 0% used [0x00000000ed000000,0x00000000ed000000,0x00000000ed500000)
 ParOldGen       total 86016K, used 3229K [0x00000000c0000000, 0x00000000c5400000, 0x00000000eab00000)
  object space 86016K, 3% used [0x00000000c0000000,0x00000000c03276e0,0x00000000c5400000)
 Metaspace       used 20697K, capacity 21076K, committed 21248K, reserved 1067008K
  class space    used 2780K, capacity 2950K, committed 3072K, reserved 1048576K
Event: 4.352 GC heap after
Heap after GC invocations=4 (full 0):
 PSYoungGen      total 37888K, used 5088K [0x00000000eab00000, 0x00000000ef500000, 0x0000000100000000)
  eden space 32768K, 0% used [0x00000000eab00000,0x00000000eab00000,0x00000000ecb00000)
  from space 5120K, 99% used [0x00000000ed000000,0x00000000ed4f8030,0x00000000ed500000)
  to   space 5120K, 0% used [0x00000000ecb00000,0x00000000ecb00000,0x00000000ed000000)
 ParOldGen       total 86016K, used 8081K [0x00000000c0000000, 0x00000000c5400000, 0x00000000eab00000)
  object space 86016K, 9% used [0x00000000c0000000,0x00000000c07e4628,0x00000000c5400000)
 Metaspace       used 20697K, capacity 21076K, committed 21248K, reserved 1067008K
  class space    used 2780K, capacity 2950K, committed 3072K, reserved 1048576K
}
Event: 4.352 GC heap before
{Heap before GC invocations=5 (full 1):
 PSYoungGen      total 37888K, used 5088K [0x00000000eab00000, 0x00000000ef500000, 0x0000000100000000)
  eden space 32768K, 0% used [0x00000000eab00000,0x00000000eab00000,0x00000000ecb00000)
  from space 5120K, 99% used [0x00000000ed000000,0x00000000ed4f8030,0x00000000ed500000)
  to   space 5120K, 0% used [0x00000000ecb00000,0x00000000ecb00000,0x00000000ed000000)
 ParOldGen       total 86016K, used 8081K [0x00000000c0000000, 0x00000000c5400000, 0x00000000eab00000)
  object space 86016K, 9% used [0x00000000c0000000,0x00000000c07e4628,0x00000000c5400000)
 Metaspace       used 20697K, capacity 21076K, committed 21248K, reserved 1067008K
  class space    used 2780K, capacity 2950K, committed 3072K, reserved 1048576K
Event: 4.394 GC heap after
Heap after GC invocations=5 (full 1):
 PSYoungGen      total 37888K, used 0K [0x00000000eab00000, 0x00000000ef500000, 0x0000000100000000)
  eden space 32768K, 0% used [0x00000000eab00000,0x00000000eab00000,0x00000000ecb00000)
  from space 5120K, 0% used [0x00000000ed000000,0x00000000ed000000,0x00000000ed500000)
  to   space 5120K, 0% used [0x00000000ecb00000,0x00000000ecb00000,0x00000000ed000000)
 ParOldGen       total 62976K, used 9769K [0x00000000c0000000, 0x00000000c3d80000, 0x00000000eab00000)
  object space 62976K, 15% used [0x00000000c0000000,0x00000000c098a670,0x00000000c3d80000)
 Metaspace       used 20697K, capacity 21076K, committed 21248K, reserved 1067008K
  class space    used 2780K, capacity 2950K, committed 3072K, reserved 1048576K
}
Event: 4.923 GC heap before
{Heap before GC invocations=6 (full 1):
 PSYoungGen      total 37888K, used 32768K [0x00000000eab00000, 0x00000000ef500000, 0x0000000100000000)
  eden space 32768K, 100% used [0x00000000eab00000,0x00000000ecb00000,0x00000000ecb00000)
  from space 5120K, 0% used [0x00000000ed000000,0x00000000ed000000,0x00000000ed500000)
  to   space 5120K, 0% used [0x00000000ecb00000,0x00000000ecb00000,0x00000000ed000000)
 ParOldGen       total 62976K, used 9769K [0x00000000c0000000, 0x00000000c3d80000, 0x00000000eab00000)
  object space 62976K, 15% used [0x00000000c0000000,0x00000000c098a670,0x00000000c3d80000)
 Metaspace       used 23377K, capacity 23874K, committed 24192K, reserved 1071104K
  class space    used 3197K, capacity 3343K, committed 3456K, reserved 1048576K
Event: 4.929 GC heap after
Heap after GC invocations=6 (full 1):
 PSYoungGen      total 37888K, used 3332K [0x00000000eab00000, 0x00000000ef280000, 0x0000000100000000)
  eden space 32768K, 0% used [0x00000000eab00000,0x00000000eab00000,0x00000000ecb00000)
  from space 5120K, 65% used [0x00000000ecb00000,0x00000000ece410e0,0x00000000ed000000)
  to   space 11264K, 0% used [0x00000000ee780000,0x00000000ee780000,0x00000000ef280000)
 ParOldGen       total 62976K, used 9777K [0x00000000c0000000, 0x00000000c3d80000, 0x00000000eab00000)
  object space 62976K, 15% used [0x00000000c0000000,0x00000000c098c670,0x00000000c3d80000)
 Metaspace       used 23377K, capacity 23874K, committed 24192K, reserved 1071104K
  class space    used 3197K, capacity 3343K, committed 3456K, reserved 1048576K
}
Event: 5.671 GC heap before
{Heap before GC invocations=7 (full 1):
 PSYoungGen      total 37888K, used 36100K [0x00000000eab00000, 0x00000000ef280000, 0x0000000100000000)
  eden space 32768K, 100% used [0x00000000eab00000,0x00000000ecb00000,0x00000000ecb00000)
  from space 5120K, 65% used [0x00000000ecb00000,0x00000000ece410e0,0x00000000ed000000)
  to   space 11264K, 0% used [0x00000000ee780000,0x00000000ee780000,0x00000000ef280000)
 ParOldGen       total 62976K, used 9777K [0x00000000c0000000, 0x00000000c3d80000, 0x00000000eab00000)
  object space 62976K, 15% used [0x00000000c0000000,0x00000000c098c670,0x00000000c3d80000)
 Metaspace       used 26178K, capacity 26754K, committed 26880K, reserved 1073152K
  class space    used 3553K, capacity 3724K, committed 3840K, reserved 1048576K
Event: 5.677 GC heap after
Heap after GC invocations=7 (full 1):
 PSYoungGen      total 59904K, used 5036K [0x00000000eab00000, 0x00000000ef100000, 0x0000000100000000)
  eden space 50176K, 0% used [0x00000000eab00000,0x00000000eab00000,0x00000000edc00000)
  from space 9728K, 51% used [0x00000000ee780000,0x00000000eec6b058,0x00000000ef100000)
  to   space 10752K, 0% used [0x00000000edc00000,0x00000000edc00000,0x00000000ee680000)
 ParOldGen       total 62976K, used 9785K [0x00000000c0000000, 0x00000000c3d80000, 0x00000000eab00000)
  object space 62976K, 15% used [0x00000000c0000000,0x00000000c098e670,0x00000000c3d80000)
 Metaspace       used 26178K, capacity 26754K, committed 26880K, reserved 1073152K
  class space    used 3553K, capacity 3724K, committed 3840K, reserved 1048576K
}
Event: 6.490 GC heap before
{Heap before GC invocations=8 (full 1):
 PSYoungGen      total 59904K, used 55212K [0x00000000eab00000, 0x00000000ef100000, 0x0000000100000000)
  eden space 50176K, 100% used [0x00000000eab00000,0x00000000edc00000,0x00000000edc00000)
  from space 9728K, 51% used [0x00000000ee780000,0x00000000eec6b058,0x00000000ef100000)
  to   space 10752K, 0% used [0x00000000edc00000,0x00000000edc00000,0x00000000ee680000)
 ParOldGen       total 62976K, used 9785K [0x00000000c0000000, 0x00000000c3d80000, 0x00000000eab00000)
  object space 62976K, 15% used [0x00000000c0000000,0x00000000c098e670,0x00000000c3d80000)
 Metaspace       used 30958K, capacity 31522K, committed 31872K, reserved 1077248K
  class space    used 4211K, capacity 4393K, committed 4480K, reserved 1048576K
Event: 6.503 GC heap after
Heap after GC invocations=8 (full 1):
 PSYoungGen      total 60928K, used 9593K [0x00000000eab00000, 0x00000000f0f80000, 0x0000000100000000)
  eden space 50176K, 0% used [0x00000000eab00000,0x00000000eab00000,0x00000000edc00000)
  from space 10752K, 89% used [0x00000000edc00000,0x00000000ee55e5e8,0x00000000ee680000)
  to   space 12288K, 0% used [0x00000000f0380000,0x00000000f0380000,0x00000000f0f80000)
 ParOldGen       total 62976K, used 9793K [0x00000000c0000000, 0x00000000c3d80000, 0x00000000eab00000)
  object space 62976K, 15% used [0x00000000c0000000,0x00000000c0990670,0x00000000c3d80000)
 Metaspace       used 30958K, capacity 31522K, committed 31872K, reserved 1077248K
  class space    used 4211K, capacity 4393K, committed 4480K, reserved 1048576K
}

Deoptimization events (10 events):
Event: 5.765 Thread 0x0000000018461000 Uncommon trap: reason=unstable_if action=reinterpret pc=0x0000000002deb470 method=java.util.LinkedHashMap.afterNodeInsertion(Z)V @ 1
Event: 5.786 Thread 0x0000000018461000 Uncommon trap: reason=class_check action=maybe_recompile pc=0x000000000329438c method=java.lang.reflect.Method.equals(Ljava/lang/Object;)Z @ 5
Event: 5.786 Thread 0x0000000018461000 Uncommon trap: reason=class_check action=maybe_recompile pc=0x000000000329438c method=java.lang.reflect.Method.equals(Ljava/lang/Object;)Z @ 5
Event: 5.808 Thread 0x0000000018461000 Uncommon trap: reason=unstable_if action=reinterpret pc=0x00000000032d01bc method=java.net.URLClassLoader.isSealed(Ljava/lang/String;Ljava/util/jar/Manifest;)Z @ 26
Event: 5.809 Thread 0x0000000018461000 Uncommon trap: reason=unstable_if action=reinterpret pc=0x00000000032a131c method=java.net.URLClassLoader.isSealed(Ljava/lang/String;Ljava/util/jar/Manifest;)Z @ 26
Event: 5.816 Thread 0x0000000018461000 Uncommon trap: reason=bimorphic action=maybe_recompile pc=0x000000000332f584 method=org.codehaus.groovy.runtime.metaclass.MetaMethodIndex.addMethodToList(Ljava/lang/Object;Lgroovy/lang/MetaMethod;)Ljava/lang/Object; @ 89
Event: 6.349 Thread 0x0000000018461000 Uncommon trap: reason=unstable_if action=reinterpret pc=0x0000000003423ddc method=java.util.WeakHashMap.put(Ljava/lang/Object;Ljava/lang/Object;)Ljava/lang/Object; @ 47
Event: 6.405 Thread 0x0000000018461000 Uncommon trap: reason=unstable_if action=reinterpret pc=0x000000000333bc60 method=java.net.URI.match(CJJ)Z @ 45
Event: 6.489 Thread 0x0000000018461000 Uncommon trap: reason=unstable_if action=reinterpret pc=0x00000000030210f0 method=java.lang.AbstractStringBuilder.append(Ljava/lang/String;)Ljava/lang/AbstractStringBuilder; @ 1
Event: 6.568 Thread 0x0000000018461000 Uncommon trap: reason=unstable_if action=reinterpret pc=0x00000000031213f8 method=sun.misc.MetaIndex.mayContain(Ljava/lang/String;)Z @ 38

Classes redefined (0 events):
No events

Internal exceptions (10 events):
Event: 6.346 Thread 0x0000000018461000 Exception <a 'java/lang/ClassNotFoundException': org/gradle/api/internal/DefaultNamedDomainObjectListBeanInfo> (0x00000000eceddc48) thrown at [D:\src\AOSP-openjdk-cygwin\jdk8u\hotspot\src\share\vm\classfile\systemDictionary.cpp, line 210]
Event: 6.347 Thread 0x0000000018461000 Exception <a 'java/lang/ClassNotFoundException': org/gradle/api/internal/DefaultNamedDomainObjectCollectionBeanInfo> (0x00000000ecf05c40) thrown at [D:\src\AOSP-openjdk-cygwin\jdk8u\hotspot\src\share\vm\classfile\systemDictionary.cpp, line 210]
Event: 6.347 Thread 0x0000000018461000 Exception <a 'java/lang/ClassNotFoundException': org/gradle/api/internal/DefaultDomainObjectCollectionBeanInfo> (0x00000000ecf2cb08) thrown at [D:\src\AOSP-openjdk-cygwin\jdk8u\hotspot\src\share\vm\classfile\systemDictionary.cpp, line 210]
Event: 6.348 Thread 0x0000000018461000 Exception <a 'java/lang/ClassNotFoundException': org/gradle/api/internal/DefaultDomainObjectCollectionCustomizer> (0x00000000ecf541d0) thrown at [D:\src\AOSP-openjdk-cygwin\jdk8u\hotspot\src\share\vm\classfile\systemDictionary.cpp, line 210]
Event: 6.350 Thread 0x0000000018461000 Exception <a 'java/lang/ClassNotFoundException': org/gradle/api/internal/DefaultNamedDomainObjectCollectionCustomizer> (0x00000000ecfa44f8) thrown at [D:\src\AOSP-openjdk-cygwin\jdk8u\hotspot\src\share\vm\classfile\systemDictionary.cpp, line 210]
Event: 6.352 Thread 0x0000000018461000 Exception <a 'java/lang/ClassNotFoundException': org/gradle/api/internal/DefaultNamedDomainObjectListCustomizer> (0x00000000ecff6100) thrown at [D:\src\AOSP-openjdk-cygwin\jdk8u\hotspot\src\share\vm\classfile\systemDictionary.cpp, line 210]
Event: 6.354 Thread 0x0000000018461000 Exception <a 'java/lang/ClassNotFoundException': org/gradle/api/internal/artifacts/DefaultArtifactRepositoryContainerCustomizer> (0x00000000ed0482e0) thrown at [D:\src\AOSP-openjdk-cygwin\jdk8u\hotspot\src\share\vm\classfile\systemDictionary.cpp, line 210
Event: 6.356 Thread 0x0000000018461000 Exception <a 'java/lang/ClassNotFoundException': org/gradle/api/internal/artifacts/dsl/DefaultRepositoryHandlerCustomizer> (0x00000000ed08f578) thrown at [D:\src\AOSP-openjdk-cygwin\jdk8u\hotspot\src\share\vm\classfile\systemDictionary.cpp, line 210]
Event: 6.358 Thread 0x0000000018461000 Exception <a 'java/lang/ClassNotFoundException': org/gradle/api/internal/artifacts/dsl/DefaultRepositoryHandler_DecoratedCustomizer> (0x00000000ed0dbbf0) thrown at [D:\src\AOSP-openjdk-cygwin\jdk8u\hotspot\src\share\vm\classfile\systemDictionary.cpp, line
Event: 6.489 Thread 0x0000000018461000 Implicit null exception at 0x0000000003020ba8 to 0x00000000030210d9

Events (10 events):
Event: 6.566 loading class javax/net/ssl/TrustManagerFactorySpi done
Event: 6.566 loading class sun/security/rsa/SunRsaSign
Event: 6.566 loading class sun/security/rsa/SunRsaSign done
Event: 6.567 loading class sun/security/rsa/SunRsaSignEntries
Event: 6.567 loading class sun/security/rsa/SunRsaSignEntries done
Event: 6.567 loading class sun/security/ec/SunEC
Event: 6.568 loading class sun/security/ec/SunEC done
Event: 6.568 Thread 0x0000000018461000 Uncommon trap: trap_request=0xffffff65 fr.pc=0x00000000031213f8
Event: 6.568 Thread 0x0000000018461000 DEOPT PACKING pc=0x00000000031213f8 sp=0x00000000197c9020
Event: 6.568 Thread 0x0000000018461000 DEOPT UNPACKING pc=0x0000000002ba557b sp=0x00000000197c8f18 mode 2


Dynamic libraries:
0x00007ff65e6f0000 - 0x00007ff65e721000 	C:\Program Files\Android\android-studio\jre\bin\java.exe
0x00007ffbb0d00000 - 0x00007ffbb0ee1000 	C:\WINDOWS\SYSTEM32\ntdll.dll
0x00007ffbb0880000 - 0x00007ffbb0932000 	C:\WINDOWS\System32\KERNEL32.DLL
0x00007ffbadef0000 - 0x00007ffbae163000 	C:\WINDOWS\System32\KERNELBASE.dll
0x00007ffbb0b30000 - 0x00007ffbb0bd1000 	C:\WINDOWS\System32\ADVAPI32.dll
0x00007ffbae720000 - 0x00007ffbae7be000 	C:\WINDOWS\System32\msvcrt.dll
0x00007ffbb0ad0000 - 0x00007ffbb0b2b000 	C:\WINDOWS\System32\sechost.dll
0x00007ffbb06d0000 - 0x00007ffbb07f4000 	C:\WINDOWS\System32\RPCRT4.dll
0x00007ffbb0940000 - 0x00007ffbb0ad0000 	C:\WINDOWS\System32\USER32.dll
0x00007ffbae170000 - 0x00007ffbae190000 	C:\WINDOWS\System32\win32u.dll
0x00007ffbae490000 - 0x00007ffbae4b8000 	C:\WINDOWS\System32\GDI32.dll
0x00007ffbada90000 - 0x00007ffbadc22000 	C:\WINDOWS\System32\gdi32full.dll
0x00007ffbad940000 - 0x00007ffbad9df000 	C:\WINDOWS\System32\msvcp_win.dll
0x00007ffbad0d0000 - 0x00007ffbad1ca000 	C:\WINDOWS\System32\ucrtbase.dll
0x00007ffb9edd0000 - 0x00007ffb9f039000 	C:\WINDOWS\WinSxS\amd64_microsoft.windows.common-controls_6595b64144ccf1df_6.0.17134.165_none_fb429645306569ac\COMCTL32.dll
0x00007ffbb03a0000 - 0x00007ffbb06c3000 	C:\WINDOWS\System32\combase.dll
0x00007ffbade70000 - 0x00007ffbadeea000 	C:\WINDOWS\System32\bcryptPrimitives.dll
0x00007ffbaeed0000 - 0x00007ffbaeefd000 	C:\WINDOWS\System32\IMM32.DLL
0x0000000064860000 - 0x0000000064932000 	C:\Program Files\Android\android-studio\jre\jre\bin\msvcr100.dll
0x0000000064a20000 - 0x000000006525f000 	C:\Program Files\Android\android-studio\jre\jre\bin\server\jvm.dll
0x00007ffbb0870000 - 0x00007ffbb0878000 	C:\WINDOWS\System32\PSAPI.DLL
0x00007ffbabc10000 - 0x00007ffbabc19000 	C:\WINDOWS\SYSTEM32\WSOCK32.dll
0x00007ffba9440000 - 0x00007ffba9463000 	C:\WINDOWS\SYSTEM32\WINMM.dll
0x00007ffb9a930000 - 0x00007ffb9a93a000 	C:\WINDOWS\SYSTEM32\VERSION.dll
0x00007ffbb0800000 - 0x00007ffbb086c000 	C:\WINDOWS\System32\WS2_32.dll
0x00007ffba9410000 - 0x00007ffba943a000 	C:\WINDOWS\SYSTEM32\WINMMBASE.dll
0x00007ffbade20000 - 0x00007ffbade69000 	C:\WINDOWS\System32\cfgmgr32.dll
0x00007ffba93f0000 - 0x00007ffba93ff000 	C:\Program Files\Android\android-studio\jre\jre\bin\verify.dll
0x00007ffba4710000 - 0x00007ffba4739000 	C:\Program Files\Android\android-studio\jre\jre\bin\java.dll
0x00007ffba3b40000 - 0x00007ffba3b56000 	C:\Program Files\Android\android-studio\jre\jre\bin\zip.dll
0x00007ffbaef60000 - 0x00007ffbb03a0000 	C:\WINDOWS\System32\SHELL32.dll
0x00007ffbae5a0000 - 0x00007ffbae649000 	C:\WINDOWS\System32\shcore.dll
0x00007ffbad230000 - 0x00007ffbad93d000 	C:\WINDOWS\System32\windows.storage.dll
0x00007ffbae9a0000 - 0x00007ffbae9f1000 	C:\WINDOWS\System32\shlwapi.dll
0x00007ffbad020000 - 0x00007ffbad031000 	C:\WINDOWS\System32\kernel.appcore.dll
0x00007ffbad0b0000 - 0x00007ffbad0cf000 	C:\WINDOWS\System32\profapi.dll
0x00007ffbad040000 - 0x00007ffbad08c000 	C:\WINDOWS\System32\powrprof.dll
0x00007ffbad010000 - 0x00007ffbad01a000 	C:\WINDOWS\System32\FLTLIB.DLL
0x00007ffba3af0000 - 0x00007ffba3b0a000 	C:\Program Files\Android\android-studio\jre\jre\bin\net.dll
0x00007ffbac890000 - 0x00007ffbac8f6000 	C:\WINDOWS\system32\mswsock.dll
0x00007ffba20e0000 - 0x00007ffba20f1000 	C:\Program Files\Android\android-studio\jre\jre\bin\nio.dll
0x00007ffb89ff0000 - 0x00007ffb8a00e000 	C:\Users\yashn\.gradle\native\25\windows-amd64\native-platform.dll
0x00007ffbaca40000 - 0x00007ffbaca57000 	C:\WINDOWS\SYSTEM32\CRYPTSP.dll
0x00007ffbac470000 - 0x00007ffbac4a3000 	C:\WINDOWS\system32\rsaenh.dll
0x00007ffbacb70000 - 0x00007ffbacb95000 	C:\WINDOWS\SYSTEM32\bcrypt.dll
0x00007ffbacf10000 - 0x00007ffbacf38000 	C:\WINDOWS\SYSTEM32\USERENV.dll
0x00007ffbaca60000 - 0x00007ffbaca6b000 	C:\WINDOWS\SYSTEM32\CRYPTBASE.dll
0x00007ffbac610000 - 0x00007ffbac648000 	C:\WINDOWS\SYSTEM32\IPHLPAPI.DLL
0x00007ffbae4c0000 - 0x00007ffbae4c8000 	C:\WINDOWS\System32\NSI.dll
0x00007ffba2100000 - 0x00007ffba2116000 	C:\WINDOWS\SYSTEM32\dhcpcsvc6.DLL
0x00007ffba2040000 - 0x00007ffba205a000 	C:\WINDOWS\SYSTEM32\dhcpcsvc.DLL
0x00007ffba7de0000 - 0x00007ffba7ded000 	C:\Program Files\Android\android-studio\jre\jre\bin\management.dll
0x00007ffb9ba80000 - 0x00007ffb9baa4000 	C:\Program Files\Android\android-studio\jre\jre\bin\sunec.dll

VM Arguments:
jvm_args: -XX:MaxPermSize=256m -XX:+HeapDumpOnOutOfMemoryError -Xmx1024m -Dfile.encoding=windows-1252 -Duser.country=IN -Duser.language=en -Duser.variant 
java_command: org.gradle.launcher.daemon.bootstrap.GradleDaemon 3.5
java_class_path (initial): C:\Users\yashn\.gradle\wrapper\dists\gradle-3.5-all\exhrs6ca08n232b14ue48lbye\gradle-3.5\lib\gradle-launcher-3.5.jar
Launcher Type: SUN_STANDARD

Environment Variables:
JAVA_HOME=C:\Program Files\Java\jdk1.8.0_152\bin
PATH=C:\ProgramData\Oracle\Java\javapath;C:\WINDOWS\system32;C:\WINDOWS;C:\WINDOWS\System32\Wbem;C:\WINDOWS\System32\WindowsPowerShell\v1.0\;C:\Program Files\nodejs\;C:\Program Files (x86)\Windows Live\Shared;C:\Program Files (x86)\Heroku\bin;C:\Program Files (x86)\git\cmd;C:\Program Files (x86)\Git\cmd;C:\Program Files (x86)\OpenSSH\bin;C:\WINDOWS\System32\OpenSSH\;C:\Program Files (x86)\QuickTime\QTSystem\;C:\Users\yashn\AppData\Local\Microsoft\WindowsApps;C:\Program Files (x86)\Java\jdk1.8.0_51\bin;C:\Program Files\Heroku\bin;C:\Users\yashn\AppData\Roaming\npm;C:\Users\yashn\AppData\Local\Microsoft\WindowsApps;C:\Users\yashn\AppData\Local\now-cli;
USERNAME=yashn
OS=Windows_NT
PROCESSOR_IDENTIFIER=Intel64 Family 6 Model 78 Stepping 3, GenuineIntel



---------------  S Y S T E M  ---------------

OS: Windows 10.0 , 64 bit Build 17134 (10.0.17134.1)

CPU:total 4 (initial active 4) (2 cores per cpu, 2 threads per core) family 6 model 78 stepping 3, cmov, cx8, fxsr, mmx, sse, sse2, sse3, ssse3, sse4.1, sse4.2, popcnt, avx, avx2, aes, clmul, erms, 3dnowpref, lzcnt, ht, tsc, tscinvbit, bmi1, bmi2, adx

Memory: 4k page, physical 8242448k(600580k free), swap 10290448k(3848k free)

vm_info: OpenJDK 64-Bit Server VM (25.152-b02) for windows-amd64 JRE (1.8.0_152-release-1024-b02), built by "builder" with MS VC++ 10.0 (VS2010)

time: Fri Jul 20 21:11:24 2018
elapsed time: 6 seconds (0d 0h 0m 6s)

