#
# There is insufficient memory for the Java Runtime Environment to continue.
# Native memory allocation (malloc) failed to allocate 218656 bytes for Chunk::new
# Possible reasons:
#   The system is out of physical RAM or swap space
#   In 32 bit mode, the process size limit was hit
# Possible solutions:
#   Reduce memory load on the system
#   Increase physical memory or swap space
#   Check if swap backing store is full
#   Use 64 bit Java on a 64 bit OS
#   Decrease Java heap size (-Xmx/-Xms)
#   Decrease number of Java threads
#   Decrease Java thread stack sizes (-Xss)
#   Set larger code cache with -XX:ReservedCodeCacheSize=
# This output file may be truncated or incomplete.
#
#  Out of Memory Error (allocation.cpp:390), pid=5176, tid=0x00000000000005fc
#
# JRE version: OpenJDK Runtime Environment (8.0_152-b02) (build 1.8.0_152-release-1024-b02)
# Java VM: OpenJDK 64-Bit Server VM (25.152-b02 mixed mode windows-amd64 compressed oops)
# Failed to write core dump. Minidumps are not enabled by default on client versions of Windows
#

---------------  T H R E A D  ---------------

Current thread (0x0000000015205800):  JavaThread "C2 CompilerThread1" daemon [_thread_in_native, id=1532, stack(0x0000000016900000,0x0000000016a00000)]

Stack: [0x0000000016900000,0x0000000016a00000]
[error occurred during error reporting (printing stack bounds), id 0xc0000005]

Native frames: (J=compiled Java code, j=interpreted, Vv=VM code, C=native code)


Current CompileTask:
C2:   2703 1386       4       com.android.dx.ssa.Dominators::compress (229 bytes)


---------------  P R O C E S S  ---------------

Java Threads: ( => current thread )
  0x0000000016d52800 JavaThread "pool-1-thread-4" [_thread_in_Java, id=18340, stack(0x0000000017500000,0x0000000017600000)]
  0x0000000016d51800 JavaThread "pool-1-thread-3" [_thread_in_Java, id=14284, stack(0x0000000017400000,0x0000000017500000)]
  0x0000000016d50000 JavaThread "pool-1-thread-2" [_thread_in_Java, id=19024, stack(0x0000000017300000,0x0000000017400000)]
  0x0000000016caf000 JavaThread "pool-2-thread-1" [_thread_blocked, id=2264, stack(0x0000000017200000,0x0000000017300000)]
  0x0000000016caa000 JavaThread "pool-1-thread-1" [_thread_in_Java, id=16256, stack(0x0000000017100000,0x0000000017200000)]
  0x0000000016b0e000 JavaThread "Service Thread" daemon [_thread_blocked, id=11796, stack(0x0000000016f00000,0x0000000017000000)]
  0x000000001520d800 JavaThread "C1 CompilerThread2" daemon [_thread_blocked, id=9952, stack(0x0000000016a00000,0x0000000016b00000)]
=>0x0000000015205800 JavaThread "C2 CompilerThread1" daemon [_thread_in_native, id=1532, stack(0x0000000016900000,0x0000000016a00000)]
  0x00000000151ab800 JavaThread "C2 CompilerThread0" daemon [_thread_in_native, id=18872, stack(0x0000000016800000,0x0000000016900000)]
  0x00000000151aa000 JavaThread "Attach Listener" daemon [_thread_blocked, id=1244, stack(0x0000000016700000,0x0000000016800000)]
  0x00000000151a9000 JavaThread "Signal Dispatcher" daemon [_thread_blocked, id=660, stack(0x0000000016600000,0x0000000016700000)]
  0x0000000002ad7000 JavaThread "Finalizer" daemon [_thread_blocked, id=15048, stack(0x0000000016410000,0x0000000016510000)]
  0x0000000002ad1800 JavaThread "Reference Handler" daemon [_thread_blocked, id=11956, stack(0x0000000016310000,0x0000000016410000)]
  0x00000000029de000 JavaThread "main" [_thread_in_Java, id=14276, stack(0x0000000002890000,0x0000000002990000)]

Other Threads:
  0x0000000015175000 VMThread [stack: 0x0000000016210000,0x0000000016310000] [id=14800]
  0x0000000016b03800 WatcherThread [stack: 0x0000000017000000,0x0000000017100000] [id=10528]

VM state:not at safepoint (normal execution)

VM Mutex/Monitor currently owned by a thread: None

Heap:
 PSYoungGen      total 37888K, used 30795K [0x00000000eab00000, 0x00000000ef500000, 0x0000000100000000)
  eden space 32768K, 78% used [0x00000000eab00000,0x00000000ec413720,0x00000000ecb00000)
  from space 5120K, 99% used [0x00000000ecb00000,0x00000000ecfff5f8,0x00000000ed000000)
  to   space 5120K, 0% used [0x00000000ef000000,0x00000000ef000000,0x00000000ef500000)
 ParOldGen       total 86016K, used 1616K [0x00000000c0000000, 0x00000000c5400000, 0x00000000eab00000)
  object space 86016K, 1% used [0x00000000c0000000,0x00000000c0194360,0x00000000c5400000)
 Metaspace       used 6048K, capacity 7024K, committed 7296K, reserved 1056768K
  class space    used 579K, capacity 616K, committed 640K, reserved 1048576K

Card table byte_map: [0x0000000011ea0000,0x00000000120b0000] byte_map_base: 0x00000000118a0000

Marking Bits: (ParMarkBitMap*) 0x0000000071864970
 Begin Bits: [0x0000000012610000, 0x0000000013610000)
 End Bits:   [0x0000000013610000, 0x0000000014610000)

Polling page: 0x0000000000ba0000

CodeCache: size=245760Kb used=5885Kb max_used=5912Kb free=239874Kb
 bounds [0x0000000002ae0000, 0x00000000030b0000, 0x0000000011ae0000]
 total_blobs=1642 nmethods=1380 adapters=176
 compilation: enabled

Compilation events (10 events):
Event: 2.592 Thread 0x00000000151ab800 nmethod 1307 0x000000000301b890 code [0x000000000301b9c0, 0x000000000301ba58]
Event: 2.648 Thread 0x000000001520d800 1382       3       com.android.dx.rop.cst.CstNat::equals (48 bytes)
Event: 2.649 Thread 0x000000001520d800 nmethod 1382 0x0000000003081190 code [0x0000000003081360, 0x0000000003081d58]
Event: 2.650 Thread 0x00000000151ab800 1383       4       com.android.dx.ssa.SsaBasicBlock::newFromRop (183 bytes)
Event: 2.678 Thread 0x0000000015205800 nmethod 1352 0x000000000309ff10 code [0x00000000030a14a0, 0x00000000030a7c70]
Event: 2.679 Thread 0x000000001520d800 1384       3       com.android.dx.ssa.Dominators::<init> (55 bytes)
Event: 2.680 Thread 0x000000001520d800 nmethod 1384 0x0000000003080850 code [0x00000000030809e0, 0x0000000003080f30]
Event: 2.680 Thread 0x0000000015205800 1385       4       com.android.dx.ssa.Dominators$DfsWalker::visitBlock (59 bytes)
Event: 2.688 Thread 0x0000000015205800 nmethod 1385 0x000000000308ff50 code [0x00000000030900c0, 0x0000000003090638]
Event: 2.688 Thread 0x0000000015205800 1386       4       com.android.dx.ssa.Dominators::compress (229 bytes)

GC Heap History (2 events):
Event: 2.298 GC heap before
{Heap before GC invocations=1 (full 0):
 PSYoungGen      total 37888K, used 32768K [0x00000000eab00000, 0x00000000ed500000, 0x0000000100000000)
  eden space 32768K, 100% used [0x00000000eab00000,0x00000000ecb00000,0x00000000ecb00000)
  from space 5120K, 0% used [0x00000000ed000000,0x00000000ed000000,0x00000000ed500000)
  to   space 5120K, 0% used [0x00000000ecb00000,0x00000000ecb00000,0x00000000ed000000)
 ParOldGen       total 86016K, used 0K [0x00000000c0000000, 0x00000000c5400000, 0x00000000eab00000)
  object space 86016K, 0% used [0x00000000c0000000,0x00000000c0000000,0x00000000c5400000)
 Metaspace       used 5993K, capacity 6960K, committed 7040K, reserved 1056768K
  class space    used 579K, capacity 616K, committed 640K, reserved 1048576K
Event: 2.375 GC heap after
Heap after GC invocations=1 (full 0):
 PSYoungGen      total 37888K, used 5117K [0x00000000eab00000, 0x00000000ef500000, 0x0000000100000000)
  eden space 32768K, 0% used [0x00000000eab00000,0x00000000eab00000,0x00000000ecb00000)
  from space 5120K, 99% used [0x00000000ecb00000,0x00000000ecfff5f8,0x00000000ed000000)
  to   space 5120K, 0% used [0x00000000ef000000,0x00000000ef000000,0x00000000ef500000)
 ParOldGen       total 86016K, used 1616K [0x00000000c0000000, 0x00000000c5400000, 0x00000000eab00000)
  object space 86016K, 1% used [0x00000000c0000000,0x00000000c0194360,0x00000000c5400000)
 Metaspace       used 5993K, capacity 6960K, committed 7040K, reserved 1056768K
  class space    used 579K, capacity 616K, committed 640K, reserved 1048576K
}

Deoptimization events (10 events):
Event: 1.725 Thread 0x0000000016caa000 Uncommon trap: reason=unstable_if action=reinterpret pc=0x0000000002d5ce1c method=java.util.HashMap.getNode(ILjava/lang/Object;)Ljava/util/HashMap$Node; @ 62
Event: 2.405 Thread 0x0000000016d50000 Uncommon trap: reason=unstable_if action=reinterpret pc=0x0000000002d6a71c method=com.android.dx.rop.cst.Constant.compareTo(Lcom/android/dx/rop/cst/Constant;)I @ 12
Event: 2.409 Thread 0x00000000029de000 Uncommon trap: reason=bimorphic action=maybe_recompile pc=0x0000000002fac9f4 method=com.android.dx.cf.code.BytecodeArray.parseInstruction(ILcom/android/dx/cf/code/BytecodeArray$Visitor;)I @ 955
Event: 2.409 Thread 0x00000000029de000 Uncommon trap: reason=bimorphic action=maybe_recompile pc=0x0000000002fac874 method=com.android.dx.cf.code.BytecodeArray.parseInstruction(ILcom/android/dx/cf/code/BytecodeArray$Visitor;)I @ 907
Event: 2.409 Thread 0x00000000029de000 Uncommon trap: reason=bimorphic action=maybe_recompile pc=0x0000000002fae674 method=com.android.dx.cf.code.BytecodeArray.parseInstruction(ILcom/android/dx/cf/code/BytecodeArray$Visitor;)I @ 1224
Event: 2.409 Thread 0x00000000029de000 Uncommon trap: reason=bimorphic action=maybe_recompile pc=0x0000000002fac8f4 method=com.android.dx.cf.code.BytecodeArray.parseInstruction(ILcom/android/dx/cf/code/BytecodeArray$Visitor;)I @ 923
Event: 2.409 Thread 0x00000000029de000 Uncommon trap: reason=bimorphic action=maybe_recompile pc=0x0000000002fae674 method=com.android.dx.cf.code.BytecodeArray.parseInstruction(ILcom/android/dx/cf/code/BytecodeArray$Visitor;)I @ 1224
Event: 2.419 Thread 0x00000000029de000 Uncommon trap: reason=unstable_if action=reinterpret pc=0x0000000002dd726c method=com.android.dx.rop.code.RegisterSpecSet.put(Lcom/android/dx/rop/code/RegisterSpec;)V @ 77
Event: 2.419 Thread 0x00000000029de000 Uncommon trap: reason=unstable_if action=reinterpret pc=0x0000000002e24bec method=com.android.dx.rop.code.RegisterSpecSet.put(Lcom/android/dx/rop/code/RegisterSpec;)V @ 77
Event: 2.679 Thread 0x0000000016d50000 Uncommon trap: reason=class_check action=maybe_recompile pc=0x0000000003088cac method=com.android.dx.rop.code.RegisterSpec.withSimpleType()Lcom/android/dx/rop/code/RegisterSpec; @ 21

Classes redefined (0 events):
No events

Internal exceptions (2 events):
Event: 0.059 Thread 0x00000000029de000 Exception <a 'java/lang/NoSuchMethodError': Method sun.misc.Unsafe.defineClass(Ljava/lang/String;[BII)Ljava/lang/Class; name or signature does not match> (0x00000000eab07ca8) thrown at [D:\src\AOSP-openjdk-cygwin\jdk8u\hotspot\src\share\vm\prims\jni.cpp, 
Event: 0.059 Thread 0x00000000029de000 Exception <a 'java/lang/NoSuchMethodError': Method sun.misc.Unsafe.prefetchRead(Ljava/lang/Object;J)V name or signature does not match> (0x00000000eab07f90) thrown at [D:\src\AOSP-openjdk-cygwin\jdk8u\hotspot\src\share\vm\prims\jni.cpp, line 4011]

Events (10 events):
Event: 2.409 Thread 0x00000000029de000 DEOPT UNPACKING pc=0x0000000002b2557b sp=0x000000000298e6a8 mode 2
Event: 2.419 Thread 0x00000000029de000 Uncommon trap: trap_request=0xffffff65 fr.pc=0x0000000002dd726c
Event: 2.419 Thread 0x00000000029de000 DEOPT PACKING pc=0x0000000002dd726c sp=0x000000000298e7d0
Event: 2.419 Thread 0x00000000029de000 DEOPT UNPACKING pc=0x0000000002b2557b sp=0x000000000298e758 mode 2
Event: 2.419 Thread 0x00000000029de000 Uncommon trap: trap_request=0xffffff65 fr.pc=0x0000000002e24bec
Event: 2.419 Thread 0x00000000029de000 DEOPT PACKING pc=0x0000000002e24bec sp=0x000000000298e7c0
Event: 2.419 Thread 0x00000000029de000 DEOPT UNPACKING pc=0x0000000002b2557b sp=0x000000000298e6e0 mode 2
Event: 2.679 Thread 0x0000000016d50000 Uncommon trap: trap_request=0xffffffde fr.pc=0x0000000003088cac
Event: 2.679 Thread 0x0000000016d50000 DEOPT PACKING pc=0x0000000003088cac sp=0x00000000173fe950
Event: 2.679 Thread 0x0000000016d50000 DEOPT UNPACKING pc=0x0000000002b2557b sp=0x00000000173fe8c8 mode 2


Dynamic libraries:
0x00007ff731310000 - 0x00007ff731341000 	C:\Program Files\Android\android-studio\jre\bin\java.exe
0x00007ffcc0430000 - 0x00007ffcc0611000 	C:\WINDOWS\SYSTEM32\ntdll.dll
0x00007ffcbdc10000 - 0x00007ffcbdcc2000 	C:\WINDOWS\System32\KERNEL32.DLL
0x00007ffcbd450000 - 0x00007ffcbd6c3000 	C:\WINDOWS\System32\KERNELBASE.dll
0x00007ffcbfe70000 - 0x00007ffcbff11000 	C:\WINDOWS\System32\ADVAPI32.dll
0x00007ffcbdf30000 - 0x00007ffcbdfce000 	C:\WINDOWS\System32\msvcrt.dll
0x00007ffcbe420000 - 0x00007ffcbe47b000 	C:\WINDOWS\System32\sechost.dll
0x00007ffcbd8c0000 - 0x00007ffcbd9e4000 	C:\WINDOWS\System32\RPCRT4.dll
0x00007ffcc0210000 - 0x00007ffcc03a0000 	C:\WINDOWS\System32\USER32.dll
0x00007ffcbd3b0000 - 0x00007ffcbd3d0000 	C:\WINDOWS\System32\win32u.dll
0x00007ffcbdd70000 - 0x00007ffcbdd98000 	C:\WINDOWS\System32\GDI32.dll
0x00007ffcbd210000 - 0x00007ffcbd3a2000 	C:\WINDOWS\System32\gdi32full.dll
0x00007ffcbc800000 - 0x00007ffcbc89f000 	C:\WINDOWS\System32\msvcp_win.dll
0x00007ffcbd110000 - 0x00007ffcbd20a000 	C:\WINDOWS\System32\ucrtbase.dll
0x00007ffcae320000 - 0x00007ffcae589000 	C:\WINDOWS\WinSxS\amd64_microsoft.windows.common-controls_6595b64144ccf1df_6.0.17134.228_none_fb4599993062b194\COMCTL32.dll
0x00007ffcbfb40000 - 0x00007ffcbfe63000 	C:\WINDOWS\System32\combase.dll
0x00007ffcbd3d0000 - 0x00007ffcbd44a000 	C:\WINDOWS\System32\bcryptPrimitives.dll
0x00007ffcbda80000 - 0x00007ffcbdaad000 	C:\WINDOWS\System32\IMM32.DLL
0x0000000070ee0000 - 0x0000000070fb2000 	C:\Program Files\Android\android-studio\jre\jre\bin\msvcr100.dll
0x00000000710a0000 - 0x00000000718df000 	C:\Program Files\Android\android-studio\jre\jre\bin\server\jvm.dll
0x00007ffcbde70000 - 0x00007ffcbde78000 	C:\WINDOWS\System32\PSAPI.DLL
0x00007ffcbb340000 - 0x00007ffcbb349000 	C:\WINDOWS\SYSTEM32\WSOCK32.dll
0x00007ffcbf8c0000 - 0x00007ffcbf92c000 	C:\WINDOWS\System32\WS2_32.dll
0x00007ffcb8940000 - 0x00007ffcb8963000 	C:\WINDOWS\SYSTEM32\WINMM.dll
0x00007ffcb8910000 - 0x00007ffcb893a000 	C:\WINDOWS\SYSTEM32\WINMMBASE.dll
0x00007ffcbcfb0000 - 0x00007ffcbcff9000 	C:\WINDOWS\System32\cfgmgr32.dll
0x00007ffcb7370000 - 0x00007ffcb737a000 	C:\WINDOWS\SYSTEM32\VERSION.dll
0x00007ffcb73d0000 - 0x00007ffcb73df000 	C:\Program Files\Android\android-studio\jre\jre\bin\verify.dll
0x00007ffcaae10000 - 0x00007ffcaae39000 	C:\Program Files\Android\android-studio\jre\jre\bin\java.dll
0x00007ffcb7380000 - 0x00007ffcb7396000 	C:\Program Files\Android\android-studio\jre\jre\bin\zip.dll
0x00007ffcbe480000 - 0x00007ffcbf8c0000 	C:\WINDOWS\System32\SHELL32.dll
0x00007ffcbde80000 - 0x00007ffcbdf29000 	C:\WINDOWS\System32\shcore.dll
0x00007ffcbc8a0000 - 0x00007ffcbcfad000 	C:\WINDOWS\System32\windows.storage.dll
0x00007ffcc03a0000 - 0x00007ffcc03f1000 	C:\WINDOWS\System32\shlwapi.dll
0x00007ffcbc7c0000 - 0x00007ffcbc7d1000 	C:\WINDOWS\System32\kernel.appcore.dll
0x00007ffcbc740000 - 0x00007ffcbc75f000 	C:\WINDOWS\System32\profapi.dll
0x00007ffcbc760000 - 0x00007ffcbc7ac000 	C:\WINDOWS\System32\powrprof.dll
0x00007ffcbc7b0000 - 0x00007ffcbc7ba000 	C:\WINDOWS\System32\FLTLIB.DLL

VM Arguments:
jvm_args: -Djava.awt.headless=true -Xmx1024M -Dfile.encoding=windows-1252 -Duser.country=IN -Duser.language=en -Duser.variant 
java_command: com.android.dx.command.Main --dex --num-threads=4 --output C:\Users\yashn\Desktop\s1coeptk app working\Offline\template\app\build\intermediates\pre-dexed\debug\com.android.support-support-fragment-25.0.0_bf4226e1a422011332ece8d666eee54b0d025c93.jar C:\Users\yashn\Desktop\s1coeptk app working\Offline\template\app\build\intermediates\exploded-aar\com.android.support\support-fragment\25.0.0\jars\classes.jar
java_class_path (initial): C:\Users\yashn\AppData\Local\Android\Sdk\build-tools\25.0.0\lib\dx.jar
Launcher Type: SUN_STANDARD

Environment Variables:
JAVA_HOME=C:\Program Files\Java\jdk1.8.0_152\bin
PATH=C:\ProgramData\Oracle\Java\javapath;C:\WINDOWS\system32;C:\WINDOWS;C:\WINDOWS\System32\Wbem;C:\WINDOWS\System32\WindowsPowerShell\v1.0\;C:\Program Files\nodejs\;C:\Program Files (x86)\Windows Live\Shared;C:\Program Files (x86)\Heroku\bin;C:\Program Files (x86)\git\cmd;C:\Program Files (x86)\Git\cmd;C:\Program Files (x86)\OpenSSH\bin;C:\WINDOWS\System32\OpenSSH\;C:\Program Files (x86)\QuickTime\QTSystem\;C:\Users\yashn\AppData\Local\Microsoft\WindowsApps;C:\Program Files (x86)\Java\jdk1.8.0_51\bin;C:\Program Files\Heroku\bin;C:\Users\yashn\AppData\Roaming\npm;C:\Users\yashn\AppData\Local\Microsoft\WindowsApps;C:\Users\yashn\AppData\Local\now-cli;C:\Users\yashn\AppData\Local\atom\bin
USERNAME=yashn
OS=Windows_NT
PROCESSOR_IDENTIFIER=Intel64 Family 6 Model 78 Stepping 3, GenuineIntel



---------------  S Y S T E M  ---------------

OS: Windows 10.0 , 64 bit Build 17134 (10.0.17134.1)

CPU:total 4 (initial active 4) (2 cores per cpu, 2 threads per core) family 6 model 78 stepping 3, cmov, cx8, fxsr, mmx, sse, sse2, sse3, ssse3, sse4.1, sse4.2, popcnt, avx, avx2, aes, clmul, erms, 3dnowpref, lzcnt, ht, tsc, tscinvbit, bmi1, bmi2, adx

Memory: 4k page, physical 8242448k(806716k free), swap 10290448k(5068k free)

vm_info: OpenJDK 64-Bit Server VM (25.152-b02) for windows-amd64 JRE (1.8.0_152-release-1024-b02), built by "builder" with MS VC++ 10.0 (VS2010)

time: Wed Aug 15 22:44:30 2018
elapsed time: 2 seconds (0d 0h 0m 2s)

