#
# There is insufficient memory for the Java Runtime Environment to continue.
# Native memory allocation (malloc) failed to allocate 152368 bytes for Chunk::new
# Possible reasons:
#   The system is out of physical RAM or swap space
#   In 32 bit mode, the process size limit was hit
# Possible solutions:
#   Reduce memory load on the system
#   Increase physical memory or swap space
#   Check if swap backing store is full
#   Use 64 bit Java on a 64 bit OS
#   Decrease Java heap size (-Xmx/-Xms)
#   Decrease number of Java threads
#   Decrease Java thread stack sizes (-Xss)
#   Set larger code cache with -XX:ReservedCodeCacheSize=
# This output file may be truncated or incomplete.
#
#  Out of Memory Error (allocation.cpp:390), pid=7084, tid=0x0000000000002888
#
# JRE version: OpenJDK Runtime Environment (8.0_152-b02) (build 1.8.0_152-release-1024-b02)
# Java VM: OpenJDK 64-Bit Server VM (25.152-b02 mixed mode windows-amd64 compressed oops)
# Failed to write core dump. Minidumps are not enabled by default on client versions of Windows
#

---------------  T H R E A D  ---------------

Current thread (0x000000001595f800):  JavaThread "C2 CompilerThread1" daemon [_thread_in_native, id=10376, stack(0x00000000170b0000,0x00000000171b0000)]

Stack: [0x00000000170b0000,0x00000000171b0000]
[error occurred during error reporting (printing stack bounds), id 0xc0000005]

Native frames: (J=compiled Java code, j=interpreted, Vv=VM code, C=native code)


Current CompileTask:
C2:   3457 1205       4       com.android.dx.ssa.SCCP::simulateStmt (481 bytes)


---------------  P R O C E S S  ---------------

Java Threads: ( => current thread )
  0x00000000175a7000 JavaThread "pool-1-thread-4" [_thread_blocked, id=18628, stack(0x0000000017cb0000,0x0000000017db0000)]
  0x00000000175a6000 JavaThread "pool-1-thread-3" [_thread_blocked, id=18708, stack(0x0000000017bb0000,0x0000000017cb0000)]
  0x00000000175a5000 JavaThread "pool-1-thread-2" [_thread_in_Java, id=18592, stack(0x0000000017ab0000,0x0000000017bb0000)]
  0x00000000174f8800 JavaThread "pool-2-thread-1" [_thread_blocked, id=7840, stack(0x00000000179b0000,0x0000000017ab0000)]
  0x00000000174f8000 JavaThread "pool-1-thread-1" [_thread_blocked, id=5484, stack(0x00000000178b0000,0x00000000179b0000)]
  0x00000000172bd800 JavaThread "Service Thread" daemon [_thread_blocked, id=5852, stack(0x00000000176b0000,0x00000000177b0000)]
  0x00000000159bd800 JavaThread "C1 CompilerThread2" daemon [_thread_in_native, id=19120, stack(0x00000000171b0000,0x00000000172b0000)]
=>0x000000001595f800 JavaThread "C2 CompilerThread1" daemon [_thread_in_native, id=10376, stack(0x00000000170b0000,0x00000000171b0000)]
  0x000000001595b800 JavaThread "C2 CompilerThread0" daemon [_thread_in_native, id=10428, stack(0x0000000016fb0000,0x00000000170b0000)]
  0x000000001595a000 JavaThread "Attach Listener" daemon [_thread_blocked, id=14652, stack(0x0000000016eb0000,0x0000000016fb0000)]
  0x0000000015959000 JavaThread "Signal Dispatcher" daemon [_thread_blocked, id=18680, stack(0x0000000016db0000,0x0000000016eb0000)]
  0x0000000003287000 JavaThread "Finalizer" daemon [_thread_blocked, id=11032, stack(0x0000000016bc0000,0x0000000016cc0000)]
  0x0000000003281800 JavaThread "Reference Handler" daemon [_thread_blocked, id=11828, stack(0x0000000016ac0000,0x0000000016bc0000)]
  0x000000000318e000 JavaThread "main" [_thread_blocked, id=19236, stack(0x0000000002ff0000,0x00000000030f0000)]

Other Threads:
  0x0000000015925000 VMThread [stack: 0x00000000169c0000,0x0000000016ac0000] [id=11600]
  0x00000000172b3800 WatcherThread [stack: 0x00000000177b0000,0x00000000178b0000] [id=12760]

VM state:not at safepoint (normal execution)

VM Mutex/Monitor currently owned by a thread:  ([mutex/lock_event])
[0x0000000003191150] Compile_lock - owner thread: 0x00000000159bd800

Heap:
 PSYoungGen      total 37888K, used 6642K [0x00000000eab00000, 0x00000000ed500000, 0x0000000100000000)
  eden space 32768K, 4% used [0x00000000eab00000,0x00000000eac7f5b0,0x00000000ecb00000)
  from space 5120K, 99% used [0x00000000ecb00000,0x00000000ecffd258,0x00000000ed000000)
  to   space 5120K, 0% used [0x00000000ed000000,0x00000000ed000000,0x00000000ed500000)
 ParOldGen       total 86016K, used 774K [0x00000000c0000000, 0x00000000c5400000, 0x00000000eab00000)
  object space 86016K, 0% used [0x00000000c0000000,0x00000000c00c1a70,0x00000000c5400000)
 Metaspace       used 5927K, capacity 6896K, committed 7040K, reserved 1056768K
  class space    used 574K, capacity 616K, committed 640K, reserved 1048576K

Card table byte_map: [0x0000000012650000,0x0000000012860000] byte_map_base: 0x0000000012050000

Marking Bits: (ParMarkBitMap*) 0x0000000071864970
 Begin Bits: [0x0000000012dc0000, 0x0000000013dc0000)
 End Bits:   [0x0000000013dc0000, 0x0000000014dc0000)

Polling page: 0x00000000017f0000

CodeCache: size=245760Kb used=5274Kb max_used=5274Kb free=240486Kb
 bounds [0x0000000003290000, 0x00000000037c0000, 0x0000000012290000]
 total_blobs=1545 nmethods=1283 adapters=176
 compilation: enabled

Compilation events (10 events):
Event: 3.360 Thread 0x00000000159bd800 1271       3       com.android.dx.cf.code.OneLocalsArray::set (10 bytes)
Event: 3.360 Thread 0x00000000159bd800 nmethod 1271 0x00000000037a8b90 code [0x00000000037a8d00, 0x00000000037a8f48]
Event: 3.360 Thread 0x00000000159bd800 1272       3       com.android.dx.rop.code.RegisterSpec::getFrameType (10 bytes)
Event: 3.360 Thread 0x00000000159bd800 nmethod 1272 0x00000000037a8750 code [0x00000000037a88c0, 0x00000000037a8ae8]
Event: 3.361 Thread 0x00000000159bd800 1273       3       com.android.dx.ssa.DomFront::<init> (60 bytes)
Event: 3.361 Thread 0x00000000159bd800 nmethod 1273 0x00000000037a7c90 code [0x00000000037a7e20, 0x00000000037a8470]
Event: 3.362 Thread 0x00000000159bd800 1274       3       com.android.dx.ssa.DomFront::run (264 bytes)
Event: 3.362 Thread 0x000000001595b800 nmethod 1257 0x00000000037aed50 code [0x00000000037aeec0, 0x00000000037af478]
Event: 3.362 Thread 0x000000001595b800 1213       4       com.android.dx.util.LabeledList::set (45 bytes)
Event: 3.365 Thread 0x00000000159bd800 nmethod 1274 0x00000000037b2d90 code [0x00000000037b3300, 0x00000000037b6968]

GC Heap History (2 events):
Event: 3.367 GC heap before
{Heap before GC invocations=1 (full 0):
 PSYoungGen      total 37888K, used 32768K [0x00000000eab00000, 0x00000000ed500000, 0x0000000100000000)
  eden space 32768K, 100% used [0x00000000eab00000,0x00000000ecb00000,0x00000000ecb00000)
  from space 5120K, 0% used [0x00000000ed000000,0x00000000ed000000,0x00000000ed500000)
  to   space 5120K, 0% used [0x00000000ecb00000,0x00000000ecb00000,0x00000000ed000000)
 ParOldGen       total 86016K, used 0K [0x00000000c0000000, 0x00000000c5400000, 0x00000000eab00000)
  object space 86016K, 0% used [0x00000000c0000000,0x00000000c0000000,0x00000000c5400000)
 Metaspace       used 5920K, capacity 6896K, committed 7040K, reserved 1056768K
  class space    used 574K, capacity 616K, committed 640K, reserved 1048576K
Event: 3.453 GC heap after
Heap after GC invocations=1 (full 0):
 PSYoungGen      total 37888K, used 5108K [0x00000000eab00000, 0x00000000ed500000, 0x0000000100000000)
  eden space 32768K, 0% used [0x00000000eab00000,0x00000000eab00000,0x00000000ecb00000)
  from space 5120K, 99% used [0x00000000ecb00000,0x00000000ecffd258,0x00000000ed000000)
  to   space 5120K, 0% used [0x00000000ed000000,0x00000000ed000000,0x00000000ed500000)
 ParOldGen       total 86016K, used 774K [0x00000000c0000000, 0x00000000c5400000, 0x00000000eab00000)
  object space 86016K, 0% used [0x00000000c0000000,0x00000000c00c1a70,0x00000000c5400000)
 Metaspace       used 5920K, capacity 6896K, committed 7040K, reserved 1056768K
  class space    used 574K, capacity 616K, committed 640K, reserved 1048576K
}

Deoptimization events (10 events):
Event: 2.944 Thread 0x00000000175a6000 Uncommon trap: reason=class_check action=maybe_recompile pc=0x0000000003577558 method=com.android.dx.rop.type.Type.equals(Ljava/lang/Object;)Z @ 8
Event: 2.944 Thread 0x00000000175a6000 Uncommon trap: reason=unstable_if action=reinterpret pc=0x00000000035fcaf0 method=com.android.dx.rop.code.RegisterSpec.equals(ILcom/android/dx/rop/type/TypeBearer;Lcom/android/dx/rop/code/LocalItem;)Z @ 16
Event: 2.944 Thread 0x00000000175a6000 Uncommon trap: reason=class_check action=maybe_recompile pc=0x0000000003577558 method=com.android.dx.rop.type.Type.equals(Ljava/lang/Object;)Z @ 8
Event: 2.944 Thread 0x00000000175a6000 Uncommon trap: reason=class_check action=maybe_recompile pc=0x0000000003577558 method=com.android.dx.rop.type.Type.equals(Ljava/lang/Object;)Z @ 8
Event: 2.944 Thread 0x00000000175a6000 Uncommon trap: reason=class_check action=maybe_recompile pc=0x0000000003577558 method=com.android.dx.rop.type.Type.equals(Ljava/lang/Object;)Z @ 8
Event: 2.944 Thread 0x00000000175a6000 Uncommon trap: reason=class_check action=maybe_recompile pc=0x0000000003605df8 method=com.android.dx.rop.type.Type.equals(Ljava/lang/Object;)Z @ 8
Event: 2.944 Thread 0x00000000175a6000 Uncommon trap: reason=class_check action=maybe_recompile pc=0x00000000036abaf8 method=com.android.dx.rop.type.Type.equals(Ljava/lang/Object;)Z @ 8
Event: 2.945 Thread 0x00000000175a6000 Uncommon trap: reason=unstable_if action=reinterpret pc=0x00000000036b7330 method=com.android.dx.cf.code.Ropper.labelToResultIndex(I)I @ 34
Event: 2.948 Thread 0x00000000175a6000 Uncommon trap: reason=null_check action=make_not_entrant pc=0x00000000035ce8b0 method=com.android.dx.ssa.SsaRenamer.getLocalForNewReg(I)Lcom/android/dx/rop/code/LocalItem; @ 19
Event: 3.299 Thread 0x000000000318e000 Uncommon trap: reason=unstable_if action=reinterpret pc=0x00000000036c82dc method=com.android.dx.rop.cst.Constant.compareTo(Lcom/android/dx/rop/cst/Constant;)I @ 12

Classes redefined (0 events):
No events

Internal exceptions (4 events):
Event: 0.095 Thread 0x000000000318e000 Exception <a 'java/lang/NoSuchMethodError': Method sun.misc.Unsafe.defineClass(Ljava/lang/String;[BII)Ljava/lang/Class; name or signature does not match> (0x00000000eab07ca8) thrown at [D:\src\AOSP-openjdk-cygwin\jdk8u\hotspot\src\share\vm\prims\jni.cpp, 
Event: 0.095 Thread 0x000000000318e000 Exception <a 'java/lang/NoSuchMethodError': Method sun.misc.Unsafe.prefetchRead(Ljava/lang/Object;J)V name or signature does not match> (0x00000000eab07f90) thrown at [D:\src\AOSP-openjdk-cygwin\jdk8u\hotspot\src\share\vm\prims\jni.cpp, line 4011]
Event: 2.868 Thread 0x00000000175a5000 Implicit null exception at 0x00000000035aba22 to 0x00000000035abb29
Event: 2.948 Thread 0x00000000175a6000 Implicit null exception at 0x00000000035cc32a to 0x00000000035ce889

Events (10 events):
Event: 2.948 Thread 0x00000000175a6000 DEOPT UNPACKING pc=0x00000000032d557b sp=0x0000000017cae698 mode 2
Event: 3.025 Executing VM operation: ForceSafepoint
Event: 3.280 Executing VM operation: ForceSafepoint done
Event: 3.292 Thread 0x00000000174f8000 DEOPT PACKING pc=0x000000000357a090 sp=0x00000000179aee70
Event: 3.292 Thread 0x00000000174f8000 DEOPT UNPACKING pc=0x00000000032d75d0 sp=0x00000000179aec50 mode 0
Event: 3.299 Thread 0x000000000318e000 Uncommon trap: trap_request=0xffffff65 fr.pc=0x00000000036c82dc
Event: 3.299 Thread 0x000000000318e000 DEOPT PACKING pc=0x00000000036c82dc sp=0x00000000030ede70
Event: 3.299 Thread 0x000000000318e000 DEOPT UNPACKING pc=0x00000000032d557b sp=0x00000000030ede10 mode 2
Event: 3.365 Executing VM operation: ParallelGCFailedAllocation
Event: 3.453 Executing VM operation: ParallelGCFailedAllocation done


Dynamic libraries:
0x00007ff731310000 - 0x00007ff731341000 	C:\Program Files\Android\android-studio\jre\bin\java.exe
0x00007ffcc0430000 - 0x00007ffcc0611000 	C:\WINDOWS\SYSTEM32\ntdll.dll
0x00007ffcbdc10000 - 0x00007ffcbdcc2000 	C:\WINDOWS\System32\KERNEL32.DLL
0x00007ffcbd450000 - 0x00007ffcbd6c3000 	C:\WINDOWS\System32\KERNELBASE.dll
0x00007ffcbfe70000 - 0x00007ffcbff11000 	C:\WINDOWS\System32\ADVAPI32.dll
0x00007ffcbdf30000 - 0x00007ffcbdfce000 	C:\WINDOWS\System32\msvcrt.dll
0x00007ffcbe420000 - 0x00007ffcbe47b000 	C:\WINDOWS\System32\sechost.dll
0x00007ffcbd8c0000 - 0x00007ffcbd9e4000 	C:\WINDOWS\System32\RPCRT4.dll
0x00007ffcc0210000 - 0x00007ffcc03a0000 	C:\WINDOWS\System32\USER32.dll
0x00007ffcbd3b0000 - 0x00007ffcbd3d0000 	C:\WINDOWS\System32\win32u.dll
0x00007ffcbdd70000 - 0x00007ffcbdd98000 	C:\WINDOWS\System32\GDI32.dll
0x00007ffcbd210000 - 0x00007ffcbd3a2000 	C:\WINDOWS\System32\gdi32full.dll
0x00007ffcbc800000 - 0x00007ffcbc89f000 	C:\WINDOWS\System32\msvcp_win.dll
0x00007ffcbd110000 - 0x00007ffcbd20a000 	C:\WINDOWS\System32\ucrtbase.dll
0x00007ffcae320000 - 0x00007ffcae589000 	C:\WINDOWS\WinSxS\amd64_microsoft.windows.common-controls_6595b64144ccf1df_6.0.17134.228_none_fb4599993062b194\COMCTL32.dll
0x00007ffcbfb40000 - 0x00007ffcbfe63000 	C:\WINDOWS\System32\combase.dll
0x00007ffcbd3d0000 - 0x00007ffcbd44a000 	C:\WINDOWS\System32\bcryptPrimitives.dll
0x00007ffcbda80000 - 0x00007ffcbdaad000 	C:\WINDOWS\System32\IMM32.DLL
0x0000000070ee0000 - 0x0000000070fb2000 	C:\Program Files\Android\android-studio\jre\jre\bin\msvcr100.dll
0x00000000710a0000 - 0x00000000718df000 	C:\Program Files\Android\android-studio\jre\jre\bin\server\jvm.dll
0x00007ffcbde70000 - 0x00007ffcbde78000 	C:\WINDOWS\System32\PSAPI.DLL
0x00007ffcbb340000 - 0x00007ffcbb349000 	C:\WINDOWS\SYSTEM32\WSOCK32.dll
0x00007ffcbf8c0000 - 0x00007ffcbf92c000 	C:\WINDOWS\System32\WS2_32.dll
0x00007ffcb8940000 - 0x00007ffcb8963000 	C:\WINDOWS\SYSTEM32\WINMM.dll
0x00007ffcb7370000 - 0x00007ffcb737a000 	C:\WINDOWS\SYSTEM32\VERSION.dll
0x00007ffcb8910000 - 0x00007ffcb893a000 	C:\WINDOWS\SYSTEM32\WINMMBASE.dll
0x00007ffcbcfb0000 - 0x00007ffcbcff9000 	C:\WINDOWS\System32\cfgmgr32.dll
0x00007ffcb73d0000 - 0x00007ffcb73df000 	C:\Program Files\Android\android-studio\jre\jre\bin\verify.dll
0x00007ffcaae10000 - 0x00007ffcaae39000 	C:\Program Files\Android\android-studio\jre\jre\bin\java.dll
0x00007ffcb7380000 - 0x00007ffcb7396000 	C:\Program Files\Android\android-studio\jre\jre\bin\zip.dll
0x00007ffcbe480000 - 0x00007ffcbf8c0000 	C:\WINDOWS\System32\SHELL32.dll
0x00007ffcbde80000 - 0x00007ffcbdf29000 	C:\WINDOWS\System32\shcore.dll
0x00007ffcbc8a0000 - 0x00007ffcbcfad000 	C:\WINDOWS\System32\windows.storage.dll
0x00007ffcc03a0000 - 0x00007ffcc03f1000 	C:\WINDOWS\System32\shlwapi.dll
0x00007ffcbc7c0000 - 0x00007ffcbc7d1000 	C:\WINDOWS\System32\kernel.appcore.dll
0x00007ffcbc740000 - 0x00007ffcbc75f000 	C:\WINDOWS\System32\profapi.dll
0x00007ffcbc760000 - 0x00007ffcbc7ac000 	C:\WINDOWS\System32\powrprof.dll
0x00007ffcbc7b0000 - 0x00007ffcbc7ba000 	C:\WINDOWS\System32\FLTLIB.DLL

VM Arguments:
jvm_args: -Djava.awt.headless=true -Xmx1024M -Dfile.encoding=windows-1252 -Duser.country=IN -Duser.language=en -Duser.variant 
java_command: com.android.dx.command.Main --dex --num-threads=4 --output C:\Users\yashn\Desktop\s1coeptk app working\Offline\template\app\build\intermediates\pre-dexed\debug\com.android.support-recyclerview-v7-25.0.0_077147c893f413d5be5bcde389b2222d0102fa64.jar C:\Users\yashn\Desktop\s1coeptk app working\Offline\template\app\build\intermediates\exploded-aar\com.android.support\recyclerview-v7\25.0.0\jars\classes.jar
java_class_path (initial): C:\Users\yashn\AppData\Local\Android\Sdk\build-tools\25.0.0\lib\dx.jar
Launcher Type: SUN_STANDARD

Environment Variables:
JAVA_HOME=C:\Program Files\Java\jdk1.8.0_152\bin
PATH=C:\ProgramData\Oracle\Java\javapath;C:\WINDOWS\system32;C:\WINDOWS;C:\WINDOWS\System32\Wbem;C:\WINDOWS\System32\WindowsPowerShell\v1.0\;C:\Program Files\nodejs\;C:\Program Files (x86)\Windows Live\Shared;C:\Program Files (x86)\Heroku\bin;C:\Program Files (x86)\git\cmd;C:\Program Files (x86)\Git\cmd;C:\Program Files (x86)\OpenSSH\bin;C:\WINDOWS\System32\OpenSSH\;C:\Program Files (x86)\QuickTime\QTSystem\;C:\Users\yashn\AppData\Local\Microsoft\WindowsApps;C:\Program Files (x86)\Java\jdk1.8.0_51\bin;C:\Program Files\Heroku\bin;C:\Users\yashn\AppData\Roaming\npm;C:\Users\yashn\AppData\Local\Microsoft\WindowsApps;C:\Users\yashn\AppData\Local\now-cli;C:\Users\yashn\AppData\Local\atom\bin
USERNAME=yashn
OS=Windows_NT
PROCESSOR_IDENTIFIER=Intel64 Family 6 Model 78 Stepping 3, GenuineIntel



---------------  S Y S T E M  ---------------

OS: Windows 10.0 , 64 bit Build 17134 (10.0.17134.1)

CPU:total 4 (initial active 4) (2 cores per cpu, 2 threads per core) family 6 model 78 stepping 3, cmov, cx8, fxsr, mmx, sse, sse2, sse3, ssse3, sse4.1, sse4.2, popcnt, avx, avx2, aes, clmul, erms, 3dnowpref, lzcnt, ht, tsc, tscinvbit, bmi1, bmi2, adx

Memory: 4k page, physical 8242448k(758724k free), swap 10290448k(4352k free)

vm_info: OpenJDK 64-Bit Server VM (25.152-b02) for windows-amd64 JRE (1.8.0_152-release-1024-b02), built by "builder" with MS VC++ 10.0 (VS2010)

time: Wed Aug 15 22:44:34 2018
elapsed time: 3 seconds (0d 0h 0m 3s)

