#
# There is insufficient memory for the Java Runtime Environment to continue.
# Native memory allocation (malloc) failed to allocate 52256 bytes for Chunk::new
# Possible reasons:
#   The system is out of physical RAM or swap space
#   In 32 bit mode, the process size limit was hit
# Possible solutions:
#   Reduce memory load on the system
#   Increase physical memory or swap space
#   Check if swap backing store is full
#   Use 64 bit Java on a 64 bit OS
#   Decrease Java heap size (-Xmx/-Xms)
#   Decrease number of Java threads
#   Decrease Java thread stack sizes (-Xss)
#   Set larger code cache with -XX:ReservedCodeCacheSize=
# This output file may be truncated or incomplete.
#
#  Out of Memory Error (allocation.cpp:390), pid=13728, tid=0x0000000000004998
#
# JRE version: OpenJDK Runtime Environment (8.0_152-b02) (build 1.8.0_152-release-1024-b02)
# Java VM: OpenJDK 64-Bit Server VM (25.152-b02 mixed mode windows-amd64 compressed oops)
# Failed to write core dump. Minidumps are not enabled by default on client versions of Windows
#

---------------  T H R E A D  ---------------

Current thread (0x000000001507b800):  JavaThread "C2 CompilerThread1" daemon [_thread_in_native, id=18840, stack(0x00000000167d0000,0x00000000168d0000)]

Stack: [0x00000000167d0000,0x00000000168d0000]
[error occurred during error reporting (printing stack bounds), id 0xc0000005]

Native frames: (J=compiled Java code, j=interpreted, Vv=VM code, C=native code)


Current CompileTask:
C2:    753  488       4       java.util.HashMap::getNode (148 bytes)


---------------  P R O C E S S  ---------------

Java Threads: ( => current thread )
  0x0000000016ca7000 JavaThread "pool-1-thread-4" [_thread_in_Java, id=15952, stack(0x00000000173d0000,0x00000000174d0000)]
  0x0000000016ca6000 JavaThread "pool-1-thread-3" [_thread_in_Java, id=3596, stack(0x00000000172d0000,0x00000000173d0000)]
  0x0000000016c3d800 JavaThread "pool-1-thread-2" [_thread_blocked, id=13152, stack(0x00000000171d0000,0x00000000172d0000)]
  0x0000000016c39800 JavaThread "pool-2-thread-1" [_thread_blocked, id=3892, stack(0x00000000170d0000,0x00000000171d0000)]
  0x0000000016c34800 JavaThread "pool-1-thread-1" [_thread_blocked, id=15184, stack(0x0000000016fd0000,0x00000000170d0000)]
  0x00000000169d1800 JavaThread "Service Thread" daemon [_thread_blocked, id=660, stack(0x0000000016dd0000,0x0000000016ed0000)]
  0x0000000015082800 JavaThread "C1 CompilerThread2" daemon [_thread_blocked, id=17496, stack(0x00000000168d0000,0x00000000169d0000)]
=>0x000000001507b800 JavaThread "C2 CompilerThread1" daemon [_thread_in_native, id=18840, stack(0x00000000167d0000,0x00000000168d0000)]
  0x0000000015087800 JavaThread "C2 CompilerThread0" daemon [_thread_in_native, id=12764, stack(0x00000000166d0000,0x00000000167d0000)]
  0x0000000015086000 JavaThread "Attach Listener" daemon [_thread_blocked, id=18668, stack(0x00000000165d0000,0x00000000166d0000)]
  0x0000000015084800 JavaThread "Signal Dispatcher" daemon [_thread_blocked, id=10980, stack(0x00000000164d0000,0x00000000165d0000)]
  0x00000000029ac800 JavaThread "Finalizer" daemon [_thread_blocked, id=10168, stack(0x00000000162e0000,0x00000000163e0000)]
  0x00000000029a1800 JavaThread "Reference Handler" daemon [_thread_blocked, id=19220, stack(0x00000000161e0000,0x00000000162e0000)]
  0x000000000268e000 JavaThread "main" [_thread_in_Java, id=16672, stack(0x00000000026b0000,0x00000000027b0000)]

Other Threads:
  0x0000000015045000 VMThread [stack: 0x00000000160e0000,0x00000000161e0000] [id=2280]
  0x00000000169d3000 WatcherThread [stack: 0x0000000016ed0000,0x0000000016fd0000] [id=18040]

VM state:not at safepoint (normal execution)

VM Mutex/Monitor currently owned by a thread: None

Heap:
 PSYoungGen      total 37888K, used 13768K [0x00000000eab00000, 0x00000000ed500000, 0x0000000100000000)
  eden space 32768K, 42% used [0x00000000eab00000,0x00000000eb872080,0x00000000ecb00000)
  from space 5120K, 0% used [0x00000000ed000000,0x00000000ed000000,0x00000000ed500000)
  to   space 5120K, 0% used [0x00000000ecb00000,0x00000000ecb00000,0x00000000ed000000)
 ParOldGen       total 86016K, used 0K [0x00000000c0000000, 0x00000000c5400000, 0x00000000eab00000)
  object space 86016K, 0% used [0x00000000c0000000,0x00000000c0000000,0x00000000c5400000)
 Metaspace       used 5388K, capacity 6448K, committed 6528K, reserved 1056768K
  class space    used 569K, capacity 616K, committed 640K, reserved 1048576K

Card table byte_map: [0x0000000011d70000,0x0000000011f80000] byte_map_base: 0x0000000011770000

Marking Bits: (ParMarkBitMap*) 0x0000000071864970
 Begin Bits: [0x00000000124e0000, 0x00000000134e0000)
 End Bits:   [0x00000000134e0000, 0x00000000144e0000)

Polling page: 0x0000000000dd0000

CodeCache: size=245760Kb used=2155Kb max_used=2155Kb free=243604Kb
 bounds [0x00000000029b0000, 0x0000000002c20000, 0x00000000119b0000]
 total_blobs=753 nmethods=491 adapters=176
 compilation: enabled

Compilation events (10 events):
Event: 0.750 Thread 0x000000001507b800  488       4       java.util.HashMap::getNode (148 bytes)
Event: 0.750 Thread 0x0000000015087800  486       4       java.util.ArrayList$Itr::hasNext (20 bytes)
Event: 0.750 Thread 0x0000000015082800 nmethod 494 0x0000000002bc1e90 code [0x0000000002bc20e0, 0x0000000002bc31e8]
Event: 0.750 Thread 0x0000000015082800  497       1       com.android.dx.ssa.SsaBasicBlock::setReachable (6 bytes)
Event: 0.750 Thread 0x0000000015082800 nmethod 497 0x0000000002bc1bd0 code [0x0000000002bc1d20, 0x0000000002bc1e30]
Event: 0.750 Thread 0x0000000015082800  496       3       com.android.dx.ssa.SsaMethod::getDefinitionForRegister (61 bytes)
Event: 0.751 Thread 0x0000000015087800 nmethod 486 0x0000000002bc1990 code [0x0000000002bc1ac0, 0x0000000002bc1b38]
Event: 0.751 Thread 0x0000000015087800  491       4       java.util.ArrayList$Itr::next (66 bytes)
Event: 0.751 Thread 0x0000000015082800 nmethod 496 0x0000000002bc9dd0 code [0x0000000002bc9f80, 0x0000000002bca578]
Event: 0.751 Thread 0x0000000015082800  499       3       com.android.dx.ssa.NormalSsaInsn::hasSideEffect (76 bytes)

GC Heap History (0 events):
No events

Deoptimization events (0 events):
No events

Classes redefined (0 events):
No events

Internal exceptions (2 events):
Event: 0.062 Thread 0x000000000268e000 Exception <a 'java/lang/NoSuchMethodError': Method sun.misc.Unsafe.defineClass(Ljava/lang/String;[BII)Ljava/lang/Class; name or signature does not match> (0x00000000eab07ca8) thrown at [D:\src\AOSP-openjdk-cygwin\jdk8u\hotspot\src\share\vm\prims\jni.cpp, 
Event: 0.062 Thread 0x000000000268e000 Exception <a 'java/lang/NoSuchMethodError': Method sun.misc.Unsafe.prefetchRead(Ljava/lang/Object;J)V name or signature does not match> (0x00000000eab07f90) thrown at [D:\src\AOSP-openjdk-cygwin\jdk8u\hotspot\src\share\vm\prims\jni.cpp, line 4011]

Events (10 events):
Event: 0.737 loading class com/android/dx/dex/file/MethodIdItem
Event: 0.737 loading class com/android/dx/dex/file/MethodIdItem done
Event: 0.738 loading class com/android/dx/cf/code/BytecodeArray$ConstantParserVisitor
Event: 0.738 loading class com/android/dx/cf/code/BytecodeArray$ConstantParserVisitor done
Event: 0.739 loading class com/android/dx/dex/file/MethodAnnotationStruct
Event: 0.739 loading class com/android/dx/dex/file/MethodAnnotationStruct done
Event: 0.747 loading class com/android/dx/ssa/PhiInsn$Operand
Event: 0.747 loading class com/android/dx/ssa/PhiInsn$Operand done
Event: 0.751 loading class com/android/dx/ssa/back/FirstFitLocalCombiningAllocator$Multiset
Event: 0.751 loading class com/android/dx/ssa/back/FirstFitLocalCombiningAllocator$Multiset done


Dynamic libraries:
0x00007ff731310000 - 0x00007ff731341000 	C:\Program Files\Android\android-studio\jre\bin\java.exe
0x00007ffcc0430000 - 0x00007ffcc0611000 	C:\WINDOWS\SYSTEM32\ntdll.dll
0x00007ffcbdc10000 - 0x00007ffcbdcc2000 	C:\WINDOWS\System32\KERNEL32.DLL
0x00007ffcbd450000 - 0x00007ffcbd6c3000 	C:\WINDOWS\System32\KERNELBASE.dll
0x00007ffcbfe70000 - 0x00007ffcbff11000 	C:\WINDOWS\System32\ADVAPI32.dll
0x00007ffcbdf30000 - 0x00007ffcbdfce000 	C:\WINDOWS\System32\msvcrt.dll
0x00007ffcbe420000 - 0x00007ffcbe47b000 	C:\WINDOWS\System32\sechost.dll
0x00007ffcbd8c0000 - 0x00007ffcbd9e4000 	C:\WINDOWS\System32\RPCRT4.dll
0x00007ffcc0210000 - 0x00007ffcc03a0000 	C:\WINDOWS\System32\USER32.dll
0x00007ffcbd3b0000 - 0x00007ffcbd3d0000 	C:\WINDOWS\System32\win32u.dll
0x00007ffcbdd70000 - 0x00007ffcbdd98000 	C:\WINDOWS\System32\GDI32.dll
0x00007ffcbd210000 - 0x00007ffcbd3a2000 	C:\WINDOWS\System32\gdi32full.dll
0x00007ffcbc800000 - 0x00007ffcbc89f000 	C:\WINDOWS\System32\msvcp_win.dll
0x00007ffcbd110000 - 0x00007ffcbd20a000 	C:\WINDOWS\System32\ucrtbase.dll
0x00007ffcae320000 - 0x00007ffcae589000 	C:\WINDOWS\WinSxS\amd64_microsoft.windows.common-controls_6595b64144ccf1df_6.0.17134.228_none_fb4599993062b194\COMCTL32.dll
0x00007ffcbfb40000 - 0x00007ffcbfe63000 	C:\WINDOWS\System32\combase.dll
0x00007ffcbd3d0000 - 0x00007ffcbd44a000 	C:\WINDOWS\System32\bcryptPrimitives.dll
0x00007ffcbda80000 - 0x00007ffcbdaad000 	C:\WINDOWS\System32\IMM32.DLL
0x0000000070ee0000 - 0x0000000070fb2000 	C:\Program Files\Android\android-studio\jre\jre\bin\msvcr100.dll
0x00000000710a0000 - 0x00000000718df000 	C:\Program Files\Android\android-studio\jre\jre\bin\server\jvm.dll
0x00007ffcbde70000 - 0x00007ffcbde78000 	C:\WINDOWS\System32\PSAPI.DLL
0x00007ffcbb340000 - 0x00007ffcbb349000 	C:\WINDOWS\SYSTEM32\WSOCK32.dll
0x00007ffcbf8c0000 - 0x00007ffcbf92c000 	C:\WINDOWS\System32\WS2_32.dll
0x00007ffcb8940000 - 0x00007ffcb8963000 	C:\WINDOWS\SYSTEM32\WINMM.dll
0x00007ffcb7370000 - 0x00007ffcb737a000 	C:\WINDOWS\SYSTEM32\VERSION.dll
0x00007ffcb8910000 - 0x00007ffcb893a000 	C:\WINDOWS\SYSTEM32\WINMMBASE.dll
0x00007ffcbcfb0000 - 0x00007ffcbcff9000 	C:\WINDOWS\System32\cfgmgr32.dll
0x00007ffcb73d0000 - 0x00007ffcb73df000 	C:\Program Files\Android\android-studio\jre\jre\bin\verify.dll
0x00007ffcaae10000 - 0x00007ffcaae39000 	C:\Program Files\Android\android-studio\jre\jre\bin\java.dll
0x00007ffcb7380000 - 0x00007ffcb7396000 	C:\Program Files\Android\android-studio\jre\jre\bin\zip.dll
0x00007ffcbe480000 - 0x00007ffcbf8c0000 	C:\WINDOWS\System32\SHELL32.dll
0x00007ffcbde80000 - 0x00007ffcbdf29000 	C:\WINDOWS\System32\shcore.dll
0x00007ffcbc8a0000 - 0x00007ffcbcfad000 	C:\WINDOWS\System32\windows.storage.dll
0x00007ffcc03a0000 - 0x00007ffcc03f1000 	C:\WINDOWS\System32\shlwapi.dll
0x00007ffcbc7c0000 - 0x00007ffcbc7d1000 	C:\WINDOWS\System32\kernel.appcore.dll
0x00007ffcbc740000 - 0x00007ffcbc75f000 	C:\WINDOWS\System32\profapi.dll
0x00007ffcbc760000 - 0x00007ffcbc7ac000 	C:\WINDOWS\System32\powrprof.dll
0x00007ffcbc7b0000 - 0x00007ffcbc7ba000 	C:\WINDOWS\System32\FLTLIB.DLL

VM Arguments:
jvm_args: -Djava.awt.headless=true -Xmx1024M -Dfile.encoding=windows-1252 -Duser.country=IN -Duser.language=en -Duser.variant 
java_command: com.android.dx.command.Main --dex --num-threads=4 --output C:\Users\yashn\Desktop\s1coeptk app working\Offline\template\app\build\intermediates\pre-dexed\debug\com.android.support-recyclerview-v7-25.0.0_077147c893f413d5be5bcde389b2222d0102fa64.jar C:\Users\yashn\Desktop\s1coeptk app working\Offline\template\app\build\intermediates\exploded-aar\com.android.support\recyclerview-v7\25.0.0\jars\classes.jar
java_class_path (initial): C:\Users\yashn\AppData\Local\Android\Sdk\build-tools\25.0.0\lib\dx.jar
Launcher Type: SUN_STANDARD

Environment Variables:
JAVA_HOME=C:\Program Files\Java\jdk1.8.0_152\bin
PATH=C:\ProgramData\Oracle\Java\javapath;C:\WINDOWS\system32;C:\WINDOWS;C:\WINDOWS\System32\Wbem;C:\WINDOWS\System32\WindowsPowerShell\v1.0\;C:\Program Files\nodejs\;C:\Program Files (x86)\Windows Live\Shared;C:\Program Files (x86)\Heroku\bin;C:\Program Files (x86)\git\cmd;C:\Program Files (x86)\Git\cmd;C:\Program Files (x86)\OpenSSH\bin;C:\WINDOWS\System32\OpenSSH\;C:\Program Files (x86)\QuickTime\QTSystem\;C:\Users\yashn\AppData\Local\Microsoft\WindowsApps;C:\Program Files (x86)\Java\jdk1.8.0_51\bin;C:\Program Files\Heroku\bin;C:\Users\yashn\AppData\Roaming\npm;C:\Users\yashn\AppData\Local\Microsoft\WindowsApps;C:\Users\yashn\AppData\Local\now-cli;C:\Users\yashn\AppData\Local\atom\bin
USERNAME=yashn
OS=Windows_NT
PROCESSOR_IDENTIFIER=Intel64 Family 6 Model 78 Stepping 3, GenuineIntel



---------------  S Y S T E M  ---------------

OS: Windows 10.0 , 64 bit Build 17134 (10.0.17134.1)

CPU:total 4 (initial active 4) (2 cores per cpu, 2 threads per core) family 6 model 78 stepping 3, cmov, cx8, fxsr, mmx, sse, sse2, sse3, ssse3, sse4.1, sse4.2, popcnt, avx, avx2, aes, clmul, erms, 3dnowpref, lzcnt, ht, tsc, tscinvbit, bmi1, bmi2, adx

Memory: 4k page, physical 8242448k(769908k free), swap 10290448k(3084k free)

vm_info: OpenJDK 64-Bit Server VM (25.152-b02) for windows-amd64 JRE (1.8.0_152-release-1024-b02), built by "builder" with MS VC++ 10.0 (VS2010)

time: Wed Aug 15 22:46:00 2018
elapsed time: 0 seconds (0d 0h 0m 0s)

