#
# There is insufficient memory for the Java Runtime Environment to continue.
# Native memory allocation (malloc) failed to allocate 540096 bytes for Chunk::new
# Possible reasons:
#   The system is out of physical RAM or swap space
#   In 32 bit mode, the process size limit was hit
# Possible solutions:
#   Reduce memory load on the system
#   Increase physical memory or swap space
#   Check if swap backing store is full
#   Use 64 bit Java on a 64 bit OS
#   Decrease Java heap size (-Xmx/-Xms)
#   Decrease number of Java threads
#   Decrease Java thread stack sizes (-Xss)
#   Set larger code cache with -XX:ReservedCodeCacheSize=
# This output file may be truncated or incomplete.
#
#  Out of Memory Error (allocation.cpp:390), pid=15872, tid=0x0000000000002a7c
#
# JRE version: OpenJDK Runtime Environment (8.0_152-b02) (build 1.8.0_152-release-1024-b02)
# Java VM: OpenJDK 64-Bit Server VM (25.152-b02 mixed mode windows-amd64 compressed oops)
# Failed to write core dump. Minidumps are not enabled by default on client versions of Windows
#

---------------  T H R E A D  ---------------

Current thread (0x0000000015571000):  JavaThread "C2 CompilerThread1" daemon [_thread_in_native, id=10876, stack(0x0000000016cc0000,0x0000000016dc0000)]

Stack: [0x0000000016cc0000,0x0000000016dc0000]
[error occurred during error reporting (printing stack bounds), id 0xc0000005]

Native frames: (J=compiled Java code, j=interpreted, Vv=VM code, C=native code)


Current CompileTask:
C2:   1202 1325       4       com.android.dx.ssa.SCCP::simulateStmt (481 bytes)


---------------  P R O C E S S  ---------------

Java Threads: ( => current thread )
  0x0000000017183000 JavaThread "pool-1-thread-4" [_thread_in_Java, id=6564, stack(0x00000000180c0000,0x00000000181c0000)]
  0x0000000017118000 JavaThread "pool-1-thread-3" [_thread_in_Java, id=6772, stack(0x0000000017fc0000,0x00000000180c0000)]
  0x0000000017117000 JavaThread "pool-1-thread-2" [_thread_in_Java, id=18880, stack(0x0000000017ec0000,0x0000000017fc0000)]
  0x0000000017109800 JavaThread "pool-2-thread-1" [_thread_blocked, id=17168, stack(0x0000000017dc0000,0x0000000017ec0000)]
  0x000000001725f800 JavaThread "pool-1-thread-1" [_thread_in_Java, id=14564, stack(0x0000000017cc0000,0x0000000017dc0000)]
  0x00000000155ce800 JavaThread "Service Thread" daemon [_thread_blocked, id=12252, stack(0x00000000172c0000,0x00000000173c0000)]
  0x0000000015575000 JavaThread "C1 CompilerThread2" daemon [_thread_blocked, id=18988, stack(0x0000000016dc0000,0x0000000016ec0000)]
=>0x0000000015571000 JavaThread "C2 CompilerThread1" daemon [_thread_in_native, id=10876, stack(0x0000000016cc0000,0x0000000016dc0000)]
  0x000000001556d000 JavaThread "C2 CompilerThread0" daemon [_thread_in_native, id=11336, stack(0x0000000016bc0000,0x0000000016cc0000)]
  0x000000001556c000 JavaThread "Attach Listener" daemon [_thread_blocked, id=1244, stack(0x0000000016ac0000,0x0000000016bc0000)]
  0x000000001556b000 JavaThread "Signal Dispatcher" daemon [_thread_blocked, id=17556, stack(0x00000000169c0000,0x0000000016ac0000)]
  0x0000000002e97000 JavaThread "Finalizer" daemon [_thread_blocked, id=18356, stack(0x00000000167d0000,0x00000000168d0000)]
  0x0000000002e91800 JavaThread "Reference Handler" daemon [_thread_blocked, id=19208, stack(0x00000000166d0000,0x00000000167d0000)]
  0x0000000002d8e000 JavaThread "main" [_thread_in_Java, id=1120, stack(0x0000000002c20000,0x0000000002d20000)]

Other Threads:
  0x0000000015537000 VMThread [stack: 0x00000000165d0000,0x00000000166d0000] [id=13616]
  0x0000000016ee6800 WatcherThread [stack: 0x00000000173c0000,0x00000000174c0000] [id=7928]

VM state:not at safepoint (normal execution)

VM Mutex/Monitor currently owned by a thread: None

Heap:
 PSYoungGen      total 37888K, used 21293K [0x00000000eab00000, 0x00000000ed500000, 0x0000000100000000)
  eden space 32768K, 49% used [0x00000000eab00000,0x00000000ebad3730,0x00000000ecb00000)
  from space 5120K, 99% used [0x00000000ecb00000,0x00000000ecff8058,0x00000000ed000000)
  to   space 5120K, 0% used [0x00000000ed000000,0x00000000ed000000,0x00000000ed500000)
 ParOldGen       total 86016K, used 908K [0x00000000c0000000, 0x00000000c5400000, 0x00000000eab00000)
  object space 86016K, 1% used [0x00000000c0000000,0x00000000c00e33f0,0x00000000c5400000)
 Metaspace       used 6188K, capacity 7024K, committed 7296K, reserved 1056768K
  class space    used 589K, capacity 616K, committed 640K, reserved 1048576K

Card table byte_map: [0x0000000012260000,0x0000000012470000] byte_map_base: 0x0000000011c60000

Marking Bits: (ParMarkBitMap*) 0x0000000071864970
 Begin Bits: [0x00000000129d0000, 0x00000000139d0000)
 End Bits:   [0x00000000139d0000, 0x00000000149d0000)

Polling page: 0x0000000000f80000

CodeCache: size=245760Kb used=5588Kb max_used=5588Kb free=240171Kb
 bounds [0x0000000002ea0000, 0x0000000003420000, 0x0000000011ea0000]
 total_blobs=1649 nmethods=1382 adapters=181
 compilation: enabled

Compilation events (10 events):
Event: 1.182 Thread 0x0000000015575000 1389       3       com.android.dx.cf.iface.StdMember::getName (8 bytes)
Event: 1.182 Thread 0x0000000015575000 nmethod 1389 0x0000000003417450 code [0x00000000034175a0, 0x0000000003417790]
Event: 1.182 Thread 0x0000000015575000 1390       3       com.android.dx.ssa.LiteralOpUpgrader$1::<init> (15 bytes)
Event: 1.183 Thread 0x0000000015575000 nmethod 1390 0x0000000003417850 code [0x00000000034179a0, 0x0000000003417b70]
Event: 1.183 Thread 0x0000000015575000 1383       3       java.util.Collections::unmodifiableCollection (9 bytes)
Event: 1.183 Thread 0x0000000015575000 nmethod 1383 0x0000000003417c10 code [0x0000000003417da0, 0x00000000034180e8]
Event: 1.183 Thread 0x0000000015575000 1378       3       com.android.dx.rop.type.StdTypeList::equalContents (56 bytes)
Event: 1.183 Thread 0x0000000015575000 nmethod 1378 0x0000000003418250 code [0x0000000003418420, 0x0000000003418ce8]
Event: 1.183 Thread 0x0000000015575000 1379       3       com.android.dx.util.LabeledList::removeLabel (10 bytes)
Event: 1.183 Thread 0x0000000015575000 nmethod 1379 0x0000000003418f90 code [0x0000000003419100, 0x0000000003419328]

GC Heap History (2 events):
Event: 1.047 GC heap before
{Heap before GC invocations=1 (full 0):
 PSYoungGen      total 37888K, used 32768K [0x00000000eab00000, 0x00000000ed500000, 0x0000000100000000)
  eden space 32768K, 100% used [0x00000000eab00000,0x00000000ecb00000,0x00000000ecb00000)
  from space 5120K, 0% used [0x00000000ed000000,0x00000000ed000000,0x00000000ed500000)
  to   space 5120K, 0% used [0x00000000ecb00000,0x00000000ecb00000,0x00000000ed000000)
 ParOldGen       total 86016K, used 0K [0x00000000c0000000, 0x00000000c5400000, 0x00000000eab00000)
  object space 86016K, 0% used [0x00000000c0000000,0x00000000c0000000,0x00000000c5400000)
 Metaspace       used 6037K, capacity 6896K, committed 7040K, reserved 1056768K
  class space    used 588K, capacity 616K, committed 640K, reserved 1048576K
Event: 1.055 GC heap after
Heap after GC invocations=1 (full 0):
 PSYoungGen      total 37888K, used 5088K [0x00000000eab00000, 0x00000000ed500000, 0x0000000100000000)
  eden space 32768K, 0% used [0x00000000eab00000,0x00000000eab00000,0x00000000ecb00000)
  from space 5120K, 99% used [0x00000000ecb00000,0x00000000ecff8058,0x00000000ed000000)
  to   space 5120K, 0% used [0x00000000ed000000,0x00000000ed000000,0x00000000ed500000)
 ParOldGen       total 86016K, used 908K [0x00000000c0000000, 0x00000000c5400000, 0x00000000eab00000)
  object space 86016K, 1% used [0x00000000c0000000,0x00000000c00e33f0,0x00000000c5400000)
 Metaspace       used 6037K, capacity 6896K, committed 7040K, reserved 1056768K
  class space    used 588K, capacity 616K, committed 640K, reserved 1048576K
}

Deoptimization events (8 events):
Event: 0.616 Thread 0x0000000017117000 Uncommon trap: reason=unstable_if action=reinterpret pc=0x00000000030a5190 method=java.util.HashMap.getNode(ILjava/lang/Object;)Ljava/util/HashMap$Node; @ 129
Event: 0.750 Thread 0x0000000002d8e000 Uncommon trap: reason=class_check action=maybe_recompile pc=0x0000000003110e10 method=com.android.dx.ssa.NormalSsaInsn.accept(Lcom/android/dx/ssa/SsaInsn$Visitor;)V @ 9
Event: 0.784 Thread 0x000000001725f800 Uncommon trap: reason=class_check action=maybe_recompile pc=0x0000000003110e10 method=com.android.dx.ssa.NormalSsaInsn.accept(Lcom/android/dx/ssa/SsaInsn$Visitor;)V @ 9
Event: 0.784 Thread 0x000000001725f800 Uncommon trap: reason=class_check action=maybe_recompile pc=0x00000000030c06f0 method=com.android.dx.ssa.NormalSsaInsn.accept(Lcom/android/dx/ssa/SsaInsn$Visitor;)V @ 9
Event: 0.784 Thread 0x000000001725f800 Uncommon trap: reason=class_check action=maybe_recompile pc=0x00000000030c06f0 method=com.android.dx.ssa.NormalSsaInsn.accept(Lcom/android/dx/ssa/SsaInsn$Visitor;)V @ 9
Event: 0.793 Thread 0x000000001725f800 Uncommon trap: reason=class_check action=maybe_recompile pc=0x0000000003110e10 method=com.android.dx.ssa.NormalSsaInsn.accept(Lcom/android/dx/ssa/SsaInsn$Visitor;)V @ 9
Event: 1.086 Thread 0x0000000017118000 Uncommon trap: reason=unstable_if action=reinterpret pc=0x00000000031f1800 method=com.android.dx.rop.code.RegisterSpecSet.<init>(I)V @ 2
Event: 1.181 Thread 0x0000000017117000 Uncommon trap: reason=unstable_if action=reinterpret pc=0x000000000329569c method=com.android.dx.ssa.SsaMethod.updateOneDefinition(Lcom/android/dx/ssa/SsaInsn;Lcom/android/dx/rop/code/RegisterSpec;)V @ 4

Classes redefined (0 events):
No events

Internal exceptions (2 events):
Event: 0.046 Thread 0x0000000002d8e000 Exception <a 'java/lang/NoSuchMethodError': Method sun.misc.Unsafe.defineClass(Ljava/lang/String;[BII)Ljava/lang/Class; name or signature does not match> (0x00000000eab07ca8) thrown at [D:\src\AOSP-openjdk-cygwin\jdk8u\hotspot\src\share\vm\prims\jni.cpp, 
Event: 0.046 Thread 0x0000000002d8e000 Exception <a 'java/lang/NoSuchMethodError': Method sun.misc.Unsafe.prefetchRead(Ljava/lang/Object;J)V name or signature does not match> (0x00000000eab07f90) thrown at [D:\src\AOSP-openjdk-cygwin\jdk8u\hotspot\src\share\vm\prims\jni.cpp, line 4011]

Events (10 events):
Event: 1.045 Executing VM operation: ParallelGCFailedAllocation
Event: 1.056 Executing VM operation: ParallelGCFailedAllocation done
Event: 1.086 Thread 0x0000000017118000 Uncommon trap: trap_request=0xffffff65 fr.pc=0x00000000031f1800
Event: 1.086 Thread 0x0000000017118000 DEOPT PACKING pc=0x00000000031f1800 sp=0x00000000180bef50
Event: 1.086 Thread 0x0000000017118000 DEOPT UNPACKING pc=0x0000000002ee557b sp=0x00000000180bee80 mode 2
Event: 1.180 loading class com/android/dx/rop/code/RegOps
Event: 1.180 loading class com/android/dx/rop/code/RegOps done
Event: 1.181 Thread 0x0000000017117000 Uncommon trap: trap_request=0xffffff65 fr.pc=0x000000000329569c
Event: 1.181 Thread 0x0000000017117000 DEOPT PACKING pc=0x000000000329569c sp=0x0000000017fbe8f0
Event: 1.181 Thread 0x0000000017117000 DEOPT UNPACKING pc=0x0000000002ee557b sp=0x0000000017fbe898 mode 2


Dynamic libraries:
0x00007ff731310000 - 0x00007ff731341000 	C:\Program Files\Android\android-studio\jre\bin\java.exe
0x00007ffcc0430000 - 0x00007ffcc0611000 	C:\WINDOWS\SYSTEM32\ntdll.dll
0x00007ffcbdc10000 - 0x00007ffcbdcc2000 	C:\WINDOWS\System32\KERNEL32.DLL
0x00007ffcbd450000 - 0x00007ffcbd6c3000 	C:\WINDOWS\System32\KERNELBASE.dll
0x00007ffcbfe70000 - 0x00007ffcbff11000 	C:\WINDOWS\System32\ADVAPI32.dll
0x00007ffcbdf30000 - 0x00007ffcbdfce000 	C:\WINDOWS\System32\msvcrt.dll
0x00007ffcbe420000 - 0x00007ffcbe47b000 	C:\WINDOWS\System32\sechost.dll
0x00007ffcbd8c0000 - 0x00007ffcbd9e4000 	C:\WINDOWS\System32\RPCRT4.dll
0x00007ffcc0210000 - 0x00007ffcc03a0000 	C:\WINDOWS\System32\USER32.dll
0x00007ffcbd3b0000 - 0x00007ffcbd3d0000 	C:\WINDOWS\System32\win32u.dll
0x00007ffcbdd70000 - 0x00007ffcbdd98000 	C:\WINDOWS\System32\GDI32.dll
0x00007ffcbd210000 - 0x00007ffcbd3a2000 	C:\WINDOWS\System32\gdi32full.dll
0x00007ffcbc800000 - 0x00007ffcbc89f000 	C:\WINDOWS\System32\msvcp_win.dll
0x00007ffcbd110000 - 0x00007ffcbd20a000 	C:\WINDOWS\System32\ucrtbase.dll
0x00007ffcae320000 - 0x00007ffcae589000 	C:\WINDOWS\WinSxS\amd64_microsoft.windows.common-controls_6595b64144ccf1df_6.0.17134.228_none_fb4599993062b194\COMCTL32.dll
0x00007ffcbfb40000 - 0x00007ffcbfe63000 	C:\WINDOWS\System32\combase.dll
0x00007ffcbd3d0000 - 0x00007ffcbd44a000 	C:\WINDOWS\System32\bcryptPrimitives.dll
0x00007ffcbda80000 - 0x00007ffcbdaad000 	C:\WINDOWS\System32\IMM32.DLL
0x0000000070ee0000 - 0x0000000070fb2000 	C:\Program Files\Android\android-studio\jre\jre\bin\msvcr100.dll
0x00000000710a0000 - 0x00000000718df000 	C:\Program Files\Android\android-studio\jre\jre\bin\server\jvm.dll
0x00007ffcbde70000 - 0x00007ffcbde78000 	C:\WINDOWS\System32\PSAPI.DLL
0x00007ffcbb340000 - 0x00007ffcbb349000 	C:\WINDOWS\SYSTEM32\WSOCK32.dll
0x00007ffcbf8c0000 - 0x00007ffcbf92c000 	C:\WINDOWS\System32\WS2_32.dll
0x00007ffcb8940000 - 0x00007ffcb8963000 	C:\WINDOWS\SYSTEM32\WINMM.dll
0x00007ffcb7370000 - 0x00007ffcb737a000 	C:\WINDOWS\SYSTEM32\VERSION.dll
0x00007ffcb8910000 - 0x00007ffcb893a000 	C:\WINDOWS\SYSTEM32\WINMMBASE.dll
0x00007ffcbcfb0000 - 0x00007ffcbcff9000 	C:\WINDOWS\System32\cfgmgr32.dll
0x00007ffcb73d0000 - 0x00007ffcb73df000 	C:\Program Files\Android\android-studio\jre\jre\bin\verify.dll
0x00007ffcaae10000 - 0x00007ffcaae39000 	C:\Program Files\Android\android-studio\jre\jre\bin\java.dll
0x00007ffcb7380000 - 0x00007ffcb7396000 	C:\Program Files\Android\android-studio\jre\jre\bin\zip.dll
0x00007ffcbe480000 - 0x00007ffcbf8c0000 	C:\WINDOWS\System32\SHELL32.dll
0x00007ffcbde80000 - 0x00007ffcbdf29000 	C:\WINDOWS\System32\shcore.dll
0x00007ffcbc8a0000 - 0x00007ffcbcfad000 	C:\WINDOWS\System32\windows.storage.dll
0x00007ffcc03a0000 - 0x00007ffcc03f1000 	C:\WINDOWS\System32\shlwapi.dll
0x00007ffcbc7c0000 - 0x00007ffcbc7d1000 	C:\WINDOWS\System32\kernel.appcore.dll
0x00007ffcbc740000 - 0x00007ffcbc75f000 	C:\WINDOWS\System32\profapi.dll
0x00007ffcbc760000 - 0x00007ffcbc7ac000 	C:\WINDOWS\System32\powrprof.dll
0x00007ffcbc7b0000 - 0x00007ffcbc7ba000 	C:\WINDOWS\System32\FLTLIB.DLL

VM Arguments:
jvm_args: -Djava.awt.headless=true -Xmx1024M -Dfile.encoding=windows-1252 -Duser.country=IN -Duser.language=en -Duser.variant 
java_command: com.android.dx.command.Main --dex --num-threads=4 --output C:\Users\yashn\Desktop\s1coeptk app working\Offline\template\app\build\intermediates\pre-dexed\debug\com.google.android.gms-play-services-ads-lite-9.8.0_dc6435269b9489885e13962fb0619f3e68d05ede.jar C:\Users\yashn\Desktop\s1coeptk app working\Offline\template\app\build\intermediates\exploded-aar\com.google.android.gms\play-services-ads-lite\9.8.0\jars\classes.jar
java_class_path (initial): C:\Users\yashn\AppData\Local\Android\Sdk\build-tools\25.0.0\lib\dx.jar
Launcher Type: SUN_STANDARD

Environment Variables:
JAVA_HOME=C:\Program Files\Java\jdk1.8.0_152\bin
PATH=C:\ProgramData\Oracle\Java\javapath;C:\WINDOWS\system32;C:\WINDOWS;C:\WINDOWS\System32\Wbem;C:\WINDOWS\System32\WindowsPowerShell\v1.0\;C:\Program Files\nodejs\;C:\Program Files (x86)\Windows Live\Shared;C:\Program Files (x86)\Heroku\bin;C:\Program Files (x86)\git\cmd;C:\Program Files (x86)\Git\cmd;C:\Program Files (x86)\OpenSSH\bin;C:\WINDOWS\System32\OpenSSH\;C:\Program Files (x86)\QuickTime\QTSystem\;C:\Users\yashn\AppData\Local\Microsoft\WindowsApps;C:\Program Files (x86)\Java\jdk1.8.0_51\bin;C:\Program Files\Heroku\bin;C:\Users\yashn\AppData\Roaming\npm;C:\Users\yashn\AppData\Local\Microsoft\WindowsApps;C:\Users\yashn\AppData\Local\now-cli;C:\Users\yashn\AppData\Local\atom\bin
USERNAME=yashn
OS=Windows_NT
PROCESSOR_IDENTIFIER=Intel64 Family 6 Model 78 Stepping 3, GenuineIntel



---------------  S Y S T E M  ---------------

OS: Windows 10.0 , 64 bit Build 17134 (10.0.17134.1)

CPU:total 4 (initial active 4) (2 cores per cpu, 2 threads per core) family 6 model 78 stepping 3, cmov, cx8, fxsr, mmx, sse, sse2, sse3, ssse3, sse4.1, sse4.2, popcnt, avx, avx2, aes, clmul, erms, 3dnowpref, lzcnt, ht, tsc, tscinvbit, bmi1, bmi2, adx

Memory: 4k page, physical 8242448k(713832k free), swap 10290448k(5312k free)

vm_info: OpenJDK 64-Bit Server VM (25.152-b02) for windows-amd64 JRE (1.8.0_152-release-1024-b02), built by "builder" with MS VC++ 10.0 (VS2010)

time: Wed Aug 15 22:46:03 2018
elapsed time: 1 seconds (0d 0h 0m 1s)

