#
# There is insufficient memory for the Java Runtime Environment to continue.
# Native memory allocation (malloc) failed to allocate 164976 bytes for Chunk::new
# Possible reasons:
#   The system is out of physical RAM or swap space
#   In 32 bit mode, the process size limit was hit
# Possible solutions:
#   Reduce memory load on the system
#   Increase physical memory or swap space
#   Check if swap backing store is full
#   Use 64 bit Java on a 64 bit OS
#   Decrease Java heap size (-Xmx/-Xms)
#   Decrease number of Java threads
#   Decrease Java thread stack sizes (-Xss)
#   Set larger code cache with -XX:ReservedCodeCacheSize=
# This output file may be truncated or incomplete.
#
#  Out of Memory Error (allocation.cpp:390), pid=18844, tid=0x0000000000004b9c
#
# JRE version: OpenJDK Runtime Environment (8.0_152-b02) (build 1.8.0_152-release-1024-b02)
# Java VM: OpenJDK 64-Bit Server VM (25.152-b02 mixed mode windows-amd64 compressed oops)
# Failed to write core dump. Minidumps are not enabled by default on client versions of Windows
#

---------------  T H R E A D  ---------------

Current thread (0x000000001557d000):  JavaThread "C2 CompilerThread0" daemon [_thread_in_native, id=19356, stack(0x0000000016bc0000,0x0000000016cc0000)]

Stack: [0x0000000016bc0000,0x0000000016cc0000]
[error occurred during error reporting (printing stack bounds), id 0xc0000005]

Native frames: (J=compiled Java code, j=interpreted, Vv=VM code, C=native code)


Current CompileTask:
C2:   2910 1514       4       com.android.dx.ssa.back.FirstFitLocalCombiningAllocator$1::processInsn (169 bytes)


---------------  P R O C E S S  ---------------

Java Threads: ( => current thread )
  0x0000000002eae000 JavaThread "Service Thread" daemon [_thread_blocked, id=660, stack(0x00000000172c0000,0x00000000173c0000)]
  0x0000000015588000 JavaThread "C1 CompilerThread2" daemon [_thread_blocked, id=18936, stack(0x0000000016dc0000,0x0000000016ec0000)]
  0x0000000015581000 JavaThread "C2 CompilerThread1" daemon [_thread_in_native, id=12872, stack(0x0000000016cc0000,0x0000000016dc0000)]
=>0x000000001557d000 JavaThread "C2 CompilerThread0" daemon [_thread_in_native, id=19356, stack(0x0000000016bc0000,0x0000000016cc0000)]
  0x000000001558a800 JavaThread "Attach Listener" daemon [_thread_blocked, id=11256, stack(0x0000000016ac0000,0x0000000016bc0000)]
  0x0000000015589800 JavaThread "Signal Dispatcher" daemon [_thread_blocked, id=4204, stack(0x00000000169c0000,0x0000000016ac0000)]
  0x0000000002ea6800 JavaThread "Finalizer" daemon [_thread_blocked, id=18596, stack(0x00000000167d0000,0x00000000168d0000)]
  0x0000000002ea1800 JavaThread "Reference Handler" daemon [_thread_blocked, id=792, stack(0x00000000166d0000,0x00000000167d0000)]
  0x0000000002cae000 JavaThread "main" [_thread_in_Java, id=12764, stack(0x0000000002b30000,0x0000000002c30000)]

Other Threads:
  0x0000000015546800 VMThread [stack: 0x00000000165d0000,0x00000000166d0000] [id=6440]
  0x0000000016ec1000 WatcherThread [stack: 0x00000000173c0000,0x00000000174c0000] [id=18556]

VM state:not at safepoint (normal execution)

VM Mutex/Monitor currently owned by a thread: None

Heap:
 PSYoungGen      total 70656K, used 40598K [0x00000000eab00000, 0x00000000ef500000, 0x0000000100000000)
  eden space 65536K, 54% used [0x00000000eab00000,0x00000000ecdac1d8,0x00000000eeb00000)
  from space 5120K, 99% used [0x00000000ef000000,0x00000000ef4f96d8,0x00000000ef500000)
  to   space 5120K, 0% used [0x00000000eeb00000,0x00000000eeb00000,0x00000000ef000000)
 ParOldGen       total 86016K, used 14221K [0x00000000c0000000, 0x00000000c5400000, 0x00000000eab00000)
  object space 86016K, 16% used [0x00000000c0000000,0x00000000c0de36b8,0x00000000c5400000)
 Metaspace       used 6282K, capacity 7216K, committed 7296K, reserved 1056768K
  class space    used 584K, capacity 616K, committed 640K, reserved 1048576K

Card table byte_map: [0x0000000012270000,0x0000000012480000] byte_map_base: 0x0000000011c70000

Marking Bits: (ParMarkBitMap*) 0x0000000071864970
 Begin Bits: [0x00000000129e0000, 0x00000000139e0000)
 End Bits:   [0x00000000139e0000, 0x00000000149e0000)

Polling page: 0x0000000000bf0000

CodeCache: size=245760Kb used=6933Kb max_used=6933Kb free=238826Kb
 bounds [0x0000000002eb0000, 0x0000000003580000, 0x0000000011eb0000]
 total_blobs=2015 nmethods=1753 adapters=176
 compilation: enabled

Compilation events (10 events):
Event: 2.873 Thread 0x0000000015588000 1781 %     3       com.android.dx.dex.code.OutputFinisher::addConstants @ 47 (93 bytes)
Event: 2.873 Thread 0x0000000015588000 nmethod 1781% 0x0000000003576190 code [0x00000000035763e0, 0x0000000003577638]
Event: 2.874 Thread 0x0000000015588000 1782       3       com.android.dx.dex.code.OutputFinisher::addConstants (93 bytes)
Event: 2.875 Thread 0x0000000015588000 nmethod 1782 0x0000000003577cd0 code [0x0000000003577f20, 0x00000000035790b8]
Event: 2.875 Thread 0x0000000015588000 1784       3       java.util.HashMap$HashIterator::nextNode (100 bytes)
Event: 2.875 Thread 0x0000000015588000 nmethod 1784 0x0000000003579710 code [0x00000000035798c0, 0x0000000003579d98]
Event: 2.875 Thread 0x0000000015588000 1783       2       com.android.dx.rop.cst.CstString::equals (24 bytes)
Event: 2.875 Thread 0x0000000015588000 nmethod 1783 0x0000000003579fd0 code [0x000000000357a140, 0x000000000357a348]
Event: 2.876 Thread 0x0000000015588000 1785       3       com.android.dx.dex.code.OutputFinisher::getAllConstants (47 bytes)
Event: 2.876 Thread 0x0000000015588000 nmethod 1785 0x000000000357a450 code [0x000000000357a660, 0x000000000357af28]

GC Heap History (8 events):
Event: 1.839 GC heap before
{Heap before GC invocations=1 (full 0):
 PSYoungGen      total 37888K, used 32768K [0x00000000eab00000, 0x00000000ed500000, 0x0000000100000000)
  eden space 32768K, 100% used [0x00000000eab00000,0x00000000ecb00000,0x00000000ecb00000)
  from space 5120K, 0% used [0x00000000ed000000,0x00000000ed000000,0x00000000ed500000)
  to   space 5120K, 0% used [0x00000000ecb00000,0x00000000ecb00000,0x00000000ed000000)
 ParOldGen       total 86016K, used 0K [0x00000000c0000000, 0x00000000c5400000, 0x00000000eab00000)
  object space 86016K, 0% used [0x00000000c0000000,0x00000000c0000000,0x00000000c5400000)
 Metaspace       used 5871K, capacity 6896K, committed 7040K, reserved 1056768K
  class space    used 575K, capacity 616K, committed 640K, reserved 1048576K
Event: 1.847 GC heap after
Heap after GC invocations=1 (full 0):
 PSYoungGen      total 37888K, used 5105K [0x00000000eab00000, 0x00000000ed500000, 0x0000000100000000)
  eden space 32768K, 0% used [0x00000000eab00000,0x00000000eab00000,0x00000000ecb00000)
  from space 5120K, 99% used [0x00000000ecb00000,0x00000000ecffc450,0x00000000ed000000)
  to   space 5120K, 0% used [0x00000000ed000000,0x00000000ed000000,0x00000000ed500000)
 ParOldGen       total 86016K, used 764K [0x00000000c0000000, 0x00000000c5400000, 0x00000000eab00000)
  object space 86016K, 0% used [0x00000000c0000000,0x00000000c00bf298,0x00000000c5400000)
 Metaspace       used 5871K, capacity 6896K, committed 7040K, reserved 1056768K
  class space    used 575K, capacity 616K, committed 640K, reserved 1048576K
}
Event: 2.203 GC heap before
{Heap before GC invocations=2 (full 0):
 PSYoungGen      total 37888K, used 37873K [0x00000000eab00000, 0x00000000ed500000, 0x0000000100000000)
  eden space 32768K, 100% used [0x00000000eab00000,0x00000000ecb00000,0x00000000ecb00000)
  from space 5120K, 99% used [0x00000000ecb00000,0x00000000ecffc450,0x00000000ed000000)
  to   space 5120K, 0% used [0x00000000ed000000,0x00000000ed000000,0x00000000ed500000)
 ParOldGen       total 86016K, used 764K [0x00000000c0000000, 0x00000000c5400000, 0x00000000eab00000)
  object space 86016K, 0% used [0x00000000c0000000,0x00000000c00bf298,0x00000000c5400000)
 Metaspace       used 6081K, capacity 7088K, committed 7296K, reserved 1056768K
  class space    used 579K, capacity 616K, committed 640K, reserved 1048576K
Event: 2.243 GC heap after
Heap after GC invocations=2 (full 0):
 PSYoungGen      total 37888K, used 5096K [0x00000000eab00000, 0x00000000ed500000, 0x0000000100000000)
  eden space 32768K, 0% used [0x00000000eab00000,0x00000000eab00000,0x00000000ecb00000)
  from space 5120K, 99% used [0x00000000ed000000,0x00000000ed4fa020,0x00000000ed500000)
  to   space 5120K, 0% used [0x00000000ecb00000,0x00000000ecb00000,0x00000000ed000000)
 ParOldGen       total 86016K, used 5243K [0x00000000c0000000, 0x00000000c5400000, 0x00000000eab00000)
  object space 86016K, 6% used [0x00000000c0000000,0x00000000c051ef28,0x00000000c5400000)
 Metaspace       used 6081K, capacity 7088K, committed 7296K, reserved 1056768K
  class space    used 579K, capacity 616K, committed 640K, reserved 1048576K
}
Event: 2.453 GC heap before
{Heap before GC invocations=3 (full 0):
 PSYoungGen      total 37888K, used 37864K [0x00000000eab00000, 0x00000000ed500000, 0x0000000100000000)
  eden space 32768K, 100% used [0x00000000eab00000,0x00000000ecb00000,0x00000000ecb00000)
  from space 5120K, 99% used [0x00000000ed000000,0x00000000ed4fa020,0x00000000ed500000)
  to   space 5120K, 0% used [0x00000000ecb00000,0x00000000ecb00000,0x00000000ed000000)
 ParOldGen       total 86016K, used 5243K [0x00000000c0000000, 0x00000000c5400000, 0x00000000eab00000)
  object space 86016K, 6% used [0x00000000c0000000,0x00000000c051ef28,0x00000000c5400000)
 Metaspace       used 6115K, capacity 7088K, committed 7296K, reserved 1056768K
  class space    used 579K, capacity 616K, committed 640K, reserved 1048576K
Event: 2.469 GC heap after
Heap after GC invocations=3 (full 0):
 PSYoungGen      total 37888K, used 5093K [0x00000000eab00000, 0x00000000ef500000, 0x0000000100000000)
  eden space 32768K, 0% used [0x00000000eab00000,0x00000000eab00000,0x00000000ecb00000)
  from space 5120K, 99% used [0x00000000ecb00000,0x00000000ecff96d8,0x00000000ed000000)
  to   space 5120K, 0% used [0x00000000ef000000,0x00000000ef000000,0x00000000ef500000)
 ParOldGen       total 86016K, used 9749K [0x00000000c0000000, 0x00000000c5400000, 0x00000000eab00000)
  object space 86016K, 11% used [0x00000000c0000000,0x00000000c09854d0,0x00000000c5400000)
 Metaspace       used 6115K, capacity 7088K, committed 7296K, reserved 1056768K
  class space    used 579K, capacity 616K, committed 640K, reserved 1048576K
}
Event: 2.648 GC heap before
{Heap before GC invocations=4 (full 0):
 PSYoungGen      total 37888K, used 37861K [0x00000000eab00000, 0x00000000ef500000, 0x0000000100000000)
  eden space 32768K, 100% used [0x00000000eab00000,0x00000000ecb00000,0x00000000ecb00000)
  from space 5120K, 99% used [0x00000000ecb00000,0x00000000ecff96d8,0x00000000ed000000)
  to   space 5120K, 0% used [0x00000000ef000000,0x00000000ef000000,0x00000000ef500000)
 ParOldGen       total 86016K, used 9749K [0x00000000c0000000, 0x00000000c5400000, 0x00000000eab00000)
  object space 86016K, 11% used [0x00000000c0000000,0x00000000c09854d0,0x00000000c5400000)
 Metaspace       used 6173K, capacity 7152K, committed 7296K, reserved 1056768K
  class space    used 579K, capacity 616K, committed 640K, reserved 1048576K
Event: 2.669 GC heap after
Heap after GC invocations=4 (full 0):
 PSYoungGen      total 70656K, used 5093K [0x00000000eab00000, 0x00000000ef500000, 0x0000000100000000)
  eden space 65536K, 0% used [0x00000000eab00000,0x00000000eab00000,0x00000000eeb00000)
  from space 5120K, 99% used [0x00000000ef000000,0x00000000ef4f96d8,0x00000000ef500000)
  to   space 5120K, 0% used [0x00000000eeb00000,0x00000000eeb00000,0x00000000ef000000)
 ParOldGen       total 86016K, used 14221K [0x00000000c0000000, 0x00000000c5400000, 0x00000000eab00000)
  object space 86016K, 16% used [0x00000000c0000000,0x00000000c0de36b8,0x00000000c5400000)
 Metaspace       used 6173K, capacity 7152K, committed 7296K, reserved 1056768K
  class space    used 579K, capacity 616K, committed 640K, reserved 1048576K
}

Deoptimization events (10 events):
Event: 2.281 Thread 0x0000000017176800 Uncommon trap: reason=class_check action=maybe_recompile pc=0x0000000003267494 method=java.util.HashMap.putVal(ILjava/lang/Object;Ljava/lang/Object;ZZ)Ljava/lang/Object; @ 203
Event: 2.281 Thread 0x0000000017176800 Uncommon trap: reason=class_check action=maybe_recompile pc=0x0000000003267494 method=java.util.HashMap.putVal(ILjava/lang/Object;Ljava/lang/Object;ZZ)Ljava/lang/Object; @ 203
Event: 2.282 Thread 0x0000000017129000 Uncommon trap: reason=unstable_if action=reinterpret pc=0x000000000348751c method=com.android.dx.cf.code.ByteCatchList.listFor(I)Lcom/android/dx/cf/code/ByteCatchList; @ 19
Event: 2.530 Thread 0x0000000017168800 Uncommon trap: reason=unstable_if action=reinterpret pc=0x0000000003494d74 method=com.android.dx.ssa.SCCP.simulateStmt(Lcom/android/dx/ssa/SsaInsn;)V @ 59
Event: 2.697 Thread 0x0000000017129000 Uncommon trap: reason=unstable_if action=reinterpret pc=0x000000000333deb4 method=com.android.dx.rop.code.LocalItem.compareHandlesNulls(Lcom/android/dx/rop/cst/CstString;Lcom/android/dx/rop/cst/CstString;)I @ 14
Event: 2.853 Thread 0x0000000002cae000 Uncommon trap: reason=class_check action=maybe_recompile pc=0x000000000333e9d8 method=java.util.Arrays.hashCode([Ljava/lang/Object;)I @ 43
Event: 2.854 Thread 0x0000000002cae000 Uncommon trap: reason=class_check action=maybe_recompile pc=0x000000000333e9d8 method=java.util.Arrays.hashCode([Ljava/lang/Object;)I @ 43
Event: 2.854 Thread 0x0000000002cae000 Uncommon trap: reason=class_check action=maybe_recompile pc=0x000000000333e9d8 method=java.util.Arrays.hashCode([Ljava/lang/Object;)I @ 43
Event: 2.854 Thread 0x0000000002cae000 Uncommon trap: reason=class_check action=maybe_recompile pc=0x000000000333e9d8 method=java.util.Arrays.hashCode([Ljava/lang/Object;)I @ 43
Event: 2.863 Thread 0x0000000002cae000 Uncommon trap: reason=class_check action=maybe_recompile pc=0x000000000333bfdc method=java.util.HashMap.putVal(ILjava/lang/Object;Ljava/lang/Object;ZZ)Ljava/lang/Object; @ 203

Classes redefined (0 events):
No events

Internal exceptions (4 events):
Event: 0.503 Thread 0x0000000002cae000 Exception <a 'java/lang/NoSuchMethodError': Method sun.misc.Unsafe.defineClass(Ljava/lang/String;[BII)Ljava/lang/Class; name or signature does not match> (0x00000000eab07ca8) thrown at [D:\src\AOSP-openjdk-cygwin\jdk8u\hotspot\src\share\vm\prims\jni.cpp, 
Event: 0.503 Thread 0x0000000002cae000 Exception <a 'java/lang/NoSuchMethodError': Method sun.misc.Unsafe.prefetchRead(Ljava/lang/Object;J)V name or signature does not match> (0x00000000eab07f90) thrown at [D:\src\AOSP-openjdk-cygwin\jdk8u\hotspot\src\share\vm\prims\jni.cpp, line 4011]
Event: 1.931 Thread 0x0000000002cae000 Implicit null exception at 0x0000000003344ad6 to 0x000000000334722d
Event: 2.697 Thread 0x0000000017129000 Implicit null exception at 0x000000000333dce5 to 0x000000000333dea1

Events (10 events):
Event: 2.854 Thread 0x0000000002cae000 DEOPT UNPACKING pc=0x0000000002ef557b sp=0x0000000002c2f1a0 mode 2
Event: 2.854 loading class com/android/dx/rop/cst/Zeroes
Event: 2.854 loading class com/android/dx/rop/cst/Zeroes done
Event: 2.862 Thread 0x0000000002cae000 Uncommon trap: trap_request=0xffffffde fr.pc=0x000000000333bfdc
Event: 2.863 Thread 0x0000000002cae000 DEOPT PACKING pc=0x000000000333bfdc sp=0x0000000002c2f380
Event: 2.863 Thread 0x0000000002cae000 DEOPT UNPACKING pc=0x0000000002ef557b sp=0x0000000002c2f2a8 mode 2
Event: 2.876 Thread 0x0000000002cae000 DEOPT PACKING pc=0x0000000003571d17 sp=0x0000000002c2f380
Event: 2.876 Thread 0x0000000002cae000 DEOPT UNPACKING pc=0x0000000002ef75d0 sp=0x0000000002c2f100 mode 0
Event: 2.876 loading class com/android/dx/dex/file/CatchStructs
Event: 2.876 loading class com/android/dx/dex/file/CatchStructs done


Dynamic libraries:
0x00007ff731310000 - 0x00007ff731341000 	C:\Program Files\Android\android-studio\jre\bin\java.exe
0x00007ffcc0430000 - 0x00007ffcc0611000 	C:\WINDOWS\SYSTEM32\ntdll.dll
0x00007ffcbdc10000 - 0x00007ffcbdcc2000 	C:\WINDOWS\System32\KERNEL32.DLL
0x00007ffcbd450000 - 0x00007ffcbd6c3000 	C:\WINDOWS\System32\KERNELBASE.dll
0x00007ffcbfe70000 - 0x00007ffcbff11000 	C:\WINDOWS\System32\ADVAPI32.dll
0x00007ffcbdf30000 - 0x00007ffcbdfce000 	C:\WINDOWS\System32\msvcrt.dll
0x00007ffcbe420000 - 0x00007ffcbe47b000 	C:\WINDOWS\System32\sechost.dll
0x00007ffcbd8c0000 - 0x00007ffcbd9e4000 	C:\WINDOWS\System32\RPCRT4.dll
0x00007ffcc0210000 - 0x00007ffcc03a0000 	C:\WINDOWS\System32\USER32.dll
0x00007ffcbd3b0000 - 0x00007ffcbd3d0000 	C:\WINDOWS\System32\win32u.dll
0x00007ffcbdd70000 - 0x00007ffcbdd98000 	C:\WINDOWS\System32\GDI32.dll
0x00007ffcbd210000 - 0x00007ffcbd3a2000 	C:\WINDOWS\System32\gdi32full.dll
0x00007ffcbc800000 - 0x00007ffcbc89f000 	C:\WINDOWS\System32\msvcp_win.dll
0x00007ffcbd110000 - 0x00007ffcbd20a000 	C:\WINDOWS\System32\ucrtbase.dll
0x00007ffcae320000 - 0x00007ffcae589000 	C:\WINDOWS\WinSxS\amd64_microsoft.windows.common-controls_6595b64144ccf1df_6.0.17134.228_none_fb4599993062b194\COMCTL32.dll
0x00007ffcbfb40000 - 0x00007ffcbfe63000 	C:\WINDOWS\System32\combase.dll
0x00007ffcbd3d0000 - 0x00007ffcbd44a000 	C:\WINDOWS\System32\bcryptPrimitives.dll
0x00007ffcbda80000 - 0x00007ffcbdaad000 	C:\WINDOWS\System32\IMM32.DLL
0x0000000070ee0000 - 0x0000000070fb2000 	C:\Program Files\Android\android-studio\jre\jre\bin\msvcr100.dll
0x00000000710a0000 - 0x00000000718df000 	C:\Program Files\Android\android-studio\jre\jre\bin\server\jvm.dll
0x00007ffcbde70000 - 0x00007ffcbde78000 	C:\WINDOWS\System32\PSAPI.DLL
0x00007ffcbb340000 - 0x00007ffcbb349000 	C:\WINDOWS\SYSTEM32\WSOCK32.dll
0x00007ffcbf8c0000 - 0x00007ffcbf92c000 	C:\WINDOWS\System32\WS2_32.dll
0x00007ffcb8940000 - 0x00007ffcb8963000 	C:\WINDOWS\SYSTEM32\WINMM.dll
0x00007ffcb7370000 - 0x00007ffcb737a000 	C:\WINDOWS\SYSTEM32\VERSION.dll
0x00007ffcb8910000 - 0x00007ffcb893a000 	C:\WINDOWS\SYSTEM32\WINMMBASE.dll
0x00007ffcbcfb0000 - 0x00007ffcbcff9000 	C:\WINDOWS\System32\cfgmgr32.dll
0x00007ffcb73d0000 - 0x00007ffcb73df000 	C:\Program Files\Android\android-studio\jre\jre\bin\verify.dll
0x00007ffcaae10000 - 0x00007ffcaae39000 	C:\Program Files\Android\android-studio\jre\jre\bin\java.dll
0x00007ffcb7380000 - 0x00007ffcb7396000 	C:\Program Files\Android\android-studio\jre\jre\bin\zip.dll
0x00007ffcbe480000 - 0x00007ffcbf8c0000 	C:\WINDOWS\System32\SHELL32.dll
0x00007ffcbde80000 - 0x00007ffcbdf29000 	C:\WINDOWS\System32\shcore.dll
0x00007ffcbc8a0000 - 0x00007ffcbcfad000 	C:\WINDOWS\System32\windows.storage.dll
0x00007ffcc03a0000 - 0x00007ffcc03f1000 	C:\WINDOWS\System32\shlwapi.dll
0x00007ffcbc7c0000 - 0x00007ffcbc7d1000 	C:\WINDOWS\System32\kernel.appcore.dll
0x00007ffcbc740000 - 0x00007ffcbc75f000 	C:\WINDOWS\System32\profapi.dll
0x00007ffcbc760000 - 0x00007ffcbc7ac000 	C:\WINDOWS\System32\powrprof.dll
0x00007ffcbc7b0000 - 0x00007ffcbc7ba000 	C:\WINDOWS\System32\FLTLIB.DLL

VM Arguments:
jvm_args: -Djava.awt.headless=true -Xmx1024M -Dfile.encoding=windows-1252 -Duser.country=IN -Duser.language=en -Duser.variant 
java_command: com.android.dx.command.Main --dex --num-threads=4 --output C:\Users\yashn\Desktop\s1coeptk app working\Offline\template\app\build\intermediates\pre-dexed\debug\com.android.support-design-25.0.0_d6a48b9c642b9d4844978bfae8ca8a7af52ed0bc.jar C:\Users\yashn\Desktop\s1coeptk app working\Offline\template\app\build\intermediates\exploded-aar\com.android.support\design\25.0.0\jars\classes.jar
java_class_path (initial): C:\Users\yashn\AppData\Local\Android\Sdk\build-tools\25.0.0\lib\dx.jar
Launcher Type: SUN_STANDARD

Environment Variables:
JAVA_HOME=C:\Program Files\Java\jdk1.8.0_152\bin
PATH=C:\ProgramData\Oracle\Java\javapath;C:\WINDOWS\system32;C:\WINDOWS;C:\WINDOWS\System32\Wbem;C:\WINDOWS\System32\WindowsPowerShell\v1.0\;C:\Program Files\nodejs\;C:\Program Files (x86)\Windows Live\Shared;C:\Program Files (x86)\Heroku\bin;C:\Program Files (x86)\git\cmd;C:\Program Files (x86)\Git\cmd;C:\Program Files (x86)\OpenSSH\bin;C:\WINDOWS\System32\OpenSSH\;C:\Program Files (x86)\QuickTime\QTSystem\;C:\Users\yashn\AppData\Local\Microsoft\WindowsApps;C:\Program Files (x86)\Java\jdk1.8.0_51\bin;C:\Program Files\Heroku\bin;C:\Users\yashn\AppData\Roaming\npm;C:\Users\yashn\AppData\Local\Microsoft\WindowsApps;C:\Users\yashn\AppData\Local\now-cli;C:\Users\yashn\AppData\Local\atom\bin
USERNAME=yashn
OS=Windows_NT
PROCESSOR_IDENTIFIER=Intel64 Family 6 Model 78 Stepping 3, GenuineIntel



---------------  S Y S T E M  ---------------

OS: Windows 10.0 , 64 bit Build 17134 (10.0.17134.1)

CPU:total 4 (initial active 4) (2 cores per cpu, 2 threads per core) family 6 model 78 stepping 3, cmov, cx8, fxsr, mmx, sse, sse2, sse3, ssse3, sse4.1, sse4.2, popcnt, avx, avx2, aes, clmul, erms, 3dnowpref, lzcnt, ht, tsc, tscinvbit, bmi1, bmi2, adx

Memory: 4k page, physical 8242448k(820440k free), swap 10290448k(5388k free)

vm_info: OpenJDK 64-Bit Server VM (25.152-b02) for windows-amd64 JRE (1.8.0_152-release-1024-b02), built by "builder" with MS VC++ 10.0 (VS2010)

time: Wed Aug 15 22:44:50 2018
elapsed time: 2 seconds (0d 0h 0m 2s)

