#
# There is insufficient memory for the Java Runtime Environment to continue.
# Native memory allocation (malloc) failed to allocate 22536 bytes for AllocateHeap
# Possible reasons:
#   The system is out of physical RAM or swap space
#   In 32 bit mode, the process size limit was hit
# Possible solutions:
#   Reduce memory load on the system
#   Increase physical memory or swap space
#   Check if swap backing store is full
#   Use 64 bit Java on a 64 bit OS
#   Decrease Java heap size (-Xmx/-Xms)
#   Decrease number of Java threads
#   Decrease Java thread stack sizes (-Xss)
#   Set larger code cache with -XX:ReservedCodeCacheSize=
# This output file may be truncated or incomplete.
#
#  Out of Memory Error (memory/allocation.inline.hpp:61), pid=17596, tid=0x0000000000001c50
#
# JRE version: OpenJDK Runtime Environment (8.0_152-b02) (build 1.8.0_152-release-1024-b02)
# Java VM: OpenJDK 64-Bit Server VM (25.152-b02 mixed mode windows-amd64 compressed oops)
# Failed to write core dump. Minidumps are not enabled by default on client versions of Windows
#

---------------  T H R E A D  ---------------

Current thread (0x0000000016e65800):  JavaThread "pool-2-thread-3" [_thread_in_vm, id=7248, stack(0x0000000017600000,0x0000000017700000)]

Stack: [0x0000000017600000,0x0000000017700000]
[error occurred during error reporting (printing stack bounds), id 0xc0000005]

Native frames: (J=compiled Java code, j=interpreted, Vv=VM code, C=native code)

Java frames: (J=compiled Java code, j=interpreted, Vv=VM code)
j  java.util.Collections$UnmodifiableCollection.iterator()Ljava/util/Iterator;+0
j  com.android.dx.dex.file.AnnotationSetItem.<init>(Lcom/android/dx/rop/annotation/Annotations;Lcom/android/dx/dex/file/DexFile;)V+31
j  com.android.dx.dex.file.AnnotationsDirectoryItem.setClassAnnotations(Lcom/android/dx/rop/annotation/Annotations;Lcom/android/dx/dex/file/DexFile;)V+38
j  com.android.dx.dex.file.ClassDefItem.setClassAnnotations(Lcom/android/dx/rop/annotation/Annotations;Lcom/android/dx/dex/file/DexFile;)V+6
j  com.android.dx.dex.cf.CfTranslator.translate0(Lcom/android/dx/cf/direct/DirectClassFile;[BLcom/android/dx/dex/cf/CfOptions;Lcom/android/dx/dex/DexOptions;Lcom/android/dx/dex/file/DexFile;)Lcom/android/dx/dex/file/ClassDefItem;+88
j  com.android.dx.dex.cf.CfTranslator.translate(Lcom/android/dx/cf/direct/DirectClassFile;[BLcom/android/dx/dex/cf/CfOptions;Lcom/android/dx/dex/DexOptions;Lcom/android/dx/dex/file/DexFile;)Lcom/android/dx/dex/file/ClassDefItem;+6
j  com.android.dx.command.dexer.Main.translateClass([BLcom/android/dx/cf/direct/DirectClassFile;)Lcom/android/dx/dex/file/ClassDefItem;+17
j  com.android.dx.command.dexer.Main.access$2700([BLcom/android/dx/cf/direct/DirectClassFile;)Lcom/android/dx/dex/file/ClassDefItem;+2
j  com.android.dx.command.dexer.Main$ClassTranslatorTask.call()Lcom/android/dx/dex/file/ClassDefItem;+8
j  com.android.dx.command.dexer.Main$ClassTranslatorTask.call()Ljava/lang/Object;+1
j  java.util.concurrent.FutureTask.run()V+42
j  java.util.concurrent.ThreadPoolExecutor.runWorker(Ljava/util/concurrent/ThreadPoolExecutor$Worker;)V+95
j  java.util.concurrent.ThreadPoolExecutor$Worker.run()V+5
j  java.lang.Thread.run()V+11
v  ~StubRoutines::call_stub

---------------  P R O C E S S  ---------------

Java Threads: ( => current thread )
  0x0000000016e67000 JavaThread "pool-2-thread-4" [_thread_in_vm, id=19204, stack(0x0000000017700000,0x0000000017800000)]
=>0x0000000016e65800 JavaThread "pool-2-thread-3" [_thread_in_vm, id=7248, stack(0x0000000017600000,0x0000000017700000)]
  0x0000000016e65000 JavaThread "pool-2-thread-2" [_thread_blocked, id=9952, stack(0x0000000017500000,0x0000000017600000)]
  0x0000000016e62000 JavaThread "pool-3-thread-1" [_thread_blocked, id=13616, stack(0x0000000017400000,0x0000000017500000)]
  0x0000000016e61800 JavaThread "pool-2-thread-1" [_thread_in_vm, id=10252, stack(0x0000000017300000,0x0000000017400000)]
  0x0000000016c13800 JavaThread "Service Thread" daemon [_thread_blocked, id=17380, stack(0x0000000017100000,0x0000000017200000)]
  0x0000000016c08800 JavaThread "C1 CompilerThread2" daemon [_thread_in_vm, id=17572, stack(0x0000000017000000,0x0000000017100000)]
  0x000000001538f800 JavaThread "C2 CompilerThread1" daemon [_thread_blocked, id=19108, stack(0x0000000016b00000,0x0000000016c00000)]
  0x000000001538b800 JavaThread "C2 CompilerThread0" daemon [_thread_blocked, id=15404, stack(0x0000000016a00000,0x0000000016b00000)]
  0x000000001538a000 JavaThread "Attach Listener" daemon [_thread_blocked, id=4624, stack(0x0000000016900000,0x0000000016a00000)]
  0x0000000015389000 JavaThread "Signal Dispatcher" daemon [_thread_blocked, id=3704, stack(0x0000000016800000,0x0000000016900000)]
  0x0000000002c86800 JavaThread "Finalizer" daemon [_thread_blocked, id=17812, stack(0x0000000016600000,0x0000000016700000)]
  0x0000000002c81800 JavaThread "Reference Handler" daemon [_thread_blocked, id=15084, stack(0x0000000016500000,0x0000000016600000)]
  0x0000000002b7e000 JavaThread "main" [_thread_blocked, id=19344, stack(0x0000000002a70000,0x0000000002b70000)]

Other Threads:
  0x0000000015355800 VMThread [stack: 0x0000000016400000,0x0000000016500000] [id=2564]
  0x0000000016c0c000 WatcherThread [stack: 0x0000000017200000,0x0000000017300000] [id=1744]

VM state:not at safepoint (normal execution)

VM Mutex/Monitor currently owned by a thread: None

Heap:
 PSYoungGen      total 37888K, used 7210K [0x00000000eab00000, 0x00000000ed500000, 0x0000000100000000)
  eden space 32768K, 22% used [0x00000000eab00000,0x00000000eb20a970,0x00000000ecb00000)
  from space 5120K, 0% used [0x00000000ed000000,0x00000000ed000000,0x00000000ed500000)
  to   space 5120K, 0% used [0x00000000ecb00000,0x00000000ecb00000,0x00000000ed000000)
 ParOldGen       total 86016K, used 0K [0x00000000c0000000, 0x00000000c5400000, 0x00000000eab00000)
  object space 86016K, 0% used [0x00000000c0000000,0x00000000c0000000,0x00000000c5400000)
 Metaspace       used 4205K, capacity 5456K, committed 5760K, reserved 1056768K
  class space    used 463K, capacity 520K, committed 640K, reserved 1048576K

Card table byte_map: [0x0000000012060000,0x0000000012270000] byte_map_base: 0x0000000011a60000

Marking Bits: (ParMarkBitMap*) 0x0000000071864970
 Begin Bits: [0x00000000127d0000, 0x00000000137d0000)
 End Bits:   [0x00000000137d0000, 0x00000000147d0000)

Polling page: 0x0000000002a10000

CodeCache: size=245760Kb used=1589Kb max_used=1589Kb free=244170Kb
 bounds [0x0000000002ca0000, 0x0000000002f10000, 0x0000000011ca0000]
 total_blobs=470 nmethods=216 adapters=168
 compilation: enabled

Compilation events (10 events):
Event: 0.550 Thread 0x0000000016c08800  204       3       java.util.jar.Attributes$Name::hashCode (24 bytes)
Event: 0.551 Thread 0x0000000016c08800 nmethod 204 0x0000000002e25bd0 code [0x0000000002e25d40, 0x0000000002e25f08]
Event: 0.551 Thread 0x0000000016c08800  205       3       java.util.concurrent.ConcurrentHashMap::addCount (292 bytes)
Event: 0.552 Thread 0x0000000016c08800 nmethod 205 0x0000000002e25f90 code [0x0000000002e261a0, 0x0000000002e26ca8]
Event: 0.554 Thread 0x0000000016c08800  206       3       java.util.jar.Attributes::getValue (9 bytes)
Event: 0.554 Thread 0x0000000016c08800 nmethod 206 0x0000000002e27090 code [0x0000000002e27200, 0x0000000002e27568]
Event: 0.554 Thread 0x0000000016c08800  207       3       java.util.jar.Attributes::get (11 bytes)
Event: 0.555 Thread 0x0000000016c08800 nmethod 207 0x0000000002e27690 code [0x0000000002e27800, 0x0000000002e27a28]
Event: 0.568 Thread 0x0000000016c08800  208   !   3       java.util.WeakHashMap::expungeStaleEntries (139 bytes)
Event: 0.569 Thread 0x0000000016c08800 nmethod 208 0x0000000002e27cd0 code [0x0000000002e27ea0, 0x0000000002e289a8]

GC Heap History (0 events):
No events

Deoptimization events (0 events):
No events

Classes redefined (0 events):
No events

Internal exceptions (2 events):
Event: 0.057 Thread 0x0000000002b7e000 Exception <a 'java/lang/NoSuchMethodError': Method sun.misc.Unsafe.defineClass(Ljava/lang/String;[BII)Ljava/lang/Class; name or signature does not match> (0x00000000eab07ca8) thrown at [D:\src\AOSP-openjdk-cygwin\jdk8u\hotspot\src\share\vm\prims\jni.cpp, 
Event: 0.058 Thread 0x0000000002b7e000 Exception <a 'java/lang/NoSuchMethodError': Method sun.misc.Unsafe.prefetchRead(Ljava/lang/Object;J)V name or signature does not match> (0x00000000eab07f90) thrown at [D:\src\AOSP-openjdk-cygwin\jdk8u\hotspot\src\share\vm\prims\jni.cpp, line 4011]

Events (10 events):
Event: 0.569 loading class com/android/dx/rop/cst/CstArray$List
Event: 0.569 loading class com/android/dx/rop/cst/CstArray$List done
Event: 0.569 loading class java/util/TreeMap$ValueIterator
Event: 0.569 loading class java/util/TreeMap$PrivateEntryIterator
Event: 0.569 loading class java/util/TreeMap$PrivateEntryIterator done
Event: 0.569 loading class java/util/TreeMap$ValueIterator done
Event: 0.570 loading class com/android/dx/dex/file/AnnotationItem
Event: 0.570 loading class com/android/dx/dex/file/AnnotationItem done
Event: 0.570 loading class java/util/Collections$UnmodifiableCollection$1
Event: 0.570 loading class java/util/Collections$UnmodifiableCollection$1 done


Dynamic libraries:
0x00007ff731310000 - 0x00007ff731341000 	C:\Program Files\Android\android-studio\jre\bin\java.exe
0x00007ffcc0430000 - 0x00007ffcc0611000 	C:\WINDOWS\SYSTEM32\ntdll.dll
0x00007ffcbdc10000 - 0x00007ffcbdcc2000 	C:\WINDOWS\System32\KERNEL32.DLL
0x00007ffcbd450000 - 0x00007ffcbd6c3000 	C:\WINDOWS\System32\KERNELBASE.dll
0x00007ffcbfe70000 - 0x00007ffcbff11000 	C:\WINDOWS\System32\ADVAPI32.dll
0x00007ffcbdf30000 - 0x00007ffcbdfce000 	C:\WINDOWS\System32\msvcrt.dll
0x00007ffcbe420000 - 0x00007ffcbe47b000 	C:\WINDOWS\System32\sechost.dll
0x00007ffcbd8c0000 - 0x00007ffcbd9e4000 	C:\WINDOWS\System32\RPCRT4.dll
0x00007ffcc0210000 - 0x00007ffcc03a0000 	C:\WINDOWS\System32\USER32.dll
0x00007ffcbd3b0000 - 0x00007ffcbd3d0000 	C:\WINDOWS\System32\win32u.dll
0x00007ffcbdd70000 - 0x00007ffcbdd98000 	C:\WINDOWS\System32\GDI32.dll
0x00007ffcbd210000 - 0x00007ffcbd3a2000 	C:\WINDOWS\System32\gdi32full.dll
0x00007ffcbc800000 - 0x00007ffcbc89f000 	C:\WINDOWS\System32\msvcp_win.dll
0x00007ffcbd110000 - 0x00007ffcbd20a000 	C:\WINDOWS\System32\ucrtbase.dll
0x00007ffcae320000 - 0x00007ffcae589000 	C:\WINDOWS\WinSxS\amd64_microsoft.windows.common-controls_6595b64144ccf1df_6.0.17134.228_none_fb4599993062b194\COMCTL32.dll
0x00007ffcbfb40000 - 0x00007ffcbfe63000 	C:\WINDOWS\System32\combase.dll
0x00007ffcbd3d0000 - 0x00007ffcbd44a000 	C:\WINDOWS\System32\bcryptPrimitives.dll
0x00007ffcbda80000 - 0x00007ffcbdaad000 	C:\WINDOWS\System32\IMM32.DLL
0x0000000070ee0000 - 0x0000000070fb2000 	C:\Program Files\Android\android-studio\jre\jre\bin\msvcr100.dll
0x00000000710a0000 - 0x00000000718df000 	C:\Program Files\Android\android-studio\jre\jre\bin\server\jvm.dll
0x00007ffcbde70000 - 0x00007ffcbde78000 	C:\WINDOWS\System32\PSAPI.DLL
0x00007ffcbb340000 - 0x00007ffcbb349000 	C:\WINDOWS\SYSTEM32\WSOCK32.dll
0x00007ffcbf8c0000 - 0x00007ffcbf92c000 	C:\WINDOWS\System32\WS2_32.dll
0x00007ffcb8940000 - 0x00007ffcb8963000 	C:\WINDOWS\SYSTEM32\WINMM.dll
0x00007ffcb7370000 - 0x00007ffcb737a000 	C:\WINDOWS\SYSTEM32\VERSION.dll
0x00007ffcb8910000 - 0x00007ffcb893a000 	C:\WINDOWS\SYSTEM32\WINMMBASE.dll
0x00007ffcbcfb0000 - 0x00007ffcbcff9000 	C:\WINDOWS\System32\cfgmgr32.dll
0x00007ffcb73d0000 - 0x00007ffcb73df000 	C:\WINDOWS\System32\KERNELBASE.dll
0x00007ffcaae10000 - 0x00007ffcaae39000 	C:\WINDOWS\System32\RPCRT4.dll
0x00007ffcb7380000 - 0x00007ffcb7396000 	C:\WINDOWS\System32\GDI32.dll
0x00007ffcbe480000 - 0x00007ffcbf8c0000 	C:\WINDOWS\System32\msvcp_win.dll
0x00007ffcbde80000 - 0x00007ffcbdf29000 	C:\WINDOWS\WinSxS\amd64_microsoft.windows.common-controls_6595b64144ccf1df_6.0.17134.228_none_fb4599993062b194\COMCTL32.dll
0x00007ffcbc8a0000 - 0x00007ffcbcfad000 	C:\WINDOWS\System32\bcryptPrimitives.dll
0x00007ffcc03a0000 - 0x00007ffcc03f1000 	C:\WINDOWS\System32\shlwapi.dll
0x00007ffcbc7c0000 - 0x00007ffcbc7d1000 	C:\WINDOWS\System32\WS2_32.dll
0x00007ffcbc740000 - 0x00007ffcbc75f000 	C:\WINDOWS\SYSTEM32\WINMM.dll
0x00007ffcbc760000 - 0x00007ffcbc7ac000 	C:\WINDOWS\System32\powrprof.dll
0x00007ffcbc7b0000 - 0x00007ffcbc7ba000 	C:\WINDOWS\System32\FLTLIB.DLL

VM Arguments:
jvm_args: -Djava.awt.headless=true -Xmx1024M -Dfile.encoding=windows-1252 -Duser.country=IN -Duser.language=en -Duser.variant 
java_command: com.android.dx.command.Main --dex --force-jumbo --num-threads=4 --multi-dex --output C:\Users\yashn\Desktop\s1coeptk app working\Offline\template\app\build\intermediates\transforms\dex\debug\folders\1000\10\classes_cc23a8bee3011878fe3f374c3abde788e911327c C:\Users\yashn\.android\build-cache\38b0d351bc71be6c9691001734e0a2ed6c0c8e7c\output\jars\classes.jar
java_class_path (initial): C:\Users\yashn\AppData\Local\Android\Sdk\build-tools\25.0.0\lib\dx.jar
Launcher Type: SUN_STANDARD

Environment Variables:
JAVA_HOME=C:\Program Files\Java\jdk1.8.0_152\bin
PATH=C:\ProgramData\Oracle\Java\javapath;C:\WINDOWS\system32;C:\WINDOWS;C:\WINDOWS\System32\Wbem;C:\WINDOWS\System32\WindowsPowerShell\v1.0\;C:\Program Files\nodejs\;C:\Program Files (x86)\Windows Live\Shared;C:\Program Files (x86)\Heroku\bin;C:\Program Files (x86)\git\cmd;C:\Program Files (x86)\Git\cmd;C:\Program Files (x86)\OpenSSH\bin;C:\WINDOWS\System32\OpenSSH\;C:\Program Files (x86)\QuickTime\QTSystem\;C:\Users\yashn\AppData\Local\Microsoft\WindowsApps;C:\Program Files (x86)\Java\jdk1.8.0_51\bin;C:\Program Files\Heroku\bin;C:\Users\yashn\AppData\Roaming\npm;C:\Users\yashn\AppData\Local\Microsoft\WindowsApps;C:\Users\yashn\AppData\Local\now-cli;C:\Users\yashn\AppData\Local\atom\bin
USERNAME=yashn
OS=Windows_NT
PROCESSOR_IDENTIFIER=Intel64 Family 6 Model 78 Stepping 3, GenuineIntel



---------------  S Y S T E M  ---------------

OS: Windows 10.0 , 64 bit Build 17134 (10.0.17134.1)

CPU:total 4 (initial active 4) (2 cores per cpu, 2 threads per core) family 6 model 78 stepping 3, cmov, cx8, fxsr, mmx, sse, sse2, sse3, ssse3, sse4.1, sse4.2, popcnt, avx, avx2, aes, clmul, erms, 3dnowpref, lzcnt, ht, tsc, tscinvbit, bmi1, bmi2, adx

Memory: 4k page, physical 8242448k(1172352k free), swap 10290448k(2060k free)

vm_info: OpenJDK 64-Bit Server VM (25.152-b02) for windows-amd64 JRE (1.8.0_152-release-1024-b02), built by "builder" with MS VC++ 10.0 (VS2010)

time: Wed Aug 15 22:50:29 2018
elapsed time: 0 seconds (0d 0h 0m 0s)

