#
# There is insufficient memory for the Java Runtime Environment to continue.
# Native memory allocation (malloc) failed to allocate 851216 bytes for Chunk::new
# Possible reasons:
#   The system is out of physical RAM or swap space
#   In 32 bit mode, the process size limit was hit
# Possible solutions:
#   Reduce memory load on the system
#   Increase physical memory or swap space
#   Check if swap backing store is full
#   Use 64 bit Java on a 64 bit OS
#   Decrease Java heap size (-Xmx/-Xms)
#   Decrease number of Java threads
#   Decrease Java thread stack sizes (-Xss)
#   Set larger code cache with -XX:ReservedCodeCacheSize=
# This output file may be truncated or incomplete.
#
#  Out of Memory Error (allocation.cpp:390), pid=5788, tid=0x0000000000004ab8
#
# JRE version: OpenJDK Runtime Environment (8.0_152-b02) (build 1.8.0_152-release-1024-b02)
# Java VM: OpenJDK 64-Bit Server VM (25.152-b02 mixed mode windows-amd64 compressed oops)
# Failed to write core dump. Minidumps are not enabled by default on client versions of Windows
#

---------------  T H R E A D  ---------------

Current thread (0x0000000014c5b800):  JavaThread "C2 CompilerThread0" daemon [_thread_in_native, id=19128, stack(0x00000000162b0000,0x00000000163b0000)]

Stack: [0x00000000162b0000,0x00000000163b0000]
[error occurred during error reporting (printing stack bounds), id 0xc0000005]

Native frames: (J=compiled Java code, j=interpreted, Vv=VM code, C=native code)


Current CompileTask:
C2:   5403 1805       4       com.android.dx.ssa.SCCP::simulateBlock (54 bytes)


---------------  P R O C E S S  ---------------

Java Threads: ( => current thread )
  0x00000000165b1800 JavaThread "Service Thread" daemon [_thread_blocked, id=19372, stack(0x00000000169b0000,0x0000000016ab0000)]
  0x0000000014cb9000 JavaThread "C1 CompilerThread2" daemon [_thread_blocked, id=18580, stack(0x00000000164b0000,0x00000000165b0000)]
  0x0000000014cb5800 JavaThread "C2 CompilerThread1" daemon [_thread_in_native, id=18716, stack(0x00000000163b0000,0x00000000164b0000)]
=>0x0000000014c5b800 JavaThread "C2 CompilerThread0" daemon [_thread_in_native, id=19128, stack(0x00000000162b0000,0x00000000163b0000)]
  0x0000000014c5a000 JavaThread "Attach Listener" daemon [_thread_blocked, id=19180, stack(0x00000000161b0000,0x00000000162b0000)]
  0x0000000014c59000 JavaThread "Signal Dispatcher" daemon [_thread_blocked, id=18692, stack(0x00000000160b0000,0x00000000161b0000)]
  0x0000000002587000 JavaThread "Finalizer" daemon [_thread_blocked, id=13752, stack(0x0000000015ec0000,0x0000000015fc0000)]
  0x0000000002581800 JavaThread "Reference Handler" daemon [_thread_blocked, id=18560, stack(0x0000000015dc0000,0x0000000015ec0000)]
  0x000000000098e000 JavaThread "main" [_thread_in_Java, id=18556, stack(0x0000000002390000,0x0000000002490000)]

Other Threads:
  0x0000000014c26000 VMThread [stack: 0x0000000015cc0000,0x0000000015dc0000] [id=4784]
  0x00000000165b3000 WatcherThread [stack: 0x0000000016ab0000,0x0000000016bb0000] [id=19228]

VM state:not at safepoint (normal execution)

VM Mutex/Monitor currently owned by a thread: None

Heap:
 PSYoungGen      total 144896K, used 19548K [0x00000000eab00000, 0x00000000f4e00000, 0x0000000100000000)
  eden space 129024K, 3% used [0x00000000eab00000,0x00000000eaf852e0,0x00000000f2900000)
  from space 15872K, 94% used [0x00000000f3a80000,0x00000000f4912048,0x00000000f4a00000)
  to   space 17920K, 0% used [0x00000000f2900000,0x00000000f2900000,0x00000000f3a80000)
 ParOldGen       total 86016K, used 24549K [0x00000000c0000000, 0x00000000c5400000, 0x00000000eab00000)
  object space 86016K, 28% used [0x00000000c0000000,0x00000000c17f94b0,0x00000000c5400000)
 Metaspace       used 6753K, capacity 7384K, committed 7680K, reserved 1056768K
  class space    used 622K, capacity 656K, committed 768K, reserved 1048576K

Card table byte_map: [0x0000000011950000,0x0000000011b60000] byte_map_base: 0x0000000011350000

Marking Bits: (ParMarkBitMap*) 0x0000000071864970
 Begin Bits: [0x00000000120c0000, 0x00000000130c0000)
 End Bits:   [0x00000000130c0000, 0x00000000140c0000)

Polling page: 0x0000000000700000

CodeCache: size=245760Kb used=7817Kb max_used=7817Kb free=237942Kb
 bounds [0x0000000002590000, 0x0000000002d40000, 0x0000000011590000]
 total_blobs=2331 nmethods=2063 adapters=181
 compilation: enabled

Compilation events (10 events):
Event: 5.361 Thread 0x0000000014cb9000 2109       1       com.android.dx.dex.code.CodeAddress::getBindsClosely (5 bytes)
Event: 5.361 Thread 0x0000000014cb9000 nmethod 2109 0x0000000002d2f310 code [0x0000000002d2f460, 0x0000000002d2f570]
Event: 5.362 Thread 0x0000000014cb9000 2110       2       com.android.dx.dex.code.CatchHandlerList::compareTo (89 bytes)
Event: 5.363 Thread 0x0000000014cb9000 nmethod 2110 0x0000000002d2ead0 code [0x0000000002d2ec60, 0x0000000002d2efa8]
Event: 5.369 Thread 0x0000000014cb9000 2112       2       com.android.dx.dex.code.CatchHandlerList::catchesAll (30 bytes)
Event: 5.370 Thread 0x0000000014cb9000 nmethod 2112 0x0000000002d2b690 code [0x0000000002d2b800, 0x0000000002d2ba68]
Event: 5.370 Thread 0x0000000014cb9000 2113       2       com.android.dx.util.ByteArrayAnnotatedOutput::writeSleb128 (34 bytes)
Event: 5.370 Thread 0x0000000014cb9000 nmethod 2113 0x0000000002d2b290 code [0x0000000002d2b400, 0x0000000002d2b5d8]
Event: 5.371 Thread 0x0000000014cb9000 2114       3       com.android.dx.dex.code.StdCatchBuilder::build (262 bytes)
Event: 5.375 Thread 0x0000000014cb9000 nmethod 2114 0x0000000002d32610 code [0x0000000002d32b20, 0x0000000002d36408]

GC Heap History (10 events):
Event: 3.256 GC heap before
{Heap before GC invocations=2 (full 0):
 PSYoungGen      total 37888K, used 37875K [0x00000000eab00000, 0x00000000ed500000, 0x0000000100000000)
  eden space 32768K, 100% used [0x00000000eab00000,0x00000000ecb00000,0x00000000ecb00000)
  from space 5120K, 99% used [0x00000000ecb00000,0x00000000ecffcea8,0x00000000ed000000)
  to   space 5120K, 0% used [0x00000000ed000000,0x00000000ed000000,0x00000000ed500000)
 ParOldGen       total 86016K, used 964K [0x00000000c0000000, 0x00000000c5400000, 0x00000000eab00000)
  object space 86016K, 1% used [0x00000000c0000000,0x00000000c00f1158,0x00000000c5400000)
 Metaspace       used 6109K, capacity 6960K, committed 7040K, reserved 1056768K
  class space    used 585K, capacity 616K, committed 640K, reserved 1048576K
Event: 3.295 GC heap after
Heap after GC invocations=2 (full 0):
 PSYoungGen      total 37888K, used 5114K [0x00000000eab00000, 0x00000000ef500000, 0x0000000100000000)
  eden space 32768K, 0% used [0x00000000eab00000,0x00000000eab00000,0x00000000ecb00000)
  from space 5120K, 99% used [0x00000000ed000000,0x00000000ed4feaa8,0x00000000ed500000)
  to   space 5120K, 0% used [0x00000000ecb00000,0x00000000ecb00000,0x00000000ed000000)
 ParOldGen       total 86016K, used 4514K [0x00000000c0000000, 0x00000000c5400000, 0x00000000eab00000)
  object space 86016K, 5% used [0x00000000c0000000,0x00000000c0468bd8,0x00000000c5400000)
 Metaspace       used 6109K, capacity 6960K, committed 7040K, reserved 1056768K
  class space    used 585K, capacity 616K, committed 640K, reserved 1048576K
}
Event: 3.436 GC heap before
{Heap before GC invocations=3 (full 0):
 PSYoungGen      total 37888K, used 37882K [0x00000000eab00000, 0x00000000ef500000, 0x0000000100000000)
  eden space 32768K, 100% used [0x00000000eab00000,0x00000000ecb00000,0x00000000ecb00000)
  from space 5120K, 99% used [0x00000000ed000000,0x00000000ed4feaa8,0x00000000ed500000)
  to   space 5120K, 0% used [0x00000000ecb00000,0x00000000ecb00000,0x00000000ed000000)
 ParOldGen       total 86016K, used 4514K [0x00000000c0000000, 0x00000000c5400000, 0x00000000eab00000)
  object space 86016K, 5% used [0x00000000c0000000,0x00000000c0468bd8,0x00000000c5400000)
 Metaspace       used 6199K, capacity 7024K, committed 7296K, reserved 1056768K
  class space    used 585K, capacity 616K, committed 640K, reserved 1048576K
Event: 3.453 GC heap after
Heap after GC invocations=3 (full 0):
 PSYoungGen      total 37888K, used 5088K [0x00000000eab00000, 0x00000000ef500000, 0x0000000100000000)
  eden space 32768K, 0% used [0x00000000eab00000,0x00000000eab00000,0x00000000ecb00000)
  from space 5120K, 99% used [0x00000000ecb00000,0x00000000ecff8028,0x00000000ed000000)
  to   space 5120K, 0% used [0x00000000ef000000,0x00000000ef000000,0x00000000ef500000)
 ParOldGen       total 86016K, used 9166K [0x00000000c0000000, 0x00000000c5400000, 0x00000000eab00000)
  object space 86016K, 10% used [0x00000000c0000000,0x00000000c08f3bb0,0x00000000c5400000)
 Metaspace       used 6199K, capacity 7024K, committed 7296K, reserved 1056768K
  class space    used 585K, capacity 616K, committed 640K, reserved 1048576K
}
Event: 3.596 GC heap before
{Heap before GC invocations=4 (full 0):
 PSYoungGen      total 37888K, used 37856K [0x00000000eab00000, 0x00000000ef500000, 0x0000000100000000)
  eden space 32768K, 100% used [0x00000000eab00000,0x00000000ecb00000,0x00000000ecb00000)
  from space 5120K, 99% used [0x00000000ecb00000,0x00000000ecff8028,0x00000000ed000000)
  to   space 5120K, 0% used [0x00000000ef000000,0x00000000ef000000,0x00000000ef500000)
 ParOldGen       total 86016K, used 9166K [0x00000000c0000000, 0x00000000c5400000, 0x00000000eab00000)
  object space 86016K, 10% used [0x00000000c0000000,0x00000000c08f3bb0,0x00000000c5400000)
 Metaspace       used 6262K, capacity 7088K, committed 7296K, reserved 1056768K
  class space    used 585K, capacity 616K, committed 640K, reserved 1048576K
Event: 3.621 GC heap after
Heap after GC invocations=4 (full 0):
 PSYoungGen      total 70656K, used 5106K [0x00000000eab00000, 0x00000000ef500000, 0x0000000100000000)
  eden space 65536K, 0% used [0x00000000eab00000,0x00000000eab00000,0x00000000eeb00000)
  from space 5120K, 99% used [0x00000000ef000000,0x00000000ef4fcaf8,0x00000000ef500000)
  to   space 5120K, 0% used [0x00000000eeb00000,0x00000000eeb00000,0x00000000ef000000)
 ParOldGen       total 86016K, used 14865K [0x00000000c0000000, 0x00000000c5400000, 0x00000000eab00000)
  object space 86016K, 17% used [0x00000000c0000000,0x00000000c0e84788,0x00000000c5400000)
 Metaspace       used 6262K, capacity 7088K, committed 7296K, reserved 1056768K
  class space    used 585K, capacity 616K, committed 640K, reserved 1048576K
}
Event: 3.957 GC heap before
{Heap before GC invocations=5 (full 0):
 PSYoungGen      total 70656K, used 70642K [0x00000000eab00000, 0x00000000ef500000, 0x0000000100000000)
  eden space 65536K, 100% used [0x00000000eab00000,0x00000000eeb00000,0x00000000eeb00000)
  from space 5120K, 99% used [0x00000000ef000000,0x00000000ef4fcaf8,0x00000000ef500000)
  to   space 5120K, 0% used [0x00000000eeb00000,0x00000000eeb00000,0x00000000ef000000)
 ParOldGen       total 86016K, used 14865K [0x00000000c0000000, 0x00000000c5400000, 0x00000000eab00000)
  object space 86016K, 17% used [0x00000000c0000000,0x00000000c0e84788,0x00000000c5400000)
 Metaspace       used 6439K, capacity 7192K, committed 7424K, reserved 1056768K
  class space    used 608K, capacity 656K, committed 768K, reserved 1048576K
Event: 4.024 GC heap after
Heap after GC invocations=5 (full 0):
 PSYoungGen      total 70656K, used 5088K [0x00000000eab00000, 0x00000000f4a00000, 0x0000000100000000)
  eden space 65536K, 0% used [0x00000000eab00000,0x00000000eab00000,0x00000000eeb00000)
  from space 5120K, 99% used [0x00000000eeb00000,0x00000000eeff8018,0x00000000ef000000)
  to   space 15872K, 0% used [0x00000000f3a80000,0x00000000f3a80000,0x00000000f4a00000)
 ParOldGen       total 86016K, used 24541K [0x00000000c0000000, 0x00000000c5400000, 0x00000000eab00000)
  object space 86016K, 28% used [0x00000000c0000000,0x00000000c17f74b0,0x00000000c5400000)
 Metaspace       used 6439K, capacity 7192K, committed 7424K, reserved 1056768K
  class space    used 608K, capacity 656K, committed 768K, reserved 1048576K
}
Event: 4.831 GC heap before
{Heap before GC invocations=6 (full 0):
 PSYoungGen      total 70656K, used 70624K [0x00000000eab00000, 0x00000000f4a00000, 0x0000000100000000)
  eden space 65536K, 100% used [0x00000000eab00000,0x00000000eeb00000,0x00000000eeb00000)
  from space 5120K, 99% used [0x00000000eeb00000,0x00000000eeff8018,0x00000000ef000000)
  to   space 15872K, 0% used [0x00000000f3a80000,0x00000000f3a80000,0x00000000f4a00000)
 ParOldGen       total 86016K, used 24541K [0x00000000c0000000, 0x00000000c5400000, 0x00000000eab00000)
  object space 86016K, 28% used [0x00000000c0000000,0x00000000c17f74b0,0x00000000c5400000)
 Metaspace       used 6620K, capacity 7256K, committed 7424K, reserved 1056768K
  class space    used 618K, capacity 656K, committed 768K, reserved 1048576K
Event: 4.898 GC heap after
Heap after GC invocations=6 (full 0):
 PSYoungGen      total 144896K, used 14920K [0x00000000eab00000, 0x00000000f4e00000, 0x0000000100000000)
  eden space 129024K, 0% used [0x00000000eab00000,0x00000000eab00000,0x00000000f2900000)
  from space 15872K, 94% used [0x00000000f3a80000,0x00000000f4912048,0x00000000f4a00000)
  to   space 17920K, 0% used [0x00000000f2900000,0x00000000f2900000,0x00000000f3a80000)
 ParOldGen       total 86016K, used 24549K [0x00000000c0000000, 0x00000000c5400000, 0x00000000eab00000)
  object space 86016K, 28% used [0x00000000c0000000,0x00000000c17f94b0,0x00000000c5400000)
 Metaspace       used 6620K, capacity 7256K, committed 7424K, reserved 1056768K
  class space    used 618K, capacity 656K, committed 768K, reserved 1048576K
}

Deoptimization events (10 events):
Event: 4.647 Thread 0x000000000098e000 Uncommon trap: reason=class_check action=maybe_recompile pc=0x0000000002a61fc8 method=java.util.Arrays.hashCode([Ljava/lang/Object;)I @ 43
Event: 4.647 Thread 0x000000000098e000 Uncommon trap: reason=class_check action=maybe_recompile pc=0x0000000002a19a74 method=java.util.Arrays.hashCode([Ljava/lang/Object;)I @ 43
Event: 4.988 Thread 0x000000000098e000 Uncommon trap: reason=speculate_class_check action=maybe_recompile pc=0x00000000028ee168 method=com.android.dx.util.FixedSizeList.equals(Ljava/lang/Object;)Z @ 25
Event: 4.988 Thread 0x000000000098e000 Uncommon trap: reason=class_check action=maybe_recompile pc=0x000000000291031c method=java.util.Arrays.equals([Ljava/lang/Object;[Ljava/lang/Object;)Z @ 62
Event: 4.988 Thread 0x000000000098e000 Uncommon trap: reason=speculate_class_check action=maybe_recompile pc=0x00000000028ee168 method=com.android.dx.util.FixedSizeList.equals(Ljava/lang/Object;)Z @ 25
Event: 4.988 Thread 0x000000000098e000 Uncommon trap: reason=class_check action=maybe_recompile pc=0x000000000291031c method=java.util.Arrays.equals([Ljava/lang/Object;[Ljava/lang/Object;)Z @ 62
Event: 4.988 Thread 0x000000000098e000 Uncommon trap: reason=speculate_class_check action=maybe_recompile pc=0x00000000028ee168 method=com.android.dx.util.FixedSizeList.equals(Ljava/lang/Object;)Z @ 25
Event: 4.988 Thread 0x000000000098e000 Uncommon trap: reason=unstable_if action=reinterpret pc=0x00000000029102f4 method=java.util.Arrays.equals([Ljava/lang/Object;[Ljava/lang/Object;)Z @ 23
Event: 4.989 Thread 0x000000000098e000 Uncommon trap: reason=speculate_class_check action=maybe_recompile pc=0x00000000028ee168 method=com.android.dx.util.FixedSizeList.equals(Ljava/lang/Object;)Z @ 25
Event: 5.173 Thread 0x000000000098e000 Uncommon trap: reason=unstable_if action=reinterpret pc=0x0000000002bf47c0 method=com.android.dx.rop.code.RegisterSpecSet.equals(Ljava/lang/Object;)Z @ 30

Classes redefined (0 events):
No events

Internal exceptions (5 events):
Event: 0.119 Thread 0x000000000098e000 Exception <a 'java/lang/NoSuchMethodError': Method sun.misc.Unsafe.defineClass(Ljava/lang/String;[BII)Ljava/lang/Class; name or signature does not match> (0x00000000eab07ca8) thrown at [D:\src\AOSP-openjdk-cygwin\jdk8u\hotspot\src\share\vm\prims\jni.cpp, 
Event: 0.119 Thread 0x000000000098e000 Exception <a 'java/lang/NoSuchMethodError': Method sun.misc.Unsafe.prefetchRead(Ljava/lang/Object;J)V name or signature does not match> (0x00000000eab07f90) thrown at [D:\src\AOSP-openjdk-cygwin\jdk8u\hotspot\src\share\vm\prims\jni.cpp, line 4011]
Event: 3.644 Thread 0x000000001690c000 Exception <a 'java/lang/ArrayIndexOutOfBoundsException': 18> (0x00000000eb05f0e8) thrown at [D:\src\AOSP-openjdk-cygwin\jdk8u\hotspot\src\share\vm\interpreter\interpreterRuntime.cpp, line 366]
Event: 3.645 Thread 0x000000001690c000 Exception <a 'java/lang/ArrayIndexOutOfBoundsException'> (0x00000000eb060c68) thrown at [D:\src\AOSP-openjdk-cygwin\jdk8u\hotspot\src\share\vm\runtime\sharedRuntime.cpp, line 605]
Event: 3.645 Thread 0x000000001690c000 Exception <a 'java/lang/ArrayIndexOutOfBoundsException'> (0x00000000eb061f50) thrown at [D:\src\AOSP-openjdk-cygwin\jdk8u\hotspot\src\share\vm\runtime\sharedRuntime.cpp, line 605]

Events (10 events):
Event: 5.223 Thread 0x000000000098e000 DEOPT PACKING pc=0x0000000002cbb04f sp=0x000000000248ed30
Event: 5.223 Thread 0x000000000098e000 DEOPT UNPACKING pc=0x00000000025d75d0 sp=0x000000000248eaf8 mode 0
Event: 5.225 Thread 0x000000000098e000 DEOPT PACKING pc=0x0000000002cbc610 sp=0x000000000248edc0
Event: 5.225 Thread 0x000000000098e000 DEOPT UNPACKING pc=0x00000000025d75d0 sp=0x000000000248eb20 mode 0
Event: 5.249 Thread 0x000000000098e000 DEOPT PACKING pc=0x0000000002cc106d sp=0x000000000248ed50
Event: 5.249 Thread 0x000000000098e000 DEOPT UNPACKING pc=0x00000000025d75d0 sp=0x000000000248ea80 mode 0
Event: 5.354 loading class com/android/dx/rop/code/RegisterSpecList$Expander
Event: 5.354 loading class com/android/dx/rop/code/RegisterSpecList$Expander done
Event: 5.375 Thread 0x000000000098e000 DEOPT PACKING pc=0x0000000002ccfd49 sp=0x000000000248ece0
Event: 5.375 Thread 0x000000000098e000 DEOPT UNPACKING pc=0x00000000025d75d0 sp=0x000000000248eae8 mode 0


Dynamic libraries:
0x00007ff731310000 - 0x00007ff731341000 	C:\Program Files\Android\android-studio\jre\bin\java.exe
0x00007ffcc0430000 - 0x00007ffcc0611000 	C:\WINDOWS\SYSTEM32\ntdll.dll
0x00007ffcbdc10000 - 0x00007ffcbdcc2000 	C:\WINDOWS\System32\KERNEL32.DLL
0x00007ffcbd450000 - 0x00007ffcbd6c3000 	C:\WINDOWS\System32\KERNELBASE.dll
0x00007ffcbfe70000 - 0x00007ffcbff11000 	C:\WINDOWS\System32\ADVAPI32.dll
0x00007ffcbdf30000 - 0x00007ffcbdfce000 	C:\WINDOWS\System32\msvcrt.dll
0x00007ffcbe420000 - 0x00007ffcbe47b000 	C:\WINDOWS\System32\sechost.dll
0x00007ffcbd8c0000 - 0x00007ffcbd9e4000 	C:\WINDOWS\System32\RPCRT4.dll
0x00007ffcc0210000 - 0x00007ffcc03a0000 	C:\WINDOWS\System32\USER32.dll
0x00007ffcbd3b0000 - 0x00007ffcbd3d0000 	C:\WINDOWS\System32\win32u.dll
0x00007ffcbdd70000 - 0x00007ffcbdd98000 	C:\WINDOWS\System32\GDI32.dll
0x00007ffcbd210000 - 0x00007ffcbd3a2000 	C:\WINDOWS\System32\gdi32full.dll
0x00007ffcbc800000 - 0x00007ffcbc89f000 	C:\WINDOWS\System32\msvcp_win.dll
0x00007ffcbd110000 - 0x00007ffcbd20a000 	C:\WINDOWS\System32\ucrtbase.dll
0x00007ffcae320000 - 0x00007ffcae589000 	C:\WINDOWS\WinSxS\amd64_microsoft.windows.common-controls_6595b64144ccf1df_6.0.17134.228_none_fb4599993062b194\COMCTL32.dll
0x00007ffcbfb40000 - 0x00007ffcbfe63000 	C:\WINDOWS\System32\combase.dll
0x00007ffcbd3d0000 - 0x00007ffcbd44a000 	C:\WINDOWS\System32\bcryptPrimitives.dll
0x00007ffcbda80000 - 0x00007ffcbdaad000 	C:\WINDOWS\System32\IMM32.DLL
0x0000000070ee0000 - 0x0000000070fb2000 	C:\Program Files\Android\android-studio\jre\jre\bin\msvcr100.dll
0x00000000710a0000 - 0x00000000718df000 	C:\Program Files\Android\android-studio\jre\jre\bin\server\jvm.dll
0x00007ffcbde70000 - 0x00007ffcbde78000 	C:\WINDOWS\System32\PSAPI.DLL
0x00007ffcbb340000 - 0x00007ffcbb349000 	C:\WINDOWS\SYSTEM32\WSOCK32.dll
0x00007ffcbf8c0000 - 0x00007ffcbf92c000 	C:\WINDOWS\System32\WS2_32.dll
0x00007ffcb8940000 - 0x00007ffcb8963000 	C:\WINDOWS\SYSTEM32\WINMM.dll
0x00007ffcb7370000 - 0x00007ffcb737a000 	C:\WINDOWS\SYSTEM32\VERSION.dll
0x00007ffcb8910000 - 0x00007ffcb893a000 	C:\WINDOWS\SYSTEM32\winmmbase.dll
0x00007ffcbcfb0000 - 0x00007ffcbcff9000 	C:\WINDOWS\System32\cfgmgr32.dll
0x00007ffcb73d0000 - 0x00007ffcb73df000 	C:\Program Files\Android\android-studio\jre\jre\bin\verify.dll
0x00007ffcaae10000 - 0x00007ffcaae39000 	C:\Program Files\Android\android-studio\jre\jre\bin\java.dll
0x00007ffcb7380000 - 0x00007ffcb7396000 	C:\Program Files\Android\android-studio\jre\jre\bin\zip.dll
0x00007ffcbe480000 - 0x00007ffcbf8c0000 	C:\WINDOWS\System32\SHELL32.dll
0x00007ffcbde80000 - 0x00007ffcbdf29000 	C:\WINDOWS\System32\shcore.dll
0x00007ffcbc8a0000 - 0x00007ffcbcfad000 	C:\WINDOWS\System32\windows.storage.dll
0x00007ffcc03a0000 - 0x00007ffcc03f1000 	C:\WINDOWS\System32\shlwapi.dll
0x00007ffcbc7c0000 - 0x00007ffcbc7d1000 	C:\WINDOWS\System32\kernel.appcore.dll
0x00007ffcbc740000 - 0x00007ffcbc75f000 	C:\WINDOWS\System32\profapi.dll
0x00007ffcbc760000 - 0x00007ffcbc7ac000 	C:\WINDOWS\System32\powrprof.dll
0x00007ffcbc7b0000 - 0x00007ffcbc7ba000 	C:\WINDOWS\System32\FLTLIB.DLL

VM Arguments:
jvm_args: -Djava.awt.headless=true -Xmx1024M -Dfile.encoding=windows-1252 -Duser.country=IN -Duser.language=en -Duser.variant 
java_command: com.android.dx.command.Main --dex --num-threads=4 --output C:\Users\yashn\Desktop\s1coeptk app working\Offline\template\app\build\intermediates\pre-dexed\debug\com.google.android.gms-play-services-analytics-impl-9.8.0_c612d8e5f2a092dd9084f5e6ac08a9a89b9837fb.jar C:\Users\yashn\Desktop\s1coeptk app working\Offline\template\app\build\intermediates\exploded-aar\com.google.android.gms\play-services-analytics-impl\9.8.0\jars\classes.jar
java_class_path (initial): C:\Users\yashn\AppData\Local\Android\Sdk\build-tools\25.0.0\lib\dx.jar
Launcher Type: SUN_STANDARD

Environment Variables:
JAVA_HOME=C:\Program Files\Java\jdk1.8.0_152\bin
PATH=C:\ProgramData\Oracle\Java\javapath;C:\WINDOWS\system32;C:\WINDOWS;C:\WINDOWS\System32\Wbem;C:\WINDOWS\System32\WindowsPowerShell\v1.0\;C:\Program Files\nodejs\;C:\Program Files (x86)\Windows Live\Shared;C:\Program Files (x86)\Heroku\bin;C:\Program Files (x86)\git\cmd;C:\Program Files (x86)\Git\cmd;C:\Program Files (x86)\OpenSSH\bin;C:\WINDOWS\System32\OpenSSH\;C:\Program Files (x86)\QuickTime\QTSystem\;C:\Users\yashn\AppData\Local\Microsoft\WindowsApps;C:\Program Files (x86)\Java\jdk1.8.0_51\bin;C:\Program Files\Heroku\bin;C:\Users\yashn\AppData\Roaming\npm;C:\Users\yashn\AppData\Local\Microsoft\WindowsApps;C:\Users\yashn\AppData\Local\now-cli;C:\Users\yashn\AppData\Local\atom\bin
USERNAME=yashn
OS=Windows_NT
PROCESSOR_IDENTIFIER=Intel64 Family 6 Model 78 Stepping 3, GenuineIntel



---------------  S Y S T E M  ---------------

OS: Windows 10.0 , 64 bit Build 17134 (10.0.17134.1)

CPU:total 4 (initial active 4) (2 cores per cpu, 2 threads per core) family 6 model 78 stepping 3, cmov, cx8, fxsr, mmx, sse, sse2, sse3, ssse3, sse4.1, sse4.2, popcnt, avx, avx2, aes, clmul, erms, 3dnowpref, lzcnt, ht, tsc, tscinvbit, bmi1, bmi2, adx

Memory: 4k page, physical 8242448k(815416k free), swap 10290448k(2028k free)

vm_info: OpenJDK 64-Bit Server VM (25.152-b02) for windows-amd64 JRE (1.8.0_152-release-1024-b02), built by "builder" with MS VC++ 10.0 (VS2010)

time: Wed Aug 15 22:44:39 2018
elapsed time: 5 seconds (0d 0h 0m 5s)

