#
# A fatal error has been detected by the Java Runtime Environment:
#
#  EXCEPTION_STACK_OVERFLOW (0xc00000fd) at pc=0x000000007128ca27, pid=7012, tid=0x0000000000004a50
#
# JRE version: OpenJDK Runtime Environment (8.0_152-b02) (build 1.8.0_152-release-1024-b02)
# Java VM: OpenJDK 64-Bit Server VM (25.152-b02 mixed mode windows-amd64 compressed oops)
# Problematic frame:
# V  [jvm.dll+0x1eca27]
#
# Failed to write core dump. Minidumps are not enabled by default on client versions of Windows
#
# If you would like to submit a bug report, please visit:
#   http://bugreport.java.com/bugreport/crash.jsp
#

---------------  T H R E A D  ---------------

Current thread (0x0000000016c6b000):  JavaThread "pool-2-thread-3" [_thread_in_vm, id=19024, stack(0x0000000017610000,0x0000000017710000)]

siginfo: ExceptionCode=0xc00000fd, ExceptionInformation=0x0000000000000001 0x000000001770c010 

Registers:
RAX=0x000000001770c010, RBX=0x0000000000000004, RCX=0x0000000000003000, RDX=0x0000000000000006
RSP=0x000000001770f010, RBP=0x0000000000000000, RSI=0x000000001770f010, RDI=0x0000000000000004
R8 =0x0000000000000006, R9 =0x0000000016beaaa0, R10=0x000000001484d9a0, R11=0x000000001761a148
R12=0x0000000016beaaa0, R13=0x0000000016c6b000, R14=0x000000001770f0d8, R15=0x000000001484d9a0
RIP=0x000000007128ca27, EFLAGS=0x0000000000010202

Top of Stack: (sp=0x000000001770f010)
0x000000001770f010:   0000151d3c00c8d9 0000000070f34e7e
0x000000001770f020:   0000000016c6b000 0000000016beaaa0
0x000000001770f030:   00000000ffffffff 000000007128d957
0x000000001770f040:   000000001770f140 000000001484d9a0
0x000000001770f050:   0000000016c6b000 000000007113b6a3
0x000000001770f060:   000000001770f0a0 0000000016c6b000
0x000000001770f070:   000000001770f130 0000000016c6b000
0x000000001770f080:   000000001484d9a0 0000000016c6b000
0x000000001770f090:   0000000002b03920 0000000016c6b000
0x000000001770f0a0:   000000001484d9a0 0000000016c6b000
0x000000001770f0b0:   000000001484d9a0 0000000016c6b000
0x000000001770f0c0:   0000000000000001 000000001484d9a0
0x000000001770f0d0:   0000000016c6b000 0000000016a10cd0
0x000000001770f0e0:   0000000016c6b000 000000007113cd4d
0x000000001770f0f0:   000000001770f3f8 00000001000066b0
0x000000001770f100:   00000001000066b0 000000007ffe0384 

Instructions: (pc=0x000000007128ca27)
0x000000007128ca07:   48 89 6c 24 30 33 ed 66 90 e8 9b be 07 00 ff c3
0x000000007128ca17:   48 63 c8 48 8b c6 48 0f af cf 48 ff c7 48 2b c1
0x000000007128ca27:   89 28 48 63 c3 48 3b 05 75 4b 57 00 7e db 48 8b
0x000000007128ca37:   6c 24 30 48 8b 5c 24 38 48 8b 74 24 40 48 83 c4 


Register to memory mapping:

RAX=0x000000001770c010 is pointing into the stack for thread: 0x0000000016c6b000
RBX=0x0000000000000004 is an unknown value
RCX=0x0000000000003000 is an unknown value
RDX=0x0000000000000006 is an unknown value
RSP=0x000000001770f010 is pointing into the stack for thread: 0x0000000016c6b000
RBP=0x0000000000000000 is an unknown value
RSI=0x000000001770f010 is pointing into the stack for thread: 0x0000000016c6b000
RDI=0x0000000000000004 is an unknown value
R8 =0x0000000000000006 is an unknown value
R9 =0x0000000016beaaa0 is an unknown value
R10={method} {0x000000001484d9a8} 'run' '()V' in 'java/lang/Thread'
R11=0x000000001761a148 is pointing into the stack for thread: 0x0000000016c6b000
R12=0x0000000016beaaa0 is an unknown value
R13=0x0000000016c6b000 is a thread
R14=0x000000001770f0d8 is pointing into the stack for thread: 0x0000000016c6b000
R15={method} {0x000000001484d9a8} 'run' '()V' in 'java/lang/Thread'


Stack: [0x0000000017610000,0x0000000017710000],  sp=0x000000001770f010,  free space=1020k
Native frames: (J=compiled Java code, j=interpreted, Vv=VM code, C=native code)


---------------  P R O C E S S  ---------------

Java Threads: ( => current thread )
  0x0000000016c31800 JavaThread "pool-2-thread-4" [_thread_blocked, id=15400, stack(0x0000000017710000,0x0000000017810000)]
=>0x0000000016c6b000 JavaThread "pool-2-thread-3" [_thread_in_vm, id=19024, stack(0x0000000017610000,0x0000000017710000)]
  0x0000000016c6a800 JavaThread "pool-2-thread-2" [_thread_in_Java, id=2084, stack(0x0000000017510000,0x0000000017610000)]
  0x0000000016c72800 JavaThread "pool-3-thread-1" [_thread_blocked, id=8472, stack(0x0000000017410000,0x0000000017510000)]
  0x0000000016be4800 JavaThread "pool-2-thread-1" [_thread_blocked, id=16660, stack(0x0000000017310000,0x0000000017410000)]
  0x0000000016a28000 JavaThread "Service Thread" daemon [_thread_blocked, id=18328, stack(0x0000000016f10000,0x0000000017010000)]
  0x0000000016a10800 JavaThread "C1 CompilerThread2" daemon [_thread_blocked, id=1548, stack(0x0000000016e10000,0x0000000016f10000)]
  0x00000000151dc800 JavaThread "C2 CompilerThread1" daemon [_thread_blocked, id=19172, stack(0x0000000016910000,0x0000000016a10000)]
  0x00000000151bb800 JavaThread "C2 CompilerThread0" daemon [_thread_blocked, id=18760, stack(0x0000000016810000,0x0000000016910000)]
  0x00000000151ba000 JavaThread "Attach Listener" daemon [_thread_blocked, id=19316, stack(0x0000000016710000,0x0000000016810000)]
  0x00000000151b9000 JavaThread "Signal Dispatcher" daemon [_thread_blocked, id=4772, stack(0x0000000016610000,0x0000000016710000)]
  0x0000000002ae7000 JavaThread "Finalizer" daemon [_thread_blocked, id=10864, stack(0x0000000016420000,0x0000000016520000)]
  0x0000000002ae1800 JavaThread "Reference Handler" daemon [_thread_blocked, id=8424, stack(0x0000000016320000,0x0000000016420000)]
  0x00000000029ee000 JavaThread "main" [_thread_blocked, id=9116, stack(0x0000000002830000,0x0000000002930000)]

Other Threads:
  0x0000000015185000 VMThread [stack: 0x0000000016220000,0x0000000016320000] [id=17848]
  0x0000000016a1c800 WatcherThread [stack: 0x0000000017010000,0x0000000017110000] [id=9628]

VM state:not at safepoint (normal execution)

VM Mutex/Monitor currently owned by a thread: None

Heap:
 PSYoungGen      total 37888K, used 10537K [0x00000000eab00000, 0x00000000ed500000, 0x0000000100000000)
  eden space 32768K, 32% used [0x00000000eab00000,0x00000000eb54a5c8,0x00000000ecb00000)
  from space 5120K, 0% used [0x00000000ed000000,0x00000000ed000000,0x00000000ed500000)
  to   space 5120K, 0% used [0x00000000ecb00000,0x00000000ecb00000,0x00000000ed000000)
 ParOldGen       total 86016K, used 0K [0x00000000c0000000, 0x00000000c5400000, 0x00000000eab00000)
  object space 86016K, 0% used [0x00000000c0000000,0x00000000c0000000,0x00000000c5400000)
 Metaspace       used 4929K, capacity 6032K, committed 6272K, reserved 1058816K
  class space    used 531K, capacity 584K, committed 640K, reserved 1048576K

Card table byte_map: [0x0000000011eb0000,0x00000000120c0000] byte_map_base: 0x00000000118b0000

Marking Bits: (ParMarkBitMap*) 0x0000000071864970
 Begin Bits: [0x0000000012620000, 0x0000000013620000)
 End Bits:   [0x0000000013620000, 0x0000000014620000)

Polling page: 0x0000000000c40000

CodeCache: size=245760Kb used=1887Kb max_used=1887Kb free=243872Kb
 bounds [0x0000000002af0000, 0x0000000002d60000, 0x0000000011af0000]
 total_blobs=679 nmethods=420 adapters=173
 compilation: enabled

Compilation events (10 events):
Event: 0.758 Thread 0x0000000016a10800  343       3       java.util.ArrayList::remove (69 bytes)
Event: 0.758 Thread 0x0000000016a10800 nmethod 343 0x0000000002ca8710 code [0x0000000002ca88c0, 0x0000000002ca8ee8]
Event: 0.758 Thread 0x0000000016a10800  345       3       java.util.Arrays::copyOf (13 bytes)
Event: 0.759 Thread 0x0000000016a10800 nmethod 345 0x0000000002ca9250 code [0x0000000002ca93c0, 0x0000000002ca95c8]
Event: 0.759 Thread 0x0000000016a10800  344       3       com.android.dx.ssa.SsaBasicBlock::setReachable (6 bytes)
Event: 0.759 Thread 0x0000000016a10800 nmethod 344 0x0000000002ca9690 code [0x0000000002ca97e0, 0x0000000002ca9930]
Event: 0.759 Thread 0x0000000016a10800  346       1       java.lang.Enum::ordinal (5 bytes)
Event: 0.759 Thread 0x0000000016a10800 nmethod 346 0x0000000002ca99d0 code [0x0000000002ca9b20, 0x0000000002ca9c30]
Event: 0.759 Thread 0x0000000016a10800  347       3       com.android.dx.util.Bits::getMax (6 bytes)
Event: 0.759 Thread 0x0000000016a10800 nmethod 347 0x0000000002ca9c90 code [0x0000000002ca9de0, 0x0000000002ca9f10]

GC Heap History (0 events):
No events

Deoptimization events (0 events):
No events

Classes redefined (0 events):
No events

Internal exceptions (2 events):
Event: 0.065 Thread 0x00000000029ee000 Exception <a 'java/lang/NoSuchMethodError': Method sun.misc.Unsafe.defineClass(Ljava/lang/String;[BII)Ljava/lang/Class; name or signature does not match> (0x00000000eab07ca8) thrown at [D:\src\AOSP-openjdk-cygwin\jdk8u\hotspot\src\share\vm\prims\jni.cpp, 
Event: 0.065 Thread 0x00000000029ee000 Exception <a 'java/lang/NoSuchMethodError': Method sun.misc.Unsafe.prefetchRead(Ljava/lang/Object;J)V name or signature does not match> (0x00000000eab07f90) thrown at [D:\src\AOSP-openjdk-cygwin\jdk8u\hotspot\src\share\vm\prims\jni.cpp, line 4011]

Events (10 events):
Event: 0.745 loading class com/android/dx/ssa/back/InterferenceGraph
Event: 0.745 loading class com/android/dx/ssa/back/InterferenceGraph done
Event: 0.745 loading class com/android/dx/ssa/back/LivenessAnalyzer$NextFunction
Event: 0.745 loading class com/android/dx/ssa/back/LivenessAnalyzer$NextFunction done
Event: 0.755 loading class com/android/dx/ssa/PhiInsn$Operand
Event: 0.755 loading class com/android/dx/ssa/PhiInsn$Operand done
Event: 0.758 loading class com/android/dx/ssa/back/LivenessAnalyzer$1
Event: 0.758 loading class com/android/dx/ssa/back/LivenessAnalyzer$1 done
Event: 0.758 loading class java/lang/NoSuchFieldError
Event: 0.758 loading class java/lang/NoSuchFieldError done


Dynamic libraries:
0x00007ff731310000 - 0x00007ff731341000 	C:\Program Files\Android\android-studio\jre\bin\java.exe
0x00007ffcc0430000 - 0x00007ffcc0611000 	C:\WINDOWS\SYSTEM32\ntdll.dll
0x00007ffcbdc10000 - 0x00007ffcbdcc2000 	C:\WINDOWS\System32\KERNEL32.DLL
0x00007ffcbd450000 - 0x00007ffcbd6c3000 	C:\WINDOWS\System32\KERNELBASE.dll
0x00007ffcbfe70000 - 0x00007ffcbff11000 	C:\WINDOWS\System32\ADVAPI32.dll
0x00007ffcbdf30000 - 0x00007ffcbdfce000 	C:\WINDOWS\System32\msvcrt.dll
0x00007ffcbe420000 - 0x00007ffcbe47b000 	C:\WINDOWS\System32\sechost.dll
0x00007ffcbd8c0000 - 0x00007ffcbd9e4000 	C:\WINDOWS\System32\RPCRT4.dll
0x00007ffcc0210000 - 0x00007ffcc03a0000 	C:\WINDOWS\System32\USER32.dll
0x00007ffcbd3b0000 - 0x00007ffcbd3d0000 	C:\WINDOWS\System32\win32u.dll
0x00007ffcbdd70000 - 0x00007ffcbdd98000 	C:\WINDOWS\System32\GDI32.dll
0x00007ffcbd210000 - 0x00007ffcbd3a2000 	C:\WINDOWS\System32\gdi32full.dll
0x00007ffcbc800000 - 0x00007ffcbc89f000 	C:\WINDOWS\System32\msvcp_win.dll
0x00007ffcbd110000 - 0x00007ffcbd20a000 	C:\WINDOWS\System32\ucrtbase.dll
0x00007ffcae320000 - 0x00007ffcae589000 	C:\WINDOWS\WinSxS\amd64_microsoft.windows.common-controls_6595b64144ccf1df_6.0.17134.228_none_fb4599993062b194\COMCTL32.dll
0x00007ffcbfb40000 - 0x00007ffcbfe63000 	C:\WINDOWS\System32\combase.dll
0x00007ffcbd3d0000 - 0x00007ffcbd44a000 	C:\WINDOWS\System32\bcryptPrimitives.dll
0x00007ffcbda80000 - 0x00007ffcbdaad000 	C:\WINDOWS\System32\IMM32.DLL
0x0000000070ee0000 - 0x0000000070fb2000 	C:\Program Files\Android\android-studio\jre\jre\bin\msvcr100.dll
0x00000000710a0000 - 0x00000000718df000 	C:\Program Files\Android\android-studio\jre\jre\bin\server\jvm.dll
0x00007ffcbde70000 - 0x00007ffcbde78000 	C:\WINDOWS\System32\PSAPI.DLL
0x00007ffcbb340000 - 0x00007ffcbb349000 	C:\WINDOWS\SYSTEM32\WSOCK32.dll
0x00007ffcbf8c0000 - 0x00007ffcbf92c000 	C:\WINDOWS\System32\WS2_32.dll
0x00007ffcb8940000 - 0x00007ffcb8963000 	C:\WINDOWS\SYSTEM32\WINMM.dll
0x00007ffcb7370000 - 0x00007ffcb737a000 	C:\WINDOWS\SYSTEM32\VERSION.dll
0x00007ffcb8910000 - 0x00007ffcb893a000 	C:\WINDOWS\SYSTEM32\WINMMBASE.dll
0x00007ffcbcfb0000 - 0x00007ffcbcff9000 	C:\WINDOWS\System32\cfgmgr32.dll
0x00007ffcb73d0000 - 0x00007ffcb73df000 	C:\Program Files\Android\android-studio\jre\jre\bin\verify.dll
0x00007ffcaae10000 - 0x00007ffcaae39000 	C:\Program Files\Android\android-studio\jre\jre\bin\java.dll
0x00007ffcb7380000 - 0x00007ffcb7396000 	C:\Program Files\Android\android-studio\jre\jre\bin\zip.dll
0x00007ffcbe480000 - 0x00007ffcbf8c0000 	C:\WINDOWS\System32\SHELL32.dll
0x00007ffcbde80000 - 0x00007ffcbdf29000 	C:\WINDOWS\System32\shcore.dll
0x00007ffcbc8a0000 - 0x00007ffcbcfad000 	C:\WINDOWS\System32\windows.storage.dll
0x00007ffcc03a0000 - 0x00007ffcc03f1000 	C:\WINDOWS\System32\shlwapi.dll
0x00007ffcbc7c0000 - 0x00007ffcbc7d1000 	C:\WINDOWS\System32\kernel.appcore.dll
0x00007ffcbc740000 - 0x00007ffcbc75f000 	C:\WINDOWS\System32\profapi.dll
0x00007ffcbc760000 - 0x00007ffcbc7ac000 	C:\WINDOWS\System32\powrprof.dll
0x00007ffcbc7b0000 - 0x00007ffcbc7ba000 	C:\WINDOWS\System32\FLTLIB.DLL
0x00007ffcbb150000 - 0x00007ffcbb319000 	C:\WINDOWS\SYSTEM32\dbghelp.dll

VM Arguments:
jvm_args: -Djava.awt.headless=true -Xmx1024M -Dfile.encoding=windows-1252 -Duser.country=IN -Duser.language=en -Duser.variant 
java_command: com.android.dx.command.Main --dex --force-jumbo --num-threads=4 --multi-dex --output C:\Users\yashn\Desktop\s1coeptk app working\Offline\template\app\build\intermediates\transforms\dex\debug\folders\1000\10\classes_9385211ac71706408fc760eba1d3f29f0c02dedb C:\Users\yashn\.android\build-cache\1e370de104c9bf45331bc61e95fb0e1457edb97b\output\jars\classes.jar
java_class_path (initial): C:\Users\yashn\AppData\Local\Android\Sdk\build-tools\25.0.0\lib\dx.jar
Launcher Type: SUN_STANDARD

Environment Variables:
JAVA_HOME=C:\Program Files\Java\jdk1.8.0_152\bin
PATH=C:\ProgramData\Oracle\Java\javapath;C:\WINDOWS\system32;C:\WINDOWS;C:\WINDOWS\System32\Wbem;C:\WINDOWS\System32\WindowsPowerShell\v1.0\;C:\Program Files\nodejs\;C:\Program Files (x86)\Windows Live\Shared;C:\Program Files (x86)\Heroku\bin;C:\Program Files (x86)\git\cmd;C:\Program Files (x86)\Git\cmd;C:\Program Files (x86)\OpenSSH\bin;C:\WINDOWS\System32\OpenSSH\;C:\Program Files (x86)\QuickTime\QTSystem\;C:\Users\yashn\AppData\Local\Microsoft\WindowsApps;C:\Program Files (x86)\Java\jdk1.8.0_51\bin;C:\Program Files\Heroku\bin;C:\Users\yashn\AppData\Roaming\npm;C:\Users\yashn\AppData\Local\Microsoft\WindowsApps;C:\Users\yashn\AppData\Local\now-cli;C:\Users\yashn\AppData\Local\atom\bin
USERNAME=yashn
OS=Windows_NT
PROCESSOR_IDENTIFIER=Intel64 Family 6 Model 78 Stepping 3, GenuineIntel



---------------  S Y S T E M  ---------------

OS: Windows 10.0 , 64 bit Build 17134 (10.0.17134.1)

CPU:total 4 (initial active 4) (2 cores per cpu, 2 threads per core) family 6 model 78 stepping 3, cmov, cx8, fxsr, mmx, sse, sse2, sse3, ssse3, sse4.1, sse4.2, popcnt, avx, avx2, aes, clmul, erms, 3dnowpref, lzcnt, ht, tsc, tscinvbit, bmi1, bmi2, adx

Memory: 4k page, physical 8242448k(1155624k free), swap 10290448k(1312k free)

vm_info: OpenJDK 64-Bit Server VM (25.152-b02) for windows-amd64 JRE (1.8.0_152-release-1024-b02), built by "builder" with MS VC++ 10.0 (VS2010)

time: Wed Aug 15 22:50:30 2018
elapsed time: 0 seconds (0d 0h 0m 0s)

