#
# There is insufficient memory for the Java Runtime Environment to continue.
# Native memory allocation (malloc) failed to allocate 81664 bytes for Chunk::new
# Possible reasons:
#   The system is out of physical RAM or swap space
#   In 32 bit mode, the process size limit was hit
# Possible solutions:
#   Reduce memory load on the system
#   Increase physical memory or swap space
#   Check if swap backing store is full
#   Use 64 bit Java on a 64 bit OS
#   Decrease Java heap size (-Xmx/-Xms)
#   Decrease number of Java threads
#   Decrease Java thread stack sizes (-Xss)
#   Set larger code cache with -XX:ReservedCodeCacheSize=
# This output file may be truncated or incomplete.
#
#  Out of Memory Error (allocation.cpp:390), pid=7208, tid=0x0000000000004af0
#
# JRE version: OpenJDK Runtime Environment (8.0_152-b02) (build 1.8.0_152-release-1024-b02)
# Java VM: OpenJDK 64-Bit Server VM (25.152-b02 mixed mode windows-amd64 compressed oops)
# Failed to write core dump. Minidumps are not enabled by default on client versions of Windows
#

---------------  T H R E A D  ---------------

Current thread (0x0000000014fab800):  JavaThread "C2 CompilerThread1" daemon [_thread_in_native, id=19184, stack(0x00000000166f0000,0x00000000167f0000)]

Stack: [0x00000000166f0000,0x00000000167f0000]
[error occurred during error reporting (printing stack bounds), id 0xc0000005]

Native frames: (J=compiled Java code, j=interpreted, Vv=VM code, C=native code)


Current CompileTask:
C2:   3702 1713       4       com.android.dx.rop.code.Rops::ropFor (771 bytes)


---------------  P R O C E S S  ---------------

Java Threads: ( => current thread )
  0x0000000016b3c000 JavaThread "pool-1-thread-4" [_thread_in_Java, id=2392, stack(0x00000000173f0000,0x00000000174f0000)]
  0x0000000016b3b000 JavaThread "pool-1-thread-3" [_thread_in_Java, id=5984, stack(0x00000000172f0000,0x00000000173f0000)]
  0x0000000016b38800 JavaThread "pool-1-thread-2" [_thread_in_Java, id=2880, stack(0x00000000171f0000,0x00000000172f0000)]
  0x0000000016b38000 JavaThread "pool-2-thread-1" [_thread_blocked, id=6460, stack(0x00000000170f0000,0x00000000171f0000)]
  0x0000000016b35000 JavaThread "pool-1-thread-1" [_thread_in_Java, id=15368, stack(0x0000000016ff0000,0x00000000170f0000)]
  0x00000000168f5000 JavaThread "Service Thread" daemon [_thread_blocked, id=17808, stack(0x0000000016df0000,0x0000000016ef0000)]
  0x0000000014fb3800 JavaThread "C1 CompilerThread2" daemon [_thread_blocked, id=13552, stack(0x00000000167f0000,0x00000000168f0000)]
=>0x0000000014fab800 JavaThread "C2 CompilerThread1" daemon [_thread_in_native, id=19184, stack(0x00000000166f0000,0x00000000167f0000)]
  0x0000000014fb7800 JavaThread "C2 CompilerThread0" daemon [_thread_in_native, id=15608, stack(0x00000000165f0000,0x00000000166f0000)]
  0x0000000014fb6000 JavaThread "Attach Listener" daemon [_thread_blocked, id=3100, stack(0x00000000164f0000,0x00000000165f0000)]
  0x0000000014fb4800 JavaThread "Signal Dispatcher" daemon [_thread_blocked, id=7292, stack(0x00000000163f0000,0x00000000164f0000)]
  0x00000000028bc800 JavaThread "Finalizer" daemon [_thread_blocked, id=18048, stack(0x0000000016200000,0x0000000016300000)]
  0x00000000028b1800 JavaThread "Reference Handler" daemon [_thread_blocked, id=19436, stack(0x0000000016100000,0x0000000016200000)]
  0x000000000268e000 JavaThread "main" [_thread_in_Java, id=19092, stack(0x0000000002570000,0x0000000002670000)]

Other Threads:
  0x0000000014f76000 VMThread [stack: 0x0000000016000000,0x0000000016100000] [id=11956]
  0x00000000168f7000 WatcherThread [stack: 0x0000000016ef0000,0x0000000016ff0000] [id=19232]

VM state:not at safepoint (normal execution)

VM Mutex/Monitor currently owned by a thread: None

Heap:
 PSYoungGen      total 70656K, used 40437K [0x00000000eab00000, 0x00000000ef500000, 0x0000000100000000)
  eden space 65536K, 53% used [0x00000000eab00000,0x00000000ecd84600,0x00000000eeb00000)
  from space 5120K, 99% used [0x00000000eeb00000,0x00000000eeff8e18,0x00000000ef000000)
  to   space 5120K, 0% used [0x00000000ef000000,0x00000000ef000000,0x00000000ef500000)
 ParOldGen       total 86016K, used 13119K [0x00000000c0000000, 0x00000000c5400000, 0x00000000eab00000)
  object space 86016K, 15% used [0x00000000c0000000,0x00000000c0ccfd08,0x00000000c5400000)
 Metaspace       used 6371K, capacity 7152K, committed 7296K, reserved 1056768K
  class space    used 588K, capacity 616K, committed 640K, reserved 1048576K

Card table byte_map: [0x0000000011c80000,0x0000000011e90000] byte_map_base: 0x0000000011680000

Marking Bits: (ParMarkBitMap*) 0x0000000071864970
 Begin Bits: [0x00000000123f0000, 0x00000000133f0000)
 End Bits:   [0x00000000133f0000, 0x00000000143f0000)

Polling page: 0x0000000000aa0000

CodeCache: size=245760Kb used=7136Kb max_used=7157Kb free=238623Kb
 bounds [0x00000000028c0000, 0x0000000002fd0000, 0x00000000118c0000]
 total_blobs=2015 nmethods=1747 adapters=181
 compilation: enabled

Compilation events (10 events):
Event: 3.543 Thread 0x0000000014fb3800 1776       2       com.android.dx.cf.attrib.AttExceptions::byteLength (15 bytes)
Event: 3.543 Thread 0x0000000014fb3800 nmethod 1776 0x0000000002f8ddd0 code [0x0000000002f8df40, 0x0000000002f8e0c8]
Event: 3.543 Thread 0x0000000014fb3800 1777       2       com.android.dx.cf.attrib.AttSignature::<init> (26 bytes)
Event: 3.544 Thread 0x0000000014fb3800 nmethod 1777 0x0000000002fb6a10 code [0x0000000002fb6b80, 0x0000000002fb6dc8]
Event: 3.544 Thread 0x0000000014fb3800 1778       2       com.android.dx.cf.direct.StdAttributeFactory::exceptions (105 bytes)
Event: 3.545 Thread 0x0000000014fb3800 nmethod 1778 0x0000000002fb6e90 code [0x0000000002fb70e0, 0x0000000002fb79f8]
Event: 3.557 Thread 0x0000000014fb3800 1783       2       com.android.dx.cf.attrib.InnerClassList$Item::<init> (40 bytes)
Event: 3.557 Thread 0x0000000014fb3800 nmethod 1783 0x0000000002fb8390 code [0x0000000002fb8500, 0x0000000002fb8748]
Event: 3.629 Thread 0x0000000014fb7800 nmethod 1765 0x0000000002fbdb50 code [0x0000000002fbde00, 0x0000000002fc0448]
Event: 3.629 Thread 0x0000000014fb7800 1764   !   4       com.android.dx.cf.code.Ropper::processBlock (1101 bytes)

GC Heap History (6 events):
Event: 2.107 GC heap before
{Heap before GC invocations=1 (full 0):
 PSYoungGen      total 37888K, used 32768K [0x00000000eab00000, 0x00000000ed500000, 0x0000000100000000)
  eden space 32768K, 100% used [0x00000000eab00000,0x00000000ecb00000,0x00000000ecb00000)
  from space 5120K, 0% used [0x00000000ed000000,0x00000000ed000000,0x00000000ed500000)
  to   space 5120K, 0% used [0x00000000ecb00000,0x00000000ecb00000,0x00000000ed000000)
 ParOldGen       total 86016K, used 0K [0x00000000c0000000, 0x00000000c5400000, 0x00000000eab00000)
  object space 86016K, 0% used [0x00000000c0000000,0x00000000c0000000,0x00000000c5400000)
 Metaspace       used 5996K, capacity 6832K, committed 7040K, reserved 1056768K
  class space    used 587K, capacity 616K, committed 640K, reserved 1048576K
Event: 2.183 GC heap after
Heap after GC invocations=1 (full 0):
 PSYoungGen      total 37888K, used 5105K [0x00000000eab00000, 0x00000000ef500000, 0x0000000100000000)
  eden space 32768K, 0% used [0x00000000eab00000,0x00000000eab00000,0x00000000ecb00000)
  from space 5120K, 99% used [0x00000000ecb00000,0x00000000ecffc440,0x00000000ed000000)
  to   space 5120K, 0% used [0x00000000ef000000,0x00000000ef000000,0x00000000ef500000)
 ParOldGen       total 86016K, used 421K [0x00000000c0000000, 0x00000000c5400000, 0x00000000eab00000)
  object space 86016K, 0% used [0x00000000c0000000,0x00000000c00696e0,0x00000000c5400000)
 Metaspace       used 5996K, capacity 6832K, committed 7040K, reserved 1056768K
  class space    used 587K, capacity 616K, committed 640K, reserved 1048576K
}
Event: 2.533 GC heap before
{Heap before GC invocations=2 (full 0):
 PSYoungGen      total 37888K, used 37873K [0x00000000eab00000, 0x00000000ef500000, 0x0000000100000000)
  eden space 32768K, 100% used [0x00000000eab00000,0x00000000ecb00000,0x00000000ecb00000)
  from space 5120K, 99% used [0x00000000ecb00000,0x00000000ecffc440,0x00000000ed000000)
  to   space 5120K, 0% used [0x00000000ef000000,0x00000000ef000000,0x00000000ef500000)
 ParOldGen       total 86016K, used 421K [0x00000000c0000000, 0x00000000c5400000, 0x00000000eab00000)
  object space 86016K, 0% used [0x00000000c0000000,0x00000000c00696e0,0x00000000c5400000)
 Metaspace       used 6214K, capacity 7024K, committed 7296K, reserved 1056768K
  class space    used 588K, capacity 616K, committed 640K, reserved 1048576K
Event: 2.545 GC heap after
Heap after GC invocations=2 (full 0):
 PSYoungGen      total 70656K, used 5098K [0x00000000eab00000, 0x00000000ef500000, 0x0000000100000000)
  eden space 65536K, 0% used [0x00000000eab00000,0x00000000eab00000,0x00000000eeb00000)
  from space 5120K, 99% used [0x00000000ef000000,0x00000000ef4faab8,0x00000000ef500000)
  to   space 5120K, 0% used [0x00000000eeb00000,0x00000000eeb00000,0x00000000ef000000)
 ParOldGen       total 86016K, used 4348K [0x00000000c0000000, 0x00000000c5400000, 0x00000000eab00000)
  object space 86016K, 5% used [0x00000000c0000000,0x00000000c043f288,0x00000000c5400000)
 Metaspace       used 6214K, capacity 7024K, committed 7296K, reserved 1056768K
  class space    used 588K, capacity 616K, committed 640K, reserved 1048576K
}
Event: 3.143 GC heap before
{Heap before GC invocations=3 (full 0):
 PSYoungGen      total 70656K, used 70634K [0x00000000eab00000, 0x00000000ef500000, 0x0000000100000000)
  eden space 65536K, 100% used [0x00000000eab00000,0x00000000eeb00000,0x00000000eeb00000)
  from space 5120K, 99% used [0x00000000ef000000,0x00000000ef4faab8,0x00000000ef500000)
  to   space 5120K, 0% used [0x00000000eeb00000,0x00000000eeb00000,0x00000000ef000000)
 ParOldGen       total 86016K, used 4348K [0x00000000c0000000, 0x00000000c5400000, 0x00000000eab00000)
  object space 86016K, 5% used [0x00000000c0000000,0x00000000c043f288,0x00000000c5400000)
 Metaspace       used 6342K, capacity 7152K, committed 7296K, reserved 1056768K
  class space    used 588K, capacity 616K, committed 640K, reserved 1048576K
Event: 3.166 GC heap after
Heap after GC invocations=3 (full 0):
 PSYoungGen      total 70656K, used 5091K [0x00000000eab00000, 0x00000000ef500000, 0x0000000100000000)
  eden space 65536K, 0% used [0x00000000eab00000,0x00000000eab00000,0x00000000eeb00000)
  from space 5120K, 99% used [0x00000000eeb00000,0x00000000eeff8e18,0x00000000ef000000)
  to   space 5120K, 0% used [0x00000000ef000000,0x00000000ef000000,0x00000000ef500000)
 ParOldGen       total 86016K, used 13119K [0x00000000c0000000, 0x00000000c5400000, 0x00000000eab00000)
  object space 86016K, 15% used [0x00000000c0000000,0x00000000c0ccfd08,0x00000000c5400000)
 Metaspace       used 6342K, capacity 7152K, committed 7296K, reserved 1056768K
  class space    used 588K, capacity 616K, committed 640K, reserved 1048576K
}

Deoptimization events (10 events):
Event: 2.755 Thread 0x0000000016b3b000 Uncommon trap: reason=unstable_if action=reinterpret pc=0x0000000002cfb5f0 method=com.android.dx.ssa.SCCP.simulateStmt(Lcom/android/dx/ssa/SsaInsn;)V @ 53
Event: 2.758 Thread 0x0000000016b3b000 Uncommon trap: reason=bimorphic action=maybe_recompile pc=0x0000000002e296f0 method=com.android.dx.ssa.LiteralOpUpgrader.tryReplacingWithConstant(Lcom/android/dx/ssa/NormalSsaInsn;)Z @ 52
Event: 2.822 Thread 0x0000000016b38800 Uncommon trap: reason=unstable_if action=reinterpret pc=0x0000000002eeb704 method=com.android.dx.ssa.SCCP.simulateBranch(Lcom/android/dx/ssa/SsaInsn;)V @ 140
Event: 2.850 Thread 0x0000000016b38800 Uncommon trap: reason=bimorphic action=maybe_recompile pc=0x0000000002e296f0 method=com.android.dx.ssa.LiteralOpUpgrader.tryReplacingWithConstant(Lcom/android/dx/ssa/NormalSsaInsn;)Z @ 52
Event: 2.851 Thread 0x0000000016b38800 Uncommon trap: reason=bimorphic action=maybe_recompile pc=0x0000000002e296f0 method=com.android.dx.ssa.LiteralOpUpgrader.tryReplacingWithConstant(Lcom/android/dx/ssa/NormalSsaInsn;)Z @ 52
Event: 2.857 Thread 0x0000000016b3b000 Uncommon trap: reason=bimorphic action=maybe_recompile pc=0x0000000002e33b80 method=com.android.dx.cf.code.BytecodeArray.parseInstruction(ILcom/android/dx/cf/code/BytecodeArray$Visitor;)I @ 1501
Event: 2.857 Thread 0x0000000016b3b000 Uncommon trap: reason=bimorphic action=maybe_recompile pc=0x0000000002e33b80 method=com.android.dx.cf.code.BytecodeArray.parseInstruction(ILcom/android/dx/cf/code/BytecodeArray$Visitor;)I @ 1501
Event: 3.501 Thread 0x0000000016b38800 Uncommon trap: reason=bimorphic action=maybe_recompile pc=0x0000000002f5150c method=com.android.dx.cf.code.RopperMachine.run(Lcom/android/dx/cf/code/Frame;II)V @ 310
Event: 3.505 Thread 0x0000000016b38800 Uncommon trap: reason=bimorphic action=maybe_recompile pc=0x0000000002f5150c method=com.android.dx.cf.code.RopperMachine.run(Lcom/android/dx/cf/code/Frame;II)V @ 310
Event: 3.507 Thread 0x0000000016b38800 Uncommon trap: reason=bimorphic action=maybe_recompile pc=0x0000000002f5150c method=com.android.dx.cf.code.RopperMachine.run(Lcom/android/dx/cf/code/Frame;II)V @ 310

Classes redefined (0 events):
No events

Internal exceptions (2 events):
Event: 1.201 Thread 0x000000000268e000 Exception <a 'java/lang/NoSuchMethodError': Method sun.misc.Unsafe.defineClass(Ljava/lang/String;[BII)Ljava/lang/Class; name or signature does not match> (0x00000000eab07ca8) thrown at [D:\src\AOSP-openjdk-cygwin\jdk8u\hotspot\src\share\vm\prims\jni.cpp, 
Event: 1.201 Thread 0x000000000268e000 Exception <a 'java/lang/NoSuchMethodError': Method sun.misc.Unsafe.prefetchRead(Ljava/lang/Object;J)V name or signature does not match> (0x00000000eab07f90) thrown at [D:\src\AOSP-openjdk-cygwin\jdk8u\hotspot\src\share\vm\prims\jni.cpp, line 4011]

Events (10 events):
Event: 3.428 Thread 0x0000000016b3c000 DEOPT UNPACKING pc=0x00000000029075d0 sp=0x00000000174eec18 mode 0
Event: 3.501 Thread 0x0000000016b38800 Uncommon trap: trap_request=0xffffffc6 fr.pc=0x0000000002f5150c
Event: 3.501 Thread 0x0000000016b38800 DEOPT PACKING pc=0x0000000002f5150c sp=0x00000000172ee720
Event: 3.501 Thread 0x0000000016b38800 DEOPT UNPACKING pc=0x000000000290557b sp=0x00000000172ee6d0 mode 2
Event: 3.505 Thread 0x0000000016b38800 Uncommon trap: trap_request=0xffffffc6 fr.pc=0x0000000002f5150c
Event: 3.505 Thread 0x0000000016b38800 DEOPT PACKING pc=0x0000000002f5150c sp=0x00000000172ee720
Event: 3.505 Thread 0x0000000016b38800 DEOPT UNPACKING pc=0x000000000290557b sp=0x00000000172ee6d0 mode 2
Event: 3.507 Thread 0x0000000016b38800 Uncommon trap: trap_request=0xffffffc6 fr.pc=0x0000000002f5150c
Event: 3.507 Thread 0x0000000016b38800 DEOPT PACKING pc=0x0000000002f5150c sp=0x00000000172ee720
Event: 3.507 Thread 0x0000000016b38800 DEOPT UNPACKING pc=0x000000000290557b sp=0x00000000172ee6d0 mode 2


Dynamic libraries:
0x00007ff731310000 - 0x00007ff731341000 	C:\Program Files\Android\android-studio\jre\bin\java.exe
0x00007ffcc0430000 - 0x00007ffcc0611000 	C:\WINDOWS\SYSTEM32\ntdll.dll
0x00007ffcbdc10000 - 0x00007ffcbdcc2000 	C:\WINDOWS\System32\KERNEL32.DLL
0x00007ffcbd450000 - 0x00007ffcbd6c3000 	C:\WINDOWS\System32\KERNELBASE.dll
0x00007ffcbfe70000 - 0x00007ffcbff11000 	C:\WINDOWS\System32\ADVAPI32.dll
0x00007ffcbdf30000 - 0x00007ffcbdfce000 	C:\WINDOWS\System32\msvcrt.dll
0x00007ffcbe420000 - 0x00007ffcbe47b000 	C:\WINDOWS\System32\sechost.dll
0x00007ffcbd8c0000 - 0x00007ffcbd9e4000 	C:\WINDOWS\System32\RPCRT4.dll
0x00007ffcc0210000 - 0x00007ffcc03a0000 	C:\WINDOWS\System32\USER32.dll
0x00007ffcbd3b0000 - 0x00007ffcbd3d0000 	C:\WINDOWS\System32\win32u.dll
0x00007ffcbdd70000 - 0x00007ffcbdd98000 	C:\WINDOWS\System32\GDI32.dll
0x00007ffcbd210000 - 0x00007ffcbd3a2000 	C:\WINDOWS\System32\gdi32full.dll
0x00007ffcbc800000 - 0x00007ffcbc89f000 	C:\WINDOWS\System32\msvcp_win.dll
0x00007ffcbd110000 - 0x00007ffcbd20a000 	C:\WINDOWS\System32\ucrtbase.dll
0x00007ffcae320000 - 0x00007ffcae589000 	C:\WINDOWS\WinSxS\amd64_microsoft.windows.common-controls_6595b64144ccf1df_6.0.17134.228_none_fb4599993062b194\COMCTL32.dll
0x00007ffcbfb40000 - 0x00007ffcbfe63000 	C:\WINDOWS\System32\combase.dll
0x00007ffcbd3d0000 - 0x00007ffcbd44a000 	C:\WINDOWS\System32\bcryptPrimitives.dll
0x00007ffcbda80000 - 0x00007ffcbdaad000 	C:\WINDOWS\System32\IMM32.DLL
0x0000000070ee0000 - 0x0000000070fb2000 	C:\Program Files\Android\android-studio\jre\jre\bin\msvcr100.dll
0x00000000710a0000 - 0x00000000718df000 	C:\Program Files\Android\android-studio\jre\jre\bin\server\jvm.dll
0x00007ffcbde70000 - 0x00007ffcbde78000 	C:\WINDOWS\System32\PSAPI.DLL
0x00007ffcbb340000 - 0x00007ffcbb349000 	C:\WINDOWS\SYSTEM32\WSOCK32.dll
0x00007ffcbf8c0000 - 0x00007ffcbf92c000 	C:\WINDOWS\System32\WS2_32.dll
0x00007ffcb8940000 - 0x00007ffcb8963000 	C:\WINDOWS\SYSTEM32\WINMM.dll
0x00007ffcb7370000 - 0x00007ffcb737a000 	C:\WINDOWS\SYSTEM32\VERSION.dll
0x00007ffcb8910000 - 0x00007ffcb893a000 	C:\WINDOWS\SYSTEM32\WINMMBASE.dll
0x00007ffcbcfb0000 - 0x00007ffcbcff9000 	C:\WINDOWS\System32\cfgmgr32.dll
0x00007ffcb73d0000 - 0x00007ffcb73df000 	C:\Program Files\Android\android-studio\jre\jre\bin\verify.dll
0x00007ffcaae10000 - 0x00007ffcaae39000 	C:\Program Files\Android\android-studio\jre\jre\bin\java.dll
0x00007ffcb7380000 - 0x00007ffcb7396000 	C:\Program Files\Android\android-studio\jre\jre\bin\zip.dll
0x00007ffcbe480000 - 0x00007ffcbf8c0000 	C:\WINDOWS\System32\SHELL32.dll
0x00007ffcbde80000 - 0x00007ffcbdf29000 	C:\WINDOWS\System32\shcore.dll
0x00007ffcbc8a0000 - 0x00007ffcbcfad000 	C:\WINDOWS\System32\windows.storage.dll
0x00007ffcc03a0000 - 0x00007ffcc03f1000 	C:\WINDOWS\System32\shlwapi.dll
0x00007ffcbc7c0000 - 0x00007ffcbc7d1000 	C:\WINDOWS\System32\kernel.appcore.dll
0x00007ffcbc740000 - 0x00007ffcbc75f000 	C:\WINDOWS\System32\profapi.dll
0x00007ffcbc760000 - 0x00007ffcbc7ac000 	C:\WINDOWS\System32\powrprof.dll
0x00007ffcbc7b0000 - 0x00007ffcbc7ba000 	C:\WINDOWS\System32\FLTLIB.DLL

VM Arguments:
jvm_args: -Djava.awt.headless=true -Xmx1024M -Dfile.encoding=windows-1252 -Duser.country=IN -Duser.language=en -Duser.variant 
java_command: com.android.dx.command.Main --dex --num-threads=4 --output C:\Users\yashn\Desktop\s1coeptk app working\Offline\template\app\build\intermediates\pre-dexed\debug\com.google.android.gms-play-services-basement-9.8.0_f24d2856fa7c001f698988f3642aacb4a5885ed6.jar C:\Users\yashn\Desktop\s1coeptk app working\Offline\template\app\build\intermediates\exploded-aar\com.google.android.gms\play-services-basement\9.8.0\jars\classes.jar
java_class_path (initial): C:\Users\yashn\AppData\Local\Android\Sdk\build-tools\25.0.0\lib\dx.jar
Launcher Type: SUN_STANDARD

Environment Variables:
JAVA_HOME=C:\Program Files\Java\jdk1.8.0_152\bin
PATH=C:\ProgramData\Oracle\Java\javapath;C:\WINDOWS\system32;C:\WINDOWS;C:\WINDOWS\System32\Wbem;C:\WINDOWS\System32\WindowsPowerShell\v1.0\;C:\Program Files\nodejs\;C:\Program Files (x86)\Windows Live\Shared;C:\Program Files (x86)\Heroku\bin;C:\Program Files (x86)\git\cmd;C:\Program Files (x86)\Git\cmd;C:\Program Files (x86)\OpenSSH\bin;C:\WINDOWS\System32\OpenSSH\;C:\Program Files (x86)\QuickTime\QTSystem\;C:\Users\yashn\AppData\Local\Microsoft\WindowsApps;C:\Program Files (x86)\Java\jdk1.8.0_51\bin;C:\Program Files\Heroku\bin;C:\Users\yashn\AppData\Roaming\npm;C:\Users\yashn\AppData\Local\Microsoft\WindowsApps;C:\Users\yashn\AppData\Local\now-cli;C:\Users\yashn\AppData\Local\atom\bin
USERNAME=yashn
OS=Windows_NT
PROCESSOR_IDENTIFIER=Intel64 Family 6 Model 78 Stepping 3, GenuineIntel



---------------  S Y S T E M  ---------------

OS: Windows 10.0 , 64 bit Build 17134 (10.0.17134.1)

CPU:total 4 (initial active 4) (2 cores per cpu, 2 threads per core) family 6 model 78 stepping 3, cmov, cx8, fxsr, mmx, sse, sse2, sse3, ssse3, sse4.1, sse4.2, popcnt, avx, avx2, aes, clmul, erms, 3dnowpref, lzcnt, ht, tsc, tscinvbit, bmi1, bmi2, adx

Memory: 4k page, physical 8242448k(766052k free), swap 10290448k(4140k free)

vm_info: OpenJDK 64-Bit Server VM (25.152-b02) for windows-amd64 JRE (1.8.0_152-release-1024-b02), built by "builder" with MS VC++ 10.0 (VS2010)

time: Wed Aug 15 22:44:42 2018
elapsed time: 3 seconds (0d 0h 0m 3s)

