#
# There is insufficient memory for the Java Runtime Environment to continue.
# Native memory allocation (malloc) failed to allocate 1208496 bytes for Chunk::new
# Possible reasons:
#   The system is out of physical RAM or swap space
#   In 32 bit mode, the process size limit was hit
# Possible solutions:
#   Reduce memory load on the system
#   Increase physical memory or swap space
#   Check if swap backing store is full
#   Use 64 bit Java on a 64 bit OS
#   Decrease Java heap size (-Xmx/-Xms)
#   Decrease number of Java threads
#   Decrease Java thread stack sizes (-Xss)
#   Set larger code cache with -XX:ReservedCodeCacheSize=
# This output file may be truncated or incomplete.
#
#  Out of Memory Error (allocation.cpp:390), pid=1548, tid=0x0000000000003554
#
# JRE version: OpenJDK Runtime Environment (8.0_152-b02) (build 1.8.0_152-release-1024-b02)
# Java VM: OpenJDK 64-Bit Server VM (25.152-b02 mixed mode windows-amd64 compressed oops)
# Failed to write core dump. Minidumps are not enabled by default on client versions of Windows
#

---------------  T H R E A D  ---------------

Current thread (0x0000000014c08000):  JavaThread "C2 CompilerThread0" daemon [_thread_in_native, id=13652, stack(0x0000000016250000,0x0000000016350000)]

Stack: [0x0000000016250000,0x0000000016350000]
[error occurred during error reporting (printing stack bounds), id 0xc0000005]

Native frames: (J=compiled Java code, j=interpreted, Vv=VM code, C=native code)


Current CompileTask:
C2:   4062 1416   !   4       com.android.dx.cf.code.BytecodeArray::parseInstruction (2764 bytes)


---------------  P R O C E S S  ---------------

Java Threads: ( => current thread )
  0x00000000166ad000 JavaThread "pool-2-thread-4" [_thread_in_Java, id=12292, stack(0x0000000016f50000,0x0000000017050000)]
  0x00000000166ac000 JavaThread "pool-2-thread-3" [_thread_in_Java, id=15108, stack(0x0000000016e50000,0x0000000016f50000)]
  0x00000000165c8000 JavaThread "pool-2-thread-2" [_thread_in_vm, id=16380, stack(0x0000000016d50000,0x0000000016e50000)]
  0x00000000165c2000 JavaThread "pool-3-thread-1" [_thread_blocked, id=11796, stack(0x0000000016c50000,0x0000000016d50000)]
  0x00000000165bf800 JavaThread "pool-2-thread-1" [_thread_in_Java, id=4600, stack(0x0000000016b50000,0x0000000016c50000)]
  0x0000000014c04800 JavaThread "Service Thread" daemon [_thread_blocked, id=12404, stack(0x0000000016950000,0x0000000016a50000)]
  0x0000000016468800 JavaThread "C1 CompilerThread2" daemon [_thread_blocked, id=8168, stack(0x0000000016850000,0x0000000016950000)]
  0x0000000014bfa000 JavaThread "C2 CompilerThread1" daemon [_thread_in_native, id=13592, stack(0x0000000016350000,0x0000000016450000)]
=>0x0000000014c08000 JavaThread "C2 CompilerThread0" daemon [_thread_in_native, id=13652, stack(0x0000000016250000,0x0000000016350000)]
  0x0000000014c07000 JavaThread "Attach Listener" daemon [_thread_blocked, id=2008, stack(0x0000000016150000,0x0000000016250000)]
  0x0000000014c06000 JavaThread "Signal Dispatcher" daemon [_thread_blocked, id=14444, stack(0x0000000016050000,0x0000000016150000)]
  0x0000000014be8800 JavaThread "Finalizer" daemon [_thread_blocked, id=18556, stack(0x0000000015e60000,0x0000000015f60000)]
  0x0000000002523000 JavaThread "Reference Handler" daemon [_thread_blocked, id=18912, stack(0x0000000015d60000,0x0000000015e60000)]
  0x00000000023fe000 JavaThread "main" [_thread_blocked, id=16880, stack(0x00000000022c0000,0x00000000023c0000)]

Other Threads:
  0x0000000014bc5000 VMThread [stack: 0x0000000015c60000,0x0000000015d60000] [id=19256]
  0x0000000014c5c800 WatcherThread [stack: 0x0000000016a50000,0x0000000016b50000] [id=8628]

VM state:not at safepoint (normal execution)

VM Mutex/Monitor currently owned by a thread: None

Heap:
 PSYoungGen      total 37888K, used 18809K [0x00000000eab00000, 0x00000000ef500000, 0x0000000100000000)
  eden space 32768K, 41% used [0x00000000eab00000,0x00000000eb860640,0x00000000ecb00000)
  from space 5120K, 99% used [0x00000000ed000000,0x00000000ed4fdfd8,0x00000000ed500000)
  to   space 5120K, 0% used [0x00000000ecb00000,0x00000000ecb00000,0x00000000ed000000)
 ParOldGen       total 86016K, used 9557K [0x00000000c0000000, 0x00000000c5400000, 0x00000000eab00000)
  object space 86016K, 11% used [0x00000000c0000000,0x00000000c0955648,0x00000000c5400000)
 Metaspace       used 5970K, capacity 7024K, committed 7296K, reserved 1056768K
  class space    used 575K, capacity 616K, committed 640K, reserved 1048576K

Card table byte_map: [0x00000000118f0000,0x0000000011b00000] byte_map_base: 0x00000000112f0000

Marking Bits: (ParMarkBitMap*) 0x0000000071864970
 Begin Bits: [0x0000000012060000, 0x0000000013060000)
 End Bits:   [0x0000000013060000, 0x0000000014060000)

Polling page: 0x00000000008e0000

CodeCache: size=245760Kb used=6089Kb max_used=6089Kb free=239670Kb
 bounds [0x0000000002530000, 0x0000000002b30000, 0x0000000011530000]
 total_blobs=1686 nmethods=1425 adapters=175
 compilation: enabled

Compilation events (10 events):
Event: 3.696 Thread 0x0000000016468800 1463       2       java.util.DualPivotQuicksort::sort (1195 bytes)
Event: 3.698 Thread 0x0000000016468800 nmethod 1463 0x0000000002b21f50 code [0x0000000002b22240, 0x0000000002b23728]
Event: 3.698 Thread 0x0000000016468800 1466       2       com.android.dx.dex.file.OffsettedItem::<init> (44 bytes)
Event: 3.699 Thread 0x0000000016468800 nmethod 1466 0x0000000002b25950 code [0x0000000002b25ae0, 0x0000000002b25dd8]
Event: 3.699 Thread 0x0000000016468800 1464       2       com.android.dx.rop.code.AccessFlags::isSynchronized (13 bytes)
Event: 3.699 Thread 0x0000000016468800 nmethod 1464 0x0000000002b25f50 code [0x0000000002b260a0, 0x0000000002b261f0]
Event: 3.699 Thread 0x0000000016468800 1465       2       com.android.dx.dex.file.EncodedMethod::<init> (68 bytes)
Event: 3.699 Thread 0x0000000016468800 nmethod 1465 0x0000000002b26290 code [0x0000000002b26400, 0x0000000002b26718]
Event: 3.702 Thread 0x0000000016468800 1467       2       com.android.dx.cf.code.SwitchList::removeSuperfluousDefaults (149 bytes)
Event: 3.703 Thread 0x0000000016468800 nmethod 1467 0x0000000002b26850 code [0x0000000002b26a40, 0x0000000002b26f58]

GC Heap History (4 events):
Event: 2.280 GC heap before
{Heap before GC invocations=1 (full 0):
 PSYoungGen      total 37888K, used 32768K [0x00000000eab00000, 0x00000000ed500000, 0x0000000100000000)
  eden space 32768K, 100% used [0x00000000eab00000,0x00000000ecb00000,0x00000000ecb00000)
  from space 5120K, 0% used [0x00000000ed000000,0x00000000ed000000,0x00000000ed500000)
  to   space 5120K, 0% used [0x00000000ecb00000,0x00000000ecb00000,0x00000000ed000000)
 ParOldGen       total 86016K, used 0K [0x00000000c0000000, 0x00000000c5400000, 0x00000000eab00000)
  object space 86016K, 0% used [0x00000000c0000000,0x00000000c0000000,0x00000000c5400000)
 Metaspace       used 5795K, capacity 6896K, committed 7040K, reserved 1056768K
  class space    used 571K, capacity 616K, committed 640K, reserved 1048576K
Event: 2.295 GC heap after
Heap after GC invocations=1 (full 0):
 PSYoungGen      total 37888K, used 5110K [0x00000000eab00000, 0x00000000ed500000, 0x0000000100000000)
  eden space 32768K, 0% used [0x00000000eab00000,0x00000000eab00000,0x00000000ecb00000)
  from space 5120K, 99% used [0x00000000ecb00000,0x00000000ecffd988,0x00000000ed000000)
  to   space 5120K, 0% used [0x00000000ed000000,0x00000000ed000000,0x00000000ed500000)
 ParOldGen       total 86016K, used 3242K [0x00000000c0000000, 0x00000000c5400000, 0x00000000eab00000)
  object space 86016K, 3% used [0x00000000c0000000,0x00000000c032a830,0x00000000c5400000)
 Metaspace       used 5795K, capacity 6896K, committed 7040K, reserved 1056768K
  class space    used 571K, capacity 616K, committed 640K, reserved 1048576K
}
Event: 3.393 GC heap before
{Heap before GC invocations=2 (full 0):
 PSYoungGen      total 37888K, used 37878K [0x00000000eab00000, 0x00000000ed500000, 0x0000000100000000)
  eden space 32768K, 100% used [0x00000000eab00000,0x00000000ecb00000,0x00000000ecb00000)
  from space 5120K, 99% used [0x00000000ecb00000,0x00000000ecffd988,0x00000000ed000000)
  to   space 5120K, 0% used [0x00000000ed000000,0x00000000ed000000,0x00000000ed500000)
 ParOldGen       total 86016K, used 3242K [0x00000000c0000000, 0x00000000c5400000, 0x00000000eab00000)
  object space 86016K, 3% used [0x00000000c0000000,0x00000000c032a830,0x00000000c5400000)
 Metaspace       used 5926K, capacity 6960K, committed 7040K, reserved 1056768K
  class space    used 573K, capacity 616K, committed 640K, reserved 1048576K
Event: 3.553 GC heap after
Heap after GC invocations=2 (full 0):
 PSYoungGen      total 37888K, used 5111K [0x00000000eab00000, 0x00000000ef500000, 0x0000000100000000)
  eden space 32768K, 0% used [0x00000000eab00000,0x00000000eab00000,0x00000000ecb00000)
  from space 5120K, 99% used [0x00000000ed000000,0x00000000ed4fdfd8,0x00000000ed500000)
  to   space 5120K, 0% used [0x00000000ecb00000,0x00000000ecb00000,0x00000000ed000000)
 ParOldGen       total 86016K, used 9557K [0x00000000c0000000, 0x00000000c5400000, 0x00000000eab00000)
  object space 86016K, 11% used [0x00000000c0000000,0x00000000c0955648,0x00000000c5400000)
 Metaspace       used 5926K, capacity 6960K, committed 7040K, reserved 1056768K
  class space    used 573K, capacity 616K, committed 640K, reserved 1048576K
}

Deoptimization events (10 events):
Event: 2.998 Thread 0x00000000166ac000 Uncommon trap: reason=unstable_if action=reinterpret pc=0x0000000002a2aac4 method=com.android.dx.cf.code.RopperMachine.jopToRopOpcode(ILcom/android/dx/rop/cst/Constant;)I @ 1044
Event: 3.001 Thread 0x00000000166ac000 Uncommon trap: reason=uninitialized action=reinterpret pc=0x00000000029ca9e4 method=com.android.dx.cf.code.BytecodeArray.parseInstruction(ILcom/android/dx/cf/code/BytecodeArray$Visitor;)I @ 1047
Event: 3.562 Thread 0x00000000165bf800 Uncommon trap: reason=unstable_if action=reinterpret pc=0x00000000029318f8 method=com.android.dx.dex.code.OutputFinisher.hasLocalInfo(Lcom/android/dx/dex/code/DalvInsn;)Z @ 24
Event: 3.606 Thread 0x00000000165c8000 Uncommon trap: reason=unstable_if action=reinterpret pc=0x0000000002aa1550 method=com.android.dx.ssa.SsaRenamer$BlockRenamer.addMapping(ILcom/android/dx/rop/code/RegisterSpec;)V @ 120
Event: 3.606 Thread 0x00000000165c8000 Uncommon trap: reason=bimorphic action=maybe_recompile pc=0x00000000028d30c8 method=java.util.HashMap.putVal(ILjava/lang/Object;Ljava/lang/Object;ZZ)Ljava/lang/Object; @ 91
Event: 3.626 Thread 0x00000000166ad000 Uncommon trap: reason=unstable_if action=reinterpret pc=0x0000000002a9a210 method=com.android.dx.ssa.SsaRenamer$BlockRenamer.addMapping(ILcom/android/dx/rop/code/RegisterSpec;)V @ 120
Event: 3.643 Thread 0x00000000165c8000 Uncommon trap: reason=bimorphic action=maybe_recompile pc=0x00000000028d30c8 method=java.util.HashMap.putVal(ILjava/lang/Object;Ljava/lang/Object;ZZ)Ljava/lang/Object; @ 91
Event: 3.667 Thread 0x00000000165c8000 Uncommon trap: reason=unstable_if action=reinterpret pc=0x0000000002888cb0 method=com.android.dx.ssa.SsaRenamer$BlockRenamer.addMapping(ILcom/android/dx/rop/code/RegisterSpec;)V @ 120
Event: 3.669 Thread 0x00000000165c8000 Uncommon trap: reason=bimorphic action=maybe_recompile pc=0x00000000028d30c8 method=java.util.HashMap.putVal(ILjava/lang/Object;Ljava/lang/Object;ZZ)Ljava/lang/Object; @ 91
Event: 3.669 Thread 0x00000000165c8000 Uncommon trap: reason=bimorphic action=maybe_recompile pc=0x00000000028d30c8 method=java.util.HashMap.putVal(ILjava/lang/Object;Ljava/lang/Object;ZZ)Ljava/lang/Object; @ 91

Classes redefined (0 events):
No events

Internal exceptions (2 events):
Event: 0.064 Thread 0x00000000023fe000 Exception <a 'java/lang/NoSuchMethodError': Method sun.misc.Unsafe.defineClass(Ljava/lang/String;[BII)Ljava/lang/Class; name or signature does not match> (0x00000000eab07ca8) thrown at [D:\src\AOSP-openjdk-cygwin\jdk8u\hotspot\src\share\vm\prims\jni.cpp, 
Event: 0.064 Thread 0x00000000023fe000 Exception <a 'java/lang/NoSuchMethodError': Method sun.misc.Unsafe.prefetchRead(Ljava/lang/Object;J)V name or signature does not match> (0x00000000eab07f90) thrown at [D:\src\AOSP-openjdk-cygwin\jdk8u\hotspot\src\share\vm\prims\jni.cpp, line 4011]

Events (10 events):
Event: 3.669 Thread 0x00000000165c8000 Uncommon trap: trap_request=0xffffffc6 fr.pc=0x00000000028d30c8
Event: 3.669 Thread 0x00000000165c8000 DEOPT PACKING pc=0x00000000028d30c8 sp=0x0000000016e4eac0
Event: 3.669 Thread 0x00000000165c8000 DEOPT UNPACKING pc=0x000000000257557b sp=0x0000000016e4ea48 mode 2
Event: 3.669 Thread 0x00000000165c8000 Uncommon trap: trap_request=0xffffffc6 fr.pc=0x00000000028d30c8
Event: 3.669 Thread 0x00000000165c8000 DEOPT PACKING pc=0x00000000028d30c8 sp=0x0000000016e4eac0
Event: 3.669 Thread 0x00000000165c8000 DEOPT UNPACKING pc=0x000000000257557b sp=0x0000000016e4ea48 mode 2
Event: 3.680 loading class java/util/HashMap$KeySet
Event: 3.680 loading class java/util/HashMap$KeySet done
Event: 3.680 loading class java/util/HashMap$KeyIterator
Event: 3.680 loading class java/util/HashMap$KeyIterator done


Dynamic libraries:
0x00007ff731310000 - 0x00007ff731341000 	C:\Program Files\Android\android-studio\jre\bin\java.exe
0x00007ffcc0430000 - 0x00007ffcc0611000 	C:\WINDOWS\SYSTEM32\ntdll.dll
0x00007ffcbdc10000 - 0x00007ffcbdcc2000 	C:\WINDOWS\System32\KERNEL32.DLL
0x00007ffcbd450000 - 0x00007ffcbd6c3000 	C:\WINDOWS\System32\KERNELBASE.dll
0x00007ffcbfe70000 - 0x00007ffcbff11000 	C:\WINDOWS\System32\ADVAPI32.dll
0x00007ffcbdf30000 - 0x00007ffcbdfce000 	C:\WINDOWS\System32\msvcrt.dll
0x00007ffcbe420000 - 0x00007ffcbe47b000 	C:\WINDOWS\System32\sechost.dll
0x00007ffcbd8c0000 - 0x00007ffcbd9e4000 	C:\WINDOWS\System32\RPCRT4.dll
0x00007ffcc0210000 - 0x00007ffcc03a0000 	C:\WINDOWS\System32\USER32.dll
0x00007ffcbd3b0000 - 0x00007ffcbd3d0000 	C:\WINDOWS\System32\win32u.dll
0x00007ffcbdd70000 - 0x00007ffcbdd98000 	C:\WINDOWS\System32\GDI32.dll
0x00007ffcbd210000 - 0x00007ffcbd3a2000 	C:\WINDOWS\System32\gdi32full.dll
0x00007ffcbc800000 - 0x00007ffcbc89f000 	C:\WINDOWS\System32\msvcp_win.dll
0x00007ffcbd110000 - 0x00007ffcbd20a000 	C:\WINDOWS\System32\ucrtbase.dll
0x00007ffcae320000 - 0x00007ffcae589000 	C:\WINDOWS\WinSxS\amd64_microsoft.windows.common-controls_6595b64144ccf1df_6.0.17134.228_none_fb4599993062b194\COMCTL32.dll
0x00007ffcbfb40000 - 0x00007ffcbfe63000 	C:\WINDOWS\System32\combase.dll
0x00007ffcbd3d0000 - 0x00007ffcbd44a000 	C:\WINDOWS\System32\bcryptPrimitives.dll
0x00007ffcbda80000 - 0x00007ffcbdaad000 	C:\WINDOWS\System32\IMM32.DLL
0x0000000070ee0000 - 0x0000000070fb2000 	C:\Program Files\Android\android-studio\jre\jre\bin\msvcr100.dll
0x00000000710a0000 - 0x00000000718df000 	C:\Program Files\Android\android-studio\jre\jre\bin\server\jvm.dll
0x00007ffcbde70000 - 0x00007ffcbde78000 	C:\WINDOWS\System32\PSAPI.DLL
0x00007ffcbb340000 - 0x00007ffcbb349000 	C:\WINDOWS\SYSTEM32\WSOCK32.dll
0x00007ffcbf8c0000 - 0x00007ffcbf92c000 	C:\WINDOWS\System32\WS2_32.dll
0x00007ffcb8940000 - 0x00007ffcb8963000 	C:\WINDOWS\SYSTEM32\WINMM.dll
0x00007ffcb7370000 - 0x00007ffcb737a000 	C:\WINDOWS\SYSTEM32\VERSION.dll
0x00007ffcb8910000 - 0x00007ffcb893a000 	C:\WINDOWS\SYSTEM32\WINMMBASE.dll
0x00007ffcbcfb0000 - 0x00007ffcbcff9000 	C:\WINDOWS\System32\cfgmgr32.dll
0x00007ffcb73d0000 - 0x00007ffcb73df000 	C:\Program Files\Android\android-studio\jre\jre\bin\verify.dll
0x00007ffcaae10000 - 0x00007ffcaae39000 	C:\Program Files\Android\android-studio\jre\jre\bin\java.dll
0x00007ffcb7380000 - 0x00007ffcb7396000 	C:\Program Files\Android\android-studio\jre\jre\bin\zip.dll
0x00007ffcbe480000 - 0x00007ffcbf8c0000 	C:\WINDOWS\System32\SHELL32.dll
0x00007ffcbde80000 - 0x00007ffcbdf29000 	C:\WINDOWS\System32\shcore.dll
0x00007ffcbc8a0000 - 0x00007ffcbcfad000 	C:\WINDOWS\System32\windows.storage.dll
0x00007ffcc03a0000 - 0x00007ffcc03f1000 	C:\WINDOWS\System32\shlwapi.dll
0x00007ffcbc7c0000 - 0x00007ffcbc7d1000 	C:\WINDOWS\System32\kernel.appcore.dll
0x00007ffcbc740000 - 0x00007ffcbc75f000 	C:\WINDOWS\System32\profapi.dll
0x00007ffcbc760000 - 0x00007ffcbc7ac000 	C:\WINDOWS\System32\powrprof.dll
0x00007ffcbc7b0000 - 0x00007ffcbc7ba000 	C:\WINDOWS\System32\FLTLIB.DLL

VM Arguments:
jvm_args: -Djava.awt.headless=true -Xmx1024M -Dfile.encoding=windows-1252 -Duser.country=IN -Duser.language=en -Duser.variant 
java_command: com.android.dx.command.Main --dex --force-jumbo --num-threads=4 --multi-dex --output C:\Users\yashn\Desktop\s1coeptk app working\Offline\template\app\build\intermediates\transforms\dex\debug\folders\1000\5\slice_8 C:\Users\yashn\Desktop\s1coeptk app working\Offline\template\app\build\intermediates\transforms\instantRunSlicer\debug\folders\1\5\slice_8
java_class_path (initial): C:\Users\yashn\AppData\Local\Android\Sdk\build-tools\25.0.0\lib\dx.jar
Launcher Type: SUN_STANDARD

Environment Variables:
JAVA_HOME=C:\Program Files\Java\jdk1.8.0_152\bin
PATH=C:\ProgramData\Oracle\Java\javapath;C:\WINDOWS\system32;C:\WINDOWS;C:\WINDOWS\System32\Wbem;C:\WINDOWS\System32\WindowsPowerShell\v1.0\;C:\Program Files\nodejs\;C:\Program Files (x86)\Windows Live\Shared;C:\Program Files (x86)\Heroku\bin;C:\Program Files (x86)\git\cmd;C:\Program Files (x86)\Git\cmd;C:\Program Files (x86)\OpenSSH\bin;C:\WINDOWS\System32\OpenSSH\;C:\Program Files (x86)\QuickTime\QTSystem\;C:\Users\yashn\AppData\Local\Microsoft\WindowsApps;C:\Program Files (x86)\Java\jdk1.8.0_51\bin;C:\Program Files\Heroku\bin;C:\Users\yashn\AppData\Roaming\npm;C:\Users\yashn\AppData\Local\Microsoft\WindowsApps;C:\Users\yashn\AppData\Local\now-cli;C:\Users\yashn\AppData\Local\atom\bin
USERNAME=yashn
OS=Windows_NT
PROCESSOR_IDENTIFIER=Intel64 Family 6 Model 78 Stepping 3, GenuineIntel



---------------  S Y S T E M  ---------------

OS: Windows 10.0 , 64 bit Build 17134 (10.0.17134.1)

CPU:total 4 (initial active 4) (2 cores per cpu, 2 threads per core) family 6 model 78 stepping 3, cmov, cx8, fxsr, mmx, sse, sse2, sse3, ssse3, sse4.1, sse4.2, popcnt, avx, avx2, aes, clmul, erms, 3dnowpref, lzcnt, ht, tsc, tscinvbit, bmi1, bmi2, adx

Memory: 4k page, physical 8242448k(979664k free), swap 10290448k(3716k free)

vm_info: OpenJDK 64-Bit Server VM (25.152-b02) for windows-amd64 JRE (1.8.0_152-release-1024-b02), built by "builder" with MS VC++ 10.0 (VS2010)

time: Wed Aug 15 22:53:33 2018
elapsed time: 4 seconds (0d 0h 0m 4s)

