#
# There is insufficient memory for the Java Runtime Environment to continue.
# Native memory allocation (malloc) failed to allocate 1096976 bytes for Chunk::new
# Possible reasons:
#   The system is out of physical RAM or swap space
#   In 32 bit mode, the process size limit was hit
# Possible solutions:
#   Reduce memory load on the system
#   Increase physical memory or swap space
#   Check if swap backing store is full
#   Use 64 bit Java on a 64 bit OS
#   Decrease Java heap size (-Xmx/-Xms)
#   Decrease number of Java threads
#   Decrease Java thread stack sizes (-Xss)
#   Set larger code cache with -XX:ReservedCodeCacheSize=
# This output file may be truncated or incomplete.
#
#  Out of Memory Error (allocation.cpp:390), pid=6548, tid=0x000000000000193c
#
# JRE version: OpenJDK Runtime Environment (8.0_152-b02) (build 1.8.0_152-release-1024-b02)
# Java VM: OpenJDK 64-Bit Server VM (25.152-b02 mixed mode windows-amd64 compressed oops)
# Failed to write core dump. Minidumps are not enabled by default on client versions of Windows
#

---------------  T H R E A D  ---------------

Current thread (0x000000001585b800):  JavaThread "C2 CompilerThread0" daemon [_thread_in_native, id=6460, stack(0x0000000016ea0000,0x0000000016fa0000)]

Stack: [0x0000000016ea0000,0x0000000016fa0000]
[error occurred during error reporting (printing stack bounds), id 0xc0000005]

Native frames: (J=compiled Java code, j=interpreted, Vv=VM code, C=native code)


Current CompileTask:
C2:   3468 1448   !   4       com.android.dx.cf.code.BytecodeArray::parseInstruction (2764 bytes)


---------------  P R O C E S S  ---------------

Java Threads: ( => current thread )
  0x000000001747d000 JavaThread "pool-1-thread-4" [_thread_blocked, id=6564, stack(0x0000000017ba0000,0x0000000017ca0000)]
  0x000000001747c800 JavaThread "pool-1-thread-3" [_thread_blocked, id=12516, stack(0x0000000017aa0000,0x0000000017ba0000)]
  0x000000001747b800 JavaThread "pool-1-thread-2" [_thread_blocked, id=7540, stack(0x00000000179a0000,0x0000000017aa0000)]
  0x00000000173fc800 JavaThread "pool-2-thread-1" [_thread_blocked, id=16820, stack(0x00000000178a0000,0x00000000179a0000)]
  0x00000000173f4800 JavaThread "pool-1-thread-1" [_thread_blocked, id=1548, stack(0x00000000177a0000,0x00000000178a0000)]
  0x00000000171ae000 JavaThread "Service Thread" daemon [_thread_blocked, id=2392, stack(0x00000000175a0000,0x00000000176a0000)]
  0x00000000158bd800 JavaThread "C1 CompilerThread2" daemon [_thread_blocked, id=5984, stack(0x00000000170a0000,0x00000000171a0000)]
  0x00000000158b2000 JavaThread "C2 CompilerThread1" daemon [_thread_blocked, id=2880, stack(0x0000000016fa0000,0x00000000170a0000)]
=>0x000000001585b800 JavaThread "C2 CompilerThread0" daemon [_thread_in_native, id=6460, stack(0x0000000016ea0000,0x0000000016fa0000)]
  0x000000001585a000 JavaThread "Attach Listener" daemon [_thread_blocked, id=15368, stack(0x0000000016da0000,0x0000000016ea0000)]
  0x0000000015859000 JavaThread "Signal Dispatcher" daemon [_thread_blocked, id=19168, stack(0x0000000016ca0000,0x0000000016da0000)]
  0x0000000003187000 JavaThread "Finalizer" daemon [_thread_blocked, id=5892, stack(0x0000000016ab0000,0x0000000016bb0000)]
  0x0000000003181800 JavaThread "Reference Handler" daemon [_thread_blocked, id=9652, stack(0x00000000169b0000,0x0000000016ab0000)]
  0x0000000002f8e000 JavaThread "main" [_thread_blocked, id=18992, stack(0x0000000002f90000,0x0000000003090000)]

Other Threads:
  0x0000000015825000 VMThread [stack: 0x00000000168b0000,0x00000000169b0000] [id=1860]
  0x00000000171a3800 WatcherThread [stack: 0x00000000176a0000,0x00000000177a0000] [id=17812]

VM state:at safepoint (normal execution)

VM Mutex/Monitor currently owned by a thread:  ([mutex/lock_event])
[0x0000000002f8d2e0] Threads_lock - owner thread: 0x0000000015825000
[0x0000000002f8d5e0] Heap_lock - owner thread: 0x00000000173f4800

Heap:
 PSYoungGen      total 37888K, used 37877K [0x00000000eab00000, 0x00000000ef500000, 0x0000000100000000)
  eden space 32768K, 100% used [0x00000000eab00000,0x00000000ecb00000,0x00000000ecb00000)
  from space 5120K, 99% used [0x00000000ecb00000,0x00000000ecffd420,0x00000000ed000000)
  to   space 5120K, 99% used [0x00000000ef000000,0x00000000ef4f9bb0,0x00000000ef500000)
 ParOldGen       total 86016K, used 6053K [0x00000000c0000000, 0x00000000c5400000, 0x00000000eab00000)
  object space 86016K, 7% used [0x00000000c0000000,0x00000000c05e97b8,0x00000000c5400000)
 Metaspace       used 6200K, capacity 7090K, committed 7296K, reserved 1056768K
  class space    used 598K, capacity 618K, committed 640K, reserved 1048576K

Card table byte_map: [0x0000000012550000,0x0000000012760000] byte_map_base: 0x0000000011f50000

Marking Bits: (ParMarkBitMap*) 0x0000000071864970
 Begin Bits: [0x0000000012cc0000, 0x0000000013cc0000)
 End Bits:   [0x0000000013cc0000, 0x0000000014cc0000)

Polling page: 0x0000000001690000

CodeCache: size=245760Kb used=6186Kb max_used=6186Kb free=239573Kb
 bounds [0x0000000003190000, 0x00000000037a0000, 0x0000000012190000]
 total_blobs=1775 nmethods=1513 adapters=176
 compilation: enabled

Compilation events (10 events):
Event: 3.193 Thread 0x00000000158bd800 nmethod 1525 0x0000000003796b90 code [0x0000000003796d40, 0x0000000003797178]
Event: 3.194 Thread 0x00000000158bd800 1526       2       com.android.dx.rop.cst.CstString::stringToUtf8Bytes (175 bytes)
Event: 3.194 Thread 0x00000000158bd800 nmethod 1526 0x0000000003796110 code [0x00000000037962a0, 0x00000000037967d8]
Event: 3.384 Thread 0x00000000158bd800 1527       2       java.util.Collections$UnmodifiableList::get (11 bytes)
Event: 3.384 Thread 0x00000000158bd800 nmethod 1527 0x0000000003795d90 code [0x0000000003795f00, 0x0000000003796088]
Event: 3.388 Thread 0x00000000158bd800 1529       2       com.android.dx.cf.code.Ropper::addReturnBlock (228 bytes)
Event: 3.390 Thread 0x00000000158bd800 nmethod 1529 0x000000000379c990 code [0x000000000379cd00, 0x000000000379df28]
Event: 3.390 Thread 0x00000000158bd800 1531       2       com.android.dx.cf.code.Frame::initializeWithParameters (49 bytes)
Event: 3.391 Thread 0x00000000158bd800 nmethod 1531 0x0000000003795710 code [0x00000000037958a0, 0x0000000003795b48]
Event: 3.391 Thread 0x00000000158bd800 1532       2       com.android.dx.cf.code.Ropper::addSetupBlocks (535 bytes)

GC Heap History (3 events):
Event: 1.933 GC heap before
{Heap before GC invocations=1 (full 0):
 PSYoungGen      total 37888K, used 32768K [0x00000000eab00000, 0x00000000ed500000, 0x0000000100000000)
  eden space 32768K, 100% used [0x00000000eab00000,0x00000000ecb00000,0x00000000ecb00000)
  from space 5120K, 0% used [0x00000000ed000000,0x00000000ed000000,0x00000000ed500000)
  to   space 5120K, 0% used [0x00000000ecb00000,0x00000000ecb00000,0x00000000ed000000)
 ParOldGen       total 86016K, used 0K [0x00000000c0000000, 0x00000000c5400000, 0x00000000eab00000)
  object space 86016K, 0% used [0x00000000c0000000,0x00000000c0000000,0x00000000c5400000)
 Metaspace       used 5944K, capacity 6960K, committed 7040K, reserved 1056768K
  class space    used 579K, capacity 616K, committed 640K, reserved 1048576K
Event: 2.297 GC heap after
Heap after GC invocations=1 (full 0):
 PSYoungGen      total 37888K, used 5109K [0x00000000eab00000, 0x00000000ef500000, 0x0000000100000000)
  eden space 32768K, 0% used [0x00000000eab00000,0x00000000eab00000,0x00000000ecb00000)
  from space 5120K, 99% used [0x00000000ecb00000,0x00000000ecffd420,0x00000000ed000000)
  to   space 5120K, 0% used [0x00000000ef000000,0x00000000ef000000,0x00000000ef500000)
 ParOldGen       total 86016K, used 1931K [0x00000000c0000000, 0x00000000c5400000, 0x00000000eab00000)
  object space 86016K, 2% used [0x00000000c0000000,0x00000000c01e2fe0,0x00000000c5400000)
 Metaspace       used 5944K, capacity 6960K, committed 7040K, reserved 1056768K
  class space    used 579K, capacity 616K, committed 640K, reserved 1048576K
}
Event: 3.393 GC heap before
{Heap before GC invocations=2 (full 0):
 PSYoungGen      total 37888K, used 37877K [0x00000000eab00000, 0x00000000ef500000, 0x0000000100000000)
  eden space 32768K, 100% used [0x00000000eab00000,0x00000000ecb00000,0x00000000ecb00000)
  from space 5120K, 99% used [0x00000000ecb00000,0x00000000ecffd420,0x00000000ed000000)
  to   space 5120K, 0% used [0x00000000ef000000,0x00000000ef000000,0x00000000ef500000)
 ParOldGen       total 86016K, used 1931K [0x00000000c0000000, 0x00000000c5400000, 0x00000000eab00000)
  object space 86016K, 2% used [0x00000000c0000000,0x00000000c01e2fe0,0x00000000c5400000)
 Metaspace       used 6200K, capacity 7090K, committed 7296K, reserved 1056768K
  class space    used 598K, capacity 618K, committed 640K, reserved 1048576K

Deoptimization events (10 events):
Event: 2.470 Thread 0x000000001747d000 Uncommon trap: reason=unstable_if action=reinterpret pc=0x00000000033f5dd4 method=java.util.HashMap.getNode(ILjava/lang/Object;)Ljava/util/HashMap$Node; @ 84
Event: 2.470 Thread 0x000000001747d000 Uncommon trap: reason=unstable_if action=reinterpret pc=0x00000000036302dc method=java.util.HashMap.putVal(ILjava/lang/Object;Ljava/lang/Object;ZZ)Ljava/lang/Object; @ 109
Event: 3.085 Thread 0x000000001747c800 Uncommon trap: reason=class_check action=maybe_recompile pc=0x000000000372f6b0 method=com.android.dx.cf.code.BytecodeArray.parseInstruction(ILcom/android/dx/cf/code/BytecodeArray$Visitor;)I @ 987
Event: 3.087 Thread 0x000000001747c800 Uncommon trap: reason=class_check action=maybe_recompile pc=0x000000000372f6b0 method=com.android.dx.cf.code.BytecodeArray.parseInstruction(ILcom/android/dx/cf/code/BytecodeArray$Visitor;)I @ 987
Event: 3.092 Thread 0x000000001747c800 Uncommon trap: reason=class_check action=maybe_recompile pc=0x000000000372f6b0 method=com.android.dx.cf.code.BytecodeArray.parseInstruction(ILcom/android/dx/cf/code/BytecodeArray$Visitor;)I @ 987
Event: 3.092 Thread 0x000000001747c800 Uncommon trap: reason=class_check action=maybe_recompile pc=0x000000000372f6b0 method=com.android.dx.cf.code.BytecodeArray.parseInstruction(ILcom/android/dx/cf/code/BytecodeArray$Visitor;)I @ 987
Event: 3.142 Thread 0x000000001747b800 Uncommon trap: reason=unstable_if action=reinterpret pc=0x00000000034958d8 method=com.android.dx.rop.code.LocalItem.hashCode()I @ 25
Event: 3.142 Thread 0x000000001747b800 Uncommon trap: reason=unstable_if action=reinterpret pc=0x000000000378550c method=com.android.dx.rop.code.LocalItem.hashCode()I @ 25
Event: 3.162 Thread 0x0000000002f8e000 Uncommon trap: reason=null_check action=make_not_entrant pc=0x000000000351d1a8 method=com.android.dx.rop.type.Type.equals(Ljava/lang/Object;)Z @ 8
Event: 3.168 Thread 0x0000000002f8e000 Uncommon trap: reason=unstable_if action=reinterpret pc=0x0000000003798838 method=com.android.dx.rop.code.LocalItem.hashCode()I @ 25

Classes redefined (0 events):
No events

Internal exceptions (7 events):
Event: 0.068 Thread 0x0000000002f8e000 Exception <a 'java/lang/NoSuchMethodError': Method sun.misc.Unsafe.defineClass(Ljava/lang/String;[BII)Ljava/lang/Class; name or signature does not match> (0x00000000eab07ca8) thrown at [D:\src\AOSP-openjdk-cygwin\jdk8u\hotspot\src\share\vm\prims\jni.cpp, 
Event: 0.068 Thread 0x0000000002f8e000 Exception <a 'java/lang/NoSuchMethodError': Method sun.misc.Unsafe.prefetchRead(Ljava/lang/Object;J)V name or signature does not match> (0x00000000eab07f90) thrown at [D:\src\AOSP-openjdk-cygwin\jdk8u\hotspot\src\share\vm\prims\jni.cpp, line 4011]
Event: 1.739 Thread 0x0000000002f8e000 Implicit null exception at 0x000000000348c6e5 to 0x000000000348ec45
Event: 2.455 Thread 0x000000001747d000 Exception <a 'java/lang/ArrayIndexOutOfBoundsException': 18> (0x00000000eb57deb0) thrown at [D:\src\AOSP-openjdk-cygwin\jdk8u\hotspot\src\share\vm\interpreter\interpreterRuntime.cpp, line 366]
Event: 2.456 Thread 0x000000001747d000 Exception <a 'java/lang/ArrayIndexOutOfBoundsException': 145> (0x00000000eb57fa30) thrown at [D:\src\AOSP-openjdk-cygwin\jdk8u\hotspot\src\share\vm\interpreter\interpreterRuntime.cpp, line 366]
Event: 2.464 Thread 0x000000001747d000 Exception <a 'java/lang/ArrayIndexOutOfBoundsException'> (0x00000000eb580d18) thrown at [D:\src\AOSP-openjdk-cygwin\jdk8u\hotspot\src\share\vm\runtime\sharedRuntime.cpp, line 605]
Event: 3.162 Thread 0x0000000002f8e000 Implicit null exception at 0x000000000351d0a2 to 0x000000000351d19a

Events (10 events):
Event: 3.142 Thread 0x000000001747b800 Uncommon trap: trap_request=0xffffff65 fr.pc=0x000000000378550c
Event: 3.142 Thread 0x000000001747b800 DEOPT PACKING pc=0x000000000378550c sp=0x0000000017a9ded0
Event: 3.142 Thread 0x000000001747b800 DEOPT UNPACKING pc=0x00000000031d557b sp=0x0000000017a9db08 mode 2
Event: 3.162 Thread 0x0000000002f8e000 Uncommon trap: trap_request=0xfffffff4 fr.pc=0x000000000351d1a8
Event: 3.162 Thread 0x0000000002f8e000 DEOPT PACKING pc=0x000000000351d1a8 sp=0x000000000308e360
Event: 3.162 Thread 0x0000000002f8e000 DEOPT UNPACKING pc=0x00000000031d557b sp=0x000000000308e2e8 mode 2
Event: 3.168 Thread 0x0000000002f8e000 Uncommon trap: trap_request=0xffffff65 fr.pc=0x0000000003798838
Event: 3.168 Thread 0x0000000002f8e000 DEOPT PACKING pc=0x0000000003798838 sp=0x000000000308e5a0
Event: 3.168 Thread 0x0000000002f8e000 DEOPT UNPACKING pc=0x00000000031d557b sp=0x000000000308e308 mode 2
Event: 3.393 Executing VM operation: ParallelGCFailedAllocation


Dynamic libraries:
0x00007ff731310000 - 0x00007ff731341000 	C:\Program Files\Android\android-studio\jre\bin\java.exe
0x00007ffcc0430000 - 0x00007ffcc0611000 	C:\WINDOWS\SYSTEM32\ntdll.dll
0x00007ffcbdc10000 - 0x00007ffcbdcc2000 	C:\WINDOWS\System32\KERNEL32.DLL
0x00007ffcbd450000 - 0x00007ffcbd6c3000 	C:\WINDOWS\System32\KERNELBASE.dll
0x00007ffcbfe70000 - 0x00007ffcbff11000 	C:\WINDOWS\System32\ADVAPI32.dll
0x00007ffcbdf30000 - 0x00007ffcbdfce000 	C:\WINDOWS\System32\msvcrt.dll
0x00007ffcbe420000 - 0x00007ffcbe47b000 	C:\WINDOWS\System32\sechost.dll
0x00007ffcbd8c0000 - 0x00007ffcbd9e4000 	C:\WINDOWS\System32\RPCRT4.dll
0x00007ffcc0210000 - 0x00007ffcc03a0000 	C:\WINDOWS\System32\USER32.dll
0x00007ffcbd3b0000 - 0x00007ffcbd3d0000 	C:\WINDOWS\System32\win32u.dll
0x00007ffcbdd70000 - 0x00007ffcbdd98000 	C:\WINDOWS\System32\GDI32.dll
0x00007ffcbd210000 - 0x00007ffcbd3a2000 	C:\WINDOWS\System32\gdi32full.dll
0x00007ffcbc800000 - 0x00007ffcbc89f000 	C:\WINDOWS\System32\msvcp_win.dll
0x00007ffcbd110000 - 0x00007ffcbd20a000 	C:\WINDOWS\System32\ucrtbase.dll
0x00007ffcae320000 - 0x00007ffcae589000 	C:\WINDOWS\WinSxS\amd64_microsoft.windows.common-controls_6595b64144ccf1df_6.0.17134.228_none_fb4599993062b194\COMCTL32.dll
0x00007ffcbfb40000 - 0x00007ffcbfe63000 	C:\WINDOWS\System32\combase.dll
0x00007ffcbd3d0000 - 0x00007ffcbd44a000 	C:\WINDOWS\System32\bcryptPrimitives.dll
0x00007ffcbda80000 - 0x00007ffcbdaad000 	C:\WINDOWS\System32\IMM32.DLL
0x0000000070ee0000 - 0x0000000070fb2000 	C:\Program Files\Android\android-studio\jre\jre\bin\msvcr100.dll
0x00000000710a0000 - 0x00000000718df000 	C:\Program Files\Android\android-studio\jre\jre\bin\server\jvm.dll
0x00007ffcbde70000 - 0x00007ffcbde78000 	C:\WINDOWS\System32\PSAPI.DLL
0x00007ffcbb340000 - 0x00007ffcbb349000 	C:\WINDOWS\SYSTEM32\WSOCK32.dll
0x00007ffcbf8c0000 - 0x00007ffcbf92c000 	C:\WINDOWS\System32\WS2_32.dll
0x00007ffcb8940000 - 0x00007ffcb8963000 	C:\WINDOWS\SYSTEM32\WINMM.dll
0x00007ffcb7370000 - 0x00007ffcb737a000 	C:\WINDOWS\SYSTEM32\VERSION.dll
0x00007ffcb8910000 - 0x00007ffcb893a000 	C:\WINDOWS\SYSTEM32\WINMMBASE.dll
0x00007ffcbcfb0000 - 0x00007ffcbcff9000 	C:\WINDOWS\System32\cfgmgr32.dll
0x00007ffcb73d0000 - 0x00007ffcb73df000 	C:\Program Files\Android\android-studio\jre\jre\bin\verify.dll
0x00007ffcaae10000 - 0x00007ffcaae39000 	C:\Program Files\Android\android-studio\jre\jre\bin\java.dll
0x00007ffcb7380000 - 0x00007ffcb7396000 	C:\Program Files\Android\android-studio\jre\jre\bin\zip.dll
0x00007ffcbe480000 - 0x00007ffcbf8c0000 	C:\WINDOWS\System32\SHELL32.dll
0x00007ffcbde80000 - 0x00007ffcbdf29000 	C:\WINDOWS\System32\shcore.dll
0x00007ffcbc8a0000 - 0x00007ffcbcfad000 	C:\WINDOWS\System32\windows.storage.dll
0x00007ffcc03a0000 - 0x00007ffcc03f1000 	C:\WINDOWS\System32\shlwapi.dll
0x00007ffcbc7c0000 - 0x00007ffcbc7d1000 	C:\WINDOWS\System32\kernel.appcore.dll
0x00007ffcbc740000 - 0x00007ffcbc75f000 	C:\WINDOWS\System32\profapi.dll
0x00007ffcbc760000 - 0x00007ffcbc7ac000 	C:\WINDOWS\System32\powrprof.dll
0x00007ffcbc7b0000 - 0x00007ffcbc7ba000 	C:\WINDOWS\System32\FLTLIB.DLL

VM Arguments:
jvm_args: -Djava.awt.headless=true -Xmx1024M -Dfile.encoding=windows-1252 -Duser.country=IN -Duser.language=en -Duser.variant 
java_command: com.android.dx.command.Main --dex --num-threads=4 --output C:\Users\yashn\Desktop\s1coeptk app working\Offline\template\app\build\intermediates\pre-dexed\debug\com.android.support-support-core-ui-25.0.0_420a9552b7dbe09e5ef282be1078f357136ca427.jar C:\Users\yashn\Desktop\s1coeptk app working\Offline\template\app\build\intermediates\exploded-aar\com.android.support\support-core-ui\25.0.0\jars\classes.jar
java_class_path (initial): C:\Users\yashn\AppData\Local\Android\Sdk\build-tools\25.0.0\lib\dx.jar
Launcher Type: SUN_STANDARD

Environment Variables:
JAVA_HOME=C:\Program Files\Java\jdk1.8.0_152\bin
PATH=C:\ProgramData\Oracle\Java\javapath;C:\WINDOWS\system32;C:\WINDOWS;C:\WINDOWS\System32\Wbem;C:\WINDOWS\System32\WindowsPowerShell\v1.0\;C:\Program Files\nodejs\;C:\Program Files (x86)\Windows Live\Shared;C:\Program Files (x86)\Heroku\bin;C:\Program Files (x86)\git\cmd;C:\Program Files (x86)\Git\cmd;C:\Program Files (x86)\OpenSSH\bin;C:\WINDOWS\System32\OpenSSH\;C:\Program Files (x86)\QuickTime\QTSystem\;C:\Users\yashn\AppData\Local\Microsoft\WindowsApps;C:\Program Files (x86)\Java\jdk1.8.0_51\bin;C:\Program Files\Heroku\bin;C:\Users\yashn\AppData\Roaming\npm;C:\Users\yashn\AppData\Local\Microsoft\WindowsApps;C:\Users\yashn\AppData\Local\now-cli;C:\Users\yashn\AppData\Local\atom\bin
USERNAME=yashn
OS=Windows_NT
PROCESSOR_IDENTIFIER=Intel64 Family 6 Model 78 Stepping 3, GenuineIntel



---------------  S Y S T E M  ---------------

OS: Windows 10.0 , 64 bit Build 17134 (10.0.17134.1)

CPU:total 4 (initial active 4) (2 cores per cpu, 2 threads per core) family 6 model 78 stepping 3, cmov, cx8, fxsr, mmx, sse, sse2, sse3, ssse3, sse4.1, sse4.2, popcnt, avx, avx2, aes, clmul, erms, 3dnowpref, lzcnt, ht, tsc, tscinvbit, bmi1, bmi2, adx

Memory: 4k page, physical 8242448k(754760k free), swap 10290448k(3580k free)

vm_info: OpenJDK 64-Bit Server VM (25.152-b02) for windows-amd64 JRE (1.8.0_152-release-1024-b02), built by "builder" with MS VC++ 10.0 (VS2010)

time: Wed Aug 15 22:44:34 2018
elapsed time: 3 seconds (0d 0h 0m 3s)

