JvmtiExport can_access_local_variables 0
JvmtiExport can_hotswap_or_post_breakpoint 0
JvmtiExport can_post_on_exceptions 0
# 318 ciObject found
ciMethod java/lang/Object <init> ()V 4097 1 380577 0 0
ciMethod java/lang/Object hashCode ()I 2049 1 256 0 -1
ciMethod java/lang/Object equals (Ljava/lang/Object;)Z 3633 1 11791 0 -1
ciMethod java/lang/String <init> ([CII)V 2865 1 5516 0 704
ciMethod java/lang/String length ()I 3105 1 18082 0 0
ciMethod java/lang/String charAt (I)C 4097 1 44969 0 128
ciMethod java/lang/String getChars (II[CI)V 2505 1 9116 0 -1
ciMethod java/lang/String equals (Ljava/lang/Object;)Z 2241 12761 1781 0 -1
ciMethod java/lang/String startsWith (Ljava/lang/String;I)Z 2049 3473 4466 0 -1
ciMethod java/lang/String startsWith (Ljava/lang/String;)Z 2049 1 8061 0 -1
ciMethod java/lang/String hashCode ()I 2721 32769 1347 0 288
ciMethod java/lang/String indexOf (II)I 1145 41305 1612 0 384
ciMethod java/lang/String indexOfSupplementary (II)I 0 0 1 0 -1
ciMethod java/lang/String substring (I)Ljava/lang/String; 2177 1 3409 0 0
ciMethod java/lang/String substring (II)Ljava/lang/String; 2065 1 3790 0 0
ciMethod java/lang/System arraycopy (Ljava/lang/Object;ILjava/lang/Object;II)V 4097 1 512 0 -1
ciMethod java/lang/OutOfMemoryError <init> ()V 0 0 1 0 -1
ciMethod java/lang/AbstractStringBuilder ensureCapacityInternal (I)V 2641 1 12756 0 -1
ciMethod java/lang/AbstractStringBuilder newCapacity (I)I 689 1 6074 0 -1
ciMethod java/lang/AbstractStringBuilder hugeCapacity (I)I 0 0 1 0 -1
ciMethod java/lang/AbstractStringBuilder append (Ljava/lang/String;)Ljava/lang/AbstractStringBuilder; 2105 1 9121 0 -1
ciMethod java/lang/AbstractStringBuilder appendNull ()Ljava/lang/AbstractStringBuilder; 0 0 1 0 -1
ciMethod java/lang/StringBuilder <init> ()V 921 1 4857 0 -1
ciMethod java/lang/StringBuilder append (Ljava/lang/String;)Ljava/lang/StringBuilder; 1905 1 12014 0 -1
ciMethod java/lang/StringBuilder append (C)Ljava/lang/StringBuilder; 4097 1 2522 0 -1
ciMethod java/lang/StringBuilder append (I)Ljava/lang/StringBuilder; 0 0 7 0 -1
ciMethod java/lang/StringBuilder toString ()Ljava/lang/String; 1001 1 4868 0 -1
ciMethod java/lang/NullPointerException <init> (Ljava/lang/String;)V 0 0 1 0 -1
ciMethod java/util/HashMap hash (Ljava/lang/Object;)I 2049 1 52172 0 160
ciMethod java/util/HashMap get (Ljava/lang/Object;)Ljava/lang/Object; 18017 1 36251 0 1536
ciMethod java/util/HashMap getNode (ILjava/lang/Object;)Ljava/util/HashMap$Node; 23057 601 22162 0 1472
ciMethod java/util/HashMap put (Ljava/lang/Object;Ljava/lang/Object;)Ljava/lang/Object; 777 1 11860 0 0
ciMethod java/util/HashMap putVal (ILjava/lang/Object;Ljava/lang/Object;ZZ)Ljava/lang/Object; 801 25 7528 0 2048
ciMethod java/util/HashMap resize ()[Ljava/util/HashMap$Node; 161 2521 1295 0 -1
ciMethod java/util/HashMap treeifyBin ([Ljava/util/HashMap$Node;I)V 0 0 1 0 -1
ciMethod java/util/HashMap newNode (ILjava/lang/Object;Ljava/lang/Object;Ljava/util/HashMap$Node;)Ljava/util/HashMap$Node; 2241 1 5880 0 -1
ciMethod java/util/HashMap afterNodeAccess (Ljava/util/HashMap$Node;)V 4097 1 1562 0 -1
ciMethod java/util/HashMap afterNodeInsertion (Z)V 2241 1 1305 0 -1
ciMethod java/lang/Math max (II)I 273 1 36486 0 -1
ciMethod java/lang/Math min (II)I 2945 1 31604 0 -1
ciMethod java/util/Arrays copyOf ([JI)[J 33 1 338 0 -1
ciMethod java/util/Arrays copyOf ([CI)[C 913 1 7465 0 -1
ciMethod java/util/Arrays copyOfRange ([CII)[C 3073 1 5546 0 512
ciMethodData java/lang/Object <init> ()V 2 380577 orig 264 56 173 252 100 0 0 0 0 128 4 179 20 0 0 0 0 32 1 0 0 0 0 0 0 0 0 0 0 0 0 0 0 0 0 0 0 0 0 0 0 0 0 0 0 0 0 0 0 0 0 0 0 0 0 0 0 0 0 0 0 0 0 0 0 0 0 0 0 0 0 0 0 0 0 0 0 0 0 0 0 77 68 79 32 101 120 116 114 97 32 100 97 116 97 32 108 111 99 107 0 0 0 0 0 0 0 0 0 0 0 0 0 0 0 0 0 0 0 0 0 0 0 0 0 0 0 0 0 0 0 0 0 0 0 0 0 0 0 0 0 0 0 0 0 0 0 0 0 0 0 0 0 0 0 0 0 0 0 0 0 0 0 0 0 0 0 0 0 0 0 0 0 0 0 0 0 0 0 0 0 0 0 0 0 1 0 0 0 0 0 0 0 1 0 0 0 0 0 0 0 1 0 0 0 0 0 0 0 0 0 0 0 0 0 0 0 0 2 0 0 9 101 46 0 1 0 0 0 0 0 0 0 0 0 0 0 2 0 0 0 0 0 3 0 1 0 0 0 0 0 0 0 255 255 255 255 0 0 0 0 0 0 0 0 data 0 oops 0
ciMethod java/lang/IllegalArgumentException <init> (Ljava/lang/String;)V 0 0 1 0 -1
ciMethodData java/lang/String charAt (I)C 2 44981 orig 264 56 173 252 100 0 0 0 0 176 61 179 20 0 0 0 0 120 1 0 0 32 0 0 0 0 0 0 0 0 0 0 0 0 0 0 0 0 0 0 0 0 0 0 0 0 0 0 0 0 0 0 0 0 0 0 0 0 0 0 0 0 0 0 0 0 0 0 0 0 0 0 0 0 0 0 0 0 0 0 0 77 68 79 32 101 120 116 114 97 32 100 97 116 97 32 108 111 99 107 0 0 0 0 0 0 0 0 0 0 0 0 0 0 0 0 0 0 0 0 0 0 0 0 0 0 0 0 0 0 0 0 0 0 0 0 0 0 0 0 0 0 0 0 0 0 0 0 0 0 0 0 0 0 0 0 0 0 0 0 0 0 0 0 0 0 0 0 0 0 0 0 0 0 0 0 0 0 0 0 0 0 0 0 0 0 0 0 0 0 0 0 0 0 0 0 0 0 0 0 0 0 0 0 0 0 0 0 0 0 0 0 0 0 0 0 0 0 2 0 0 169 109 5 0 1 0 0 0 0 0 0 0 0 0 0 0 2 0 0 0 0 0 8 0 2 0 0 0 80 0 0 0 255 255 255 255 7 0 1 0 0 0 0 0 data 10 0x10007 0x0 0x40 0xadba 0xa0007 0xadb6 0x30 0x0 0x120002 0x0 oops 0
ciMethod java/util/HashMap$TreeNode getTreeNode (ILjava/lang/Object;)Ljava/util/HashMap$TreeNode; 0 0 1 0 -1
ciMethod java/util/HashMap$TreeNode putTreeVal (Ljava/util/HashMap;[Ljava/util/HashMap$Node;ILjava/lang/Object;Ljava/lang/Object;)Ljava/util/HashMap$TreeNode; 0 0 1 0 -1
ciMethod java/util/BitSet wordIndex (I)I 2073 1 37846 0 -1
ciMethod java/util/BitSet checkInvariants ()V 2097 1 5922 0 -1
ciMethod java/util/BitSet ensureCapacity (I)V 65 1 6927 0 -1
ciMethod java/util/BitSet expandTo (I)V 2049 1 17101 0 -1
ciMethod java/util/BitSet set (I)V 19473 1 15652 0 -1
ciMethodData java/lang/String hashCode ()I 2 20954 orig 264 56 173 252 100 0 0 0 0 0 80 179 20 0 0 0 0 152 1 0 0 32 0 0 0 0 0 0 0 0 0 0 0 0 0 0 0 0 0 0 0 0 0 0 0 0 0 0 0 0 0 0 0 0 0 0 0 0 0 0 0 0 0 0 0 0 0 0 0 0 0 0 0 0 0 0 0 0 0 0 0 77 68 79 32 101 120 116 114 97 32 100 97 116 97 32 108 111 99 107 0 0 0 0 0 0 0 0 0 0 0 0 0 0 0 0 0 0 0 0 0 0 0 0 0 0 0 0 0 0 0 0 0 0 0 0 0 0 0 0 0 0 0 0 0 0 0 0 0 0 0 0 0 0 0 0 0 0 0 0 0 0 0 0 0 0 0 0 0 0 0 0 0 0 0 0 0 0 0 0 0 0 0 0 0 1 0 0 0 0 0 0 0 0 0 0 0 0 0 0 0 1 0 0 0 0 0 0 0 0 0 0 0 0 0 0 0 0 16 0 0 121 31 0 0 209 14 2 0 0 0 0 0 0 0 0 0 2 0 0 0 1 0 11 0 2 0 0 0 120 0 0 0 255 255 255 255 7 0 6 0 0 0 0 0 data 15 0x60007 0x11c 0x78 0x2d3 0xe0007 0x1 0x58 0x2d2 0x1e0007 0x2d2 0x38 0x41c4 0x2d0003 0x41c4 0xffffffffffffffe0 oops 0
ciMethodData java/lang/String length ()I 2 18082 orig 264 56 173 252 100 0 0 0 0 96 60 179 20 0 0 0 0 32 1 0 0 0 0 0 0 0 0 0 0 0 0 0 0 0 0 0 0 0 0 0 0 0 0 0 0 0 0 0 0 0 0 0 0 0 0 0 0 0 0 0 0 0 0 0 0 0 0 0 0 0 0 0 0 0 0 0 0 0 0 0 0 77 68 79 32 101 120 116 114 97 32 100 97 116 97 32 108 111 99 107 0 0 0 0 0 0 0 0 0 0 0 0 0 0 0 0 0 0 0 0 0 0 0 0 0 0 0 0 0 0 0 0 0 0 0 0 0 0 0 0 0 0 0 0 0 0 0 0 0 0 0 0 0 0 0 0 0 0 0 0 0 0 0 0 0 0 0 0 0 0 0 0 0 0 0 0 0 0 0 0 0 0 0 0 0 0 0 0 0 0 0 0 0 0 0 0 0 0 0 0 0 0 0 0 0 0 0 0 0 0 0 0 0 0 0 0 0 132 1 0 0 241 40 2 0 1 0 0 0 0 0 0 0 0 0 0 0 2 0 0 0 0 0 3 0 1 0 0 0 0 0 0 0 255 255 255 255 0 0 0 0 0 0 0 0 data 0 oops 0
ciMethodData java/lang/AbstractStringBuilder ensureCapacityInternal (I)V 2 12756 orig 264 56 173 252 100 0 0 0 0 0 71 186 20 0 0 0 0 144 1 0 0 0 0 0 0 0 0 0 0 0 0 0 0 0 0 0 0 0 0 0 0 0 0 0 0 0 0 0 0 0 0 0 0 0 0 0 0 0 0 0 0 0 0 0 0 0 0 0 0 0 0 0 0 0 0 0 0 0 0 0 0 77 68 79 32 101 120 116 114 97 32 100 97 116 97 32 108 111 99 107 0 0 0 0 0 0 0 0 0 0 0 0 0 0 0 0 0 0 0 0 0 0 0 0 0 0 0 0 0 0 0 0 0 0 0 0 0 0 0 0 0 0 0 0 0 0 0 0 0 0 0 0 0 0 0 0 0 0 0 0 0 0 0 0 0 0 0 0 0 0 0 0 0 0 0 0 0 0 0 0 0 0 0 0 0 0 0 0 0 0 0 0 0 0 0 0 0 0 0 0 0 0 0 0 0 0 0 0 0 0 0 0 0 0 0 0 0 74 1 0 0 81 132 1 0 1 0 0 0 0 0 0 0 0 0 0 0 2 0 0 0 0 0 11 0 2 0 0 0 64 0 0 0 255 255 255 255 7 0 7 0 0 0 0 0 data 8 0x70007 0x1925 0x40 0x1765 0x110002 0x1765 0x140002 0x1765 oops 0
ciMethodData java/lang/AbstractStringBuilder newCapacity (I)I 2 6074 orig 264 56 173 252 100 0 0 0 0 192 71 186 20 0 0 0 0 176 1 0 0 64 0 0 0 0 0 0 0 0 0 0 0 0 0 0 0 0 0 0 0 0 0 0 0 0 0 0 0 0 0 0 0 0 0 0 0 0 0 0 0 0 0 0 0 0 0 0 0 0 0 0 0 0 0 0 0 0 0 0 0 77 68 79 32 101 120 116 114 97 32 100 97 116 97 32 108 111 99 107 0 0 0 0 0 0 0 0 0 0 0 0 0 0 0 0 0 0 0 0 0 0 0 0 0 0 0 0 0 0 0 0 0 0 0 0 0 0 0 0 0 0 0 0 0 0 0 0 0 0 0 0 0 0 0 0 0 0 0 0 0 0 0 0 0 0 0 0 0 0 0 0 0 0 0 0 0 0 0 0 0 0 0 0 0 0 0 0 0 0 0 0 0 0 0 0 0 0 0 0 0 0 0 0 0 0 0 0 0 0 0 0 0 0 0 0 0 86 0 0 0 33 187 0 0 1 0 0 0 0 0 0 0 0 0 0 0 2 0 0 0 0 0 18 0 2 0 0 0 136 0 0 0 255 255 255 255 7 0 13 0 0 0 0 0 data 17 0xd0007 0xc12 0x20 0xb53 0x130007 0x0 0x40 0x1765 0x1a0007 0x1765 0x48 0x0 0x1f0002 0x0 0x220003 0x0 0x18 oops 0
ciMethodData java/lang/String indexOf (II)I 2 19481 orig 264 56 173 252 100 0 0 0 0 128 81 179 20 0 0 0 0 16 2 0 0 88 0 0 0 0 0 0 0 0 0 0 0 0 0 0 0 0 0 0 0 0 0 0 0 0 0 0 0 0 0 0 0 0 0 0 0 0 0 0 0 0 0 0 0 0 0 0 0 0 0 0 0 0 0 0 0 0 0 0 0 77 68 79 32 101 120 116 114 97 32 100 97 116 97 32 108 111 99 107 0 0 0 0 0 0 0 0 0 0 0 0 0 0 0 0 0 0 0 0 0 0 0 0 0 0 0 0 0 0 0 0 0 0 0 0 0 0 0 0 0 0 0 0 0 0 0 0 0 0 0 0 0 0 0 0 0 0 0 0 0 0 0 0 0 0 0 0 0 0 0 0 0 0 0 0 0 0 0 0 0 0 0 0 0 0 0 0 0 0 0 0 0 0 0 0 0 0 0 0 0 0 0 0 0 0 0 0 0 0 0 0 0 0 0 0 0 43 20 0 0 233 45 0 0 113 191 1 0 0 0 0 0 0 0 0 0 2 0 0 0 1 0 15 0 2 0 0 0 224 0 0 0 255 255 255 255 7 0 7 0 0 0 0 0 data 28 0x70007 0x5bd 0x38 0x0 0xc0003 0x0 0x38 0x110007 0x1ae 0x20 0x40f 0x190007 0x0 0x78 0x1ae 0x280007 0x1a7 0x58 0x37f5 0x310007 0x37ee 0x20 0x7 0x3a0003 0x37ee 0xffffffffffffffc0 0x420002 0x0 oops 0
ciMethodData java/lang/AbstractStringBuilder append (Ljava/lang/String;)Ljava/lang/AbstractStringBuilder; 2 9121 orig 264 56 173 252 100 0 0 0 0 88 80 186 20 0 0 0 0 240 1 0 0 32 0 0 0 0 0 0 0 0 0 0 0 0 0 0 0 0 0 0 0 0 0 0 0 0 0 0 0 0 0 0 0 0 0 0 0 0 0 0 0 0 0 0 0 0 0 0 0 0 0 0 0 0 0 0 0 0 0 0 0 77 68 79 32 101 120 116 114 97 32 100 97 116 97 32 108 111 99 107 0 0 0 0 0 0 0 0 0 0 0 0 0 0 0 0 0 0 0 0 0 0 0 0 0 0 0 0 0 0 0 0 0 0 0 0 0 0 0 0 0 0 0 0 0 0 0 0 0 0 0 0 0 0 0 0 0 0 0 0 0 0 0 0 0 0 0 0 0 0 0 0 0 0 0 0 0 0 0 0 0 0 0 0 0 0 0 0 0 0 0 0 0 0 0 0 0 0 0 0 0 0 0 0 0 0 0 0 0 0 0 0 0 0 0 0 0 7 1 0 0 209 20 1 0 1 0 0 0 0 0 0 0 0 0 0 0 2 0 0 0 0 0 14 0 2 0 0 0 160 0 0 0 255 255 255 255 7 0 1 0 0 0 0 0 data 20 0x10007 0x229a 0x30 0x0 0x50002 0x0 0xa0005 0x0 0x2d0a410 0x229a 0x0 0x0 0x150002 0x229a 0x230005 0x0 0x2d0a410 0x229a 0x0 0x0 oops 2 8 java/lang/String 16 java/lang/String
ciMethodData java/lang/AbstractStringBuilder appendNull ()Ljava/lang/AbstractStringBuilder; 1 0 orig 264 56 173 252 100 0 0 0 0 136 83 186 20 0 0 0 0 48 1 0 0 0 0 0 0 0 0 0 0 0 0 0 0 0 0 0 0 0 0 0 0 0 0 0 0 0 0 0 0 0 0 0 0 0 0 0 0 0 0 0 0 0 0 0 0 0 0 0 0 0 0 0 0 0 0 0 0 0 0 0 0 77 68 79 32 101 120 116 114 97 32 100 97 116 97 32 108 111 99 107 0 0 0 0 0 0 0 0 0 0 0 0 0 0 0 0 0 0 0 0 0 0 0 0 0 0 0 0 0 0 0 0 0 0 0 0 0 0 0 0 0 0 0 0 0 0 0 0 0 0 0 0 0 0 0 0 0 0 0 0 0 0 0 0 0 0 0 0 0 0 0 0 0 0 0 0 0 0 0 0 0 0 0 0 0 0 0 0 0 0 0 0 0 0 0 0 0 0 0 0 0 0 0 0 0 0 0 0 0 0 0 0 0 0 0 0 0 0 0 0 0 1 0 0 0 1 0 0 0 0 0 0 0 0 0 0 0 2 0 0 0 0 0 0 0 0 0 0 0 16 0 0 0 255 255 255 255 2 0 9 0 0 0 0 0 data 2 0x90002 0x0 oops 0
ciMethodData java/lang/String getChars (II[CI)V 2 9116 orig 264 56 173 252 100 0 0 0 0 8 66 179 20 0 0 0 0 8 2 0 0 128 0 0 0 0 0 0 0 0 0 0 0 0 0 0 0 0 0 0 0 0 0 0 0 0 0 0 0 0 0 0 0 0 0 0 0 0 0 0 0 0 0 0 0 0 0 0 0 0 0 0 0 0 0 0 0 0 0 0 0 77 68 79 32 101 120 116 114 97 32 100 97 116 97 32 108 111 99 107 0 0 0 0 0 0 0 0 0 0 0 0 0 0 0 0 0 0 0 0 0 0 0 0 0 0 0 0 0 0 0 0 0 0 0 0 0 0 0 0 0 0 0 0 0 0 0 0 0 0 0 0 0 0 0 0 0 0 0 0 0 0 0 0 0 0 0 0 0 0 0 0 0 0 0 0 0 0 0 0 0 0 0 0 0 0 0 0 0 0 0 0 0 0 0 0 0 0 0 0 0 0 0 0 0 0 0 0 0 0 0 0 0 0 0 0 0 57 1 0 0 25 19 1 0 1 0 0 0 0 0 0 0 0 0 0 0 2 0 0 0 0 0 9 0 2 0 0 0 160 0 0 0 255 255 255 255 7 0 1 0 0 0 0 0 data 20 0x10007 0x2263 0x30 0x0 0x90002 0x0 0x130007 0x2263 0x30 0x0 0x1b0002 0x0 0x210007 0x2263 0x30 0x0 0x2b0002 0x0 0x3a0002 0x2263 oops 0
ciMethodData java/util/Arrays copyOfRange ([CII)[C 2 5546 orig 264 56 173 252 100 0 0 0 0 32 37 197 20 0 0 0 0 120 2 0 0 240 0 0 0 0 0 0 0 0 0 0 0 0 0 0 0 0 0 0 0 0 0 0 0 0 0 0 0 0 0 0 0 0 0 0 0 0 0 0 0 0 0 0 0 0 0 0 0 0 0 0 0 0 0 0 0 0 0 0 0 77 68 79 32 101 120 116 114 97 32 100 97 116 97 32 108 111 99 107 0 0 0 0 0 0 0 0 0 0 0 0 0 0 0 0 0 0 0 0 0 0 0 0 0 0 0 0 0 0 0 0 0 0 0 0 0 0 0 0 0 0 0 0 0 0 0 0 0 0 0 0 0 0 0 0 0 0 0 0 0 0 0 0 0 0 0 0 0 0 0 0 0 0 0 0 0 0 0 0 0 0 0 0 0 0 0 0 0 0 0 0 0 0 0 0 0 0 0 0 0 0 0 0 0 0 0 0 0 0 0 0 0 0 0 0 0 128 1 0 0 81 161 0 0 1 0 0 0 0 0 0 0 0 0 0 0 2 0 0 0 0 0 9 0 2 0 0 0 32 1 0 0 255 255 255 255 7 0 5 0 0 0 0 0 data 36 0x50007 0x142a 0x100 0x0 0x100002 0x0 0x140005 0x0 0x0 0x0 0x0 0x0 0x190005 0x0 0x0 0x0 0x0 0x0 0x1d0005 0x0 0x0 0x0 0x0 0x0 0x200005 0x0 0x0 0x0 0x0 0x0 0x230002 0x0 0x360002 0x142a 0x390002 0x142a oops 0
ciMethodData java/lang/StringBuilder append (Ljava/lang/String;)Ljava/lang/StringBuilder; 2 12014 orig 264 56 173 252 100 0 0 0 0 104 132 186 20 0 0 0 0 56 1 0 0 0 0 0 0 0 0 0 0 0 0 0 0 0 0 0 0 0 0 0 0 0 0 0 0 0 0 0 0 0 0 0 0 0 0 0 0 0 0 0 0 0 0 0 0 0 0 0 0 0 0 0 0 0 0 0 0 0 0 0 0 77 68 79 32 101 120 116 114 97 32 100 97 116 97 32 108 111 99 107 0 0 0 0 0 0 0 0 0 0 0 0 0 0 0 0 0 0 0 0 0 0 0 0 0 0 0 0 0 0 0 0 0 0 0 0 0 0 0 0 0 0 0 0 0 0 0 0 0 0 0 0 0 0 0 0 0 0 0 0 0 0 0 0 0 0 0 0 0 0 0 0 0 0 0 0 0 0 0 0 0 0 0 0 0 0 0 0 0 0 0 0 0 0 0 0 0 0 0 0 0 0 0 0 0 0 0 0 0 0 0 0 0 0 0 0 0 238 0 0 0 1 112 1 0 1 0 0 0 0 0 0 0 0 0 0 0 2 0 0 0 0 0 3 0 2 0 0 0 16 0 0 0 255 255 255 255 2 0 2 0 0 0 0 0 data 2 0x20002 0x2e00 oops 0
ciMethodData java/lang/String <init> ([CII)V 2 5516 orig 264 56 173 252 100 0 0 0 0 160 49 179 20 0 0 0 0 80 2 0 0 208 0 0 0 0 0 0 0 0 0 0 0 0 0 0 0 0 0 0 0 0 0 0 0 0 0 0 0 0 0 0 0 0 0 0 0 0 0 0 0 0 0 0 0 0 0 0 0 0 0 0 0 0 0 0 0 0 0 0 0 77 68 79 32 101 120 116 114 97 32 100 97 116 97 32 108 111 99 107 0 0 0 0 0 0 0 0 0 0 0 0 0 0 0 0 0 0 0 0 0 0 0 0 0 0 0 0 0 0 0 0 0 0 0 0 0 0 0 0 0 0 0 0 0 0 0 0 0 0 0 0 0 0 0 0 0 0 0 0 0 0 0 0 0 0 0 0 0 0 0 0 0 0 0 0 0 0 0 0 0 0 0 0 0 0 0 0 0 0 0 0 0 0 0 0 0 0 0 0 0 0 0 0 0 0 0 0 0 0 0 0 0 0 0 0 0 102 1 0 0 49 161 0 0 1 0 0 0 0 0 0 0 0 0 0 0 2 0 0 0 0 0 14 0 2 0 0 0 240 0 0 0 255 255 255 255 2 0 1 0 0 0 0 0 data 30 0x10002 0x1426 0x50007 0x1426 0x30 0x0 0xd0002 0x0 0x120007 0x1425 0x70 0x1 0x160007 0x1 0x30 0x0 0x1e0002 0x0 0x250007 0x0 0x20 0x1 0x370007 0x1425 0x30 0x0 0x410002 0x0 0x4b0002 0x1425 oops 0
ciMethodData java/lang/String startsWith (Ljava/lang/String;I)Z 2 11621 orig 264 56 173 252 100 0 0 0 0 248 77 179 20 0 0 0 0 176 1 0 0 32 0 0 0 0 0 0 0 0 0 0 0 0 0 0 0 0 0 0 0 0 0 0 0 0 0 0 0 0 0 0 0 0 0 0 0 0 0 0 0 0 0 0 0 0 0 0 0 0 0 0 0 0 0 0 0 0 0 0 0 77 68 79 32 101 120 116 114 97 32 100 97 116 97 32 108 111 99 107 0 0 0 0 0 0 0 0 0 0 0 0 0 0 0 0 0 0 0 0 0 0 0 0 0 0 0 0 0 0 0 0 0 0 0 0 0 0 0 0 0 0 0 0 0 0 0 0 0 0 0 0 0 0 0 0 0 0 0 0 0 0 0 0 0 0 0 0 0 0 0 0 0 0 0 0 0 0 0 0 0 0 0 0 0 0 0 0 0 0 0 0 0 0 0 0 0 0 0 0 0 0 0 0 0 0 0 0 0 0 0 0 0 0 0 0 0 178 1 0 0 145 131 0 0 153 93 1 0 0 0 0 0 0 0 0 0 2 0 0 0 1 0 13 0 2 0 0 0 128 0 0 0 255 255 255 255 7 0 25 0 0 0 0 0 data 16 0x190007 0x1 0x40 0x1071 0x250007 0xf0c 0x20 0x165 0x2f0007 0x440 0x40 0x2bc2 0x410007 0x20f6 0xffffffffffffffe0 0xacc oops 0
ciMethodData java/util/HashMap hash (Ljava/lang/Object;)I 2 52172 orig 264 56 173 252 100 0 0 0 0 128 142 193 20 0 0 0 0 176 1 0 0 32 0 0 0 0 0 0 0 0 0 0 0 0 0 0 0 0 0 0 0 0 0 0 0 0 0 0 0 0 0 0 0 0 0 0 0 0 0 0 0 0 0 0 0 0 0 0 0 0 0 0 0 0 0 0 0 0 0 0 0 77 68 79 32 101 120 116 114 97 32 100 97 116 97 32 108 111 99 107 0 0 0 0 0 0 0 0 0 0 0 0 0 0 0 0 0 0 0 0 0 0 0 0 0 0 0 0 0 0 0 0 0 0 0 0 0 0 0 0 0 0 0 0 0 0 0 0 0 0 0 0 0 0 0 0 0 0 0 0 0 0 0 0 0 0 0 0 0 0 0 0 0 0 0 0 0 0 0 0 0 0 0 0 0 0 0 0 0 0 0 0 0 0 0 0 0 0 0 0 0 0 0 0 0 0 0 0 0 0 0 0 0 0 0 0 0 0 1 0 0 97 86 6 0 1 0 0 0 0 0 0 0 0 0 0 0 2 0 0 0 0 0 6 0 2 0 0 0 104 0 0 0 255 255 255 255 7 0 1 0 0 0 0 0 data 13 0x10007 0xcacf 0x38 0x0 0x50003 0x0 0x48 0x90005 0x5d47 0x2d0aad0 0x40 0x2d0a410 0x2a5e oops 2 9 java/security/ProtectionDomain 11 java/lang/String
ciMethodData java/lang/String startsWith (Ljava/lang/String;)Z 2 8061 orig 264 56 173 252 100 0 0 0 0 144 78 179 20 0 0 0 0 128 1 0 0 0 0 0 0 0 0 0 0 0 0 0 0 0 0 0 0 0 0 0 0 0 0 0 0 0 0 0 0 0 0 0 0 0 0 0 0 0 0 0 0 0 0 0 0 0 0 0 0 0 0 0 0 0 0 0 0 0 0 0 0 77 68 79 32 101 120 116 114 97 32 100 97 116 97 32 108 111 99 107 0 0 0 0 0 0 0 0 0 0 0 0 0 0 0 0 0 0 0 0 0 0 0 0 0 0 0 0 0 0 0 0 0 0 0 0 0 0 0 0 0 0 0 0 0 0 0 0 0 0 0 0 0 0 0 0 0 0 0 0 0 0 0 0 0 0 0 0 0 0 0 0 0 0 0 0 0 0 0 0 0 0 0 0 0 0 0 0 0 0 0 0 0 0 0 0 0 0 0 0 0 0 0 0 0 0 0 0 0 0 0 0 0 0 0 0 0 0 1 0 0 233 243 0 0 1 0 0 0 0 0 0 0 0 0 0 0 2 0 0 0 0 0 3 0 2 0 0 0 48 0 0 0 255 255 255 255 5 0 3 0 0 0 0 0 data 6 0x30005 0x0 0x2d0a410 0x1e7d 0x0 0x0 oops 1 2 java/lang/String
ciMethodData java/lang/AbstractStringBuilder hugeCapacity (I)I 1 0 orig 264 56 173 252 100 0 0 0 0 112 72 186 20 0 0 0 0 144 1 0 0 32 0 0 0 0 0 0 0 0 0 0 0 0 0 0 0 0 0 0 0 0 0 0 0 0 0 0 0 0 0 0 0 0 0 0 0 0 0 0 0 0 0 0 0 0 0 0 0 0 0 0 0 0 0 0 0 0 0 0 0 77 68 79 32 101 120 116 114 97 32 100 97 116 97 32 108 111 99 107 0 0 0 0 0 0 0 0 0 0 0 0 0 0 0 0 0 0 0 0 0 0 0 0 0 0 0 0 0 0 0 0 0 0 0 0 0 0 0 0 0 0 0 0 0 0 0 0 0 0 0 0 0 0 0 0 0 0 0 0 0 0 0 0 0 0 0 0 0 0 0 0 0 0 0 0 0 0 0 0 0 0 0 0 0 0 0 0 0 0 0 0 0 0 0 0 0 0 0 0 0 0 0 0 0 0 0 0 0 0 0 0 0 0 0 0 0 0 0 0 0 1 0 0 0 1 0 0 0 0 0 0 0 0 0 0 0 2 0 0 0 0 0 0 0 0 0 0 0 104 0 0 0 255 255 255 255 7 0 4 0 0 0 0 0 data 13 0x40007 0x0 0x30 0x0 0xb0002 0x0 0x120007 0x0 0x38 0x0 0x160003 0x0 0x18 oops 0
ciMethodData java/util/HashMap getNode (ILjava/lang/Object;)Ljava/util/HashMap$Node; 2 22162 orig 264 56 173 252 100 0 0 0 0 48 152 193 20 0 0 0 0 8 4 0 0 112 2 0 0 0 0 0 0 0 0 0 0 0 0 0 0 0 0 0 0 0 0 0 0 0 0 0 0 0 0 0 0 0 0 0 0 0 0 0 0 0 0 0 0 0 0 0 0 0 0 0 0 0 0 0 0 0 0 0 0 77 68 79 32 101 120 116 114 97 32 100 97 116 97 32 108 111 99 107 0 0 0 0 0 0 0 0 0 0 0 0 0 0 0 0 0 0 0 0 0 0 0 0 0 0 0 0 0 0 0 0 0 0 0 0 0 0 0 0 0 0 0 0 0 2 0 0 0 3 0 0 0 0 0 0 0 0 0 0 0 0 0 0 0 0 0 0 0 0 0 0 0 0 0 0 0 0 0 0 5 0 0 0 0 0 0 0 0 0 0 0 0 0 0 0 0 0 0 0 0 0 0 0 0 0 0 0 0 0 0 0 0 0 0 0 0 3 1 0 0 129 90 2 0 209 12 0 0 80 75 0 0 153 1 0 0 2 0 0 0 1 0 37 0 2 0 0 0 176 2 0 0 255 255 255 255 7 0 6 0 0 0 0 0 data 86 0x60007 0x19af 0x2b0 0x31a4 0xe0007 0x0 0x290 0x31a6 0x1c0007 0x92f 0x270 0x2875 0x250007 0x905 0xb0 0x1f70 0x310007 0x4a7 0x90 0x1aca 0x350007 0x0 0x70 0x1aca 0x3b0005 0x158f 0x2d0a410 0x3f7 0x154c0510 0x144 0x3ee007 0x15d 0x20 0x196e 0x4c0007 0x284 0x1a0 0x7de 0x510004 0xfffffffffffff822 0x17fac240 0x4df 0x0 0x0 0x540007 0x7de 0x80 0x0 0x590004 0x0 0x0 0x0 0x0 0x0 0x5e0005 0x0 0x0 0x0 0x0 0x0 0x680007 0x1e5 0xb0 0x752 0x740007 0x65 0x90 0x6ed 0x780007 0x0 0x70 0x6ed 0x7e0005 0x0 0x2d0a410 0x108 0x181bb840 0x5e5 0x81e007 0xa 0x20 0x6e6 0x8f0007 0x159 0xffffffffffffff50 0x96 oops 5 26 java/lang/String 28 java/security/CodeSource 40 java/util/HashMap$Node 74 java/lang/String 76 com/android/dx/rop/code/RegisterSpec$ForComparison
ciMethodData java/util/HashMap put (Ljava/lang/Object;Ljava/lang/Object;)Ljava/lang/Object; 2 11860 orig 264 56 173 252 100 0 0 0 0 112 153 193 20 0 0 0 0 152 1 0 0 0 0 0 0 0 0 0 0 0 0 0 0 0 0 0 0 0 0 0 0 0 0 0 0 0 0 0 0 0 0 0 0 0 0 0 0 0 0 0 0 0 0 0 0 0 0 0 0 0 0 0 0 0 0 0 0 0 0 0 0 77 68 79 32 101 120 116 114 97 32 100 97 116 97 32 108 111 99 107 0 0 0 0 0 0 0 0 0 0 0 0 0 0 0 0 0 0 0 0 0 0 0 0 0 0 0 0 0 0 0 0 0 0 0 0 0 0 0 0 0 0 0 0 0 0 0 0 0 0 0 0 0 0 0 0 0 0 0 0 0 0 0 0 0 0 0 0 0 0 0 0 0 0 0 0 0 0 0 0 0 0 0 0 0 0 0 0 0 0 0 0 0 0 0 0 0 0 0 0 0 0 0 0 0 0 0 0 0 0 0 0 0 0 0 0 0 97 0 0 0 153 111 1 0 1 0 0 0 0 0 0 0 0 0 0 0 2 0 0 0 0 0 7 0 2 0 0 0 64 0 0 0 255 255 255 255 2 0 2 0 0 0 0 0 data 8 0x20002 0x2df3 0x90005 0x80 0x17a6d470 0x2d73 0x0 0x0 oops 1 4 java/util/HashMap
ciMethodData java/util/HashMap putVal (ILjava/lang/Object;Ljava/lang/Object;ZZ)Ljava/lang/Object; 2 7528 orig 264 56 173 252 100 0 0 0 0 80 155 193 20 0 0 0 0 176 6 0 0 224 4 0 0 0 0 0 0 0 0 0 0 0 0 0 0 0 0 0 0 0 0 0 0 0 0 0 0 0 0 0 0 0 0 0 0 0 0 0 0 0 0 0 0 0 0 0 0 0 0 0 0 0 0 0 0 0 0 0 0 77 68 79 32 101 120 116 114 97 32 100 97 116 97 32 108 111 99 107 0 0 0 0 0 0 0 0 0 0 0 0 0 0 0 0 0 0 0 0 0 0 0 0 0 0 0 0 0 0 0 0 0 0 0 0 0 0 0 0 0 0 0 0 0 0 0 0 0 0 0 0 0 0 0 0 0 0 0 0 0 0 0 0 0 0 0 0 0 0 0 0 0 0 0 0 0 0 0 0 0 0 0 0 0 0 0 0 0 0 0 0 0 0 0 0 0 0 0 0 0 0 0 0 0 0 0 0 0 0 0 0 0 0 0 0 0 100 0 0 0 33 232 0 0 17 10 0 0 0 0 0 0 0 0 0 0 2 0 0 0 1 0 50 0 2 0 0 0 64 5 0 0 255 255 255 255 7 0 7 0 0 0 0 0 data 168 0x70007 0x276 0x40 0x1a8e 0x100007 0x1a8e 0x50 0x0 0x140005 0x1 0x17a6d470 0x275 0x0 0x0 0x2c0007 0xbf6 0x98 0x110f 0x380005 0x0 0x17a6d470 0x110f 0x0 0x0 0x3b0004 0x0 0x17fac240 0x110f 0x0 0x0 0x3c0003 0x110f 0x3d0 0x450007 0x631 0xc8 0x5c5 0x510007 0x595 0x90 0x30 0x550007 0x0 0x88 0x30 0x5b0005 0x2 0x179b6bc0 0x2d 0x179b6c70 0x1 0x5e0007 0x30 0x38 0x0 0x650003 0x595 0x278 0x6a0004 0xfffffffffffff99f 0x17fac240 0x2c 0x0 0x0 0x6d0007 0x661 0x98 0x0 0x720004 0x0 0x0 0x0 0x0 0x0 0x7b0005 0x0 0x0 0x0 0x0 0x0 0x800003 0x0 0x1b0 0x8e0007 0x1e8 0xb8 0x5bb 0x980005 0x0 0x17a6d470 0x5bb 0x0 0x0 0xa20007 0x5bb 0x148 0x0 0xa90005 0x0 0x0 0x0 0x0 0x0 0xac0003 0x0 0xf8 0xb50007 0x13c 0xc8 0xac 0xc10007 0xa6 0xc0 0x6 0xc50007 0x0 0x88 0x6 0xcb0005 0x0 0x179b6bc0 0x6 0x0 0x0 0xce0007 0x6 0x38 0x0 0xd10003 0x0 0x30 0xdb0003 0x142 0xfffffffffffffe80 0xe00007 0x5bb 0x90 0x63b 0xec0007 0x63b 0x40 0x0 0xf10007 0x0 0x20 0x0 0xfd0005 0x0 0x17a6d470 0x63b 0x0 0x0 0x11c0007 0x167f 0x50 0x4a 0x1200005 0x4 0x17a6d470 0x46 0x0 0x0 0x1270005 0x0 0x17a6d470 0x16c9 0x0 0x0 oops 11 10 java/util/HashMap 20 java/util/HashMap 26 java/util/HashMap$Node 47 com/android/dx/rop/code/RegisterSpec 49 com/android/dx/rop/code/Rop 60 java/util/HashMap$Node 89 java/util/HashMap 120 com/android/dx/rop/code/RegisterSpec 148 java/util/HashMap 158 java/util/HashMap 164 java/util/HashMap
ciMethodData java/lang/String substring (II)Ljava/lang/String; 2 3792 orig 264 56 173 252 100 0 0 0 0 184 92 179 20 0 0 0 0 40 2 0 0 208 0 0 0 0 0 0 0 0 0 0 0 0 0 0 0 0 0 0 0 0 0 0 0 0 0 0 0 0 0 0 0 0 0 0 0 0 0 0 0 0 0 0 0 0 0 0 0 0 0 0 0 0 0 0 0 0 0 0 0 77 68 79 32 101 120 116 114 97 32 100 97 116 97 32 108 111 99 107 0 0 0 0 0 0 0 0 0 0 0 0 0 0 0 0 0 0 0 0 0 0 0 0 0 0 0 0 0 0 0 0 0 0 0 0 0 0 0 0 0 0 0 0 0 0 0 0 0 0 0 0 0 0 0 0 0 0 0 0 0 0 0 0 0 0 0 0 0 0 0 0 0 0 0 0 0 0 0 0 0 0 0 0 0 0 0 0 0 0 0 0 0 0 0 0 0 0 0 0 0 0 0 0 0 0 0 0 0 0 0 0 0 0 0 0 0 2 1 0 0 113 110 0 0 1 0 0 0 0 0 0 0 0 0 0 0 2 0 0 0 0 0 15 0 2 0 0 0 248 0 0 0 255 255 255 255 7 0 1 0 0 0 0 0 data 31 0x10007 0xdce 0x30 0x0 0x90002 0x0 0x130007 0xdce 0x30 0x0 0x1b0002 0x0 0x240007 0xdce 0x30 0x0 0x2c0002 0x0 0x310007 0x6ed 0x58 0x6e1 0x3a0007 0x597 0x38 0x14a 0x3e0003 0x14a 0x28 0x4b0002 0xc84 oops 0
ciMethod java/lang/UnsupportedOperationException <init> (Ljava/lang/String;)V 0 0 1 0 -1
ciMethodData java/util/HashMap get (Ljava/lang/Object;)Ljava/lang/Object; 2 36251 orig 264 56 173 252 100 0 0 0 0 0 151 193 20 0 0 0 0 200 1 0 0 16 0 0 0 0 0 0 0 0 0 0 0 0 0 0 0 0 0 0 0 0 0 0 0 0 0 0 0 0 0 0 0 0 0 0 0 0 0 0 0 0 0 0 0 0 0 0 0 0 0 0 0 0 0 0 0 0 0 0 0 77 68 79 32 101 120 116 114 97 32 100 97 116 97 32 108 111 99 107 0 0 0 0 0 0 0 0 0 0 0 0 0 0 0 0 0 0 0 0 0 0 0 0 0 0 0 0 0 0 0 0 0 0 0 0 0 0 0 0 0 0 0 0 0 1 0 0 0 0 0 0 0 0 0 0 0 0 0 0 0 0 0 0 0 0 0 0 0 0 0 0 0 0 0 0 0 0 0 0 0 0 0 0 0 0 0 0 0 0 0 0 0 0 0 0 0 0 0 0 0 0 0 0 0 0 0 0 0 0 0 0 0 0 0 0 0 138 1 0 0 121 38 4 0 1 0 0 0 75 132 0 0 0 0 0 0 2 0 0 0 0 0 9 0 2 0 0 0 120 0 0 0 255 255 255 255 2 0 2 0 0 0 0 0 data 15 0x20002 0x84cc 0x60005 0x1c61 0x17a6d470 0x6871 0x0 0x0 0xb0007 0x5dc7 0x38 0x2709 0xf0003 0x270a 0x18 oops 1 4 java/util/HashMap
ciMethod java/lang/IndexOutOfBoundsException <init> (Ljava/lang/String;)V 0 0 1 0 -1
ciMethodData java/util/BitSet checkInvariants ()V 2 5922 orig 264 56 173 252 100 0 0 0 0 248 198 206 20 0 0 0 0 120 2 0 0 208 0 0 0 0 0 0 0 0 0 0 0 0 0 0 0 0 0 0 0 0 0 0 0 0 0 0 0 0 0 0 0 0 0 0 0 0 0 0 0 0 0 0 0 0 0 0 0 0 0 0 0 0 0 0 0 0 0 0 0 77 68 79 32 101 120 116 114 97 32 100 97 116 97 32 108 111 99 107 0 0 0 0 0 0 0 0 0 0 0 0 0 0 0 0 0 0 0 0 0 0 0 0 0 0 0 0 0 0 0 0 0 0 0 0 0 0 0 0 0 0 0 0 0 0 0 0 0 0 0 0 0 0 0 0 0 0 0 0 0 0 0 0 0 0 0 0 0 0 0 0 0 0 0 0 0 0 0 0 0 0 0 0 0 25 0 0 0 0 0 0 0 0 0 0 0 0 0 0 0 1 0 0 0 0 0 0 0 0 0 0 0 0 0 0 0 6 1 0 0 225 176 0 0 1 0 0 0 0 0 0 0 0 0 0 0 2 0 0 0 0 0 6 0 2 0 0 0 80 1 0 0 255 255 255 255 7 0 3 0 0 0 0 0 data 42 0x30007 0x161c 0x70 0x0 0xa0007 0x0 0x50 0x0 0x1a0007 0x0 0x30 0x0 0x210002 0x0 0x280007 0x161c 0x70 0x0 0x2f0007 0x0 0x40 0x0 0x3b0007 0x0 0x30 0x0 0x420002 0x0 0x490007 0x161c 0x70 0x0 0x550007 0x0 0x50 0x0 0x630007 0x0 0x30 0x0 0x6a0002 0x0 oops 0
ciMethodData java/util/BitSet set (I)V 2 15652 orig 264 56 173 252 100 0 0 0 0 200 212 206 20 0 0 0 0 80 2 0 0 224 0 0 0 0 0 0 0 0 0 0 0 0 0 0 0 0 0 0 0 0 0 0 0 0 0 0 0 0 0 0 0 0 0 0 0 0 0 0 0 0 0 0 0 0 0 0 0 0 0 0 0 0 0 0 0 0 0 0 0 77 68 79 32 101 120 116 114 97 32 100 97 116 97 32 108 111 99 107 0 0 0 0 0 0 0 0 0 0 0 0 0 0 0 0 0 0 0 0 0 0 0 0 0 0 0 0 0 0 0 0 0 0 0 0 0 0 0 0 0 0 0 0 0 1 0 0 0 0 0 0 0 0 0 0 0 0 0 0 0 0 0 0 0 0 0 0 0 0 0 0 0 0 0 0 0 0 0 0 0 0 0 0 0 0 0 0 0 0 0 0 0 0 0 0 0 0 0 0 0 0 0 0 0 0 0 0 0 0 0 0 0 0 0 0 0 143 0 0 0 17 157 1 0 1 0 0 0 20 20 0 0 0 0 0 0 2 0 0 0 0 0 8 0 2 0 0 0 0 1 0 0 255 255 255 255 7 0 1 0 0 0 0 0 data 32 0x10007 0x33a1 0xd0 0x0 0xc0002 0x0 0x110005 0x0 0x0 0x0 0x0 0x0 0x150005 0x0 0x0 0x0 0x0 0x0 0x180005 0x0 0x0 0x0 0x0 0x0 0x1b0002 0x0 0x200002 0x33a3 0x260002 0x33a6 0x360002 0x33ab oops 0
ciMethodData java/util/BitSet expandTo (I)V 2 17101 orig 264 56 173 252 100 0 0 0 0 248 208 206 20 0 0 0 0 88 1 0 0 0 0 0 0 0 0 0 0 0 0 0 0 0 0 0 0 0 0 0 0 0 0 0 0 0 0 0 0 0 0 0 0 0 0 0 0 0 0 0 0 0 0 0 0 0 0 0 0 0 0 0 0 0 0 0 0 0 0 0 0 77 68 79 32 101 120 116 114 97 32 100 97 116 97 32 108 111 99 107 0 0 0 0 0 0 0 0 0 0 0 0 0 0 0 0 0 0 0 0 0 0 0 0 0 0 0 0 0 0 0 0 0 0 0 0 0 0 0 0 0 0 0 0 0 0 0 0 0 0 0 0 0 0 0 0 0 0 0 0 0 0 0 0 0 0 0 0 0 0 0 0 0 0 0 0 0 0 0 0 0 0 0 0 0 0 0 0 0 0 0 0 0 0 0 0 0 0 0 0 0 0 0 0 0 0 0 0 0 0 0 0 0 0 0 0 0 0 1 0 0 105 14 2 0 1 0 0 0 203 22 0 0 0 0 0 0 2 0 0 0 0 0 6 0 2 0 0 0 48 0 0 0 255 255 255 255 7 0 9 0 0 0 0 0 data 6 0x90007 0x3141 0x30 0x1091 0xe0002 0x1091 oops 0
ciMethodData java/util/BitSet ensureCapacity (I)V 2 6927 orig 264 56 173 252 100 0 0 0 0 80 208 206 20 0 0 0 0 144 1 0 0 0 0 0 0 0 0 0 0 0 0 0 0 0 0 0 0 0 0 0 0 0 0 0 0 0 0 0 0 0 0 0 0 0 0 0 0 0 0 0 0 0 0 0 0 0 0 0 0 0 0 0 0 0 0 0 0 0 0 0 0 77 68 79 32 101 120 116 114 97 32 100 97 116 97 32 108 111 99 107 0 0 0 0 0 0 0 0 0 0 0 0 0 0 0 0 0 0 0 0 0 0 0 0 0 0 0 0 0 0 0 0 0 0 0 0 0 0 0 0 0 0 0 0 0 0 0 0 0 0 0 0 0 0 0 0 0 0 0 0 0 0 0 0 0 0 0 0 0 0 0 0 0 0 0 0 0 0 0 0 1 0 0 0 0 0 0 0 0 0 0 0 0 0 0 0 0 0 0 0 0 0 0 0 0 0 0 0 0 0 0 0 0 0 0 0 0 8 0 0 0 57 216 0 0 1 0 0 0 136 12 0 0 0 0 0 0 2 0 0 0 0 0 15 0 2 0 0 0 64 0 0 0 255 255 255 255 7 224 6 0 0 0 0 0 data 8 0x6e007 0x1ac0 0x40 0x49 0x110002 0x49 0x1b0002 0x49 oops 0
ciMethodData java/lang/String substring (I)Ljava/lang/String; 2 3456 orig 264 56 173 252 100 0 0 0 0 208 91 179 20 0 0 0 0 208 1 0 0 128 0 0 0 0 0 0 0 0 0 0 0 0 0 0 0 0 0 0 0 0 0 0 0 0 0 0 0 0 0 0 0 0 0 0 0 0 0 0 0 0 0 0 0 0 0 0 0 0 0 0 0 0 0 0 0 0 0 0 0 77 68 79 32 101 120 116 114 97 32 100 97 116 97 32 108 111 99 107 0 0 0 0 0 0 0 0 0 0 0 0 0 0 0 0 0 0 0 0 0 0 0 0 0 0 0 0 0 0 0 0 0 0 0 0 0 0 0 0 0 0 0 0 0 0 0 0 0 0 0 0 0 0 0 0 0 0 0 0 0 0 0 0 0 0 0 0 0 0 0 0 0 0 0 0 0 0 0 0 0 0 0 0 0 0 0 0 0 0 0 0 0 0 0 0 0 0 0 0 0 0 0 0 0 0 0 0 0 0 0 0 0 0 0 0 0 16 1 0 0 129 99 0 0 1 0 0 0 0 0 0 0 0 0 0 0 2 0 0 0 0 0 10 0 2 0 0 0 168 0 0 0 255 255 255 255 7 0 1 0 0 0 0 0 data 21 0x10007 0xc71 0x30 0x0 0x90002 0x0 0x160007 0xc72 0x30 0x0 0x1e0002 0x0 0x230007 0xc72 0x38 0x0 0x270003 0x0 0x28 0x340002 0xc72 oops 0
ciMethod com/android/dx/cf/iface/ParseException <init> (Ljava/lang/Throwable;)V 0 0 1 0 -1
ciMethod com/android/dx/rop/cst/Constant <init> ()V 1769 1 9418 0 0
ciMethod com/android/dx/rop/cst/Constant isCategory2 ()Z 0 0 1 0 -1
ciMethod com/android/dx/rop/cst/CstType <init> (Lcom/android/dx/rop/type/Type;)V 361 1 929 0 -1
ciMethod com/android/dx/rop/cst/TypedConstant <init> ()V 1465 1 7471 0 0
ciMethod com/android/dx/util/ByteArray slice (II)Lcom/android/dx/util/ByteArray; 2097 1 4422 0 -1
ciMethod com/android/dx/util/ByteArray getInt (I)I 9 1 1726 0 -1
ciMethod com/android/dx/util/ByteArray getLong (I)J 17 1 3 0 -1
ciMethod com/android/dx/util/ByteArray getUnsignedByte (I)I 3833 1 52432 0 224
ciMethod com/android/dx/util/ByteArray getUnsignedShort (I)I 2049 1 17620 0 288
ciMethod com/android/dx/util/ByteArray checkOffsets (II)V 3929 1 5624 0 128
ciMethod com/android/dx/util/ByteArray getByte0 (I)I 2353 1 2479 0 -1
ciMethod com/android/dx/util/ByteArray getUnsignedByte0 (I)I 4097 1 93201 0 96
ciMethod com/android/dx/cf/cst/ConstantPoolParser parse0 (ILjava/util/BitSet;)Lcom/android/dx/rop/cst/Constant; 2153 1 8564 0 0
ciMethod com/android/dx/cf/cst/ConstantPoolParser parseUtf8 (I)Lcom/android/dx/rop/cst/CstString; 737 1 3699 0 -1
ciMethod com/android/dx/rop/cst/CstString <init> (Lcom/android/dx/util/ByteArray;)V 2761 1 3699 0 -1
ciMethod com/android/dx/rop/cst/CstString getString ()Ljava/lang/String; 1121 1 140 0 0
ciMethod com/android/dx/rop/cst/CstInteger make (I)Lcom/android/dx/rop/cst/CstInteger; 177 1 1023 0 -1
ciMethod com/android/dx/rop/cst/CstInteger <init> (I)V 321 1 48 0 -1
ciMethod com/android/dx/rop/cst/CstInteger getValue ()I 65 1 3664 0 -1
ciMethod com/android/dx/rop/cst/CstLong make (J)Lcom/android/dx/rop/cst/CstLong; 33 1 5 0 -1
ciMethod com/android/dx/rop/cst/CstLong <init> (J)V 33 1 5 0 -1
ciMethod com/android/dx/rop/cst/CstFieldRef <init> (Lcom/android/dx/rop/cst/CstType;Lcom/android/dx/rop/cst/CstNat;)V 121 1 345 0 0
ciMethod com/android/dx/rop/cst/CstMemberRef <init> (Lcom/android/dx/rop/cst/CstType;Lcom/android/dx/rop/cst/CstNat;)V 313 1 1917 0 0
ciMethod com/android/dx/rop/cst/CstMemberRef getNat ()Lcom/android/dx/rop/cst/CstNat; 1201 1 150 0 0
ciMethod com/android/dx/rop/cst/CstMethodRef <init> (Lcom/android/dx/rop/cst/CstType;Lcom/android/dx/rop/cst/CstNat;)V 193 1 1488 0 0
ciMethod com/android/dx/rop/cst/CstBaseMethodRef <init> (Lcom/android/dx/rop/cst/CstType;Lcom/android/dx/rop/cst/CstNat;)V 193 1 1568 0 0
ciMethod com/android/dx/rop/cst/CstInterfaceMethodRef <init> (Lcom/android/dx/rop/cst/CstType;Lcom/android/dx/rop/cst/CstNat;)V 713 1 79 0 0
ciMethod com/android/dx/rop/cst/CstNat <init> (Lcom/android/dx/rop/cst/CstString;Lcom/android/dx/rop/cst/CstString;)V 305 1 1770 0 0
ciMethod com/android/dx/rop/cst/CstNat getDescriptor ()Lcom/android/dx/rop/cst/CstString; 1033 1 129 0 0
ciMethod com/android/dx/rop/cst/StdConstantPool getOrNull (I)Lcom/android/dx/rop/cst/Constant; 2233 1 12359 0 96
ciMethod com/android/dx/rop/cst/StdConstantPool set (ILcom/android/dx/rop/cst/Constant;)V 1657 1 6863 0 -1
ciMethod com/android/dx/rop/cst/StdConstantPool throwInvalid (I)Lcom/android/dx/rop/cst/Constant; 0 0 1 0 -1
ciMethod com/android/dx/util/MutabilityControl <init> (Z)V 2361 1 26327 0 32
ciMethod com/android/dx/util/MutabilityControl throwIfImmutable ()V 2465 1 116938 0 64
ciMethodData com/android/dx/util/ByteArray getUnsignedByte0 (I)I 2 93201 orig 264 56 173 252 100 0 0 0 0 0 150 246 20 0 0 0 0 40 1 0 0 0 0 0 0 0 0 0 0 0 0 0 0 0 0 0 0 0 0 0 0 0 0 0 0 0 0 0 0 0 0 0 0 0 0 0 0 0 0 0 0 0 0 0 0 0 0 0 0 0 0 0 0 0 0 0 0 0 0 0 0 77 68 79 32 101 120 116 114 97 32 100 97 116 97 32 108 111 99 107 0 0 0 0 0 0 0 0 0 0 0 0 0 0 0 0 0 0 0 0 0 0 0 0 0 0 0 0 0 0 0 0 0 0 0 0 0 0 0 0 0 0 0 0 0 0 0 0 0 0 0 0 0 0 0 0 0 0 0 0 0 0 0 0 0 0 0 0 0 0 0 0 0 0 0 0 0 0 0 0 0 0 0 0 0 1 0 0 0 0 0 0 0 0 0 0 0 0 0 0 0 1 0 0 0 0 0 0 0 0 0 0 0 0 0 0 0 0 2 0 0 137 80 11 0 1 0 0 0 0 0 0 0 0 0 0 0 2 0 0 0 0 0 3 0 1 0 0 0 0 0 0 0 255 255 255 255 0 0 0 0 0 0 0 0 data 0 oops 0
ciMethodData com/android/dx/util/ByteArray checkOffsets (II)V 2 5624 orig 264 56 173 252 100 0 0 0 0 120 148 246 20 0 0 0 0 40 3 0 0 64 0 0 0 0 0 0 0 0 0 0 0 0 0 0 0 0 0 0 0 0 0 0 0 0 0 0 0 0 0 0 0 0 0 0 0 0 0 0 0 0 0 0 0 0 0 0 0 0 0 0 0 0 0 0 0 0 0 0 0 77 68 79 32 101 120 116 114 97 32 100 97 116 97 32 108 111 99 107 0 0 0 0 0 0 0 0 0 0 0 0 0 0 0 0 0 0 0 0 0 0 0 0 0 0 0 0 0 0 0 0 0 0 0 0 0 0 0 0 0 0 0 0 0 0 0 0 0 0 0 0 0 0 0 0 0 0 0 0 0 0 0 0 0 0 0 0 0 0 0 0 0 0 0 0 0 0 0 0 0 0 0 0 0 25 0 0 0 0 0 0 0 0 0 0 0 0 0 0 0 1 0 0 0 0 0 0 0 0 0 0 0 0 0 0 0 235 1 0 0 105 160 0 0 1 0 0 0 0 0 0 0 0 0 0 0 2 0 0 0 0 0 10 0 2 0 0 0 208 1 0 0 255 255 255 255 7 0 1 0 0 0 0 0 data 58 0x10007 0x0 0x60 0x140d 0x60007 0x0 0x40 0x140d 0xe0007 0x140d 0x190 0x0 0x190002 0x0 0x1e0005 0x0 0x0 0x0 0x0 0x0 0x220005 0x0 0x0 0x0 0x0 0x0 0x270005 0x0 0x0 0x0 0x0 0x0 0x2b0005 0x0 0x0 0x0 0x0 0x0 0x300005 0x0 0x0 0x0 0x0 0x0 0x370005 0x0 0x0 0x0 0x0 0x0 0x3a0005 0x0 0x0 0x0 0x0 0x0 0x3d0002 0x0 oops 0
ciMethodData com/android/dx/util/ByteArray getUnsignedByte (I)I 2 52432 orig 264 56 173 252 100 0 0 0 0 184 145 246 20 0 0 0 0 72 1 0 0 0 0 0 0 0 0 0 0 0 0 0 0 0 0 0 0 0 0 0 0 0 0 0 0 0 0 0 0 0 0 0 0 0 0 0 0 0 0 0 0 0 0 0 0 0 0 0 0 0 0 0 0 0 0 0 0 0 0 0 0 77 68 79 32 101 120 116 114 97 32 100 97 116 97 32 108 111 99 107 0 0 0 0 0 0 0 0 0 0 0 0 0 0 0 0 0 0 0 0 0 0 0 0 0 0 0 0 0 0 0 0 0 0 0 0 0 0 0 0 0 0 0 0 0 0 0 0 0 0 0 0 0 0 0 0 0 0 0 0 0 0 0 0 0 0 0 0 0 0 0 0 0 0 0 0 0 0 0 0 0 0 0 0 0 17 0 0 0 0 0 0 0 0 0 0 0 0 0 0 0 1 0 0 0 0 0 0 0 0 0 0 0 0 0 0 0 223 1 0 0 137 87 6 0 1 0 0 0 0 0 0 0 0 0 0 0 2 0 0 0 0 0 3 0 2 0 0 0 32 0 0 0 255 255 255 255 2 0 5 0 0 0 0 0 data 4 0x50002 0xcaf1 0xa0002 0xcaf2 oops 0
ciMethod com/android/dx/rop/type/Type intern (Ljava/lang/String;)Lcom/android/dx/rop/type/Type; 2065 13073 2849 0 0
ciMethod com/android/dx/rop/type/Type internReturnType (Ljava/lang/String;)Lcom/android/dx/rop/type/Type; 713 1 446 0 0
ciMethod com/android/dx/rop/type/Type internClassName (Ljava/lang/String;)Lcom/android/dx/rop/type/Type; 217 1 722 0 -1
ciMethod com/android/dx/rop/type/Type <init> (Ljava/lang/String;II)V 681 1 591 0 0
ciMethod com/android/dx/rop/type/Type <init> (Ljava/lang/String;I)V 617 1 331 0 0
ciMethod com/android/dx/rop/type/Type getDescriptor ()Ljava/lang/String; 1049 1 131 0 0
ciMethod com/android/dx/rop/type/Type getArrayType ()Lcom/android/dx/rop/type/Type; 81 1 33 0 0
ciMethod com/android/dx/rop/type/Type putIntern (Lcom/android/dx/rop/type/Type;)Lcom/android/dx/rop/type/Type; 657 1 588 0 0
ciMethodData com/android/dx/util/ByteArray getUnsignedShort (I)I 2 17620 orig 264 56 173 252 100 0 0 0 0 128 146 246 20 0 0 0 0 88 1 0 0 0 0 0 0 0 0 0 0 0 0 0 0 0 0 0 0 0 0 0 0 0 0 0 0 0 0 0 0 0 0 0 0 0 0 0 0 0 0 0 0 0 0 0 0 0 0 0 0 0 0 0 0 0 0 0 0 0 0 0 0 77 68 79 32 101 120 116 114 97 32 100 97 116 97 32 108 111 99 107 0 0 0 0 0 0 0 0 0 0 0 0 0 0 0 0 0 0 0 0 0 0 0 0 0 0 0 0 0 0 0 0 0 0 0 0 0 0 0 0 0 0 0 0 0 0 0 0 0 0 0 0 0 0 0 0 0 0 0 0 0 0 0 0 0 0 0 0 0 0 0 0 0 0 0 0 0 0 0 0 0 0 0 0 0 0 0 0 0 0 0 0 0 0 0 0 0 0 0 0 0 0 0 0 0 0 0 0 0 0 0 0 0 0 0 0 0 0 1 0 0 161 30 2 0 1 0 0 0 0 0 0 0 0 0 0 0 2 0 0 0 0 0 3 0 2 0 0 0 48 0 0 0 255 255 255 255 2 0 5 0 0 0 0 0 data 6 0x50002 0x43d4 0xa0002 0x43d6 0x140002 0x43d5 oops 0
ciMethod com/android/dx/rop/type/Prototype intern (Ljava/lang/String;)Lcom/android/dx/rop/type/Prototype; 193 473 2087 0 0
ciMethod com/android/dx/rop/type/Prototype makeParameterArray (Ljava/lang/String;)[Lcom/android/dx/rop/type/Type; 705 19329 446 0 0
ciMethod com/android/dx/rop/type/Prototype <init> (Ljava/lang/String;Lcom/android/dx/rop/type/Type;Lcom/android/dx/rop/type/StdTypeList;)V 1345 1 3013 0 0
ciMethod com/android/dx/rop/type/Prototype getDescriptor ()Ljava/lang/String; 1161 1 145 0 0
ciMethod com/android/dx/rop/type/Prototype putIntern (Lcom/android/dx/rop/type/Prototype;)Lcom/android/dx/rop/type/Prototype; 1345 1 3013 0 0
ciMethod com/android/dx/rop/type/StdTypeList <init> (I)V 1577 1 3970 0 0
ciMethod com/android/dx/rop/type/StdTypeList set (ILcom/android/dx/rop/type/Type;)V 1785 1 2498 0 0
ciMethod com/android/dx/util/FixedSizeList <init> (I)V 3673 1 5727 0 288
ciMethod com/android/dx/util/FixedSizeList set0 (ILjava/lang/Object;)V 2049 1 57432 0 224
ciMethod com/android/dx/util/FixedSizeList throwIndex (I)Ljava/lang/Object; 0 0 1 0 -1
ciMethodData com/android/dx/rop/cst/StdConstantPool getOrNull (I)Lcom/android/dx/rop/cst/Constant; 2 12359 orig 264 56 173 252 100 0 0 0 0 184 108 247 20 0 0 0 0 96 1 0 0 0 0 0 0 0 0 0 0 0 0 0 0 0 0 0 0 0 0 0 0 0 0 0 0 0 0 0 0 0 0 0 0 0 0 0 0 0 0 0 0 0 0 0 0 0 0 0 0 0 0 0 0 0 0 0 0 0 0 0 0 77 68 79 32 101 120 116 114 97 32 100 97 116 97 32 108 111 99 107 0 0 0 0 0 0 0 0 0 0 0 0 0 0 0 0 0 0 0 0 0 0 0 0 0 0 0 0 0 0 0 0 0 0 0 0 0 0 0 0 0 0 0 0 0 0 0 0 0 0 0 0 0 0 0 0 0 0 0 0 0 0 0 0 0 0 0 0 0 0 0 0 0 0 0 0 0 0 0 0 0 0 0 0 0 0 0 0 0 0 0 0 0 0 0 0 0 0 0 0 0 0 0 0 0 0 0 0 0 0 0 0 0 0 0 0 0 23 1 0 0 129 121 1 0 1 0 0 0 0 0 0 0 0 0 0 0 2 0 0 0 0 0 5 0 2 0 0 0 16 0 0 0 255 255 255 255 2 0 9 0 0 0 0 0 data 2 0x90002 0x0 oops 0
ciMethodData com/android/dx/util/MutabilityControl throwIfImmutable ()V 2 116938 orig 264 56 173 252 100 0 0 0 0 144 119 247 20 0 0 0 0 80 1 0 0 0 0 0 0 0 0 0 0 0 0 0 0 0 0 0 0 0 0 0 0 0 0 0 0 0 0 0 0 0 0 0 0 0 0 0 0 0 0 0 0 0 0 0 0 0 0 0 0 0 0 0 0 0 0 0 0 0 0 0 0 77 68 79 32 101 120 116 114 97 32 100 97 116 97 32 108 111 99 107 0 0 0 0 0 0 0 0 0 0 0 0 0 0 0 0 0 0 0 0 0 0 0 0 0 0 0 0 0 0 0 0 0 0 0 0 0 0 0 0 0 0 0 0 0 0 0 0 0 0 0 0 0 0 0 0 0 0 0 0 0 0 0 0 0 0 0 0 0 0 0 0 0 0 0 0 0 0 0 0 0 0 0 0 0 25 0 0 0 0 0 0 0 0 0 0 0 0 0 0 0 1 0 0 0 0 0 0 0 0 0 0 0 0 0 0 0 52 1 0 0 177 60 14 0 1 0 0 0 0 0 0 0 0 0 0 0 2 0 0 0 0 0 5 0 2 0 0 0 48 0 0 0 255 255 255 255 7 0 4 0 0 0 0 0 data 6 0x40007 0x1c7a6 0x30 0x0 0xd0002 0x0 oops 0
ciMethodData com/android/dx/cf/cst/ConstantPoolParser parse0 (ILjava/util/BitSet;)Lcom/android/dx/rop/cst/Constant; 2 8564 orig 264 56 173 252 100 0 0 0 0 128 208 246 20 0 0 0 0 8 14 0 0 80 12 0 0 0 0 0 0 0 0 0 0 0 0 0 0 0 0 0 0 0 0 0 0 0 0 0 0 0 0 0 0 0 0 0 0 0 0 0 0 0 0 0 0 0 0 0 0 0 0 0 0 0 0 0 0 0 0 0 0 77 68 79 32 101 120 116 114 97 32 100 97 116 97 32 108 111 99 107 0 0 0 0 0 0 0 0 0 0 0 0 0 0 0 0 0 0 0 0 0 0 0 0 0 0 0 0 0 0 0 0 0 0 0 0 0 0 0 0 0 0 0 0 0 0 0 0 0 0 0 0 0 0 0 0 0 0 0 0 0 0 0 0 0 0 0 0 0 0 0 0 0 0 0 0 0 0 0 0 0 0 0 0 0 0 0 0 0 0 0 0 0 0 0 0 0 0 0 0 0 0 0 0 0 0 0 0 0 0 0 0 0 0 0 0 0 13 1 0 0 57 3 1 0 1 0 0 0 0 0 0 0 0 0 0 0 2 0 0 0 0 0 29 0 2 0 0 0 176 12 0 0 255 255 255 255 5 0 5 0 0 0 0 0 data 406 0x50005 0x0 0x18881150 0x2067 0x0 0x0 0xa0007 0x19ff 0x20 0x668 0x1d0005 0x0 0x18881200 0x19ff 0x0 0x0 0x240008 0x26 0x0 0x878 0x0 0x140 0x0 0x878 0x0 0x198 0x0 0x1f0 0x0 0x248 0x0 0x2a0 0x0 0x2f8 0x0 0x3d0 0x0 0x428 0x0 0x530 0x0 0x638 0x0 0x740 0x0 0x878 0x0 0x878 0x0 0x848 0x0 0x858 0x0 0x878 0x0 0x868 0x7f0002 0xe17 0x850005 0x0 0x18880150 0xe17 0x0 0x0 0x880003 0xe17 0x7b8 0x930005 0x0 0x18881200 0x12 0x0 0x0 0x9a0002 0x12 0x9e0003 0x12 0x760 0xa90005 0x0 0x0 0x0 0x0 0x0 0xb00002 0x0 0xb40003 0x0 0x708 0xbf0005 0x0 0x18881200 0x1 0x0 0x0 0xc60002 0x1 0xca0003 0x1 0x6b0 0xd50005 0x0 0x0 0x0 0x0 0x0 0xdc0002 0x0 0xe00003 0x0 0x658 0xeb0005 0x0 0x18881200 0x2b6 0x0 0x0 0xf40002 0x2b6 0xf70004 0x0 0x188812b0 0x2b6 0x0 0x0 0x1020005 0x0 0x188812b0 0x2b6 0x0 0x0 0x1050002 0x2b6 0x1080002 0x2b6 0x10c0003 0x2b6 0x580 0x1170005 0x0 0x18881200 0x87 0x0 0x0 0x1200002 0x87 0x1240003 0x87 0x528 0x12f0005 0x0 0x18881200 0xaa 0x0 0x0 0x1380002 0xaa 0x13b0004 0x0 0x18881360 0xaa 0x0 0x0 0x1480005 0x0 0x18881200 0xaa 0x0 0x0 0x1510002 0xaa 0x1540004 0x0 0x18881410 0xaa 0x0 0x0 0x1610002 0xaa 0x1650003 0xaa 0x420 0x1700005 0x0 0x18881200 0x37e 0x0 0x0 0x1790002 0x37e 0x17c0004 0x0 0x18881360 0x37e 0x0 0x0 0x1890005 0x0 0x18881200 0x37e 0x0 0x0 0x1920002 0x37e 0x1950004 0x0 0x18881410 0x37e 0x0 0x0 0x1a20002 0x37e 0x1a60003 0x37e 0x318 0x1b10005 0x0 0x18881200 0x4f 0x0 0x0 0x1ba0002 0x4f 0x1bd0004 0x0 0x18881360 0x4f 0x0 0x0 0x1ca0005 0x0 0x18881200 0x4f 0x0 0x0 0x1d30002 0x4f 0x1d60004 0x0 0x18881410 0x4f 0x0 0x0 0x1e30002 0x4f 0x1e70003 0x4f 0x210 0x1f20005 0x0 0x18881200 0x421 0x0 0x0 0x1fb0002 0x421 0x1fe0004 0x0 0x188812b0 0x421 0x0 0x0 0x20b0005 0x0 0x18881200 0x421 0x0 0x0 0x2140002 0x421 0x2170004 0x0 0x188812b0 0x421 0x0 0x0 0x2240002 0x421 0x2280003 0x421 0x108 0x2310002 0x0 0x23b0002 0x0 0x2450002 0x0 0x2510002 0x0 0x2560005 0x0 0x0 0x0 0x0 0x0 0x25b0002 0x0 0x25e0005 0x0 0x0 0x0 0x0 0x0 0x2610005 0x0 0x0 0x0 0x0 0x0 0x2640002 0x0 0x2680003 0x19ff 0x2c8 0x2730002 0x0 0x2780005 0x0 0x0 0x0 0x0 0x0 0x27c0002 0x0 0x27f0005 0x0 0x0 0x0 0x0 0x0 0x2840005 0x0 0x0 0x0 0x0 0x0 0x2890002 0x0 0x28c0005 0x0 0x0 0x0 0x0 0x0 0x28f0005 0x0 0x0 0x0 0x0 0x0 0x2920005 0x0 0x0 0x0 0x0 0x0 0x2a00002 0x0 0x2ab0002 0x0 0x2b00005 0x0 0x0 0x0 0x0 0x0 0x2b40002 0x0 0x2b70005 0x0 0x0 0x0 0x0 0x0 0x2bc0005 0x0 0x0 0x0 0x0 0x0 0x2c10002 0x0 0x2c40005 0x0 0x0 0x0 0x0 0x0 0x2c70005 0x0 0x0 0x0 0x0 0x0 0x2ca0005 0x0 0x0 0x0 0x0 0x0 0x2d60005 0x0 0x18881150 0x19ff 0x0 0x0 oops 26 2 com/android/dx/rop/cst/StdConstantPool 12 com/android/dx/util/ByteArray 60 java/util/BitSet 69 com/android/dx/util/ByteArray 91 com/android/dx/util/ByteArray 113 com/android/dx/util/ByteArray 121 com/android/dx/rop/cst/CstString 127 com/android/dx/rop/cst/CstString 140 com/android/dx/util/ByteArray 151 com/android/dx/util/ByteArray 159 com/android/dx/rop/cst/CstType 165 com/android/dx/util/ByteArray 173 com/android/dx/rop/cst/CstNat 184 com/android/dx/util/ByteArray 192 com/android/dx/rop/cst/CstType 198 com/android/dx/util/ByteArray 206 com/android/dx/rop/cst/CstNat 217 com/android/dx/util/ByteArray 225 com/android/dx/rop/cst/CstType 231 com/android/dx/util/ByteArray 239 com/android/dx/rop/cst/CstNat 250 com/android/dx/util/ByteArray 258 com/android/dx/rop/cst/CstString 264 com/android/dx/util/ByteArray 272 com/android/dx/rop/cst/CstString 402 com/android/dx/rop/cst/StdConstantPool
ciMethodData com/android/dx/cf/cst/ConstantPoolParser parseUtf8 (I)Lcom/android/dx/rop/cst/CstString; 2 3699 orig 264 56 173 252 100 0 0 0 0 200 209 246 20 0 0 0 0 208 1 0 0 0 0 0 0 0 0 0 0 0 0 0 0 0 0 0 0 0 0 0 0 0 0 0 0 0 0 0 0 0 0 0 0 0 0 0 0 0 0 0 0 0 0 0 0 0 0 0 0 0 0 0 0 0 0 0 0 0 0 0 0 77 68 79 32 101 120 116 114 97 32 100 97 116 97 32 108 111 99 107 0 0 0 0 0 0 0 0 0 0 0 0 0 0 0 0 0 0 0 0 0 0 0 0 0 0 0 0 0 0 0 0 0 0 0 0 0 0 0 0 0 0 0 0 0 0 0 0 0 0 0 0 0 0 0 0 0 0 0 0 0 0 0 0 0 0 0 0 0 0 0 0 0 0 0 0 0 0 0 0 0 0 0 0 0 0 0 0 0 0 0 0 0 0 0 0 0 0 0 0 0 0 0 0 0 0 0 0 0 0 0 0 0 0 0 0 0 92 0 0 0 185 112 0 0 1 0 0 0 0 0 0 0 0 0 0 0 2 0 0 0 0 0 7 0 2 0 0 0 128 0 0 0 255 255 255 255 5 0 7 0 0 0 0 0 data 16 0x70005 0x10d 0x18881200 0xd0a 0x0 0x0 0x160005 0x10d 0x18881200 0xd0a 0x0 0x0 0x1f0002 0xe17 0x2b0002 0x0 oops 2 2 com/android/dx/util/ByteArray 8 com/android/dx/util/ByteArray
ciMethodData com/android/dx/util/ByteArray getInt (I)I 2 1742 orig 264 56 173 252 100 0 0 0 0 208 143 246 20 0 0 0 0 120 1 0 0 0 0 0 0 0 0 0 0 0 0 0 0 0 0 0 0 0 0 0 0 0 0 0 0 0 0 0 0 0 0 0 0 0 0 0 0 0 0 0 0 0 0 0 0 0 0 0 0 0 0 0 0 0 0 0 0 0 0 0 0 77 68 79 32 101 120 116 114 97 32 100 97 116 97 32 108 111 99 107 0 0 0 0 0 0 0 0 0 0 0 0 0 0 0 0 0 0 0 0 0 0 0 0 0 0 0 0 0 0 0 0 0 0 0 0 0 0 0 0 0 0 0 0 0 0 0 0 0 0 0 0 0 0 0 0 0 0 0 0 0 0 0 0 0 0 0 0 0 0 0 0 0 0 0 0 0 0 0 0 0 0 0 0 0 0 0 0 0 0 0 0 0 0 0 0 0 0 0 0 0 0 0 0 0 0 0 0 0 0 0 0 0 0 0 0 0 1 0 0 0 105 54 0 0 1 0 0 0 0 0 0 0 0 0 0 0 2 0 0 0 0 0 3 0 2 0 0 0 80 0 0 0 255 255 255 255 2 0 5 0 0 0 0 0 data 10 0x50002 0x6cd 0xa0002 0x6cd 0x140002 0x6cd 0x1f0002 0x6cd 0x2a0002 0x6cd oops 0
ciMethodData com/android/dx/util/ByteArray getLong (I)J 1 3 orig 264 56 173 252 100 0 0 0 0 0 145 246 20 0 0 0 0 192 1 0 0 0 0 0 0 0 0 0 0 0 0 0 0 0 0 0 0 0 0 0 0 0 0 0 0 0 0 0 0 0 0 0 0 0 0 0 0 0 0 0 0 0 0 0 0 0 0 0 0 0 0 0 0 0 0 0 0 0 0 0 0 77 68 79 32 101 120 116 114 97 32 100 97 116 97 32 108 111 99 107 0 0 0 0 0 0 0 0 0 0 0 0 0 0 0 0 0 0 0 0 0 0 0 0 0 0 0 0 0 0 0 0 0 0 0 0 0 0 0 0 0 0 0 0 0 0 0 0 0 0 0 0 0 0 0 0 0 0 0 0 0 0 0 0 0 0 0 0 0 0 0 0 0 0 0 0 0 0 0 0 0 0 0 0 0 0 0 0 0 0 0 0 0 0 0 0 0 0 0 0 0 0 0 0 0 0 0 0 0 0 0 0 0 0 0 0 0 2 0 0 0 9 0 0 0 1 0 0 0 0 0 0 0 0 0 0 0 2 0 0 0 0 0 0 0 0 0 0 0 144 0 0 0 255 255 255 255 2 0 6 0 0 0 0 0 data 18 0x60002 0x1 0xb0002 0x1 0x150002 0x1 0x200002 0x1 0x2b0002 0x1 0x340002 0x1 0x3e0002 0x1 0x4a0002 0x1 0x560002 0x1 oops 0
ciMethodData com/android/dx/rop/cst/CstLong make (J)Lcom/android/dx/rop/cst/CstLong; 1 5 orig 264 56 173 252 100 0 0 0 0 80 21 247 20 0 0 0 0 56 1 0 0 0 0 0 0 0 0 0 0 0 0 0 0 0 0 0 0 0 0 0 0 0 0 0 0 0 0 0 0 0 0 0 0 0 0 0 0 0 0 0 0 0 0 0 0 0 0 0 0 0 0 0 0 0 0 0 0 0 0 0 0 77 68 79 32 101 120 116 114 97 32 100 97 116 97 32 108 111 99 107 0 0 0 0 0 0 0 0 0 0 0 0 0 0 0 0 0 0 0 0 0 0 0 0 0 0 0 0 0 0 0 0 0 0 0 0 0 0 0 0 0 0 0 0 0 0 0 0 0 0 0 0 0 0 0 0 0 0 0 0 0 0 0 0 0 0 0 0 0 0 0 0 0 0 0 0 0 0 0 0 0 0 0 0 0 0 0 0 0 0 0 0 0 0 0 0 0 0 0 0 0 0 0 0 0 0 0 0 0 0 0 0 0 0 0 0 0 4 0 0 0 9 0 0 0 1 0 0 0 0 0 0 0 0 0 0 0 2 0 0 0 0 0 0 0 0 0 0 0 16 0 0 0 255 255 255 255 2 0 5 0 0 0 0 0 data 2 0x50002 0x1 oops 0
ciMethodData com/android/dx/rop/cst/TypedConstant <init> ()V 2 7471 orig 264 56 173 252 100 0 0 0 0 64 222 244 20 0 0 0 0 48 1 0 0 0 0 0 0 0 0 0 0 0 0 0 0 0 0 0 0 0 0 0 0 0 0 0 0 0 0 0 0 0 0 0 0 0 0 0 0 0 0 0 0 0 0 0 0 0 0 0 0 0 0 0 0 0 0 0 0 0 0 0 0 77 68 79 32 101 120 116 114 97 32 100 97 116 97 32 108 111 99 107 0 0 0 0 0 0 0 0 0 0 0 0 0 0 0 0 0 0 0 0 0 0 0 0 0 0 0 0 0 0 0 0 0 0 0 0 0 0 0 0 0 0 0 0 0 0 0 0 0 0 0 0 0 0 0 0 0 0 0 0 0 0 0 0 0 0 0 0 0 0 0 0 0 0 0 0 0 0 0 0 0 0 0 0 0 0 0 0 0 0 0 0 0 0 0 0 0 0 0 0 0 0 0 0 0 0 0 0 0 0 0 0 0 0 0 0 0 183 0 0 0 193 227 0 0 1 0 0 0 0 0 0 0 0 0 0 0 2 0 0 0 0 0 3 0 2 0 0 0 16 0 0 0 255 255 255 255 2 0 1 0 0 0 0 0 data 2 0x10002 0x1c78 oops 0
ciMethodData com/android/dx/rop/cst/Constant <init> ()V 2 9418 orig 264 56 173 252 100 0 0 0 0 64 188 244 20 0 0 0 0 48 1 0 0 0 0 0 0 0 0 0 0 0 0 0 0 0 0 0 0 0 0 0 0 0 0 0 0 0 0 0 0 0 0 0 0 0 0 0 0 0 0 0 0 0 0 0 0 0 0 0 0 0 0 0 0 0 0 0 0 0 0 0 0 77 68 79 32 101 120 116 114 97 32 100 97 116 97 32 108 111 99 107 0 0 0 0 0 0 0 0 0 0 0 0 0 0 0 0 0 0 0 0 0 0 0 0 0 0 0 0 0 0 0 0 0 0 0 0 0 0 0 0 0 0 0 0 0 0 0 0 0 0 0 0 0 0 0 0 0 0 0 0 0 0 0 0 0 0 0 0 0 0 0 0 0 0 0 0 0 0 0 0 0 0 0 0 0 0 0 0 0 0 0 0 0 0 0 0 0 0 0 0 0 0 0 0 0 0 0 0 0 0 0 0 0 0 0 0 0 221 0 0 0 105 31 1 0 1 0 0 0 0 0 0 0 0 0 0 0 2 0 0 0 0 0 3 0 2 0 0 0 16 0 0 0 255 255 255 255 2 0 1 0 0 0 0 0 data 2 0x10002 0x23ed oops 0
ciMethodData com/android/dx/rop/type/Type internClassName (Ljava/lang/String;)Lcom/android/dx/rop/type/Type; 1 722 orig 264 56 173 252 100 0 0 0 0 248 173 247 20 0 0 0 0 184 2 0 0 128 0 0 0 0 0 0 0 0 0 0 0 0 0 0 0 0 0 0 0 0 0 0 0 0 0 0 0 0 0 0 0 0 0 0 0 0 0 0 0 0 0 0 0 0 0 0 0 0 0 0 0 0 0 0 0 0 0 0 0 77 68 79 32 101 120 116 114 97 32 100 97 116 97 32 108 111 99 107 0 0 0 0 0 0 0 0 0 0 0 0 0 0 0 0 0 0 0 0 0 0 0 0 0 0 0 0 0 0 0 0 0 0 0 0 0 0 0 0 0 0 0 0 0 0 0 0 0 0 0 0 0 0 0 0 0 0 0 0 0 0 0 0 0 0 0 0 0 0 0 0 0 0 0 0 0 0 0 0 0 0 0 0 0 0 0 0 0 0 0 0 0 0 0 0 0 0 0 0 0 0 0 0 0 0 0 0 0 0 0 0 0 0 0 0 0 27 0 0 0 185 21 0 0 1 0 0 0 0 0 0 0 0 0 0 0 2 0 0 0 0 0 29 0 2 0 0 0 112 1 0 0 255 255 255 255 7 0 1 0 0 0 0 0 data 46 0x10007 0x2b7 0x30 0x0 0xa0002 0x0 0x110005 0x18f 0x2d0a410 0x128 0x0 0x0 0x140007 0x2ab 0x30 0xc 0x180002 0xc 0x200002 0x2ab 0x250005 0x18b 0x154bfec0 0x120 0x0 0x0 0x290005 0x18b 0x154bfec0 0x120 0x0 0x0 0x2e0005 0x18b 0x154bfec0 0x120 0x0 0x0 0x310005 0x18b 0x154bfec0 0x120 0x0 0x0 0x340002 0x2ab oops 5 8 java/lang/String 22 java/lang/StringBuilder 28 java/lang/StringBuilder 34 java/lang/StringBuilder 40 java/lang/StringBuilder
ciMethodData com/android/dx/rop/cst/CstType <init> (Lcom/android/dx/rop/type/Type;)V 1 929 orig 264 56 173 252 100 0 0 0 0 8 206 244 20 0 0 0 0 192 1 0 0 48 0 0 0 0 0 0 0 0 0 0 0 0 0 0 0 0 0 0 0 0 0 0 0 0 0 0 0 0 0 0 0 0 0 0 0 0 0 0 0 0 0 0 0 0 0 0 0 0 0 0 0 0 0 0 0 0 0 0 0 77 68 79 32 101 120 116 114 97 32 100 97 116 97 32 108 111 99 107 0 0 0 0 0 0 0 0 0 0 0 0 0 0 0 0 0 0 0 0 0 0 0 0 0 0 0 0 0 0 0 0 0 0 0 0 0 0 0 0 0 0 0 0 0 0 0 0 0 0 0 0 0 0 0 0 0 0 0 0 0 0 0 0 0 0 0 0 0 0 0 0 0 0 0 0 0 0 0 0 0 0 0 0 0 0 0 0 0 0 0 0 0 0 0 0 0 0 0 0 0 0 0 0 0 0 0 0 0 0 0 0 0 0 0 0 0 45 0 0 0 161 27 0 0 1 0 0 0 0 0 0 0 0 0 0 0 2 0 0 0 0 0 7 0 2 0 0 0 112 0 0 0 255 255 255 255 2 0 1 0 0 0 0 0 data 14 0x10002 0x374 0x50007 0x374 0x30 0x0 0xe0002 0x0 0x160007 0x374 0x30 0x0 0x1f0002 0x0 oops 0
ciMethodData com/android/dx/rop/cst/CstFieldRef <init> (Lcom/android/dx/rop/cst/CstType;Lcom/android/dx/rop/cst/CstNat;)V 1 347 orig 264 56 173 252 100 0 0 0 0 80 48 247 20 0 0 0 0 64 1 0 0 0 0 0 0 0 0 0 0 0 0 0 0 0 0 0 0 0 0 0 0 0 0 0 0 0 0 0 0 0 0 0 0 0 0 0 0 0 0 0 0 0 0 0 0 0 0 0 0 0 0 0 0 0 0 0 0 0 0 0 0 77 68 79 32 101 120 116 114 97 32 100 97 116 97 32 108 111 99 107 0 0 0 0 0 0 0 0 0 0 0 0 0 0 0 0 0 0 0 0 0 0 0 0 0 0 0 0 0 0 0 0 0 0 0 0 0 0 0 0 0 0 0 0 0 0 0 0 0 0 0 0 0 0 0 0 0 0 0 0 0 0 0 0 0 0 0 0 0 0 0 0 0 0 0 0 0 0 0 0 0 0 0 0 0 0 0 0 0 0 0 0 0 0 0 0 0 0 0 0 0 0 0 0 0 0 0 0 0 0 0 0 0 0 0 0 0 15 0 0 0 97 10 0 0 1 0 0 0 0 0 0 0 0 0 0 0 2 0 0 0 0 0 0 0 0 0 0 0 16 0 0 0 255 255 255 255 2 0 3 0 0 0 0 0 data 2 0x30002 0x14c oops 0
ciMethodData com/android/dx/rop/cst/CstMemberRef <init> (Lcom/android/dx/rop/cst/CstType;Lcom/android/dx/rop/cst/CstNat;)V 2 1917 orig 264 56 173 252 100 0 0 0 0 56 56 247 20 0 0 0 0 160 1 0 0 48 0 0 0 0 0 0 0 0 0 0 0 0 0 0 0 0 0 0 0 0 0 0 0 0 0 0 0 0 0 0 0 0 0 0 0 0 0 0 0 0 0 0 0 0 0 0 0 0 0 0 0 0 0 0 0 0 0 0 0 77 68 79 32 101 120 116 114 97 32 100 97 116 97 32 108 111 99 107 0 0 0 0 0 0 0 0 0 0 0 0 0 0 0 0 0 0 0 0 0 0 0 0 0 0 0 0 0 0 0 0 0 0 0 0 0 0 0 0 0 0 0 0 0 0 0 0 0 0 0 0 0 0 0 0 0 0 0 0 0 0 0 0 0 0 0 0 0 0 0 0 0 0 0 0 0 0 0 0 0 0 0 0 0 0 0 0 0 0 0 0 0 0 0 0 0 0 0 0 0 0 0 0 0 0 0 0 0 0 0 0 0 0 0 0 0 39 0 0 0 177 58 0 0 1 0 0 0 0 0 0 0 0 0 0 0 2 0 0 0 0 0 7 0 2 0 0 0 112 0 0 0 255 255 255 255 2 0 1 0 0 0 0 0 data 14 0x10002 0x756 0x50007 0x756 0x30 0x0 0xe0002 0x0 0x130007 0x756 0x30 0x0 0x1c0002 0x0 oops 0
ciMethodData com/android/dx/rop/cst/CstMethodRef <init> (Lcom/android/dx/rop/cst/CstType;Lcom/android/dx/rop/cst/CstNat;)V 2 1494 orig 264 56 173 252 100 0 0 0 0 184 64 247 20 0 0 0 0 64 1 0 0 0 0 0 0 0 0 0 0 0 0 0 0 0 0 0 0 0 0 0 0 0 0 0 0 0 0 0 0 0 0 0 0 0 0 0 0 0 0 0 0 0 0 0 0 0 0 0 0 0 0 0 0 0 0 0 0 0 0 0 0 77 68 79 32 101 120 116 114 97 32 100 97 116 97 32 108 111 99 107 0 0 0 0 0 0 0 0 0 0 0 0 0 0 0 0 0 0 0 0 0 0 0 0 0 0 0 0 0 0 0 0 0 0 0 0 0 0 0 0 0 0 0 0 0 0 0 0 0 0 0 0 0 0 0 0 0 0 0 0 0 0 0 0 0 0 0 0 0 0 0 0 0 0 0 0 0 0 0 0 0 0 0 0 0 0 0 0 0 0 0 0 0 0 0 0 0 0 0 0 0 0 0 0 0 0 0 0 0 0 0 0 0 0 0 0 0 24 0 0 0 241 45 0 0 1 0 0 0 0 0 0 0 0 0 0 0 2 0 0 0 0 0 3 0 2 0 0 0 16 0 0 0 255 255 255 255 2 0 3 0 0 0 0 0 data 2 0x30002 0x5be oops 0
ciMethodData com/android/dx/rop/cst/CstBaseMethodRef <init> (Lcom/android/dx/rop/cst/CstType;Lcom/android/dx/rop/cst/CstNat;)V 2 1568 orig 264 56 173 252 100 0 0 0 0 232 70 247 20 0 0 0 0 8 2 0 0 0 0 0 0 0 0 0 0 0 0 0 0 0 0 0 0 0 0 0 0 0 0 0 0 0 0 0 0 0 0 0 0 0 0 0 0 0 0 0 0 0 0 0 0 0 0 0 0 0 0 0 0 0 0 0 0 0 0 0 0 77 68 79 32 101 120 116 114 97 32 100 97 116 97 32 108 111 99 107 0 0 0 0 0 0 0 0 0 0 0 0 0 0 0 0 0 0 0 0 0 0 0 0 0 0 0 0 0 0 0 0 0 0 0 0 0 0 0 0 0 0 0 0 0 0 0 0 0 0 0 0 0 0 0 0 0 0 0 0 0 0 0 0 0 0 0 0 0 0 0 0 0 0 0 0 0 0 0 0 0 0 0 0 0 0 0 0 0 0 0 0 0 0 0 0 0 0 0 0 0 0 0 0 0 0 0 0 0 0 0 0 0 0 0 0 0 24 0 0 0 65 48 0 0 1 0 0 0 0 0 0 0 0 0 0 0 2 0 0 0 0 0 3 0 2 0 0 0 176 0 0 0 255 255 255 255 2 0 3 0 0 0 0 0 data 22 0x30002 0x608 0x70005 0x1f 0x17e0df80 0x5ad 0x17e0e340 0x3c 0xa0005 0x1f 0x18881410 0x5e9 0x0 0x0 0xd0005 0x1f 0x188812b0 0x5e9 0x0 0x0 0x130002 0x608 oops 4 4 com/android/dx/rop/cst/CstMethodRef 6 com/android/dx/rop/cst/CstInterfaceMethodRef 10 com/android/dx/rop/cst/CstNat 16 com/android/dx/rop/cst/CstString
ciMethodData com/android/dx/rop/type/Prototype intern (Ljava/lang/String;)Lcom/android/dx/rop/type/Prototype; 2 2087 orig 264 56 173 252 100 0 0 0 0 8 243 247 20 0 0 0 0 232 4 0 0 8 3 0 0 0 0 0 0 0 0 0 0 0 0 0 0 0 0 0 0 0 0 0 0 0 0 0 0 0 0 0 0 0 0 0 0 0 0 0 0 0 0 0 0 0 0 0 0 0 0 0 0 0 0 0 0 0 0 0 0 77 68 79 32 101 120 116 114 97 32 100 97 116 97 32 108 111 99 107 0 0 0 0 0 0 0 0 0 0 0 0 0 0 0 0 0 0 0 0 0 0 0 0 0 0 0 0 0 0 0 0 0 0 0 0 0 0 0 0 0 0 0 0 0 0 0 0 0 0 0 0 0 0 0 0 0 0 0 0 0 0 0 0 0 0 0 0 0 0 0 0 0 0 0 0 0 0 0 0 0 0 0 0 0 0 0 0 0 0 0 0 0 0 0 0 0 0 0 0 0 0 0 0 0 0 0 0 0 0 0 0 0 0 0 0 0 59 0 0 0 121 64 0 0 41 49 0 0 0 0 0 0 0 0 0 0 2 0 0 0 3 0 63 0 2 0 0 0 160 3 0 0 255 255 255 255 7 0 1 0 0 0 0 0 data 116 0x10007 0x80f 0x30 0x0 0xa0002 0x0 0x180005 0x0 0x17a6d470 0x80f 0x0 0x0 0x1b0104 0x0 0x17a66a00 0x65d 0x0 0x0 0x210003 0x80f 0x18 0x2a0007 0x1b2 0x20 0x65d 0x300002 0x1b2 0x400005 0xe7 0x2d0a410 0x3ce 0x0 0x0 0x490007 0x303 0x38 0x1b2 0x4f0003 0x1b2 0x1a0 0x560007 0x303 0x68 0x1e 0x5f0005 0x3 0x2d0a410 0x1b 0x0 0x0 0x640003 0x1e 0xffffffffffffffb0 0x6b0007 0xf4 0x98 0x20f 0x730005 0x5e 0x2d0a410 0x1b1 0x0 0x0 0x7b0007 0x20f 0x30 0x0 0x840002 0x0 0x8e0003 0x20f 0x18 0x9b0005 0x8c 0x2d0a410 0x277 0x0 0x0 0x9e0002 0x303 0xa10004 0x0 0x17e0c790 0x303 0x0 0x0 0xa50003 0x303 0xfffffffffffffe28 0xab0005 0x5b 0x2d0a410 0x157 0x0 0x0 0xae0002 0x1b2 0xb80002 0x1b2 0xc30007 0x1b2 0x68 0x303 0xce0005 0x8c 0x170cb1b0 0x277 0x0 0x0 0xd40003 0x303 0xffffffffffffffb0 0xe00002 0x1b2 0xe50002 0x1b2 oops 9 8 java/util/HashMap 14 com/android/dx/rop/type/Prototype 29 java/lang/String 46 java/lang/String 59 java/lang/String 74 java/lang/String 82 com/android/dx/rop/type/Type 91 java/lang/String 105 com/android/dx/rop/type/StdTypeList
ciMethodData com/android/dx/rop/cst/CstNat <init> (Lcom/android/dx/rop/cst/CstString;Lcom/android/dx/rop/cst/CstString;)V 2 1777 orig 264 56 173 252 100 0 0 0 0 96 86 247 20 0 0 0 0 160 1 0 0 48 0 0 0 0 0 0 0 0 0 0 0 0 0 0 0 0 0 0 0 0 0 0 0 0 0 0 0 0 0 0 0 0 0 0 0 0 0 0 0 0 0 0 0 0 0 0 0 0 0 0 0 0 0 0 0 0 0 0 0 77 68 79 32 101 120 116 114 97 32 100 97 116 97 32 108 111 99 107 0 0 0 0 0 0 0 0 0 0 0 0 0 0 0 0 0 0 0 0 0 0 0 0 0 0 0 0 0 0 0 0 0 0 0 0 0 0 0 0 0 0 0 0 0 0 0 0 0 0 0 0 0 0 0 0 0 0 0 0 0 0 0 0 0 0 0 0 0 0 0 0 0 0 0 0 0 0 0 0 0 0 0 0 0 0 0 0 0 0 0 0 0 0 0 0 0 0 0 0 0 0 0 0 0 0 0 0 0 0 0 0 0 0 0 0 0 38 0 0 0 89 54 0 0 1 0 0 0 0 0 0 0 0 0 0 0 2 0 0 0 0 0 7 0 2 0 0 0 112 0 0 0 255 255 255 255 2 0 1 0 0 0 0 0 data 14 0x10002 0x6cb 0x50007 0x6cb 0x30 0x0 0xe0002 0x0 0x130007 0x6cb 0x30 0x0 0x1c0002 0x0 oops 0
ciMethodData com/android/dx/rop/cst/StdConstantPool set (ILcom/android/dx/rop/cst/Constant;)V 2 6863 orig 264 56 173 252 100 0 0 0 0 160 112 247 20 0 0 0 0 208 3 0 0 24 2 0 0 0 0 0 0 0 0 0 0 0 0 0 0 0 0 0 0 0 0 0 0 0 0 0 0 0 0 0 0 0 0 0 0 0 0 0 0 0 0 0 0 0 0 0 0 0 0 0 0 0 0 0 0 0 0 0 0 77 68 79 32 101 120 116 114 97 32 100 97 116 97 32 108 111 99 107 0 0 0 0 0 0 0 0 0 0 0 0 0 0 0 0 0 0 0 0 0 0 0 0 0 0 0 0 0 0 0 0 0 0 0 0 0 0 0 0 0 0 0 0 0 0 0 0 0 0 0 0 0 0 0 0 0 0 0 0 0 0 0 0 0 0 0 0 0 0 0 0 0 0 0 0 0 0 0 0 0 0 0 0 0 0 0 0 0 0 0 0 0 0 0 0 0 0 0 0 0 0 0 0 0 0 0 0 0 0 0 0 0 0 0 0 0 207 0 0 0 1 208 0 0 1 0 0 0 0 0 0 0 0 0 0 0 2 0 0 0 0 0 28 0 2 0 0 0 120 2 0 0 255 255 255 255 5 0 1 0 0 0 0 0 data 79 0x10005 0x9c 0x18881150 0x1964 0x0 0x0 0x50007 0x0 0x88 0x1a00 0x90005 0x7e3 0x17e0df80 0x37f 0x188812b0 0xe9e 0xc0007 0x19ff 0x38 0x1 0x100003 0x1 0x18 0x170007 0x1a00 0x30 0x0 0x200002 0x0 0x250007 0x19ff 0x80 0x1 0x300007 0x1 0x30 0x0 0x390002 0x0 0x450104 0x0 0x0 0x0 0x0 0x0 0x470007 0x0 0xe0 0x1a00 0x500007 0x0 0xc0 0x1a00 0x5f0007 0x600 0xa0 0x1400 0x640005 0x64e 0x17e0df80 0x35e 0x188812b0 0xa54 0x670007 0x1400 0x50 0x0 0x720004 0x0 0x0 0x0 0x0 0x0 0x790004 0x0 0x17e0df80 0x37f 0x188812b0 0xe9e oops 7 2 com/android/dx/rop/cst/StdConstantPool 12 com/android/dx/rop/cst/CstMethodRef 14 com/android/dx/rop/cst/CstString 59 com/android/dx/rop/cst/CstMethodRef 61 com/android/dx/rop/cst/CstString 75 com/android/dx/rop/cst/CstMethodRef 77 com/android/dx/rop/cst/CstString
ciMethodData com/android/dx/util/FixedSizeList set0 (ILjava/lang/Object;)V 2 57432 orig 264 56 173 252 100 0 0 0 0 168 57 248 20 0 0 0 0 224 1 0 0 0 0 0 0 0 0 0 0 0 0 0 0 0 0 0 0 0 0 0 0 0 0 0 0 0 0 0 0 0 0 0 0 0 0 0 0 0 0 0 0 0 0 0 0 0 0 0 0 0 0 0 0 0 0 0 0 0 0 0 0 77 68 79 32 101 120 116 114 97 32 100 97 116 97 32 108 111 99 107 0 0 0 0 0 0 0 0 0 0 0 0 0 0 0 0 0 0 0 0 0 0 0 0 0 0 0 0 0 0 0 0 0 0 0 0 0 0 0 0 0 0 0 0 0 0 0 0 0 0 0 0 0 0 0 0 0 0 0 0 0 0 0 0 0 0 0 0 0 0 0 0 0 0 0 0 0 0 0 0 0 0 0 0 0 0 0 0 0 0 0 0 0 0 0 0 0 0 0 0 0 0 0 0 0 0 0 0 0 0 0 0 0 0 0 0 0 0 1 0 0 193 250 6 0 1 0 0 0 0 0 0 0 0 0 0 0 2 0 0 0 0 0 11 0 2 0 0 0 136 0 0 0 255 255 255 255 5 0 1 0 0 0 0 0 data 17 0x10005 0xdc7c 0x16e2b010 0x24 0x16e2b0c0 0x2c0 0xa0104 0x0 0x16e2b170 0x24 0x16e2b220 0x22 0xb0003 0xdf63 0x28 0x110002 0x0 oops 4 2 com/android/dx/cf/attrib/InnerClassList 4 com/android/dx/cf/iface/StdAttributeList 8 com/android/dx/cf/attrib/InnerClassList$Item 10 com/android/dx/cf/attrib/AttInnerClasses
ciMethodData com/android/dx/util/MutabilityControl <init> (Z)V 2 26327 orig 264 56 173 252 100 0 0 0 0 216 116 247 20 0 0 0 0 56 1 0 0 0 0 0 0 0 0 0 0 0 0 0 0 0 0 0 0 0 0 0 0 0 0 0 0 0 0 0 0 0 0 0 0 0 0 0 0 0 0 0 0 0 0 0 0 0 0 0 0 0 0 0 0 0 0 0 0 0 0 0 0 77 68 79 32 101 120 116 114 97 32 100 97 116 97 32 108 111 99 107 0 0 0 0 0 0 0 0 0 0 0 0 0 0 0 0 0 0 0 0 0 0 0 0 0 0 0 0 0 0 0 0 0 0 0 0 0 0 0 0 0 0 0 0 0 0 0 0 0 0 0 0 0 0 0 0 0 0 0 0 0 0 0 0 0 0 0 0 0 0 0 0 0 0 0 0 0 0 0 0 0 0 0 0 0 0 0 0 0 0 0 0 0 0 0 0 0 0 0 0 0 0 0 0 0 0 0 0 0 0 0 0 0 0 0 0 0 39 1 0 0 129 45 3 0 1 0 0 0 0 0 0 0 0 0 0 0 2 0 0 0 0 0 3 0 2 0 0 0 16 0 0 0 255 255 255 255 2 0 1 0 0 0 0 0 data 2 0x10002 0x65b3 oops 0
ciMethodData com/android/dx/rop/type/Type intern (Ljava/lang/String;)Lcom/android/dx/rop/type/Type; 2 10601 orig 264 56 173 252 100 0 0 0 0 224 171 247 20 0 0 0 0 32 7 0 0 208 2 0 0 0 0 0 0 0 0 0 0 0 0 0 0 0 0 0 0 0 0 0 0 0 0 0 0 0 0 0 0 0 0 0 0 0 0 0 0 0 0 0 0 0 0 0 0 0 0 0 0 0 0 0 0 0 0 0 0 77 68 79 32 101 120 116 114 97 32 100 97 116 97 32 108 111 99 107 0 0 0 0 0 0 0 0 0 0 0 0 0 0 0 0 0 0 0 0 0 0 0 0 0 0 0 0 0 0 0 0 0 0 0 0 0 0 0 0 0 0 0 0 0 0 0 0 0 0 0 0 0 0 0 0 0 0 0 0 0 0 0 0 0 0 0 0 0 0 0 0 0 0 0 0 0 0 0 0 0 0 0 0 0 0 0 0 0 0 0 0 0 0 0 0 0 0 0 0 0 0 0 0 0 0 0 0 0 0 0 0 0 0 0 0 0 98 6 0 0 89 81 0 0 57 24 1 0 0 0 0 0 0 0 0 0 2 0 0 0 1 0 66 0 2 0 0 0 216 5 0 0 255 255 255 255 5 0 10 0 0 0 0 0 data 187 0xa0005 0x0 0x17a6d470 0xa2b 0x0 0x0 0xd0104 0x0 0x17e0c790 0x92d 0x0 0x0 0x130003 0xa2b 0x18 0x1c0007 0xfe 0x20 0x92d 0x230005 0x7 0x2d0a410 0xf7 0x0 0x0 0x270003 0xfe 0x38 0x310002 0x0 0x3c0002 0x0 0x430007 0xf5 0x90 0x9 0x480005 0x0 0x2d0a410 0x9 0x0 0x0 0x4b0002 0x9 0x500005 0x0 0x17e0c790 0x9 0x0 0x0 0x550005 0x7 0x2d0a410 0xee 0x0 0x0 0x5c0007 0x0 0x70 0xf5 0x630005 0x7 0x2d0a410 0xee 0x0 0x0 0x680007 0xf5 0xd0 0x0 0x730002 0x0 0x780005 0x0 0x0 0x0 0x0 0x0 0x7c0005 0x0 0x0 0x0 0x0 0x0 0x7f0005 0x0 0x0 0x0 0x0 0x0 0x820002 0x0 0x920007 0xf5 0x2d8 0x2307 0x980005 0xf1 0x2d0a410 0x2216 0x0 0x0 0x9f0008 0xe 0xd9 0x270 0x0 0x80 0x0 0x80 0x0 0x80 0x18 0x130 0x0 0x80 0x0 0x80 0xe00002 0x0 0xe50005 0x0 0x0 0x0 0x0 0x0 0xe90005 0x0 0x0 0x0 0x0 0x0 0xec0005 0x0 0x0 0x0 0x0 0x0 0xef0002 0x0 0xf60007 0x0 0x90 0x3e5 0xfe0007 0x0 0x70 0x3e5 0x1060005 0x18 0x2d0a410 0x3cd 0x0 0x0 0x10b0007 0x3e5 0xd0 0x0 0x1160002 0x0 0x11b0005 0x0 0x0 0x0 0x0 0x0 0x11f0005 0x0 0x0 0x0 0x0 0x0 0x1220005 0x0 0x0 0x0 0x0 0x0 0x1250002 0x0 0x12c0003 0x2307 0xfffffffffffffd40 0x1360002 0xf5 0x13b0002 0xf5 oops 9 2 java/util/HashMap 8 com/android/dx/rop/type/Type 21 java/lang/String 38 java/lang/String 46 com/android/dx/rop/type/Type 52 java/lang/String 62 java/lang/String 98 java/lang/String 150 java/lang/String
ciMethodData com/android/dx/rop/type/Type getArrayType ()Lcom/android/dx/rop/type/Type; 1 33 orig 264 56 173 252 100 0 0 0 0 208 195 247 20 0 0 0 0 40 2 0 0 0 0 0 0 0 0 0 0 0 0 0 0 0 0 0 0 0 0 0 0 0 0 0 0 0 0 0 0 0 0 0 0 0 0 0 0 0 0 0 0 0 0 0 0 0 0 0 0 0 0 0 0 0 0 0 0 0 0 0 0 77 68 79 32 101 120 116 114 97 32 100 97 116 97 32 108 111 99 107 0 0 0 0 0 0 0 0 0 0 0 0 0 0 0 0 0 0 0 0 0 0 0 0 0 0 0 0 0 0 0 0 0 0 0 0 0 0 0 0 0 0 0 0 0 0 0 0 0 0 0 0 0 0 0 0 0 0 0 0 0 0 0 0 0 0 0 0 0 0 0 0 0 0 0 0 0 0 0 0 0 0 0 0 0 0 0 0 0 0 0 0 0 0 0 0 0 0 0 0 0 0 0 0 0 0 0 0 0 0 0 0 0 0 0 0 0 10 0 0 0 185 0 0 0 1 0 0 0 0 0 0 0 0 0 0 0 2 0 0 0 0 0 0 0 0 0 0 0 224 0 0 0 255 255 255 255 7 0 4 0 0 0 0 0 data 28 0x40007 0xe 0xe0 0x9 0x100002 0x9 0x150005 0x9 0x0 0x0 0x0 0x0 0x1c0005 0x9 0x0 0x0 0x0 0x0 0x1f0005 0x9 0x0 0x0 0x0 0x0 0x240002 0x9 0x270002 0x9 oops 0
ciMethodData com/android/dx/rop/type/Type <init> (Ljava/lang/String;I)V 1 331 orig 264 56 173 252 100 0 0 0 0 16 176 247 20 0 0 0 0 64 1 0 0 0 0 0 0 0 0 0 0 0 0 0 0 0 0 0 0 0 0 0 0 0 0 0 0 0 0 0 0 0 0 0 0 0 0 0 0 0 0 0 0 0 0 0 0 0 0 0 0 0 0 0 0 0 0 0 0 0 0 0 0 77 68 79 32 101 120 116 114 97 32 100 97 116 97 32 108 111 99 107 0 0 0 0 0 0 0 0 0 0 0 0 0 0 0 0 0 0 0 0 0 0 0 0 0 0 0 0 0 0 0 0 0 0 0 0 0 0 0 0 0 0 0 0 0 0 0 0 0 0 0 0 0 0 0 0 0 0 0 0 0 0 0 0 0 0 0 0 0 0 0 0 0 0 0 0 0 0 0 0 0 0 0 0 0 0 0 0 0 0 0 0 0 0 0 0 0 0 0 0 0 0 0 0 0 0 0 0 0 0 0 0 0 0 0 0 0 77 0 0 0 241 7 0 0 1 0 0 0 0 0 0 0 0 0 0 0 2 0 0 0 0 0 0 0 0 0 0 0 16 0 0 0 255 255 255 255 2 0 4 0 0 0 0 0 data 2 0x40002 0xfe oops 0
ciMethodData com/android/dx/rop/type/Type <init> (Ljava/lang/String;II)V 1 591 orig 264 56 173 252 100 0 0 0 0 48 175 247 20 0 0 0 0 248 1 0 0 128 0 0 0 0 0 0 0 0 0 0 0 0 0 0 0 0 0 0 0 0 0 0 0 0 0 0 0 0 0 0 0 0 0 0 0 0 0 0 0 0 0 0 0 0 0 0 0 0 0 0 0 0 0 0 0 0 0 0 0 77 68 79 32 101 120 116 114 97 32 100 97 116 97 32 108 111 99 107 0 0 0 0 0 0 0 0 0 0 0 0 0 0 0 0 0 0 0 0 0 0 0 0 0 0 0 0 0 0 0 0 0 0 0 0 0 0 0 0 0 0 0 0 0 0 0 0 0 0 0 0 0 0 0 0 0 0 0 0 0 0 0 0 0 0 0 0 0 0 0 0 0 0 0 0 0 0 0 0 0 0 0 0 0 0 0 0 0 0 0 0 0 0 0 0 0 0 0 0 0 0 0 0 0 0 0 0 0 0 0 0 0 0 0 0 0 85 0 0 0 209 15 0 0 1 0 0 0 0 0 0 0 0 0 0 0 2 0 0 0 0 0 0 0 0 0 0 0 192 0 0 0 255 255 255 255 2 0 1 0 0 0 0 0 data 24 0x10002 0x1fa 0x50007 0x1fa 0x30 0x0 0xe0002 0x0 0x130007 0x0 0x40 0x1fa 0x190007 0x1fa 0x30 0x0 0x220002 0x0 0x280007 0x1fa 0x30 0x0 0x310002 0x0 oops 0
ciMethodData com/android/dx/rop/type/Type putIntern (Lcom/android/dx/rop/type/Type;)Lcom/android/dx/rop/type/Type; 1 588 orig 264 56 173 252 100 0 0 0 0 96 199 247 20 0 0 0 0 40 2 0 0 144 0 0 0 0 0 0 0 0 0 0 0 0 0 0 0 0 0 0 0 0 0 0 0 0 0 0 0 0 0 0 0 0 0 0 0 0 0 0 0 0 0 0 0 0 0 0 0 0 0 0 0 0 0 0 0 0 0 0 0 77 68 79 32 101 120 116 114 97 32 100 97 116 97 32 108 111 99 107 0 0 0 0 0 0 0 0 0 0 0 0 0 0 0 0 0 0 0 0 0 0 0 0 0 0 0 0 0 0 0 0 0 0 0 0 0 0 0 0 0 0 0 0 0 0 0 0 0 0 0 0 0 0 0 0 0 0 0 0 0 0 0 0 0 0 0 0 0 0 0 0 0 0 0 0 0 0 0 0 0 0 0 0 0 0 0 0 0 0 0 0 0 0 0 0 0 0 0 0 0 0 0 0 0 0 0 0 0 0 0 0 0 0 0 0 0 82 0 0 0 209 15 0 0 1 0 0 0 0 0 0 0 0 0 0 0 2 0 0 0 0 0 0 0 0 0 0 0 224 0 0 0 255 255 255 255 5 0 7 0 0 0 0 0 data 28 0x70005 0x1fa 0x0 0x0 0x0 0x0 0xf0005 0x0 0x17a6d470 0x1fa 0x0 0x0 0x120104 0x0 0x17e0c790 0x32 0x0 0x0 0x170007 0x1c8 0x20 0x32 0x230005 0x0 0x17a6d470 0x1c8 0x0 0x0 oops 3 8 java/util/HashMap 14 com/android/dx/rop/type/Type 24 java/util/HashMap
ciMethodData com/android/dx/rop/type/Prototype makeParameterArray (Ljava/lang/String;)[Lcom/android/dx/rop/type/Type; 2 17217 orig 264 56 173 252 100 0 0 0 0 200 244 247 20 0 0 0 0 104 3 0 0 176 1 0 0 0 0 0 0 0 0 0 0 0 0 0 0 0 0 0 0 0 0 0 0 0 0 0 0 0 0 0 0 0 0 0 0 0 0 0 0 0 0 0 0 0 0 0 0 0 0 0 0 0 0 0 0 0 0 0 0 77 68 79 32 101 120 116 114 97 32 100 97 116 97 32 108 111 99 107 0 0 0 0 0 0 0 0 0 0 0 0 0 0 0 0 0 0 0 0 0 0 0 0 0 0 0 0 0 0 0 0 0 0 0 0 0 0 0 0 0 0 0 0 0 0 0 0 0 0 0 0 0 0 0 0 0 0 0 0 0 0 0 0 0 0 0 0 0 0 0 0 0 0 0 0 0 0 0 0 0 0 0 0 0 0 0 0 0 0 0 0 0 0 0 0 0 0 0 0 0 0 0 0 0 0 0 0 0 0 0 0 0 0 0 0 0 82 9 0 0 49 11 0 0 137 206 1 0 0 0 0 0 0 0 0 0 2 0 0 0 1 0 33 0 2 0 0 0 32 2 0 0 255 255 255 255 5 0 1 0 0 0 0 0 data 68 0x10005 0x46 0x2d0a410 0x120 0x0 0x0 0x70005 0x46 0x2d0a410 0x120 0x0 0x0 0xc0007 0x166 0x30 0x0 0x150002 0x0 0x230007 0x0 0xe0 0x3b30 0x290005 0x951 0x2d0a410 0x31df 0x0 0x0 0x320007 0x39ca 0x38 0x166 0x380003 0x166 0x70 0x3f0007 0x80e 0x40 0x31bc 0x460007 0x2c68 0x20 0x554 0x4f0003 0x39ca 0xffffffffffffff38 0x530007 0x0 0x40 0x166 0x5a0007 0x166 0x30 0x0 0x630002 0x0 0x6d0005 0x46 0x2d0a410 0x120 0x0 0x0 0x710007 0x166 0x30 0x0 0x7a0002 0x0 oops 4 2 java/lang/String 8 java/lang/String 24 java/lang/String 58 java/lang/String
ciMethodData com/android/dx/rop/type/Type internReturnType (Ljava/lang/String;)Lcom/android/dx/rop/type/Type; 1 446 orig 264 56 173 252 100 0 0 0 0 8 173 247 20 0 0 0 0 208 1 0 0 104 0 0 0 0 0 0 0 0 0 0 0 0 0 0 0 0 0 0 0 0 0 0 0 0 0 0 0 0 0 0 0 0 0 0 0 0 0 0 0 0 0 0 0 0 0 0 0 0 0 0 0 0 0 0 0 0 0 0 0 77 68 79 32 101 120 116 114 97 32 100 97 116 97 32 108 111 99 107 0 0 0 0 0 0 0 0 0 0 0 0 0 0 0 0 0 0 0 0 0 0 0 0 0 0 0 0 0 0 0 0 0 0 0 0 0 0 0 0 0 0 0 0 0 0 0 0 0 0 0 0 0 0 0 0 0 0 0 0 0 0 0 0 0 0 0 0 0 0 0 0 0 0 0 0 0 0 0 0 0 0 0 0 0 0 0 0 0 0 0 0 0 0 0 0 0 0 0 0 0 0 0 0 0 0 0 0 0 0 0 0 0 0 0 0 0 89 0 0 0 41 11 0 0 1 0 0 0 0 0 0 0 0 0 0 0 2 0 0 0 0 0 0 0 0 0 0 0 136 0 0 0 255 255 255 255 5 0 3 0 0 0 0 0 data 17 0x30005 0xe 0x2d0a410 0x157 0x0 0x0 0x60007 0xf7 0x20 0x6e 0xd0003 0xf7 0x28 0x170002 0x0 0x1c0002 0xf7 oops 1 2 java/lang/String
ciMethodData com/android/dx/rop/type/StdTypeList <init> (I)V 2 4063 orig 264 56 173 252 100 0 0 0 0 112 31 248 20 0 0 0 0 56 1 0 0 0 0 0 0 0 0 0 0 0 0 0 0 0 0 0 0 0 0 0 0 0 0 0 0 0 0 0 0 0 0 0 0 0 0 0 0 0 0 0 0 0 0 0 0 0 0 0 0 0 0 0 0 0 0 0 0 0 0 0 0 77 68 79 32 101 120 116 114 97 32 100 97 116 97 32 108 111 99 107 0 0 0 0 0 0 0 0 0 0 0 0 0 0 0 0 0 0 0 0 0 0 0 0 0 0 0 0 0 0 0 0 0 0 0 0 0 0 0 0 0 0 0 0 0 0 0 0 0 0 0 0 0 0 0 0 0 0 0 0 0 0 0 0 0 0 0 0 0 0 0 0 0 0 0 0 0 0 0 0 0 0 0 0 0 0 0 0 0 0 0 0 0 0 0 0 0 0 0 0 0 0 0 0 0 0 0 0 0 0 0 0 0 0 0 0 0 197 0 0 0 209 120 0 0 1 0 0 0 0 0 0 0 0 0 0 0 2 0 0 0 0 0 3 0 2 0 0 0 16 0 0 0 255 255 255 255 2 0 2 0 0 0 0 0 data 2 0x20002 0xf1a oops 0
ciMethodData com/android/dx/util/FixedSizeList <init> (I)V 2 5727 orig 264 56 173 252 100 0 0 0 0 168 47 248 20 0 0 0 0 152 1 0 0 56 0 0 0 0 0 0 0 0 0 0 0 0 0 0 0 0 0 0 0 0 0 0 0 0 0 0 0 0 0 0 0 0 0 0 0 0 0 0 0 0 0 0 0 0 0 0 0 0 0 0 0 0 0 0 0 0 0 0 0 77 68 79 32 101 120 116 114 97 32 100 97 116 97 32 108 111 99 107 0 0 0 0 0 0 0 0 0 0 0 0 0 0 0 0 0 0 0 0 0 0 0 0 0 0 0 0 0 0 0 0 0 0 0 0 0 0 0 0 0 0 0 0 0 0 0 0 0 0 0 0 0 0 0 0 0 0 0 0 0 0 0 0 0 0 0 0 0 0 0 0 0 0 0 0 0 0 0 0 0 0 0 0 0 0 0 0 0 0 0 0 0 0 0 0 0 0 0 0 0 0 0 0 0 0 0 0 0 0 0 0 0 0 0 0 0 203 1 0 0 161 164 0 0 1 0 0 0 0 0 0 0 0 0 0 0 2 0 0 0 0 0 10 0 2 0 0 0 112 0 0 0 255 255 255 255 7 0 2 0 0 0 0 0 data 14 0x20007 0x73d 0x38 0xd59 0x60003 0xd5b 0x18 0xa0002 0x1497 0x150003 0x1496 0x28 0x1f0002 0x0 oops 0
ciMethodData com/android/dx/rop/type/StdTypeList set (ILcom/android/dx/rop/type/Type;)V 2 2547 orig 264 56 173 252 100 0 0 0 0 24 36 248 20 0 0 0 0 136 1 0 0 0 0 0 0 0 0 0 0 0 0 0 0 0 0 0 0 0 0 0 0 0 0 0 0 0 0 0 0 0 0 0 0 0 0 0 0 0 0 0 0 0 0 0 0 0 0 0 0 0 0 0 0 0 0 0 0 0 0 0 0 77 68 79 32 101 120 116 114 97 32 100 97 116 97 32 108 111 99 107 0 0 0 0 0 0 0 0 0 0 0 0 0 0 0 0 0 0 0 0 0 0 0 0 0 0 0 0 0 0 0 0 0 0 0 0 0 0 0 0 0 0 0 0 0 0 0 0 0 0 0 0 0 0 0 0 0 0 0 0 0 0 0 0 0 0 0 0 0 0 0 0 0 0 0 0 0 0 0 0 0 0 0 0 0 0 0 0 0 0 0 0 0 0 0 0 0 0 0 0 0 0 0 0 0 0 0 0 0 0 0 0 0 0 0 0 0 223 0 0 0 161 72 0 0 1 0 0 0 0 0 0 0 0 0 0 0 2 0 0 0 0 0 12 0 2 0 0 0 48 0 0 0 255 255 255 255 5 0 3 0 0 0 0 0 data 6 0x30005 0x36b 0x170cb1b0 0x5a9 0x0 0x0 oops 1 2 com/android/dx/rop/type/StdTypeList
ciMethodData com/android/dx/rop/type/Prototype <init> (Ljava/lang/String;Lcom/android/dx/rop/type/Type;Lcom/android/dx/rop/type/StdTypeList;)V 2 3060 orig 264 56 173 252 100 0 0 0 0 32 248 247 20 0 0 0 0 216 1 0 0 96 0 0 0 0 0 0 0 0 0 0 0 0 0 0 0 0 0 0 0 0 0 0 0 0 0 0 0 0 0 0 0 0 0 0 0 0 0 0 0 0 0 0 0 0 0 0 0 0 0 0 0 0 0 0 0 0 0 0 0 77 68 79 32 101 120 116 114 97 32 100 97 116 97 32 108 111 99 107 0 0 0 0 0 0 0 0 0 0 0 0 0 0 0 0 0 0 0 0 0 0 0 0 0 0 0 0 0 0 0 0 0 0 0 0 0 0 0 0 0 0 0 0 0 0 0 0 0 0 0 0 0 0 0 0 0 0 0 0 0 0 0 0 0 0 0 0 0 0 0 0 0 0 0 0 0 0 0 0 0 0 0 0 0 0 0 0 0 0 0 0 0 0 0 0 0 0 0 0 0 0 0 0 0 0 0 0 0 0 0 0 0 0 0 0 0 168 0 0 0 97 90 0 0 1 0 0 0 0 0 0 0 0 0 0 0 2 0 0 0 0 0 9 0 2 0 0 0 160 0 0 0 255 255 255 255 2 0 1 0 0 0 0 0 data 20 0x10002 0xb4c 0x50007 0xb4c 0x30 0x0 0xe0002 0x0 0x130007 0xb4c 0x30 0x0 0x1c0002 0x0 0x210007 0xb4c 0x30 0x0 0x2a0002 0x0 oops 0
ciMethodData com/android/dx/rop/type/Prototype putIntern (Lcom/android/dx/rop/type/Prototype;)Lcom/android/dx/rop/type/Prototype; 2 3060 orig 264 56 173 252 100 0 0 0 0 176 1 248 20 0 0 0 0 40 2 0 0 144 0 0 0 0 0 0 0 0 0 0 0 0 0 0 0 0 0 0 0 0 0 0 0 0 0 0 0 0 0 0 0 0 0 0 0 0 0 0 0 0 0 0 0 0 0 0 0 0 0 0 0 0 0 0 0 0 0 0 0 77 68 79 32 101 120 116 114 97 32 100 97 116 97 32 108 111 99 107 0 0 0 0 0 0 0 0 0 0 0 0 0 0 0 0 0 0 0 0 0 0 0 0 0 0 0 0 0 0 0 0 0 0 0 0 0 0 0 0 0 0 0 0 0 0 0 0 0 0 0 0 0 0 0 0 0 0 0 0 0 0 0 0 0 0 0 0 0 0 0 0 0 0 0 0 0 0 0 0 0 0 0 0 0 0 0 0 0 0 0 0 0 0 0 0 0 0 0 0 0 0 0 0 0 0 0 0 0 0 0 0 0 0 0 0 0 168 0 0 0 97 90 0 0 1 0 0 0 0 0 0 0 0 0 0 0 2 0 0 0 0 0 23 0 2 0 0 0 224 0 0 0 255 255 255 255 5 0 7 0 0 0 0 0 data 28 0x70005 0x89 0x17a66a00 0xac3 0x0 0x0 0xf0005 0x0 0x17a6d470 0xb4c 0x0 0x0 0x120104 0x0 0x17a66a00 0x755 0x0 0x0 0x170007 0x3f7 0x20 0x755 0x230005 0x0 0x17a6d470 0x3f7 0x0 0x0 oops 4 2 com/android/dx/rop/type/Prototype 8 java/util/HashMap 14 com/android/dx/rop/type/Prototype 24 java/util/HashMap
ciMethodData com/android/dx/util/ByteArray getByte0 (I)I 2 2479 orig 264 56 173 252 100 0 0 0 0 72 149 246 20 0 0 0 0 40 1 0 0 0 0 0 0 0 0 0 0 0 0 0 0 0 0 0 0 0 0 0 0 0 0 0 0 0 0 0 0 0 0 0 0 0 0 0 0 0 0 0 0 0 0 0 0 0 0 0 0 0 0 0 0 0 0 0 0 0 0 0 0 77 68 79 32 101 120 116 114 97 32 100 97 116 97 32 108 111 99 107 0 0 0 0 0 0 0 0 0 0 0 0 0 0 0 0 0 0 0 0 0 0 0 0 0 0 0 0 0 0 0 0 0 0 0 0 0 0 0 0 0 0 0 0 0 0 0 0 0 0 0 0 0 0 0 0 0 0 0 0 0 0 0 0 0 0 0 0 0 0 0 0 0 0 0 0 0 0 0 0 0 0 0 0 0 0 0 0 0 0 0 0 0 0 0 0 0 0 0 0 0 0 0 0 0 0 0 0 0 0 0 0 0 0 0 0 0 38 1 0 0 73 68 0 0 1 0 0 0 0 0 0 0 0 0 0 0 2 0 0 0 0 0 3 0 1 0 0 0 0 0 0 0 255 255 255 255 0 0 0 0 0 0 0 0 data 0 oops 0
ciMethodData com/android/dx/rop/cst/CstInteger make (I)Lcom/android/dx/rop/cst/CstInteger; 2 1032 orig 264 56 173 252 100 0 0 0 0 232 244 246 20 0 0 0 0 248 1 0 0 80 0 0 0 0 0 0 0 0 0 0 0 0 0 0 0 0 0 0 0 0 0 0 0 0 0 0 0 0 0 0 0 0 0 0 0 0 0 0 0 0 0 0 0 0 0 0 0 0 0 0 0 0 0 0 0 0 0 0 0 77 68 79 32 101 120 116 114 97 32 100 97 116 97 32 108 111 99 107 0 0 0 0 0 0 0 0 0 0 0 0 0 0 0 0 0 0 0 0 0 0 0 0 0 0 0 0 0 0 0 0 0 0 0 0 0 0 0 0 0 0 0 0 0 0 0 0 0 0 0 0 0 0 0 0 0 0 0 0 0 0 0 0 0 0 0 0 0 0 0 0 0 0 0 0 0 0 0 0 0 0 0 0 0 0 0 0 0 0 0 0 0 0 0 0 0 0 0 0 0 0 0 0 0 0 0 0 0 0 0 0 0 0 0 0 0 22 0 0 0 145 31 0 0 1 0 0 0 0 0 0 0 0 0 0 0 2 0 0 0 0 0 8 0 2 0 0 0 176 0 0 0 255 255 255 255 7 0 17 0 0 0 0 0 data 22 0x110007 0x19 0x70 0x3d9 0x150005 0x2f8 0x17e0b6a0 0xe1 0x0 0x0 0x190007 0x9 0x20 0x3d0 0x230002 0x22 0x2c0004 0x0 0x17e0b6a0 0x22 0x0 0x0 oops 2 6 com/android/dx/rop/cst/CstInteger 18 com/android/dx/rop/cst/CstInteger
instanceKlass com/android/dx/rop/code/LocalItem
instanceKlass com/android/dx/cf/code/Ropper$ExceptionHandlerSetup
instanceKlass java/util/DualPivotQuicksort
instanceKlass com/android/dx/dex/file/ParameterAnnotationStruct
instanceKlass com/android/dx/dex/file/MethodAnnotationStruct
instanceKlass com/android/dx/dex/code/DalvCode
instanceKlass com/android/dx/dex/code/StdCatchBuilder
instanceKlass com/android/dx/dex/code/RopToDop
instanceKlass com/android/dx/dex/code/OutputFinisher
instanceKlass com/android/dx/dex/code/OutputCollector
instanceKlass com/android/dx/rop/code/Insn$BaseVisitor
instanceKlass com/android/dx/io/Opcodes
instanceKlass com/android/dx/dex/code/InsnFormat
instanceKlass com/android/dx/dex/code/Dop
instanceKlass com/android/dx/dex/code/Dops
instanceKlass com/android/dx/dex/code/BlockAddresses
instanceKlass com/android/dx/dex/code/CatchBuilder
instanceKlass com/android/dx/dex/code/DalvInsn
instanceKlass com/android/dx/dex/code/RopTranslator$TranslationVisitor
instanceKlass com/android/dx/dex/code/RopTranslator
instanceKlass com/android/dx/ssa/back/FirstFitLocalCombiningAllocator$Multiset
instanceKlass com/android/dx/rop/code/LocalVariableExtractor
instanceKlass com/android/dx/ssa/back/IdenticalBlockCombiner
instanceKlass com/android/dx/ssa/back/SsaToRop$1
instanceKlass com/android/dx/ssa/back/SsaToRop$PhiVisitor
instanceKlass com/android/dx/ssa/back/FirstFitLocalCombiningAllocator$1
instanceKlass com/android/dx/ssa/back/LivenessAnalyzer$1
instanceKlass com/android/dx/ssa/back/InterferenceGraph
instanceKlass com/android/dx/ssa/back/LivenessAnalyzer
instanceKlass com/android/dx/ssa/back/RegisterAllocator
instanceKlass com/android/dx/ssa/back/SsaToRop
instanceKlass com/android/dx/ssa/PhiTypeResolver
instanceKlass com/android/dx/ssa/ConstCollector$1
instanceKlass java/util/HashMap$HashIterator
instanceKlass com/android/dx/ssa/ConstCollector
instanceKlass com/android/dx/ssa/LiteralOpUpgrader$1
instanceKlass com/android/dx/ssa/SsaMethod$1
instanceKlass com/android/dx/ssa/LiteralOpUpgrader
instanceKlass com/android/dx/ssa/DeadCodeRemover$NoSideEffectVisitor
instanceKlass com/android/dx/ssa/DeadCodeRemover
instanceKlass com/android/dx/ssa/SsaMethod$2
instanceKlass com/android/dx/ssa/SCCP
instanceKlass com/android/dx/ssa/PhiInsn$Operand
instanceKlass com/android/dx/ssa/MoveParamCombiner$1
instanceKlass com/android/dx/ssa/MoveParamCombiner
instanceKlass com/android/dx/ssa/SsaRenamer$BlockRenamer$1
instanceKlass com/android/dx/ssa/RegisterMapper
instanceKlass com/android/dx/ssa/PhiInsn$Visitor
instanceKlass com/android/dx/ssa/SsaRenamer$BlockRenamer
instanceKlass com/android/dx/ssa/SsaRenamer$1
instanceKlass com/android/dx/ssa/SsaRenamer
instanceKlass com/android/dx/util/BitIntSet$1
instanceKlass com/android/dx/util/IntIterator
instanceKlass com/android/dx/util/BitIntSet
instanceKlass com/android/dx/util/IntSet
instanceKlass com/android/dx/ssa/SetFactory
instanceKlass com/android/dx/ssa/Dominators$DfsWalker
instanceKlass com/android/dx/ssa/Dominators$DFSInfo
instanceKlass com/android/dx/ssa/SsaBasicBlock$Visitor
instanceKlass com/android/dx/ssa/Dominators
instanceKlass com/android/dx/ssa/DomFront$DomInfo
instanceKlass com/android/dx/ssa/DomFront
instanceKlass com/android/dx/ssa/LocalVariableExtractor
instanceKlass com/android/dx/ssa/SsaBasicBlock$LabelComparator
instanceKlass com/android/dx/ssa/SsaBasicBlock
instanceKlass com/android/dx/rop/code/BasicBlockList$RegCountVisitor
instanceKlass com/android/dx/ssa/SsaInsn
instanceKlass com/android/dx/ssa/SsaInsn$Visitor
instanceKlass com/android/dx/ssa/SsaMethod
instanceKlass com/android/dx/ssa/SsaConverter
instanceKlass java/lang/Class$4
instanceKlass com/android/dx/ssa/Optimizer
instanceKlass com/android/dx/rop/code/RopMethod
instanceKlass com/android/dx/rop/code/Insn$Visitor
instanceKlass com/android/dx/cf/code/Merger
instanceKlass com/android/dx/rop/code/BasicBlock
instanceKlass com/android/dx/rop/code/Exceptions
instanceKlass com/android/dx/rop/code/Rop
instanceKlass com/android/dx/rop/code/Rops
instanceKlass com/android/dx/rop/code/RegisterSpec$ForComparison
instanceKlass com/android/dx/rop/code/RegisterSpec
instanceKlass com/android/dx/rop/code/SourcePosition
instanceKlass com/android/dx/cf/code/Ropper$LabelAllocator
instanceKlass com/android/dx/cf/code/Ropper$CatchInfo
instanceKlass com/android/dx/cf/code/Ropper$Subroutine
instanceKlass com/android/dx/cf/code/Frame
instanceKlass com/android/dx/cf/code/Simulator$SimVisitor
instanceKlass com/android/dx/cf/code/Simulator
instanceKlass com/android/dx/cf/code/BaseMachine
instanceKlass com/android/dx/cf/code/ByteBlock
instanceKlass com/android/dx/util/LabeledItem
instanceKlass com/android/dx/cf/code/ByteOps
instanceKlass com/android/dx/util/Bits
instanceKlass com/android/dx/cf/code/BasicBlocker
instanceKlass com/android/dx/rop/code/BasicBlock$Visitor
instanceKlass com/android/dx/rop/code/Insn
instanceKlass sun/nio/ch/Interruptible
instanceKlass java/util/concurrent/locks/LockSupport
instanceKlass com/android/dx/cf/code/Machine
instanceKlass com/android/dx/cf/code/Ropper
instanceKlass com/android/dx/rop/code/DexTranslationAdvice
instanceKlass com/android/dx/cf/code/ConcreteMethod
instanceKlass com/android/dx/dex/file/AnnotationUtils
instanceKlass com/android/dx/dex/file/ValueEncoder
instanceKlass com/android/dx/dex/file/AnnotationItem$TypeIdSorter
instanceKlass java/util/TreeMap$PrivateEntryIterator
instanceKlass java/util/Collections$UnmodifiableCollection$1
instanceKlass com/android/dx/dex/file/FieldAnnotationStruct
instanceKlass com/android/dx/dex/file/EncodedMember
instanceKlass com/android/dx/dex/cf/AttributeTranslator
instanceKlass com/android/dx/dex/cf/OptimizerOptions
instanceKlass com/android/dx/dex/code/DalvCode$AssignIndicesCallback
instanceKlass com/android/dx/rop/code/TranslationAdvice
instanceKlass com/android/dx/dex/cf/CfTranslator
instanceKlass com/android/dx/rop/annotation/NameValuePair
instanceKlass com/android/dx/command/dexer/Main$ClassDefItemConsumer
instanceKlass java/util/concurrent/FutureTask$WaitNode
instanceKlass java/util/concurrent/FutureTask
instanceKlass java/util/concurrent/RunnableFuture
instanceKlass java/util/concurrent/Future
instanceKlass com/android/dx/command/dexer/Main$ClassTranslatorTask
instanceKlass com/android/dx/cf/attrib/InnerClassList$Item
instanceKlass com/android/dx/cf/code/ByteCatchList$Item
instanceKlass com/android/dx/util/Hex
instanceKlass com/android/dx/rop/code/AccessFlags
instanceKlass com/android/dx/cf/direct/AnnotationParser
instanceKlass com/android/dx/cf/code/BytecodeArray$BaseVisitor
instanceKlass com/android/dx/cf/code/BytecodeArray
instanceKlass com/android/dx/cf/iface/Method
instanceKlass com/android/dx/cf/iface/StdMember
instanceKlass com/android/dx/cf/attrib/BaseAttribute
instanceKlass com/android/dx/cf/direct/AttributeListParser
instanceKlass com/android/dx/cf/iface/Field
instanceKlass com/android/dx/cf/iface/Member
instanceKlass com/android/dx/cf/direct/MemberListParser
instanceKlass com/android/dx/cf/direct/DirectClassFile$DcfTypeList
instanceKlass com/android/dx/rop/type/Prototype
instanceKlass com/android/dx/rop/type/Type
instanceKlass com/android/dx/util/MutabilityControl
instanceKlass com/android/dx/cf/cst/ConstantPoolParser
instanceKlass com/android/dx/cf/code/BytecodeArray$Visitor
instanceKlass com/android/dx/cf/iface/Attribute
instanceKlass com/android/dx/util/ByteArray
instanceKlass com/android/dx/rop/type/TypeList
instanceKlass com/android/dx/cf/iface/MethodList
instanceKlass com/android/dx/cf/iface/FieldList
instanceKlass com/android/dx/cf/iface/AttributeList
instanceKlass com/android/dx/rop/cst/ConstantPool
instanceKlass com/android/dx/cf/direct/DirectClassFile
instanceKlass com/android/dx/cf/iface/ClassFile
instanceKlass com/android/dx/cf/iface/HasAttribute
instanceKlass com/android/dx/command/dexer/Main$ClassParserTask
instanceKlass com/android/dx/command/dexer/Main$DirectClassFileConsumer
instanceKlass java/util/TreeMap$Entry
instanceKlass sun/util/calendar/CalendarUtils
instanceKlass sun/util/calendar/CalendarDate
instanceKlass java/util/TimeZone$1
instanceKlass java/util/zip/CRC32
instanceKlass java/util/zip/Checksum
instanceKlass sun/util/calendar/ZoneInfoFile$ZoneOffsetTransitionRule
instanceKlass java/io/DataInput
instanceKlass sun/util/calendar/ZoneInfoFile$1
instanceKlass sun/util/calendar/ZoneInfoFile
instanceKlass java/util/TimeZone
instanceKlass sun/util/calendar/CalendarSystem
instanceKlass java/util/Date
instanceKlass java/util/zip/ZipUtils
instanceKlass java/util/ArrayList$Itr
instanceKlass java/util/TimSort
instanceKlass com/android/dx/cf/direct/ClassPathOpener$3
instanceKlass java/util/zip/ZipFile$ZipEntryIterator
instanceKlass com/android/dx/command/dexer/Main$FileBytesConsumer
instanceKlass com/android/dx/cf/direct/ClassPathOpener$1
instanceKlass com/android/dx/cf/direct/ClassPathOpener
instanceKlass java/util/concurrent/LinkedBlockingQueue$Node
instanceKlass java/util/concurrent/Executors$DefaultThreadFactory
instanceKlass java/util/concurrent/ThreadFactory
instanceKlass java/util/concurrent/Executors
instanceKlass java/util/concurrent/ThreadPoolExecutor$CallerRunsPolicy
instanceKlass java/util/concurrent/locks/AbstractQueuedSynchronizer$ConditionObject
instanceKlass java/util/concurrent/locks/Condition
instanceKlass java/util/concurrent/locks/AbstractQueuedSynchronizer$Node
instanceKlass java/util/concurrent/locks/AbstractOwnableSynchronizer
instanceKlass java/util/concurrent/ThreadPoolExecutor$AbortPolicy
instanceKlass java/util/concurrent/AbstractExecutorService
instanceKlass java/util/ComparableTimSort
instanceKlass sun/security/action/GetBooleanAction
instanceKlass java/util/Arrays$LegacyMergeSort
instanceKlass java/util/NavigableMap
instanceKlass java/util/SortedMap
instanceKlass com/android/dx/dex/file/MixedItemSection$1
instanceKlass com/android/dx/dex/file/Item
instanceKlass com/android/dx/util/AnnotatedOutput
instanceKlass com/android/dx/util/Output
instanceKlass com/android/dex/util/ByteOutput
instanceKlass com/android/dx/rop/type/TypeBearer
instanceKlass com/android/dx/rop/cst/Constant
instanceKlass com/android/dx/util/ToHuman
instanceKlass com/android/dx/dex/file/Section
instanceKlass com/android/dx/dex/file/DexFile
instanceKlass com/android/dx/dex/DexOptions
instanceKlass com/android/dx/command/DxConsole
instanceKlass com/android/dx/dex/cf/CfOptions
instanceKlass com/android/dex/util/FileUtils
instanceKlass com/android/dx/command/dexer/Main$Arguments$ArgumentsParser
instanceKlass com/android/dx/command/dexer/Main$Arguments
instanceKlass com/android/dx/cf/direct/ClassPathOpener$Consumer
instanceKlass com/android/dx/cf/direct/AttributeFactory
instanceKlass java/util/concurrent/Callable
instanceKlass com/android/dx/cf/direct/ClassPathOpener$FileNameFilter
instanceKlass java/util/concurrent/ExecutorService
instanceKlass java/util/concurrent/Executor
instanceKlass java/util/concurrent/BlockingQueue
instanceKlass java/util/concurrent/RejectedExecutionHandler
instanceKlass com/android/dx/command/dexer/Main
instanceKlass java/lang/Void
instanceKlass java/lang/Class$MethodArray
instanceKlass sun/launcher/LauncherHelper$FXHelper
instanceKlass com/android/dx/command/Main
instanceKlass java/io/FilePermission$1
instanceKlass sun/net/www/MessageHeader
instanceKlass java/net/URLConnection
instanceKlass java/security/PermissionCollection
instanceKlass sun/nio/ByteBuffered
instanceKlass sun/security/util/ManifestEntryVerifier
instanceKlass sun/security/util/DisabledAlgorithmConstraints$1
instanceKlass sun/security/util/DisabledAlgorithmConstraints$Constraint
instanceKlass java/util/regex/Matcher
instanceKlass java/util/regex/MatchResult
instanceKlass sun/security/util/DisabledAlgorithmConstraints$Constraints
instanceKlass java/util/ArrayList$SubList$1
instanceKlass java/util/ListIterator
instanceKlass java/util/Properties$LineReader
instanceKlass java/security/Security$1
instanceKlass java/security/Security
instanceKlass sun/security/util/AbstractAlgorithmConstraints$1
instanceKlass java/util/regex/ASCII
instanceKlass java/util/regex/Pattern$TreeInfo
instanceKlass java/util/regex/Pattern$Node
instanceKlass java/util/regex/Pattern
instanceKlass sun/security/util/AlgorithmDecomposer
instanceKlass sun/security/util/AbstractAlgorithmConstraints
instanceKlass java/security/AlgorithmConstraints
instanceKlass sun/security/util/SignatureFileVerifier
instanceKlass java/lang/Package
instanceKlass java/util/jar/JarVerifier$3
instanceKlass java/security/CodeSigner
instanceKlass java/util/jar/JarVerifier
instanceKlass sun/misc/ASCIICaseInsensitiveComparator
instanceKlass java/util/jar/Attributes$Name
instanceKlass java/util/jar/Attributes
instanceKlass sun/misc/Resource
instanceKlass sun/misc/IOUtils
instanceKlass java/util/zip/ZStreamRef
instanceKlass java/util/zip/Inflater
instanceKlass java/util/zip/ZipEntry
instanceKlass sun/misc/ExtensionDependency
instanceKlass sun/misc/JarIndex
instanceKlass sun/nio/ch/DirectBuffer
instanceKlass sun/misc/PerfCounter$CoreCounters
instanceKlass sun/misc/Perf
instanceKlass sun/misc/Perf$GetPerfAction
instanceKlass sun/misc/PerfCounter
instanceKlass java/util/zip/ZipCoder
instanceKlass java/util/Deque
instanceKlass java/util/Queue
instanceKlass java/nio/charset/StandardCharsets
instanceKlass java/util/jar/JavaUtilJarAccessImpl
instanceKlass sun/misc/JavaUtilJarAccess
instanceKlass sun/misc/FileURLMapper
instanceKlass sun/misc/URLClassPath$JarLoader$1
instanceKlass sun/nio/cs/ThreadLocalCoders$Cache
instanceKlass sun/nio/cs/ThreadLocalCoders
instanceKlass java/util/zip/ZipFile$1
instanceKlass sun/misc/JavaUtilZipFileAccess
instanceKlass java/util/zip/ZipFile
instanceKlass java/util/zip/ZipConstants
instanceKlass sun/misc/URLClassPath$Loader
instanceKlass sun/misc/URLClassPath$3
instanceKlass sun/net/util/URLUtil
instanceKlass java/net/URLClassLoader$1
instanceKlass java/lang/StringCoding$StringDecoder
instanceKlass java/lang/ThreadLocal$ThreadLocalMap
instanceKlass java/lang/StringCoding
instanceKlass java/lang/invoke/MethodHandleStatics$1
instanceKlass java/lang/invoke/MethodHandleStatics
instanceKlass java/lang/invoke/MemberName$Factory
instanceKlass java/lang/ClassValue$Version
instanceKlass java/lang/ClassValue$Identity
instanceKlass java/lang/ClassValue
instanceKlass java/lang/invoke/MethodHandleImpl$3
instanceKlass java/lang/invoke/MethodHandleImpl$2
instanceKlass java/util/function/Function
instanceKlass java/lang/invoke/MethodHandleImpl$1
instanceKlass java/lang/invoke/MethodHandleImpl
instanceKlass java/lang/SystemClassLoaderAction
instanceKlass sun/misc/Launcher$AppClassLoader$1
instanceKlass sun/misc/URLClassPath
instanceKlass java/security/Principal
instanceKlass java/security/ProtectionDomain$Key
instanceKlass java/security/ProtectionDomain$2
instanceKlass sun/misc/JavaSecurityProtectionDomainAccess
instanceKlass java/security/ProtectionDomain$JavaSecurityAccessImpl
instanceKlass sun/misc/JavaSecurityAccess
instanceKlass java/net/URLStreamHandler
instanceKlass java/net/Parts
instanceKlass java/util/BitSet
instanceKlass sun/net/www/ParseUtil
instanceKlass java/io/FileInputStream$1
instanceKlass java/lang/CharacterData
instanceKlass sun/util/locale/LocaleUtils
instanceKlass java/util/Locale$LocaleKey
instanceKlass sun/util/locale/BaseLocale$Key
instanceKlass sun/util/locale/BaseLocale
instanceKlass java/util/concurrent/ConcurrentHashMap$CollectionView
instanceKlass java/util/concurrent/ConcurrentHashMap$CounterCell
instanceKlass java/util/concurrent/ConcurrentHashMap$Node
instanceKlass java/util/concurrent/locks/ReentrantLock
instanceKlass java/util/concurrent/locks/Lock
instanceKlass java/util/concurrent/ConcurrentMap
instanceKlass sun/util/locale/LocaleObjectCache
instanceKlass java/util/Locale
instanceKlass java/lang/reflect/Array
instanceKlass java/nio/charset/CoderResult$Cache
instanceKlass java/nio/charset/CoderResult
instanceKlass java/nio/charset/CharsetDecoder
instanceKlass sun/nio/cs/ArrayDecoder
instanceKlass java/io/Reader
instanceKlass java/lang/Readable
instanceKlass sun/misc/MetaIndex
instanceKlass sun/misc/Launcher$ExtClassLoader$1
instanceKlass java/util/StringTokenizer
instanceKlass java/net/URLClassLoader$7
instanceKlass sun/misc/JavaNetAccess
instanceKlass java/lang/ClassLoader$ParallelLoaders
instanceKlass sun/security/util/Debug
instanceKlass sun/misc/Launcher$Factory
instanceKlass java/net/URLStreamHandlerFactory
instanceKlass java/lang/Compiler$1
instanceKlass java/lang/Compiler
instanceKlass java/lang/System$2
instanceKlass sun/misc/JavaLangAccess
instanceKlass sun/io/Win32ErrorMode
instanceKlass sun/misc/OSEnvironment
instanceKlass java/lang/Integer$IntegerCache
instanceKlass sun/misc/NativeSignalHandler
instanceKlass sun/misc/Signal
instanceKlass java/lang/Terminator$1
instanceKlass sun/misc/SignalHandler
instanceKlass java/lang/Terminator
instanceKlass java/lang/ClassLoader$NativeLibrary
instanceKlass java/io/ExpiringCache$Entry
instanceKlass java/lang/ClassLoader$3
instanceKlass java/nio/file/Path
instanceKlass java/nio/file/Watchable
instanceKlass java/lang/Enum
instanceKlass java/io/ExpiringCache
instanceKlass java/io/FileSystem
instanceKlass java/io/DefaultFileSystem
instanceKlass java/nio/Bits$1
instanceKlass sun/misc/JavaNioAccess
instanceKlass java/nio/ByteOrder
instanceKlass java/nio/Bits
instanceKlass java/nio/charset/CodingErrorAction
instanceKlass java/nio/charset/CharsetEncoder
instanceKlass sun/nio/cs/ArrayEncoder
instanceKlass sun/reflect/ReflectionFactory$1
instanceKlass java/lang/Class$1
instanceKlass sun/nio/cs/SingleByte
instanceKlass sun/nio/cs/HistoricallyNamedCharset
instanceKlass sun/security/action/GetPropertyAction
instanceKlass java/lang/ThreadLocal
instanceKlass java/nio/charset/spi/CharsetProvider
instanceKlass java/nio/charset/Charset
instanceKlass java/io/Writer
instanceKlass java/util/Arrays
instanceKlass sun/reflect/misc/ReflectUtil
instanceKlass java/lang/reflect/ReflectAccess
instanceKlass sun/reflect/LangReflectAccess
instanceKlass java/lang/reflect/Modifier
instanceKlass sun/reflect/annotation/AnnotationType
instanceKlass java/lang/Class$AnnotationData
instanceKlass sun/reflect/generics/repository/AbstractRepository
instanceKlass java/lang/Class$Atomic
instanceKlass java/lang/Class$ReflectionData
instanceKlass java/lang/Class$3
instanceKlass java/util/concurrent/atomic/AtomicReferenceFieldUpdater$AtomicReferenceFieldUpdaterImpl$1
instanceKlass java/security/PrivilegedExceptionAction
instanceKlass java/util/concurrent/atomic/AtomicReferenceFieldUpdater
instanceKlass java/io/OutputStream
instanceKlass java/io/Flushable
instanceKlass java/io/FileDescriptor$1
instanceKlass sun/misc/JavaIOFileDescriptorAccess
instanceKlass java/io/FileDescriptor
instanceKlass sun/misc/Version
instanceKlass java/lang/Runtime
instanceKlass java/util/Hashtable$Enumerator
instanceKlass java/util/Iterator
instanceKlass java/util/Enumeration
instanceKlass java/util/Objects
